[0.014s] Invoking command in '/home/mario/Driverless/build/velodyne': AMENT_PREFIX_PATH=/home/mario/Driverless/install/velodyne_msgs:/home/mario/Driverless/install/velodyne_laserscan:${AMENT_PREFIX_PATH} CMAKE_PREFIX_PATH=/opt/ros/galactic:/home/mario/Driverless/install/velodyne_msgs:/home/mario/Driverless/install/velodyne_laserscan LD_LIBRARY_PATH=/home/mario/Driverless/install/velodyne_msgs/lib:/home/mario/Driverless/install/velodyne_laserscan/lib:${LD_LIBRARY_PATH} PYTHONPATH=/home/mario/Driverless/install/velodyne_msgs/lib/python3.8/site-packages:${PYTHONPATH} /usr/bin/cmake --build /home/mario/Driverless/build/velodyne -- -j4 -l4
[0.055s] Invoked command in '/home/mario/Driverless/build/velodyne' returned '0': AMENT_PREFIX_PATH=/home/mario/Driverless/install/velodyne_msgs:/home/mario/Driverless/install/velodyne_laserscan:${AMENT_PREFIX_PATH} CMAKE_PREFIX_PATH=/opt/ros/galactic:/home/mario/Driverless/install/velodyne_msgs:/home/mario/Driverless/install/velodyne_laserscan LD_LIBRARY_PATH=/home/mario/Driverless/install/velodyne_msgs/lib:/home/mario/Driverless/install/velodyne_laserscan/lib:${LD_LIBRARY_PATH} PYTHONPATH=/home/mario/Driverless/install/velodyne_msgs/lib/python3.8/site-packages:${PYTHONPATH} /usr/bin/cmake --build /home/mario/Driverless/build/velodyne -- -j4 -l4
[0.083s] Invoking command in '/home/mario/Driverless/build/velodyne': AMENT_PREFIX_PATH=/home/mario/Driverless/install/velodyne_msgs:/home/mario/Driverless/install/velodyne_laserscan:${AMENT_PREFIX_PATH} CMAKE_PREFIX_PATH=/opt/ros/galactic:/home/mario/Driverless/install/velodyne_msgs:/home/mario/Driverless/install/velodyne_laserscan LD_LIBRARY_PATH=/home/mario/Driverless/install/velodyne_msgs/lib:/home/mario/Driverless/install/velodyne_laserscan/lib:${LD_LIBRARY_PATH} PYTHONPATH=/home/mario/Driverless/install/velodyne_msgs/lib/python3.8/site-packages:${PYTHONPATH} /usr/bin/cmake --install /home/mario/Driverless/build/velodyne
[0.091s] -- Install configuration: ""
[0.091s] -- Up-to-date: /home/mario/Driverless/install/velodyne/share/velodyne/launch
[0.092s] -- Up-to-date: /home/mario/Driverless/install/velodyne/share/velodyne/launch/velodyne-all-nodes-VLP32C-launch.py
[0.092s] -- Up-to-date: /home/mario/Driverless/install/velodyne/share/velodyne/launch/velodyne-all-nodes-VLP32C-composed-launch.py
[0.092s] -- Up-to-date: /home/mario/Driverless/install/velodyne/share/velodyne/launch/velodyne-all-nodes-VLP16-launch.py
[0.092s] -- Up-to-date: /home/mario/Driverless/install/velodyne/share/velodyne/launch/velodyne-all-nodes-VLP16-composed-launch.py
[0.092s] -- Up-to-date: /home/mario/Driverless/install/velodyne/share/ament_index/resource_index/package_run_dependencies/velodyne
[0.092s] -- Up-to-date: /home/mario/Driverless/install/velodyne/share/ament_index/resource_index/parent_prefix_path/velodyne
[0.092s] -- Up-to-date: /home/mario/Driverless/install/velodyne/share/velodyne/environment/ament_prefix_path.sh
[0.092s] -- Up-to-date: /home/mario/Driverless/install/velodyne/share/velodyne/environment/ament_prefix_path.dsv
[0.092s] -- Up-to-date: /home/mario/Driverless/install/velodyne/share/velodyne/environment/path.sh
[0.092s] -- Up-to-date: /home/mario/Driverless/install/velodyne/share/velodyne/environment/path.dsv
[0.092s] -- Up-to-date: /home/mario/Driverless/install/velodyne/share/velodyne/local_setup.bash
[0.092s] -- Up-to-date: /home/mario/Driverless/install/velodyne/share/velodyne/local_setup.sh
[0.092s] -- Up-to-date: /home/mario/Driverless/install/velodyne/share/velodyne/local_setup.zsh
[0.092s] -- Up-to-date: /home/mario/Driverless/install/velodyne/share/velodyne/local_setup.dsv
[0.093s] -- Up-to-date: /home/mario/Driverless/install/velodyne/share/velodyne/package.dsv
[0.093s] -- Up-to-date: /home/mario/Driverless/install/velodyne/share/ament_index/resource_index/packages/velodyne
[0.093s] -- Up-to-date: /home/mario/Driverless/install/velodyne/share/velodyne/cmake/velodyneConfig.cmake
[0.093s] -- Up-to-date: /home/mario/Driverless/install/velodyne/share/velodyne/cmake/velodyneConfig-version.cmake
[0.093s] -- Up-to-date: /home/mario/Driverless/install/velodyne/share/velodyne/package.xml
[0.094s] Invoked command in '/home/mario/Driverless/build/velodyne' returned '0': AMENT_PREFIX_PATH=/home/mario/Driverless/install/velodyne_msgs:/home/mario/Driverless/install/velodyne_laserscan:${AMENT_PREFIX_PATH} CMAKE_PREFIX_PATH=/opt/ros/galactic:/home/mario/Driverless/install/velodyne_msgs:/home/mario/Driverless/install/velodyne_laserscan LD_LIBRARY_PATH=/home/mario/Driverless/install/velodyne_msgs/lib:/home/mario/Driverless/install/velodyne_laserscan/lib:${LD_LIBRARY_PATH} PYTHONPATH=/home/mario/Driverless/install/velodyne_msgs/lib/python3.8/site-packages:${PYTHONPATH} /usr/bin/cmake --install /home/mario/Driverless/build/velodyne
