running egg_info
creating ../../build/lidar_only_cone_detector/lidar_only_cone_detector.egg-info
writing ../../build/lidar_only_cone_detector/lidar_only_cone_detector.egg-info/PKG-INFO
writing dependency_links to ../../build/lidar_only_cone_detector/lidar_only_cone_detector.egg-info/dependency_links.txt
writing entry points to ../../build/lidar_only_cone_detector/lidar_only_cone_detector.egg-info/entry_points.txt
writing top-level names to ../../build/lidar_only_cone_detector/lidar_only_cone_detector.egg-info/top_level.txt
writing manifest file '../../build/lidar_only_cone_detector/lidar_only_cone_detector.egg-info/SOURCES.txt'
reading manifest file '../../build/lidar_only_cone_detector/lidar_only_cone_detector.egg-info/SOURCES.txt'
writing manifest file '../../build/lidar_only_cone_detector/lidar_only_cone_detector.egg-info/SOURCES.txt'
running build
running build_py
creating /home/mario/Driverless/build/lidar_only_cone_detector/build
creating /home/mario/Driverless/build/lidar_only_cone_detector/build/lib
creating /home/mario/Driverless/build/lidar_only_cone_detector/build/lib/lidar_only_cone_detector
copying lidar_only_cone_detector/circle_approximation_detector.py -> /home/mario/Driverless/build/lidar_only_cone_detector/build/lib/lidar_only_cone_detector
copying lidar_only_cone_detector/__init__.py -> /home/mario/Driverless/build/lidar_only_cone_detector/build/lib/lidar_only_cone_detector
copying lidar_only_cone_detector/ros_node.py -> /home/mario/Driverless/build/lidar_only_cone_detector/build/lib/lidar_only_cone_detector
copying lidar_only_cone_detector/cone_detector_base.py -> /home/mario/Driverless/build/lidar_only_cone_detector/build/lib/lidar_only_cone_detector
running install
running install_lib
creating /home/mario/Driverless/install/lidar_only_cone_detector/lib/python3.8/site-packages/lidar_only_cone_detector
copying /home/mario/Driverless/build/lidar_only_cone_detector/build/lib/lidar_only_cone_detector/circle_approximation_detector.py -> /home/mario/Driverless/install/lidar_only_cone_detector/lib/python3.8/site-packages/lidar_only_cone_detector
copying /home/mario/Driverless/build/lidar_only_cone_detector/build/lib/lidar_only_cone_detector/__init__.py -> /home/mario/Driverless/install/lidar_only_cone_detector/lib/python3.8/site-packages/lidar_only_cone_detector
copying /home/mario/Driverless/build/lidar_only_cone_detector/build/lib/lidar_only_cone_detector/ros_node.py -> /home/mario/Driverless/install/lidar_only_cone_detector/lib/python3.8/site-packages/lidar_only_cone_detector
copying /home/mario/Driverless/build/lidar_only_cone_detector/build/lib/lidar_only_cone_detector/cone_detector_base.py -> /home/mario/Driverless/install/lidar_only_cone_detector/lib/python3.8/site-packages/lidar_only_cone_detector
byte-compiling /home/mario/Driverless/install/lidar_only_cone_detector/lib/python3.8/site-packages/lidar_only_cone_detector/circle_approximation_detector.py to circle_approximation_detector.cpython-38.pyc
byte-compiling /home/mario/Driverless/install/lidar_only_cone_detector/lib/python3.8/site-packages/lidar_only_cone_detector/__init__.py to __init__.cpython-38.pyc
byte-compiling /home/mario/Driverless/install/lidar_only_cone_detector/lib/python3.8/site-packages/lidar_only_cone_detector/ros_node.py to ros_node.cpython-38.pyc
byte-compiling /home/mario/Driverless/install/lidar_only_cone_detector/lib/python3.8/site-packages/lidar_only_cone_detector/cone_detector_base.py to cone_detector_base.cpython-38.pyc
running install_data
creating /home/mario/Driverless/install/lidar_only_cone_detector/share/ament_index
creating /home/mario/Driverless/install/lidar_only_cone_detector/share/ament_index/resource_index
creating /home/mario/Driverless/install/lidar_only_cone_detector/share/ament_index/resource_index/packages
copying resource/lidar_only_cone_detector -> /home/mario/Driverless/install/lidar_only_cone_detector/share/ament_index/resource_index/packages
copying package.xml -> /home/mario/Driverless/install/lidar_only_cone_detector/share/lidar_only_cone_detector
running install_egg_info
Copying ../../build/lidar_only_cone_detector/lidar_only_cone_detector.egg-info to /home/mario/Driverless/install/lidar_only_cone_detector/lib/python3.8/site-packages/lidar_only_cone_detector-0.1.2-py3.8.egg-info
running install_scripts
Installing circle_approximation_detector script to /home/mario/Driverless/install/lidar_only_cone_detector/lib/lidar_only_cone_detector
writing list of installed files to '/home/mario/Driverless/build/lidar_only_cone_detector/install.log'
