[100%] Built target gazebo_racecar_interface_plugin
-- Install configuration: ""
-- Up-to-date: /home/mario/Driverless/install/imperial_driverless_gazebo_plugins/share/ament_index/resource_index/package_run_dependencies/imperial_driverless_gazebo_plugins
-- Installing: /home/mario/Driverless/install/imperial_driverless_gazebo_plugins/share/ament_index/resource_index/parent_prefix_path/imperial_driverless_gazebo_plugins
-- Installing: /home/mario/Driverless/install/imperial_driverless_gazebo_plugins/share/imperial_driverless_gazebo_plugins/environment/ament_prefix_path.sh
-- Installing: /home/mario/Driverless/install/imperial_driverless_gazebo_plugins/share/imperial_driverless_gazebo_plugins/environment/ament_prefix_path.dsv
-- Installing: /home/mario/Driverless/install/imperial_driverless_gazebo_plugins/share/imperial_driverless_gazebo_plugins/environment/path.sh
-- Installing: /home/mario/Driverless/install/imperial_driverless_gazebo_plugins/share/imperial_driverless_gazebo_plugins/environment/path.dsv
-- Up-to-date: /home/mario/Driverless/install/imperial_driverless_gazebo_plugins/share/imperial_driverless_gazebo_plugins/local_setup.bash
-- Installing: /home/mario/Driverless/install/imperial_driverless_gazebo_plugins/share/imperial_driverless_gazebo_plugins/local_setup.sh
-- Up-to-date: /home/mario/Driverless/install/imperial_driverless_gazebo_plugins/share/imperial_driverless_gazebo_plugins/local_setup.zsh
-- Installing: /home/mario/Driverless/install/imperial_driverless_gazebo_plugins/share/imperial_driverless_gazebo_plugins/local_setup.dsv
-- Installing: /home/mario/Driverless/install/imperial_driverless_gazebo_plugins/share/imperial_driverless_gazebo_plugins/package.dsv
-- Up-to-date: /home/mario/Driverless/install/imperial_driverless_gazebo_plugins/share/ament_index/resource_index/packages/imperial_driverless_gazebo_plugins
-- Up-to-date: /home/mario/Driverless/install/imperial_driverless_gazebo_plugins/share/imperial_driverless_gazebo_plugins/cmake/ament_cmake_export_include_directories-extras.cmake
-- Up-to-date: /home/mario/Driverless/install/imperial_driverless_gazebo_plugins/share/imperial_driverless_gazebo_plugins/cmake/ament_cmake_export_dependencies-extras.cmake
-- Up-to-date: /home/mario/Driverless/install/imperial_driverless_gazebo_plugins/share/imperial_driverless_gazebo_plugins/cmake/imperial_driverless_gazebo_pluginsConfig.cmake
-- Up-to-date: /home/mario/Driverless/install/imperial_driverless_gazebo_plugins/share/imperial_driverless_gazebo_plugins/cmake/imperial_driverless_gazebo_pluginsConfig-version.cmake
-- Up-to-date: /home/mario/Driverless/install/imperial_driverless_gazebo_plugins/share/imperial_driverless_gazebo_plugins/package.xml
-- Installing: /home/mario/Driverless/install/imperial_driverless_gazebo_plugins/share/imperial_driverless_gazebo_plugins/environment/library_path.sh
-- Installing: /home/mario/Driverless/install/imperial_driverless_gazebo_plugins/share/imperial_driverless_gazebo_plugins/environment/library_path.dsv
-- Installing: /home/mario/Driverless/install/imperial_driverless_gazebo_plugins/lib/libgazebo_racecar_interface_plugin.so
-- Set runtime path of "/home/mario/Driverless/install/imperial_driverless_gazebo_plugins/lib/libgazebo_racecar_interface_plugin.so" to ""
-- Up-to-date: /home/mario/Driverless/install/imperial_driverless_gazebo_plugins/include/include
-- Up-to-date: /home/mario/Driverless/install/imperial_driverless_gazebo_plugins/include/include/gazebo_racecar_interface_plugin
-- Up-to-date: /home/mario/Driverless/install/imperial_driverless_gazebo_plugins/include/include/gazebo_racecar_interface_plugin/gazebo_racecar_interface_plugin.hpp
