[0.039s] Invoking command in '/home/mario/Driverless/build/imperial_driverless_gazebo_plugins': CMAKE_PREFIX_PATH=/opt/ros/galactic /usr/bin/cmake --build /home/mario/Driverless/build/imperial_driverless_gazebo_plugins -- -j4 -l4
[0.191s] [100%] Built target gazebo_racecar_interface_plugin
[0.536s] Invoked command in '/home/mario/Driverless/build/imperial_driverless_gazebo_plugins' returned '0': CMAKE_PREFIX_PATH=/opt/ros/galactic /usr/bin/cmake --build /home/mario/Driverless/build/imperial_driverless_gazebo_plugins -- -j4 -l4
[0.607s] Invoking command in '/home/mario/Driverless/build/imperial_driverless_gazebo_plugins': CMAKE_PREFIX_PATH=/opt/ros/galactic /usr/bin/cmake --install /home/mario/Driverless/build/imperial_driverless_gazebo_plugins
[0.623s] -- Install configuration: ""
[0.623s] -- Up-to-date: /home/mario/Driverless/install/imperial_driverless_gazebo_plugins/share/ament_index/resource_index/package_run_dependencies/imperial_driverless_gazebo_plugins
[0.623s] -- Installing: /home/mario/Driverless/install/imperial_driverless_gazebo_plugins/share/ament_index/resource_index/parent_prefix_path/imperial_driverless_gazebo_plugins
[0.624s] -- Installing: /home/mario/Driverless/install/imperial_driverless_gazebo_plugins/share/imperial_driverless_gazebo_plugins/environment/ament_prefix_path.sh
[0.624s] -- Installing: /home/mario/Driverless/install/imperial_driverless_gazebo_plugins/share/imperial_driverless_gazebo_plugins/environment/ament_prefix_path.dsv
[0.624s] -- Installing: /home/mario/Driverless/install/imperial_driverless_gazebo_plugins/share/imperial_driverless_gazebo_plugins/environment/path.sh
[0.624s] -- Installing: /home/mario/Driverless/install/imperial_driverless_gazebo_plugins/share/imperial_driverless_gazebo_plugins/environment/path.dsv
[0.625s] -- Up-to-date: /home/mario/Driverless/install/imperial_driverless_gazebo_plugins/share/imperial_driverless_gazebo_plugins/local_setup.bash
[0.625s] -- Installing: /home/mario/Driverless/install/imperial_driverless_gazebo_plugins/share/imperial_driverless_gazebo_plugins/local_setup.sh
[0.626s] -- Up-to-date: /home/mario/Driverless/install/imperial_driverless_gazebo_plugins/share/imperial_driverless_gazebo_plugins/local_setup.zsh
[0.627s] -- Installing: /home/mario/Driverless/install/imperial_driverless_gazebo_plugins/share/imperial_driverless_gazebo_plugins/local_setup.dsv
[0.628s] -- Installing: /home/mario/Driverless/install/imperial_driverless_gazebo_plugins/share/imperial_driverless_gazebo_plugins/package.dsv
[0.628s] -- Up-to-date: /home/mario/Driverless/install/imperial_driverless_gazebo_plugins/share/ament_index/resource_index/packages/imperial_driverless_gazebo_plugins
[0.628s] -- Up-to-date: /home/mario/Driverless/install/imperial_driverless_gazebo_plugins/share/imperial_driverless_gazebo_plugins/cmake/ament_cmake_export_include_directories-extras.cmake
[0.628s] -- Up-to-date: /home/mario/Driverless/install/imperial_driverless_gazebo_plugins/share/imperial_driverless_gazebo_plugins/cmake/ament_cmake_export_dependencies-extras.cmake
[0.629s] -- Up-to-date: /home/mario/Driverless/install/imperial_driverless_gazebo_plugins/share/imperial_driverless_gazebo_plugins/cmake/imperial_driverless_gazebo_pluginsConfig.cmake
[0.629s] -- Up-to-date: /home/mario/Driverless/install/imperial_driverless_gazebo_plugins/share/imperial_driverless_gazebo_plugins/cmake/imperial_driverless_gazebo_pluginsConfig-version.cmake
[0.629s] -- Up-to-date: /home/mario/Driverless/install/imperial_driverless_gazebo_plugins/share/imperial_driverless_gazebo_plugins/package.xml
[0.629s] -- Installing: /home/mario/Driverless/install/imperial_driverless_gazebo_plugins/share/imperial_driverless_gazebo_plugins/environment/library_path.sh
[0.629s] -- Installing: /home/mario/Driverless/install/imperial_driverless_gazebo_plugins/share/imperial_driverless_gazebo_plugins/environment/library_path.dsv
[0.631s] -- Installing: /home/mario/Driverless/install/imperial_driverless_gazebo_plugins/lib/libgazebo_racecar_interface_plugin.so
[0.639s] -- Set runtime path of "/home/mario/Driverless/install/imperial_driverless_gazebo_plugins/lib/libgazebo_racecar_interface_plugin.so" to ""
[0.640s] -- Up-to-date: /home/mario/Driverless/install/imperial_driverless_gazebo_plugins/include/include
[0.640s] -- Up-to-date: /home/mario/Driverless/install/imperial_driverless_gazebo_plugins/include/include/gazebo_racecar_interface_plugin
[0.640s] -- Up-to-date: /home/mario/Driverless/install/imperial_driverless_gazebo_plugins/include/include/gazebo_racecar_interface_plugin/gazebo_racecar_interface_plugin.hpp
[0.647s] Invoked command in '/home/mario/Driverless/build/imperial_driverless_gazebo_plugins' returned '0': CMAKE_PREFIX_PATH=/opt/ros/galactic /usr/bin/cmake --install /home/mario/Driverless/build/imperial_driverless_gazebo_plugins
