[1.323s] Invoking command in '/home/mario/Driverless/src/ackermann_drive_teleop': PYTHONPATH=/home/mario/Driverless/build/ackermann_drive_teleop/prefix_override:/home/mario/Driverless/install/ackermann_drive_teleop/lib/python3.8/site-packages:${PYTHONPATH} /usr/bin/python3 setup.py egg_info --egg-base ../../build/ackermann_drive_teleop build --build-base /home/mario/Driverless/build/ackermann_drive_teleop/build install --record /home/mario/Driverless/build/ackermann_drive_teleop/install.log --single-version-externally-managed
[1.721s] running egg_info
[1.723s] writing ../../build/ackermann_drive_teleop/ackermann_drive_teleop.egg-info/PKG-INFO
[1.727s] writing dependency_links to ../../build/ackermann_drive_teleop/ackermann_drive_teleop.egg-info/dependency_links.txt
[1.727s] writing entry points to ../../build/ackermann_drive_teleop/ackermann_drive_teleop.egg-info/entry_points.txt
[1.728s] writing top-level names to ../../build/ackermann_drive_teleop/ackermann_drive_teleop.egg-info/top_level.txt
[1.797s] reading manifest file '../../build/ackermann_drive_teleop/ackermann_drive_teleop.egg-info/SOURCES.txt'
[1.799s] writing manifest file '../../build/ackermann_drive_teleop/ackermann_drive_teleop.egg-info/SOURCES.txt'
[1.799s] running build
[1.800s] running build_py
[1.804s] running install
[1.805s] running install_lib
[1.808s] running install_data
[1.810s] running install_egg_info
[1.812s] removing '/home/mario/Driverless/install/ackermann_drive_teleop/lib/python3.8/site-packages/ackermann_drive_teleop-1.0.1-py3.8.egg-info' (and everything under it)
[1.813s] Copying ../../build/ackermann_drive_teleop/ackermann_drive_teleop.egg-info to /home/mario/Driverless/install/ackermann_drive_teleop/lib/python3.8/site-packages/ackermann_drive_teleop-1.0.1-py3.8.egg-info
[1.814s] running install_scripts
[1.841s] Installing joyop script to /home/mario/Driverless/install/ackermann_drive_teleop/lib/ackermann_drive_teleop
[1.842s] Installing keyop script to /home/mario/Driverless/install/ackermann_drive_teleop/lib/ackermann_drive_teleop
[1.842s] Installing keyop_legacy script to /home/mario/Driverless/install/ackermann_drive_teleop/lib/ackermann_drive_teleop
[1.843s] writing list of installed files to '/home/mario/Driverless/build/ackermann_drive_teleop/install.log'
[1.886s] Invoked command in '/home/mario/Driverless/src/ackermann_drive_teleop' returned '0': PYTHONPATH=/home/mario/Driverless/build/ackermann_drive_teleop/prefix_override:/home/mario/Driverless/install/ackermann_drive_teleop/lib/python3.8/site-packages:${PYTHONPATH} /usr/bin/python3 setup.py egg_info --egg-base ../../build/ackermann_drive_teleop build --build-base /home/mario/Driverless/build/ackermann_drive_teleop/build install --record /home/mario/Driverless/build/ackermann_drive_teleop/install.log --single-version-externally-managed
