Built target ament_cmake_python_symlink_fsds_simulator
Built target ament_cmake_python_symlink_fsds_simulator_setup
running install_scripts
running egg_info
writing fsds_simulator.egg-info/PKG-INFO
writing dependency_links to fsds_simulator.egg-info/dependency_links.txt
writing entry points to fsds_simulator.egg-info/entry_points.txt
writing top-level names to fsds_simulator.egg-info/top_level.txt
running egg_info
writing fsds_simulator.egg-info/PKG-INFO
writing dependency_links to fsds_simulator.egg-info/dependency_links.txt
writing entry points to fsds_simulator.egg-info/entry_points.txt
writing top-level names to fsds_simulator.egg-info/top_level.txt
reading manifest file 'fsds_simulator.egg-info/SOURCES.txt'
writing manifest file 'fsds_simulator.egg-info/SOURCES.txt'
Installing control_command_converter script to scripts
Installing fs_track_to_conemap script to scripts
Installing grab_cone_gt script to scripts
reading manifest file 'fsds_simulator.egg-info/SOURCES.txt'
writing manifest file 'fsds_simulator.egg-info/SOURCES.txt'
Built target ament_cmake_python_build_fsds_simulator_scripts
Built target ament_cmake_python_build_fsds_simulator_egg
-- Install configuration: ""
-- Up-to-date: /home/mario/Driverless/install/fsds_simulator/share/fsds_simulator/environment/pythonpath.sh
-- Up-to-date: /home/mario/Driverless/install/fsds_simulator/share/fsds_simulator/environment/pythonpath.dsv
-- Up-to-date: /home/mario/Driverless/install/fsds_simulator/lib/python3.8/site-packages//fsds_simulator.egg-info
-- Installing: /home/mario/Driverless/install/fsds_simulator/lib/python3.8/site-packages//fsds_simulator.egg-info/entry_points.txt
-- Installing: /home/mario/Driverless/install/fsds_simulator/lib/python3.8/site-packages//fsds_simulator.egg-info/dependency_links.txt
-- Installing: /home/mario/Driverless/install/fsds_simulator/lib/python3.8/site-packages//fsds_simulator.egg-info/PKG-INFO
-- Installing: /home/mario/Driverless/install/fsds_simulator/lib/python3.8/site-packages//fsds_simulator.egg-info/top_level.txt
-- Installing: /home/mario/Driverless/install/fsds_simulator/lib/python3.8/site-packages//fsds_simulator.egg-info/SOURCES.txt
-- Up-to-date: /home/mario/Driverless/install/fsds_simulator/lib/python3.8/site-packages/fsds_simulator
-- Up-to-date: /home/mario/Driverless/install/fsds_simulator/lib/python3.8/site-packages/fsds_simulator/fs_track_to_conemap.py
-- Installing: /home/mario/Driverless/install/fsds_simulator/lib/python3.8/site-packages/fsds_simulator/grab_cone_gt.py
-- Up-to-date: /home/mario/Driverless/install/fsds_simulator/lib/python3.8/site-packages/fsds_simulator/__init__.py
-- Up-to-date: /home/mario/Driverless/install/fsds_simulator/lib/python3.8/site-packages/fsds_simulator/control_command_converter.py
Listing '/home/mario/Driverless/install/fsds_simulator/lib/python3.8/site-packages/fsds_simulator'...
Compiling '/home/mario/Driverless/install/fsds_simulator/lib/python3.8/site-packages/fsds_simulator/grab_cone_gt.py'...
-- Up-to-date: /home/mario/Driverless/install/fsds_simulator/lib/fsds_simulator/
-- Installing: /home/mario/Driverless/install/fsds_simulator/lib/fsds_simulator//control_command_converter
-- Installing: /home/mario/Driverless/install/fsds_simulator/lib/fsds_simulator//grab_cone_gt
-- Installing: /home/mario/Driverless/install/fsds_simulator/lib/fsds_simulator//fs_track_to_conemap
-- Up-to-date: /home/mario/Driverless/install/fsds_simulator/share/fsds_simulator/launch
-- Up-to-date: /home/mario/Driverless/install/fsds_simulator/share/fsds_simulator/launch/simulate_with_twist_interface.launch.py
-- Up-to-date: /home/mario/Driverless/install/fsds_simulator/share/fsds_simulator/launch/simulate_with_vcu_interface.launch.py
-- Up-to-date: /home/mario/Driverless/install/fsds_simulator/share/ament_index/resource_index/package_run_dependencies/fsds_simulator
-- Up-to-date: /home/mario/Driverless/install/fsds_simulator/share/ament_index/resource_index/parent_prefix_path/fsds_simulator
-- Up-to-date: /home/mario/Driverless/install/fsds_simulator/share/fsds_simulator/environment/ament_prefix_path.sh
-- Up-to-date: /home/mario/Driverless/install/fsds_simulator/share/fsds_simulator/environment/ament_prefix_path.dsv
-- Up-to-date: /home/mario/Driverless/install/fsds_simulator/share/fsds_simulator/environment/path.sh
-- Up-to-date: /home/mario/Driverless/install/fsds_simulator/share/fsds_simulator/environment/path.dsv
-- Up-to-date: /home/mario/Driverless/install/fsds_simulator/share/fsds_simulator/local_setup.bash
-- Up-to-date: /home/mario/Driverless/install/fsds_simulator/share/fsds_simulator/local_setup.sh
-- Up-to-date: /home/mario/Driverless/install/fsds_simulator/share/fsds_simulator/local_setup.zsh
-- Up-to-date: /home/mario/Driverless/install/fsds_simulator/share/fsds_simulator/local_setup.dsv
-- Installing: /home/mario/Driverless/install/fsds_simulator/share/fsds_simulator/package.dsv
-- Up-to-date: /home/mario/Driverless/install/fsds_simulator/share/ament_index/resource_index/packages/fsds_simulator
-- Up-to-date: /home/mario/Driverless/install/fsds_simulator/share/fsds_simulator/cmake/fsds_simulatorConfig.cmake
-- Up-to-date: /home/mario/Driverless/install/fsds_simulator/share/fsds_simulator/cmake/fsds_simulatorConfig-version.cmake
-- Up-to-date: /home/mario/Driverless/install/fsds_simulator/share/fsds_simulator/package.xml
