/home/mario/Driverless/install/id_track_utils/lib/python3.8/site-packages/id_track_utils/_math_utilities.py
/home/mario/Driverless/install/id_track_utils/lib/python3.8/site-packages/id_track_utils/__init__.py
/home/mario/Driverless/install/id_track_utils/lib/python3.8/site-packages/id_track_utils/track.py
/home/mario/Driverless/install/id_track_utils/lib/python3.8/site-packages/id_track_utils/track_generator.py
/home/mario/Driverless/install/id_track_utils/lib/python3.8/site-packages/id_track_utils/track_generator_qt_plugin.py
/home/mario/Driverless/install/id_track_utils/lib/python3.8/site-packages/id_track_utils/__pycache__/_math_utilities.cpython-38.pyc
/home/mario/Driverless/install/id_track_utils/lib/python3.8/site-packages/id_track_utils/__pycache__/__init__.cpython-38.pyc
/home/mario/Driverless/install/id_track_utils/lib/python3.8/site-packages/id_track_utils/__pycache__/track.cpython-38.pyc
/home/mario/Driverless/install/id_track_utils/lib/python3.8/site-packages/id_track_utils/__pycache__/track_generator.cpython-38.pyc
/home/mario/Driverless/install/id_track_utils/lib/python3.8/site-packages/id_track_utils/__pycache__/track_generator_qt_plugin.cpython-38.pyc
/home/mario/Driverless/install/id_track_utils/share/id_track_utils/package.xml
/home/mario/Driverless/install/id_track_utils/share/id_track_utils/plugin.xml
/home/mario/Driverless/install/id_track_utils/share/ament_index/resource_index/packages/id_track_utils
/home/mario/Driverless/install/id_track_utils/share/id_track_utils/csv/rand.csv
/home/mario/Driverless/install/id_track_utils/share/id_track_utils/csv/skidpad.csv
/home/mario/Driverless/install/id_track_utils/share/id_track_utils/csv/acceleration.csv
/home/mario/Driverless/install/id_track_utils/share/id_track_utils/csv/small_track.csv
/home/mario/Driverless/install/id_track_utils/share/id_track_utils/image
/home/mario/Driverless/install/id_track_utils/share/id_track_utils/materials/asphalt.jpg
/home/mario/Driverless/install/id_track_utils/share/id_track_utils/meshes/cone_big.dae
/home/mario/Driverless/install/id_track_utils/share/id_track_utils/meshes/cone.dae
/home/mario/Driverless/install/id_track_utils/share/id_track_utils/meshes/MonkeyNoise.dae
/home/mario/Driverless/install/id_track_utils/share/id_track_utils/meshes/NoiseCube.dae
/home/mario/Driverless/install/id_track_utils/share/id_track_utils/meshes/cone_yellow.dae
/home/mario/Driverless/install/id_track_utils/share/id_track_utils/meshes/cone_blue.dae
/home/mario/Driverless/install/id_track_utils/share/id_track_utils/models/acceleration
/home/mario/Driverless/install/id_track_utils/share/id_track_utils/models/big_cone/model.sdf
/home/mario/Driverless/install/id_track_utils/share/id_track_utils/models/big_cone/model.config
/home/mario/Driverless/install/id_track_utils/share/id_track_utils/models/blue_cone/model.sdf
/home/mario/Driverless/install/id_track_utils/share/id_track_utils/models/blue_cone/model.config
/home/mario/Driverless/install/id_track_utils/share/id_track_utils/models/ground_plane
/home/mario/Driverless/install/id_track_utils/share/id_track_utils/models/orange_cone/model.sdf
/home/mario/Driverless/install/id_track_utils/share/id_track_utils/models/orange_cone/model.config
/home/mario/Driverless/install/id_track_utils/share/id_track_utils/models/rand
/home/mario/Driverless/install/id_track_utils/share/id_track_utils/models/skidpad
/home/mario/Driverless/install/id_track_utils/share/id_track_utils/models/small_track
/home/mario/Driverless/install/id_track_utils/share/id_track_utils/models/yellow_cone/model.sdf
/home/mario/Driverless/install/id_track_utils/share/id_track_utils/models/yellow_cone/model.config
/home/mario/Driverless/install/id_track_utils/share/id_track_utils/worlds
/home/mario/Driverless/install/id_track_utils/share/id_track_utils/resource/noiseFiles.txt
/home/mario/Driverless/install/id_track_utils/share/id_track_utils/resource/track_generator.ui
/home/mario/Driverless/install/id_track_utils/lib/python3.8/site-packages/id_track_utils-0.5.3-py3.8.egg-info/zip-safe
/home/mario/Driverless/install/id_track_utils/lib/python3.8/site-packages/id_track_utils-0.5.3-py3.8.egg-info/dependency_links.txt
/home/mario/Driverless/install/id_track_utils/lib/python3.8/site-packages/id_track_utils-0.5.3-py3.8.egg-info/PKG-INFO
/home/mario/Driverless/install/id_track_utils/lib/python3.8/site-packages/id_track_utils-0.5.3-py3.8.egg-info/top_level.txt
/home/mario/Driverless/install/id_track_utils/lib/python3.8/site-packages/id_track_utils-0.5.3-py3.8.egg-info/requires.txt
/home/mario/Driverless/install/id_track_utils/lib/python3.8/site-packages/id_track_utils-0.5.3-py3.8.egg-info/SOURCES.txt
