running egg_info
writing ../../build/ackermann_drive_teleop/ackermann_drive_teleop.egg-info/PKG-INFO
writing dependency_links to ../../build/ackermann_drive_teleop/ackermann_drive_teleop.egg-info/dependency_links.txt
writing entry points to ../../build/ackermann_drive_teleop/ackermann_drive_teleop.egg-info/entry_points.txt
writing top-level names to ../../build/ackermann_drive_teleop/ackermann_drive_teleop.egg-info/top_level.txt
reading manifest file '../../build/ackermann_drive_teleop/ackermann_drive_teleop.egg-info/SOURCES.txt'
writing manifest file '../../build/ackermann_drive_teleop/ackermann_drive_teleop.egg-info/SOURCES.txt'
running build
running build_py
running install
running install_lib
running install_data
running install_egg_info
removing '/home/mario/Driverless/install/ackermann_drive_teleop/lib/python3.8/site-packages/ackermann_drive_teleop-1.0.1-py3.8.egg-info' (and everything under it)
Copying ../../build/ackermann_drive_teleop/ackermann_drive_teleop.egg-info to /home/mario/Driverless/install/ackermann_drive_teleop/lib/python3.8/site-packages/ackermann_drive_teleop-1.0.1-py3.8.egg-info
running install_scripts
Installing joyop script to /home/mario/Driverless/install/ackermann_drive_teleop/lib/ackermann_drive_teleop
Installing keyop script to /home/mario/Driverless/install/ackermann_drive_teleop/lib/ackermann_drive_teleop
Installing keyop_legacy script to /home/mario/Driverless/install/ackermann_drive_teleop/lib/ackermann_drive_teleop
writing list of installed files to '/home/mario/Driverless/build/ackermann_drive_teleop/install.log'
