[0.000000] (-) TimerEvent: {}
[0.000428] (-) JobUnselected: {'identifier': 'ackermann_drive_teleop'}
[0.000903] (-) JobUnselected: {'identifier': 'camera_cone_detector'}
[0.000932] (-) JobUnselected: {'identifier': 'car_keyop'}
[0.000950] (-) JobUnselected: {'identifier': 'f110_gym'}
[0.000967] (-) JobUnselected: {'identifier': 'fsds_simulator'}
[0.000993] (-) JobUnselected: {'identifier': 'full_gazebo_simulator'}
[0.001010] (-) JobUnselected: {'identifier': 'id_rviz_plugins'}
[0.001024] (-) JobUnselected: {'identifier': 'id_track_utils'}
[0.001065] (-) JobUnselected: {'identifier': 'imperial_driverless_gazebo_plugins'}
[0.001080] (-) JobUnselected: {'identifier': 'imperial_driverless_utils'}
[0.001095] (-) JobUnselected: {'identifier': 'lidar_camera_fusion'}
[0.001109] (-) JobUnselected: {'identifier': 'lidar_only_cone_detector'}
[0.001123] (-) JobUnselected: {'identifier': 'lightweight_lidar_only_simulator'}
[0.001138] (-) JobUnselected: {'identifier': 'path_followers'}
[0.001152] (-) JobUnselected: {'identifier': 'path_generators'}
[0.001166] (-) JobUnselected: {'identifier': 'vehicle_controllers'}
[0.001180] (-) JobUnselected: {'identifier': 'vehicle_descriptions'}
[0.001224] (-) JobUnselected: {'identifier': 'velodyne'}
[0.001237] (-) JobUnselected: {'identifier': 'velodyne_driver'}
[0.001252] (-) JobUnselected: {'identifier': 'velodyne_laserscan'}
[0.001265] (-) JobUnselected: {'identifier': 'velodyne_msgs'}
[0.001279] (-) JobUnselected: {'identifier': 'velodyne_pointcloud'}
[0.001293] (-) EventReactorShutdown: {}
