-- The C compiler identification is GNU 9.4.0
-- The CXX compiler identification is GNU 9.4.0
-- Check for working C compiler: /usr/bin/cc
-- Check for working C compiler: /usr/bin/cc -- works
-- Detecting C compiler ABI info
-- Detecting C compiler ABI info - done
-- Detecting C compile features
-- Detecting C compile features - done
-- Check for working CXX compiler: /usr/bin/c++
-- Check for working CXX compiler: /usr/bin/c++ -- works
-- Detecting CXX compiler ABI info
-- Detecting CXX compiler ABI info - done
-- Detecting CXX compile features
-- Detecting CXX compile features - done
-- Found ament_cmake: 1.1.4 (/opt/ros/galactic/share/ament_cmake/cmake)
-- Found PythonInterp: /usr/bin/python3 (found suitable version "3.8.10", minimum required is "3") 
-- Using PYTHON_EXECUTABLE: /usr/bin/python3
-- Configuring done
-- Generating done
-- Build files have been written to: /home/mario/Driverless/build/vehicle_descriptions
-- Install configuration: ""
-- Installing: /home/mario/Driverless/install/vehicle_descriptions/share/vehicle_descriptions/launch
-- Installing: /home/mario/Driverless/install/vehicle_descriptions/share/vehicle_descriptions/launch/simple.launch.py
-- Installing: /home/mario/Driverless/install/vehicle_descriptions/share/vehicle_descriptions/launch/view_vehicle.launch.py
-- Installing: /home/mario/Driverless/install/vehicle_descriptions/share/vehicle_descriptions/rviz
-- Installing: /home/mario/Driverless/install/vehicle_descriptions/share/vehicle_descriptions/rviz/urdf.rviz
-- Installing: /home/mario/Driverless/install/vehicle_descriptions/share/vehicle_descriptions/urdf
-- Installing: /home/mario/Driverless/install/vehicle_descriptions/share/vehicle_descriptions/urdf/chassis.urdf.xacro
-- Installing: /home/mario/Driverless/install/vehicle_descriptions/share/vehicle_descriptions/urdf/main.urdf.xacro
-- Installing: /home/mario/Driverless/install/vehicle_descriptions/share/vehicle_descriptions/urdf/wheels.urdf.xacro
-- Installing: /home/mario/Driverless/install/vehicle_descriptions/share/vehicle_descriptions/vehicles
-- Installing: /home/mario/Driverless/install/vehicle_descriptions/share/vehicle_descriptions/vehicles/mit_racecar
-- Installing: /home/mario/Driverless/install/vehicle_descriptions/share/vehicle_descriptions/vehicles/mit_racecar/meshes
-- Installing: /home/mario/Driverless/install/vehicle_descriptions/share/vehicle_descriptions/vehicles/mit_racecar/meshes/wheel.dae
-- Installing: /home/mario/Driverless/install/vehicle_descriptions/share/vehicle_descriptions/vehicles/mit_racecar/meshes/chassis.dae
-- Installing: /home/mario/Driverless/install/vehicle_descriptions/share/vehicle_descriptions/vehicles/mit_racecar/config.yaml
-- Installing: /home/mario/Driverless/install/vehicle_descriptions/share/vehicle_descriptions/vehicles/ads_dv
-- Installing: /home/mario/Driverless/install/vehicle_descriptions/share/vehicle_descriptions/vehicles/ads_dv/meshes
-- Installing: /home/mario/Driverless/install/vehicle_descriptions/share/vehicle_descriptions/vehicles/ads_dv/meshes/old_wheel.dae
-- Installing: /home/mario/Driverless/install/vehicle_descriptions/share/vehicle_descriptions/vehicles/ads_dv/meshes/wheel.dae
-- Installing: /home/mario/Driverless/install/vehicle_descriptions/share/vehicle_descriptions/vehicles/ads_dv/meshes/AFS_RaceCar.jpg
-- Installing: /home/mario/Driverless/install/vehicle_descriptions/share/vehicle_descriptions/vehicles/ads_dv/meshes/chassis.dae
-- Installing: /home/mario/Driverless/install/vehicle_descriptions/share/vehicle_descriptions/vehicles/ads_dv/meshes/old_chassis.dae
-- Installing: /home/mario/Driverless/install/vehicle_descriptions/share/vehicle_descriptions/vehicles/ads_dv/config.yaml
-- Installing: /home/mario/Driverless/install/vehicle_descriptions/share/vehicle_descriptions/common_meshes
-- Installing: /home/mario/Driverless/install/vehicle_descriptions/share/vehicle_descriptions/common_meshes/hokuyo.dae
-- Installing: /home/mario/Driverless/install/vehicle_descriptions/share/ament_index/resource_index/package_run_dependencies/vehicle_descriptions
-- Installing: /home/mario/Driverless/install/vehicle_descriptions/share/ament_index/resource_index/parent_prefix_path/vehicle_descriptions
-- Installing: /home/mario/Driverless/install/vehicle_descriptions/share/vehicle_descriptions/environment/ament_prefix_path.sh
-- Installing: /home/mario/Driverless/install/vehicle_descriptions/share/vehicle_descriptions/environment/ament_prefix_path.dsv
-- Installing: /home/mario/Driverless/install/vehicle_descriptions/share/vehicle_descriptions/environment/path.sh
-- Installing: /home/mario/Driverless/install/vehicle_descriptions/share/vehicle_descriptions/environment/path.dsv
-- Installing: /home/mario/Driverless/install/vehicle_descriptions/share/vehicle_descriptions/local_setup.bash
-- Installing: /home/mario/Driverless/install/vehicle_descriptions/share/vehicle_descriptions/local_setup.sh
-- Installing: /home/mario/Driverless/install/vehicle_descriptions/share/vehicle_descriptions/local_setup.zsh
-- Installing: /home/mario/Driverless/install/vehicle_descriptions/share/vehicle_descriptions/local_setup.dsv
-- Installing: /home/mario/Driverless/install/vehicle_descriptions/share/vehicle_descriptions/package.dsv
-- Installing: /home/mario/Driverless/install/vehicle_descriptions/share/ament_index/resource_index/packages/vehicle_descriptions
-- Installing: /home/mario/Driverless/install/vehicle_descriptions/share/vehicle_descriptions/cmake/vehicle_descriptionsConfig.cmake
-- Installing: /home/mario/Driverless/install/vehicle_descriptions/share/vehicle_descriptions/cmake/vehicle_descriptionsConfig-version.cmake
-- Installing: /home/mario/Driverless/install/vehicle_descriptions/share/vehicle_descriptions/package.xml
