[100%] Built target id_rviz_plugins
-- Install configuration: ""
-- Up-to-date: /home/mario/Driverless/install/id_rviz_plugins/share/id_rviz_plugins/plugin_description.xml
-- Up-to-date: /home/mario/Driverless/install/id_rviz_plugins/include
-- Up-to-date: /home/mario/Driverless/install/id_rviz_plugins/include/gt_conemap.hpp
-- Installing: /home/mario/Driverless/install/id_rviz_plugins/share/id_rviz_plugins/environment/library_path.sh
-- Up-to-date: /home/mario/Driverless/install/id_rviz_plugins/share/id_rviz_plugins/environment/library_path.dsv
-- Installing: /home/mario/Driverless/install/id_rviz_plugins/lib/libid_rviz_plugins.so
-- Set runtime path of "/home/mario/Driverless/install/id_rviz_plugins/lib/libid_rviz_plugins.so" to ""
-- Up-to-date: /home/mario/Driverless/install/id_rviz_plugins/share/id_rviz_plugins/icons
-- Up-to-date: /home/mario/Driverless/install/id_rviz_plugins/share/id_rviz_plugins/icons/classes
-- Up-to-date: /home/mario/Driverless/install/id_rviz_plugins/share/id_rviz_plugins/icons/classes/ConeMap.png
-- Up-to-date: /home/mario/Driverless/install/id_rviz_plugins/share/ament_index/resource_index/package_run_dependencies/id_rviz_plugins
-- Up-to-date: /home/mario/Driverless/install/id_rviz_plugins/share/ament_index/resource_index/parent_prefix_path/id_rviz_plugins
-- Installing: /home/mario/Driverless/install/id_rviz_plugins/share/id_rviz_plugins/environment/ament_prefix_path.sh
-- Up-to-date: /home/mario/Driverless/install/id_rviz_plugins/share/id_rviz_plugins/environment/ament_prefix_path.dsv
-- Installing: /home/mario/Driverless/install/id_rviz_plugins/share/id_rviz_plugins/environment/path.sh
-- Up-to-date: /home/mario/Driverless/install/id_rviz_plugins/share/id_rviz_plugins/environment/path.dsv
-- Up-to-date: /home/mario/Driverless/install/id_rviz_plugins/share/id_rviz_plugins/local_setup.bash
-- Up-to-date: /home/mario/Driverless/install/id_rviz_plugins/share/id_rviz_plugins/local_setup.sh
-- Up-to-date: /home/mario/Driverless/install/id_rviz_plugins/share/id_rviz_plugins/local_setup.zsh
-- Up-to-date: /home/mario/Driverless/install/id_rviz_plugins/share/id_rviz_plugins/local_setup.dsv
-- Installing: /home/mario/Driverless/install/id_rviz_plugins/share/id_rviz_plugins/package.dsv
-- Up-to-date: /home/mario/Driverless/install/id_rviz_plugins/share/ament_index/resource_index/packages/id_rviz_plugins
-- Up-to-date: /home/mario/Driverless/install/id_rviz_plugins/share/ament_index/resource_index/rviz_common__pluginlib__plugin/id_rviz_plugins
-- Up-to-date: /home/mario/Driverless/install/id_rviz_plugins/share/id_rviz_plugins/cmake/ament_cmake_export_dependencies-extras.cmake
-- Up-to-date: /home/mario/Driverless/install/id_rviz_plugins/share/id_rviz_plugins/cmake/ament_cmake_export_include_directories-extras.cmake
-- Up-to-date: /home/mario/Driverless/install/id_rviz_plugins/share/id_rviz_plugins/cmake/ament_cmake_export_libraries-extras.cmake
-- Up-to-date: /home/mario/Driverless/install/id_rviz_plugins/share/id_rviz_plugins/cmake/id_rviz_pluginsConfig.cmake
-- Up-to-date: /home/mario/Driverless/install/id_rviz_plugins/share/id_rviz_plugins/cmake/id_rviz_pluginsConfig-version.cmake
-- Up-to-date: /home/mario/Driverless/install/id_rviz_plugins/share/id_rviz_plugins/package.xml
