[0.341s] Invoking command in '/home/mario/Driverless/build/id_rviz_plugins': CMAKE_PREFIX_PATH=/opt/ros/galactic /usr/bin/cmake --build /home/mario/Driverless/build/id_rviz_plugins -- -j4 -l4
[0.637s] [100%] Built target id_rviz_plugins
[0.637s] Invoked command in '/home/mario/Driverless/build/id_rviz_plugins' returned '0': CMAKE_PREFIX_PATH=/opt/ros/galactic /usr/bin/cmake --build /home/mario/Driverless/build/id_rviz_plugins -- -j4 -l4
[0.692s] Invoking command in '/home/mario/Driverless/build/id_rviz_plugins': CMAKE_PREFIX_PATH=/opt/ros/galactic /usr/bin/cmake --install /home/mario/Driverless/build/id_rviz_plugins
[0.707s] -- Install configuration: ""
[0.707s] -- Up-to-date: /home/mario/Driverless/install/id_rviz_plugins/share/id_rviz_plugins/plugin_description.xml
[0.707s] -- Up-to-date: /home/mario/Driverless/install/id_rviz_plugins/include
[0.708s] -- Up-to-date: /home/mario/Driverless/install/id_rviz_plugins/include/gt_conemap.hpp
[0.708s] -- Installing: /home/mario/Driverless/install/id_rviz_plugins/share/id_rviz_plugins/environment/library_path.sh
[0.708s] -- Up-to-date: /home/mario/Driverless/install/id_rviz_plugins/share/id_rviz_plugins/environment/library_path.dsv
[0.710s] -- Installing: /home/mario/Driverless/install/id_rviz_plugins/lib/libid_rviz_plugins.so
[0.723s] -- Set runtime path of "/home/mario/Driverless/install/id_rviz_plugins/lib/libid_rviz_plugins.so" to ""
[0.723s] -- Up-to-date: /home/mario/Driverless/install/id_rviz_plugins/share/id_rviz_plugins/icons
[0.724s] -- Up-to-date: /home/mario/Driverless/install/id_rviz_plugins/share/id_rviz_plugins/icons/classes
[0.724s] -- Up-to-date: /home/mario/Driverless/install/id_rviz_plugins/share/id_rviz_plugins/icons/classes/ConeMap.png
[0.725s] -- Up-to-date: /home/mario/Driverless/install/id_rviz_plugins/share/ament_index/resource_index/package_run_dependencies/id_rviz_plugins
[0.725s] -- Up-to-date: /home/mario/Driverless/install/id_rviz_plugins/share/ament_index/resource_index/parent_prefix_path/id_rviz_plugins
[0.725s] -- Installing: /home/mario/Driverless/install/id_rviz_plugins/share/id_rviz_plugins/environment/ament_prefix_path.sh
[0.725s] -- Up-to-date: /home/mario/Driverless/install/id_rviz_plugins/share/id_rviz_plugins/environment/ament_prefix_path.dsv
[0.726s] -- Installing: /home/mario/Driverless/install/id_rviz_plugins/share/id_rviz_plugins/environment/path.sh
[0.726s] -- Up-to-date: /home/mario/Driverless/install/id_rviz_plugins/share/id_rviz_plugins/environment/path.dsv
[0.726s] -- Up-to-date: /home/mario/Driverless/install/id_rviz_plugins/share/id_rviz_plugins/local_setup.bash
[0.726s] -- Up-to-date: /home/mario/Driverless/install/id_rviz_plugins/share/id_rviz_plugins/local_setup.sh
[0.726s] -- Up-to-date: /home/mario/Driverless/install/id_rviz_plugins/share/id_rviz_plugins/local_setup.zsh
[0.727s] -- Up-to-date: /home/mario/Driverless/install/id_rviz_plugins/share/id_rviz_plugins/local_setup.dsv
[0.727s] -- Installing: /home/mario/Driverless/install/id_rviz_plugins/share/id_rviz_plugins/package.dsv
[0.727s] -- Up-to-date: /home/mario/Driverless/install/id_rviz_plugins/share/ament_index/resource_index/packages/id_rviz_plugins
[0.727s] -- Up-to-date: /home/mario/Driverless/install/id_rviz_plugins/share/ament_index/resource_index/rviz_common__pluginlib__plugin/id_rviz_plugins
[0.727s] -- Up-to-date: /home/mario/Driverless/install/id_rviz_plugins/share/id_rviz_plugins/cmake/ament_cmake_export_dependencies-extras.cmake
[0.728s] -- Up-to-date: /home/mario/Driverless/install/id_rviz_plugins/share/id_rviz_plugins/cmake/ament_cmake_export_include_directories-extras.cmake
[0.728s] -- Up-to-date: /home/mario/Driverless/install/id_rviz_plugins/share/id_rviz_plugins/cmake/ament_cmake_export_libraries-extras.cmake
[0.728s] -- Up-to-date: /home/mario/Driverless/install/id_rviz_plugins/share/id_rviz_plugins/cmake/id_rviz_pluginsConfig.cmake
[0.728s] -- Up-to-date: /home/mario/Driverless/install/id_rviz_plugins/share/id_rviz_plugins/cmake/id_rviz_pluginsConfig-version.cmake
[0.728s] -- Up-to-date: /home/mario/Driverless/install/id_rviz_plugins/share/id_rviz_plugins/package.xml
[0.739s] Invoked command in '/home/mario/Driverless/build/id_rviz_plugins' returned '0': CMAKE_PREFIX_PATH=/opt/ros/galactic /usr/bin/cmake --install /home/mario/Driverless/build/id_rviz_plugins
