running egg_info
creating ../../build/vehicle_controllers/vehicle_controllers.egg-info
writing ../../build/vehicle_controllers/vehicle_controllers.egg-info/PKG-INFO
writing dependency_links to ../../build/vehicle_controllers/vehicle_controllers.egg-info/dependency_links.txt
writing entry points to ../../build/vehicle_controllers/vehicle_controllers.egg-info/entry_points.txt
writing top-level names to ../../build/vehicle_controllers/vehicle_controllers.egg-info/top_level.txt
writing manifest file '../../build/vehicle_controllers/vehicle_controllers.egg-info/SOURCES.txt'
reading manifest file '../../build/vehicle_controllers/vehicle_controllers.egg-info/SOURCES.txt'
writing manifest file '../../build/vehicle_controllers/vehicle_controllers.egg-info/SOURCES.txt'
running build
running build_py
creating /home/mario/Driverless/build/vehicle_controllers/build
creating /home/mario/Driverless/build/vehicle_controllers/build/lib
creating /home/mario/Driverless/build/vehicle_controllers/build/lib/vehicle_controllers
copying vehicle_controllers/basic_pid.py -> /home/mario/Driverless/build/vehicle_controllers/build/lib/vehicle_controllers
copying vehicle_controllers/vehicle_controller_base.py -> /home/mario/Driverless/build/vehicle_controllers/build/lib/vehicle_controllers
copying vehicle_controllers/__init__.py -> /home/mario/Driverless/build/vehicle_controllers/build/lib/vehicle_controllers
copying vehicle_controllers/ros_node.py -> /home/mario/Driverless/build/vehicle_controllers/build/lib/vehicle_controllers
running install
running install_lib
creating /home/mario/Driverless/install/vehicle_controllers/lib/python3.8/site-packages/vehicle_controllers
copying /home/mario/Driverless/build/vehicle_controllers/build/lib/vehicle_controllers/basic_pid.py -> /home/mario/Driverless/install/vehicle_controllers/lib/python3.8/site-packages/vehicle_controllers
copying /home/mario/Driverless/build/vehicle_controllers/build/lib/vehicle_controllers/vehicle_controller_base.py -> /home/mario/Driverless/install/vehicle_controllers/lib/python3.8/site-packages/vehicle_controllers
copying /home/mario/Driverless/build/vehicle_controllers/build/lib/vehicle_controllers/__init__.py -> /home/mario/Driverless/install/vehicle_controllers/lib/python3.8/site-packages/vehicle_controllers
copying /home/mario/Driverless/build/vehicle_controllers/build/lib/vehicle_controllers/ros_node.py -> /home/mario/Driverless/install/vehicle_controllers/lib/python3.8/site-packages/vehicle_controllers
byte-compiling /home/mario/Driverless/install/vehicle_controllers/lib/python3.8/site-packages/vehicle_controllers/basic_pid.py to basic_pid.cpython-38.pyc
byte-compiling /home/mario/Driverless/install/vehicle_controllers/lib/python3.8/site-packages/vehicle_controllers/vehicle_controller_base.py to vehicle_controller_base.cpython-38.pyc
byte-compiling /home/mario/Driverless/install/vehicle_controllers/lib/python3.8/site-packages/vehicle_controllers/__init__.py to __init__.cpython-38.pyc
byte-compiling /home/mario/Driverless/install/vehicle_controllers/lib/python3.8/site-packages/vehicle_controllers/ros_node.py to ros_node.cpython-38.pyc
running install_data
creating /home/mario/Driverless/install/vehicle_controllers/share/ament_index
creating /home/mario/Driverless/install/vehicle_controllers/share/ament_index/resource_index
creating /home/mario/Driverless/install/vehicle_controllers/share/ament_index/resource_index/packages
copying this_has_to_contain_an_empty_file_named_vehicle_controllers_for_setup_py_to_work/vehicle_controllers -> /home/mario/Driverless/install/vehicle_controllers/share/ament_index/resource_index/packages
copying package.xml -> /home/mario/Driverless/install/vehicle_controllers/share/vehicle_controllers
creating /home/mario/Driverless/install/vehicle_controllers/share/vehicle_controllers/launch
running install_egg_info
Copying ../../build/vehicle_controllers/vehicle_controllers.egg-info to /home/mario/Driverless/install/vehicle_controllers/lib/python3.8/site-packages/vehicle_controllers-0.0.1-py3.8.egg-info
running install_scripts
Installing basic_pid script to /home/mario/Driverless/install/vehicle_controllers/lib/vehicle_controllers
writing list of installed files to '/home/mario/Driverless/build/vehicle_controllers/install.log'
