[0.037s] Invoking command in '/home/mario/Driverless/build/lightweight_lidar_only_simulator': CMAKE_PREFIX_PATH=${CMAKE_PREFIX_PATH}:/home/mario/Driverless/install/lidar_camera_fusion:/home/mario/Driverless/install/vehicle_controllers:/home/mario/Driverless/install/path_generators:/home/mario/Driverless/install/lidar_only_cone_detector:/home/mario/Driverless/install/id_track_utils:/home/mario/Driverless/install/car_keyop:/home/mario/Driverless/install/ackermann_drive_teleop:/opt/ros/galactic /usr/bin/cmake /home/mario/Driverless/src/lightweight_lidar_only_simulator -DCMAKE_INSTALL_PREFIX=/home/mario/Driverless/install/lightweight_lidar_only_simulator
[0.152s] -- The C compiler identification is GNU 9.4.0
[0.263s] -- The CXX compiler identification is GNU 9.4.0
[0.274s] -- Check for working C compiler: /usr/bin/cc
[0.468s] -- Check for working C compiler: /usr/bin/cc -- works
[0.470s] -- Detecting C compiler ABI info
[0.830s] -- Detecting C compiler ABI info - done
[0.861s] -- Detecting C compile features
[0.861s] -- Detecting C compile features - done
[0.870s] -- Check for working CXX compiler: /usr/bin/c++
[1.082s] -- Check for working CXX compiler: /usr/bin/c++ -- works
[1.085s] -- Detecting CXX compiler ABI info
[1.335s] -- Detecting CXX compiler ABI info - done
[1.365s] -- Detecting CXX compile features
[1.377s] -- Detecting CXX compile features - done
[1.381s] -- Found ament_cmake_auto: 1.1.4 (/opt/ros/galactic/share/ament_cmake_auto/cmake)
[1.441s] -- Found PythonInterp: /usr/bin/python3 (found suitable version "3.8.10", minimum required is "3") 
[1.442s] -- Using PYTHON_EXECUTABLE: /usr/bin/python3
[2.244s] -- Using all available rosidl_typesupport_c: rosidl_typesupport_fastrtps_c;rosidl_typesupport_introspection_c
[2.282s] -- Found rosidl_adapter: 2.2.1 (/opt/ros/galactic/share/rosidl_adapter/cmake)
[2.680s] -- Found OpenSSL: /usr/lib/x86_64-linux-gnu/libcrypto.so (found version "1.1.1f")  
[2.785s] -- Found FastRTPS: /opt/ros/galactic/include  
[2.989s] -- Using all available rosidl_typesupport_cpp: rosidl_typesupport_fastrtps_cpp;rosidl_typesupport_introspection_cpp
[3.158s] -- Found rmw_implementation_cmake: 3.3.1 (/opt/ros/galactic/share/rmw_implementation_cmake/cmake)
[3.167s] -- Found rmw_cyclonedds_cpp: 0.22.4 (/opt/ros/galactic/share/rmw_cyclonedds_cpp/cmake)
[3.215s] -- Using RMW implementation 'rmw_cyclonedds_cpp' as default
[3.216s] -- Looking for pthread.h
[3.457s] -- Looking for pthread.h - found
[3.458s] -- Performing Test CMAKE_HAVE_LIBC_PTHREAD
[3.688s] -- Performing Test CMAKE_HAVE_LIBC_PTHREAD - Failed
[3.689s] -- Looking for pthread_create in pthreads
[3.880s] -- Looking for pthread_create in pthreads - not found
[3.882s] -- Looking for pthread_create in pthread
[4.172s] -- Looking for pthread_create in pthread - found
[4.175s] -- Found Threads: TRUE  
[5.823s] -- Found eigen3_cmake_module: 0.1.1 (/opt/ros/galactic/share/eigen3_cmake_module/cmake)
[5.830s] -- Found Eigen3: TRUE (found version "3.3.7") 
[6.495s] -- Found ament_lint_auto: 0.10.6 (/opt/ros/galactic/share/ament_lint_auto/cmake)
[6.512s] -- Configuring done
[6.544s] -- Generating done
[6.548s] -- Build files have been written to: /home/mario/Driverless/build/lightweight_lidar_only_simulator
[6.567s] Invoked command in '/home/mario/Driverless/build/lightweight_lidar_only_simulator' returned '0': CMAKE_PREFIX_PATH=${CMAKE_PREFIX_PATH}:/home/mario/Driverless/install/lidar_camera_fusion:/home/mario/Driverless/install/vehicle_controllers:/home/mario/Driverless/install/path_generators:/home/mario/Driverless/install/lidar_only_cone_detector:/home/mario/Driverless/install/id_track_utils:/home/mario/Driverless/install/car_keyop:/home/mario/Driverless/install/ackermann_drive_teleop:/opt/ros/galactic /usr/bin/cmake /home/mario/Driverless/src/lightweight_lidar_only_simulator -DCMAKE_INSTALL_PREFIX=/home/mario/Driverless/install/lightweight_lidar_only_simulator
[6.569s] Invoking command in '/home/mario/Driverless/build/lightweight_lidar_only_simulator': CMAKE_PREFIX_PATH=${CMAKE_PREFIX_PATH}:/home/mario/Driverless/install/lidar_camera_fusion:/home/mario/Driverless/install/vehicle_controllers:/home/mario/Driverless/install/path_generators:/home/mario/Driverless/install/lidar_only_cone_detector:/home/mario/Driverless/install/id_track_utils:/home/mario/Driverless/install/car_keyop:/home/mario/Driverless/install/ackermann_drive_teleop:/opt/ros/galactic /usr/bin/cmake --build /home/mario/Driverless/build/lightweight_lidar_only_simulator -- -j4 -l4
[6.715s] [35m[1mScanning dependencies of target lightweight_lidar_only_simulator[0m
[6.739s] [ 16%] [32mBuilding CXX object CMakeFiles/lightweight_lidar_only_simulator.dir/src/ackermann_kinematics.cpp.o[0m
[6.760s] [ 33%] [32mBuilding CXX object CMakeFiles/lightweight_lidar_only_simulator.dir/src/distance_transform.cpp.o[0m
[6.785s] [ 50%] [32mBuilding CXX object CMakeFiles/lightweight_lidar_only_simulator.dir/src/scan_simulator_2d.cpp.o[0m
[8.358s] [ 66%] [32m[1mLinking CXX static library liblightweight_lidar_only_simulator.a[0m
[8.540s] [ 66%] Built target lightweight_lidar_only_simulator
[8.602s] [35m[1mScanning dependencies of target simulate[0m
[8.826s] [ 83%] [32mBuilding CXX object CMakeFiles/simulate.dir/node/simulate.cpp.o[0m
[45.221s] [100%] [32m[1mLinking CXX executable simulate[0m
[47.187s] [100%] Built target simulate
[47.206s] Invoked command in '/home/mario/Driverless/build/lightweight_lidar_only_simulator' returned '0': CMAKE_PREFIX_PATH=${CMAKE_PREFIX_PATH}:/home/mario/Driverless/install/lidar_camera_fusion:/home/mario/Driverless/install/vehicle_controllers:/home/mario/Driverless/install/path_generators:/home/mario/Driverless/install/lidar_only_cone_detector:/home/mario/Driverless/install/id_track_utils:/home/mario/Driverless/install/car_keyop:/home/mario/Driverless/install/ackermann_drive_teleop:/opt/ros/galactic /usr/bin/cmake --build /home/mario/Driverless/build/lightweight_lidar_only_simulator -- -j4 -l4
[47.263s] Invoking command in '/home/mario/Driverless/build/lightweight_lidar_only_simulator': CMAKE_PREFIX_PATH=${CMAKE_PREFIX_PATH}:/home/mario/Driverless/install/lidar_camera_fusion:/home/mario/Driverless/install/vehicle_controllers:/home/mario/Driverless/install/path_generators:/home/mario/Driverless/install/lidar_only_cone_detector:/home/mario/Driverless/install/id_track_utils:/home/mario/Driverless/install/car_keyop:/home/mario/Driverless/install/ackermann_drive_teleop:/opt/ros/galactic /usr/bin/cmake --install /home/mario/Driverless/build/lightweight_lidar_only_simulator
[47.278s] -- Install configuration: ""
[47.278s] -- Installing: /home/mario/Driverless/install/lightweight_lidar_only_simulator/lib/liblightweight_lidar_only_simulator.a
[47.279s] -- Installing: /home/mario/Driverless/install/lightweight_lidar_only_simulator/include/lightweight_lidar_only_simulator
[47.279s] -- Installing: /home/mario/Driverless/install/lightweight_lidar_only_simulator/include/lightweight_lidar_only_simulator/wheel_state.hpp
[47.279s] -- Installing: /home/mario/Driverless/install/lightweight_lidar_only_simulator/include/lightweight_lidar_only_simulator/motion_model.hpp
[47.279s] -- Installing: /home/mario/Driverless/install/lightweight_lidar_only_simulator/include/lightweight_lidar_only_simulator/scan_simulator_2d.hpp
[47.279s] -- Installing: /home/mario/Driverless/install/lightweight_lidar_only_simulator/include/lightweight_lidar_only_simulator/distance_transform.hpp
[47.280s] -- Installing: /home/mario/Driverless/install/lightweight_lidar_only_simulator/include/lightweight_lidar_only_simulator/ackermann_kinematics.hpp
[47.280s] -- Installing: /home/mario/Driverless/install/lightweight_lidar_only_simulator/include/lightweight_lidar_only_simulator/pose_2d.hpp
[47.280s] -- Installing: /home/mario/Driverless/install/lightweight_lidar_only_simulator/include/lightweight_lidar_only_simulator/imu_simulator.hpp
[47.280s] -- Up-to-date: /home/mario/Driverless/install/lightweight_lidar_only_simulator/include
[47.280s] -- Up-to-date: /home/mario/Driverless/install/lightweight_lidar_only_simulator/include/lightweight_lidar_only_simulator
[47.280s] -- Up-to-date: /home/mario/Driverless/install/lightweight_lidar_only_simulator/include/lightweight_lidar_only_simulator/wheel_state.hpp
[47.281s] -- Up-to-date: /home/mario/Driverless/install/lightweight_lidar_only_simulator/include/lightweight_lidar_only_simulator/motion_model.hpp
[47.281s] -- Up-to-date: /home/mario/Driverless/install/lightweight_lidar_only_simulator/include/lightweight_lidar_only_simulator/scan_simulator_2d.hpp
[47.281s] -- Up-to-date: /home/mario/Driverless/install/lightweight_lidar_only_simulator/include/lightweight_lidar_only_simulator/distance_transform.hpp
[47.281s] -- Up-to-date: /home/mario/Driverless/install/lightweight_lidar_only_simulator/include/lightweight_lidar_only_simulator/ackermann_kinematics.hpp
[47.281s] -- Up-to-date: /home/mario/Driverless/install/lightweight_lidar_only_simulator/include/lightweight_lidar_only_simulator/pose_2d.hpp
[47.281s] -- Up-to-date: /home/mario/Driverless/install/lightweight_lidar_only_simulator/include/lightweight_lidar_only_simulator/imu_simulator.hpp
[47.282s] -- Installing: /home/mario/Driverless/install/lightweight_lidar_only_simulator/lib/lightweight_lidar_only_simulator/simulate
[47.294s] -- Set runtime path of "/home/mario/Driverless/install/lightweight_lidar_only_simulator/lib/lightweight_lidar_only_simulator/simulate" to ""
[47.294s] -- Installing: /home/mario/Driverless/install/lightweight_lidar_only_simulator/share/lightweight_lidar_only_simulator/launch
[47.294s] -- Installing: /home/mario/Driverless/install/lightweight_lidar_only_simulator/share/lightweight_lidar_only_simulator/launch/simulate_with_twist_interface.launch.py
[47.295s] -- Installing: /home/mario/Driverless/install/lightweight_lidar_only_simulator/share/lightweight_lidar_only_simulator/launch/simulate_with_vcu_interface.launch.py
[47.295s] -- Installing: /home/mario/Driverless/install/lightweight_lidar_only_simulator/share/ament_index/resource_index/package_run_dependencies/lightweight_lidar_only_simulator
[47.295s] -- Installing: /home/mario/Driverless/install/lightweight_lidar_only_simulator/share/ament_index/resource_index/parent_prefix_path/lightweight_lidar_only_simulator
[47.295s] -- Installing: /home/mario/Driverless/install/lightweight_lidar_only_simulator/share/lightweight_lidar_only_simulator/environment/ament_prefix_path.sh
[47.295s] -- Installing: /home/mario/Driverless/install/lightweight_lidar_only_simulator/share/lightweight_lidar_only_simulator/environment/ament_prefix_path.dsv
[47.296s] -- Installing: /home/mario/Driverless/install/lightweight_lidar_only_simulator/share/lightweight_lidar_only_simulator/environment/path.sh
[47.296s] -- Installing: /home/mario/Driverless/install/lightweight_lidar_only_simulator/share/lightweight_lidar_only_simulator/environment/path.dsv
[47.296s] -- Installing: /home/mario/Driverless/install/lightweight_lidar_only_simulator/share/lightweight_lidar_only_simulator/local_setup.bash
[47.296s] -- Installing: /home/mario/Driverless/install/lightweight_lidar_only_simulator/share/lightweight_lidar_only_simulator/local_setup.sh
[47.297s] -- Installing: /home/mario/Driverless/install/lightweight_lidar_only_simulator/share/lightweight_lidar_only_simulator/local_setup.zsh
[47.297s] -- Installing: /home/mario/Driverless/install/lightweight_lidar_only_simulator/share/lightweight_lidar_only_simulator/local_setup.dsv
[47.297s] -- Installing: /home/mario/Driverless/install/lightweight_lidar_only_simulator/share/lightweight_lidar_only_simulator/package.dsv
[47.298s] -- Installing: /home/mario/Driverless/install/lightweight_lidar_only_simulator/share/ament_index/resource_index/packages/lightweight_lidar_only_simulator
[47.299s] -- Installing: /home/mario/Driverless/install/lightweight_lidar_only_simulator/share/lightweight_lidar_only_simulator/cmake/ament_cmake_export_dependencies-extras.cmake
[47.299s] -- Installing: /home/mario/Driverless/install/lightweight_lidar_only_simulator/share/lightweight_lidar_only_simulator/cmake/ament_cmake_export_include_directories-extras.cmake
[47.299s] -- Installing: /home/mario/Driverless/install/lightweight_lidar_only_simulator/share/lightweight_lidar_only_simulator/cmake/lightweight_lidar_only_simulatorConfig.cmake
[47.299s] -- Installing: /home/mario/Driverless/install/lightweight_lidar_only_simulator/share/lightweight_lidar_only_simulator/cmake/lightweight_lidar_only_simulatorConfig-version.cmake
[47.299s] -- Installing: /home/mario/Driverless/install/lightweight_lidar_only_simulator/share/lightweight_lidar_only_simulator/package.xml
[47.304s] Invoked command in '/home/mario/Driverless/build/lightweight_lidar_only_simulator' returned '0': CMAKE_PREFIX_PATH=${CMAKE_PREFIX_PATH}:/home/mario/Driverless/install/lidar_camera_fusion:/home/mario/Driverless/install/vehicle_controllers:/home/mario/Driverless/install/path_generators:/home/mario/Driverless/install/lidar_only_cone_detector:/home/mario/Driverless/install/id_track_utils:/home/mario/Driverless/install/car_keyop:/home/mario/Driverless/install/ackermann_drive_teleop:/opt/ros/galactic /usr/bin/cmake --install /home/mario/Driverless/build/lightweight_lidar_only_simulator
