[1.572s] Invoking command in '/home/mario/Driverless/src/vehicle_controllers': PYTHONPATH=/home/mario/Driverless/build/vehicle_controllers/prefix_override:/home/mario/Driverless/install/vehicle_controllers/lib/python3.8/site-packages:${PYTHONPATH} /usr/bin/python3 setup.py egg_info --egg-base ../../build/vehicle_controllers build --build-base /home/mario/Driverless/build/vehicle_controllers/build install --record /home/mario/Driverless/build/vehicle_controllers/install.log --single-version-externally-managed
[2.074s] running egg_info
[2.075s] writing ../../build/vehicle_controllers/vehicle_controllers.egg-info/PKG-INFO
[2.076s] writing dependency_links to ../../build/vehicle_controllers/vehicle_controllers.egg-info/dependency_links.txt
[2.076s] writing entry points to ../../build/vehicle_controllers/vehicle_controllers.egg-info/entry_points.txt
[2.077s] writing top-level names to ../../build/vehicle_controllers/vehicle_controllers.egg-info/top_level.txt
[2.166s] reading manifest file '../../build/vehicle_controllers/vehicle_controllers.egg-info/SOURCES.txt'
[2.170s] writing manifest file '../../build/vehicle_controllers/vehicle_controllers.egg-info/SOURCES.txt'
[2.170s] running build
[2.170s] running build_py
[2.171s] running install
[2.173s] running install_lib
[2.176s] running install_data
[2.177s] running install_egg_info
[2.180s] removing '/home/mario/Driverless/install/vehicle_controllers/lib/python3.8/site-packages/vehicle_controllers-0.0.1-py3.8.egg-info' (and everything under it)
[2.181s] Copying ../../build/vehicle_controllers/vehicle_controllers.egg-info to /home/mario/Driverless/install/vehicle_controllers/lib/python3.8/site-packages/vehicle_controllers-0.0.1-py3.8.egg-info
[2.184s] running install_scripts
[2.219s] Installing basic_pid script to /home/mario/Driverless/install/vehicle_controllers/lib/vehicle_controllers
[2.225s] writing list of installed files to '/home/mario/Driverless/build/vehicle_controllers/install.log'
[2.285s] Invoked command in '/home/mario/Driverless/src/vehicle_controllers' returned '0': PYTHONPATH=/home/mario/Driverless/build/vehicle_controllers/prefix_override:/home/mario/Driverless/install/vehicle_controllers/lib/python3.8/site-packages:${PYTHONPATH} /usr/bin/python3 setup.py egg_info --egg-base ../../build/vehicle_controllers build --build-base /home/mario/Driverless/build/vehicle_controllers/build install --record /home/mario/Driverless/build/vehicle_controllers/install.log --single-version-externally-managed
