[0.038s] Invoking command in '/home/mario/Driverless/build/velodyne_msgs': CMAKE_PREFIX_PATH=/opt/ros/galactic /usr/bin/cmake /home/mario/Driverless/src/velodyne/velodyne_msgs -DCMAKE_INSTALL_PREFIX=/home/mario/Driverless/install/velodyne_msgs
[0.649s] -- Found ament_cmake: 1.1.5 (/opt/ros/galactic/share/ament_cmake/cmake)
[0.649s] -- Found PythonInterp: /usr/bin/python3 (found suitable version "3.8.10", minimum required is "3") 
[0.650s] -- Using PYTHON_EXECUTABLE: /usr/bin/python3
[0.650s] -- Found builtin_interfaces: 1.0.3 (/opt/ros/galactic/share/builtin_interfaces/cmake)
[0.650s] -- Using all available rosidl_typesupport_c: rosidl_typesupport_fastrtps_c;rosidl_typesupport_introspection_c
[0.651s] -- Found rosidl_adapter: 2.2.2 (/opt/ros/galactic/share/rosidl_adapter/cmake)
[0.651s] -- Found OpenSSL: /usr/lib/x86_64-linux-gnu/libcrypto.so (found version "1.1.1f")  
[0.653s] -- Found FastRTPS: /opt/ros/galactic/include  
[0.653s] -- Using all available rosidl_typesupport_cpp: rosidl_typesupport_fastrtps_cpp;rosidl_typesupport_introspection_cpp
[0.654s] -- Found rosidl_default_generators: 1.1.1 (/opt/ros/galactic/share/rosidl_default_generators/cmake)
[0.654s] -- Found std_msgs: 2.2.4 (/opt/ros/galactic/share/std_msgs/cmake)
[0.654s] -- Found PythonInterp: /usr/bin/python3 (found version "3.8.10") 
[0.806s] -- Found ament_cmake_cppcheck: 0.10.7 (/opt/ros/galactic/share/ament_cmake_cppcheck/cmake)
[0.813s] -- Found ament_cmake_cpplint: 0.10.7 (/opt/ros/galactic/share/ament_cmake_cpplint/cmake)
[0.817s] -- Found ament_cmake_uncrustify: 0.10.7 (/opt/ros/galactic/share/ament_cmake_uncrustify/cmake)
[0.821s] -- Found ament_cmake_ros: 0.9.2 (/opt/ros/galactic/share/ament_cmake_ros/cmake)
[1.165s] -- Using all available rosidl_typesupport_c: rosidl_typesupport_fastrtps_c;rosidl_typesupport_introspection_c
[1.244s] -- Using all available rosidl_typesupport_cpp: rosidl_typesupport_fastrtps_cpp;rosidl_typesupport_introspection_cpp
[1.276s] -- Found PythonInterp: /usr/bin/python3 (found suitable version "3.8.10", minimum required is "3.5") 
[1.283s] -- Found python_cmake_module: 0.8.1 (/opt/ros/galactic/share/python_cmake_module/cmake)
[1.317s] -- Found PythonLibs: /usr/lib/x86_64-linux-gnu/libpython3.8.so (found suitable version "3.8.10", minimum required is "3.5") 
[1.317s] -- Using PYTHON_EXECUTABLE: /usr/bin/python3
[1.317s] -- Using PYTHON_INCLUDE_DIRS: /usr/include/python3.8
[1.317s] -- Using PYTHON_LIBRARIES: /usr/lib/x86_64-linux-gnu/libpython3.8.so
[1.346s] -- Found PythonExtra: .so  
[1.442s] -- Found ament_cmake_flake8: 0.10.7 (/opt/ros/galactic/share/ament_cmake_flake8/cmake)
[1.446s] -- Found ament_cmake_pep257: 0.10.7 (/opt/ros/galactic/share/ament_cmake_pep257/cmake)
[1.450s] -- Found ament_lint_auto: 0.10.7 (/opt/ros/galactic/share/ament_lint_auto/cmake)
[1.478s] -- Added test 'copyright' to check source files copyright and LICENSE
[1.479s] -- Added test 'lint_cmake' to check CMake code style
[1.482s] -- Added test 'xmllint' to check XML markup files
[1.490s] -- Configuring done
[1.572s] -- Generating done
[1.576s] -- Build files have been written to: /home/mario/Driverless/build/velodyne_msgs
[1.591s] Invoked command in '/home/mario/Driverless/build/velodyne_msgs' returned '0': CMAKE_PREFIX_PATH=/opt/ros/galactic /usr/bin/cmake /home/mario/Driverless/src/velodyne/velodyne_msgs -DCMAKE_INSTALL_PREFIX=/home/mario/Driverless/install/velodyne_msgs
[1.592s] Invoking command in '/home/mario/Driverless/build/velodyne_msgs': CMAKE_PREFIX_PATH=/opt/ros/galactic /usr/bin/cmake --build /home/mario/Driverless/build/velodyne_msgs -- -j4 -l4
[1.655s] [  2%] [34m[1mGenerating C code for ROS interfaces[0m
[1.666s] [35m[1mScanning dependencies of target velodyne_msgs__cpp[0m
[1.681s] [  5%] [34m[1mGenerating C++ code for ROS interfaces[0m
[2.432s] [  5%] Built target velodyne_msgs__cpp
[2.462s] [  7%] [34m[1mGenerating C++ type support for eProsima Fast-RTPS[0m
[2.466s] [ 10%] [34m[1mGenerating C++ introspection for ROS interfaces[0m
[2.476s] [ 12%] [34m[1mGenerating C++ type support dispatch for ROS interfaces[0m
[2.509s] [35m[1mScanning dependencies of target velodyne_msgs__rosidl_generator_c[0m
[2.545s] [ 15%] [32mBuilding C object CMakeFiles/velodyne_msgs__rosidl_generator_c.dir/rosidl_generator_c/velodyne_msgs/msg/detail/velodyne_packet__functions.c.o[0m
[2.707s] [ 17%] [32mBuilding C object CMakeFiles/velodyne_msgs__rosidl_generator_c.dir/rosidl_generator_c/velodyne_msgs/msg/detail/velodyne_scan__functions.c.o[0m
[2.890s] [ 20%] [32m[1mLinking C shared library libvelodyne_msgs__rosidl_generator_c.so[0m
[3.024s] [ 20%] Built target velodyne_msgs__rosidl_generator_c
[3.043s] [ 23%] [34m[1mGenerating C type support dispatch for ROS interfaces[0m
[3.050s] [35m[1mScanning dependencies of target velodyne_msgs__rosidl_typesupport_cpp[0m
[3.083s] [ 25%] [32mBuilding CXX object CMakeFiles/velodyne_msgs__rosidl_typesupport_cpp.dir/rosidl_typesupport_cpp/velodyne_msgs/msg/velodyne_packet__type_support.cpp.o[0m
[3.133s] [35m[1mScanning dependencies of target velodyne_msgs__rosidl_typesupport_fastrtps_cpp[0m
[3.171s] [35m[1mScanning dependencies of target velodyne_msgs__rosidl_typesupport_introspection_cpp[0m
[3.181s] [ 28%] [32mBuilding CXX object CMakeFiles/velodyne_msgs__rosidl_typesupport_fastrtps_cpp.dir/rosidl_typesupport_fastrtps_cpp/velodyne_msgs/msg/detail/dds_fastrtps/velodyne_packet__type_support.cpp.o[0m
[3.200s] [ 30%] [32mBuilding CXX object CMakeFiles/velodyne_msgs__rosidl_typesupport_introspection_cpp.dir/rosidl_typesupport_introspection_cpp/velodyne_msgs/msg/detail/velodyne_packet__type_support.cpp.o[0m
[3.661s] [35m[1mScanning dependencies of target velodyne_msgs__rosidl_typesupport_c[0m
[3.725s] [ 33%] [32mBuilding CXX object CMakeFiles/velodyne_msgs__rosidl_typesupport_c.dir/rosidl_typesupport_c/velodyne_msgs/msg/velodyne_packet__type_support.cpp.o[0m
[3.870s] [ 35%] [32mBuilding CXX object CMakeFiles/velodyne_msgs__rosidl_typesupport_c.dir/rosidl_typesupport_c/velodyne_msgs/msg/velodyne_scan__type_support.cpp.o[0m
[3.983s] [ 38%] [32m[1mLinking CXX shared library libvelodyne_msgs__rosidl_typesupport_c.so[0m
[3.986s] [ 41%] [32mBuilding CXX object CMakeFiles/velodyne_msgs__rosidl_typesupport_cpp.dir/rosidl_typesupport_cpp/velodyne_msgs/msg/velodyne_scan__type_support.cpp.o[0m
[4.040s] [ 43%] [32mBuilding CXX object CMakeFiles/velodyne_msgs__rosidl_typesupport_fastrtps_cpp.dir/rosidl_typesupport_fastrtps_cpp/velodyne_msgs/msg/detail/dds_fastrtps/velodyne_scan__type_support.cpp.o[0m
[4.060s] [ 43%] Built target velodyne_msgs__rosidl_typesupport_c
[4.097s] [ 46%] [32mBuilding CXX object CMakeFiles/velodyne_msgs__rosidl_typesupport_introspection_cpp.dir/rosidl_typesupport_introspection_cpp/velodyne_msgs/msg/detail/velodyne_scan__type_support.cpp.o[0m
[4.141s] [ 48%] [34m[1mGenerating C introspection for ROS interfaces[0m
[4.738s] [ 51%] [32m[1mLinking CXX shared library libvelodyne_msgs__rosidl_typesupport_introspection_cpp.so[0m
[4.823s] [35m[1mScanning dependencies of target velodyne_msgs__rosidl_typesupport_introspection_c[0m
[4.877s] [ 53%] [32mBuilding C object CMakeFiles/velodyne_msgs__rosidl_typesupport_introspection_c.dir/rosidl_typesupport_introspection_c/velodyne_msgs/msg/detail/velodyne_packet__type_support.c.o[0m
[4.889s] [ 56%] [32m[1mLinking CXX shared library libvelodyne_msgs__rosidl_typesupport_cpp.so[0m
[4.980s] [ 56%] Built target velodyne_msgs__rosidl_typesupport_introspection_cpp
[5.026s] [ 58%] [32mBuilding C object CMakeFiles/velodyne_msgs__rosidl_typesupport_introspection_c.dir/rosidl_typesupport_introspection_c/velodyne_msgs/msg/detail/velodyne_scan__type_support.c.o[0m
[5.101s] [ 58%] Built target velodyne_msgs__rosidl_typesupport_cpp
[5.112s] [ 61%] [32m[1mLinking C shared library libvelodyne_msgs__rosidl_typesupport_introspection_c.so[0m
[5.208s] [ 64%] [32m[1mLinking CXX shared library libvelodyne_msgs__rosidl_typesupport_fastrtps_cpp.so[0m
[5.219s] [ 64%] Built target velodyne_msgs__rosidl_typesupport_introspection_c
[5.390s] [ 64%] Built target velodyne_msgs__rosidl_typesupport_fastrtps_cpp
[5.410s] [ 66%] [34m[1mGenerating C type support for eProsima Fast-RTPS[0m
[5.961s] [35m[1mScanning dependencies of target velodyne_msgs__rosidl_typesupport_fastrtps_c[0m
[5.999s] [ 69%] [32mBuilding CXX object CMakeFiles/velodyne_msgs__rosidl_typesupport_fastrtps_c.dir/rosidl_typesupport_fastrtps_c/velodyne_msgs/msg/detail/velodyne_packet__type_support_c.cpp.o[0m
[6.021s] [ 71%] [32mBuilding CXX object CMakeFiles/velodyne_msgs__rosidl_typesupport_fastrtps_c.dir/rosidl_typesupport_fastrtps_c/velodyne_msgs/msg/detail/velodyne_scan__type_support_c.cpp.o[0m
[6.725s] [ 74%] [32m[1mLinking CXX shared library libvelodyne_msgs__rosidl_typesupport_fastrtps_c.so[0m
[6.878s] [ 74%] Built target velodyne_msgs__rosidl_typesupport_fastrtps_c
[6.894s] [35m[1mScanning dependencies of target velodyne_msgs[0m
[6.910s] [ 74%] Built target velodyne_msgs
[6.924s] [35m[1mScanning dependencies of target velodyne_msgs__py[0m
[6.949s] [ 76%] [34m[1mGenerating Python code for ROS interfaces[0m
[8.030s] [ 76%] Built target velodyne_msgs__py
[8.048s] [35m[1mScanning dependencies of target velodyne_msgs__python[0m
[8.111s] [ 79%] [32mBuilding C object CMakeFiles/velodyne_msgs__python.dir/rosidl_generator_py/velodyne_msgs/msg/_velodyne_packet_s.c.o[0m
[8.113s] [ 82%] [32mBuilding C object CMakeFiles/velodyne_msgs__python.dir/rosidl_generator_py/velodyne_msgs/msg/_velodyne_scan_s.c.o[0m
[8.350s] [ 84%] [32m[1mLinking C shared library rosidl_generator_py/velodyne_msgs/libvelodyne_msgs__python.so[0m
[8.421s] [ 84%] Built target velodyne_msgs__python
[8.453s] [35m[1mScanning dependencies of target velodyne_msgs__rosidl_typesupport_fastrtps_c__pyext[0m
[8.466s] [35m[1mScanning dependencies of target velodyne_msgs__rosidl_typesupport_c__pyext[0m
[8.476s] [35m[1mScanning dependencies of target velodyne_msgs__rosidl_typesupport_introspection_c__pyext[0m
[8.524s] [ 87%] [32mBuilding C object CMakeFiles/velodyne_msgs__rosidl_typesupport_introspection_c__pyext.dir/rosidl_generator_py/velodyne_msgs/_velodyne_msgs_s.ep.rosidl_typesupport_introspection_c.c.o[0m
[8.531s] [ 89%] [32mBuilding C object CMakeFiles/velodyne_msgs__rosidl_typesupport_c__pyext.dir/rosidl_generator_py/velodyne_msgs/_velodyne_msgs_s.ep.rosidl_typesupport_c.c.o[0m
[8.548s] [ 92%] [32mBuilding C object CMakeFiles/velodyne_msgs__rosidl_typesupport_fastrtps_c__pyext.dir/rosidl_generator_py/velodyne_msgs/_velodyne_msgs_s.ep.rosidl_typesupport_fastrtps_c.c.o[0m
[8.706s] [ 94%] [32m[1mLinking C shared library rosidl_generator_py/velodyne_msgs/velodyne_msgs_s__rosidl_typesupport_c.cpython-38-x86_64-linux-gnu.so[0m
[8.728s] [ 97%] [32m[1mLinking C shared library rosidl_generator_py/velodyne_msgs/velodyne_msgs_s__rosidl_typesupport_introspection_c.cpython-38-x86_64-linux-gnu.so[0m
[8.802s] [100%] [32m[1mLinking CXX shared library rosidl_generator_py/velodyne_msgs/velodyne_msgs_s__rosidl_typesupport_fastrtps_c.cpython-38-x86_64-linux-gnu.so[0m
[8.816s] [100%] Built target velodyne_msgs__rosidl_typesupport_introspection_c__pyext
[8.829s] [100%] Built target velodyne_msgs__rosidl_typesupport_c__pyext
[8.923s] [100%] Built target velodyne_msgs__rosidl_typesupport_fastrtps_c__pyext
[8.940s] Invoked command in '/home/mario/Driverless/build/velodyne_msgs' returned '0': CMAKE_PREFIX_PATH=/opt/ros/galactic /usr/bin/cmake --build /home/mario/Driverless/build/velodyne_msgs -- -j4 -l4
[9.045s] Invoking command in '/home/mario/Driverless/build/velodyne_msgs': CMAKE_PREFIX_PATH=/opt/ros/galactic /usr/bin/cmake --install /home/mario/Driverless/build/velodyne_msgs
[9.065s] -- Install configuration: ""
[9.065s] -- Installing: /home/mario/Driverless/install/velodyne_msgs/share/ament_index/resource_index/rosidl_interfaces/velodyne_msgs
[9.065s] -- Installing: /home/mario/Driverless/install/velodyne_msgs/include/velodyne_msgs
[9.065s] -- Installing: /home/mario/Driverless/install/velodyne_msgs/include/velodyne_msgs/msg
[9.065s] -- Installing: /home/mario/Driverless/install/velodyne_msgs/include/velodyne_msgs/msg/rosidl_generator_c__visibility_control.h
[9.066s] -- Installing: /home/mario/Driverless/install/velodyne_msgs/include/velodyne_msgs/msg/detail
[9.066s] -- Installing: /home/mario/Driverless/install/velodyne_msgs/include/velodyne_msgs/msg/detail/velodyne_scan__functions.c
[9.066s] -- Installing: /home/mario/Driverless/install/velodyne_msgs/include/velodyne_msgs/msg/detail/velodyne_packet__functions.c
[9.066s] -- Installing: /home/mario/Driverless/install/velodyne_msgs/include/velodyne_msgs/msg/detail/velodyne_packet__struct.h
[9.067s] -- Installing: /home/mario/Driverless/install/velodyne_msgs/include/velodyne_msgs/msg/detail/velodyne_packet__type_support.h
[9.067s] -- Installing: /home/mario/Driverless/install/velodyne_msgs/include/velodyne_msgs/msg/detail/velodyne_scan__struct.h
[9.067s] -- Installing: /home/mario/Driverless/install/velodyne_msgs/include/velodyne_msgs/msg/detail/velodyne_scan__type_support.h
[9.067s] -- Installing: /home/mario/Driverless/install/velodyne_msgs/include/velodyne_msgs/msg/detail/velodyne_scan__functions.h
[9.068s] -- Installing: /home/mario/Driverless/install/velodyne_msgs/include/velodyne_msgs/msg/detail/velodyne_packet__functions.h
[9.068s] -- Installing: /home/mario/Driverless/install/velodyne_msgs/include/velodyne_msgs/msg/velodyne_packet.h
[9.068s] -- Installing: /home/mario/Driverless/install/velodyne_msgs/include/velodyne_msgs/msg/velodyne_scan.h
[9.069s] -- Installing: /home/mario/Driverless/install/velodyne_msgs/share/velodyne_msgs/environment/library_path.sh
[9.069s] -- Installing: /home/mario/Driverless/install/velodyne_msgs/share/velodyne_msgs/environment/library_path.dsv
[9.070s] -- Installing: /home/mario/Driverless/install/velodyne_msgs/lib/libvelodyne_msgs__rosidl_generator_c.so
[9.070s] -- Set runtime path of "/home/mario/Driverless/install/velodyne_msgs/lib/libvelodyne_msgs__rosidl_generator_c.so" to ""
[9.071s] -- Up-to-date: /home/mario/Driverless/install/velodyne_msgs/include/velodyne_msgs
[9.071s] -- Up-to-date: /home/mario/Driverless/install/velodyne_msgs/include/velodyne_msgs/msg
[9.071s] -- Up-to-date: /home/mario/Driverless/install/velodyne_msgs/include/velodyne_msgs/msg/detail
[9.071s] -- Installing: /home/mario/Driverless/install/velodyne_msgs/include/velodyne_msgs/msg/detail/velodyne_scan__rosidl_typesupport_fastrtps_c.h
[9.071s] -- Installing: /home/mario/Driverless/install/velodyne_msgs/include/velodyne_msgs/msg/detail/velodyne_packet__rosidl_typesupport_fastrtps_c.h
[9.072s] -- Installing: /home/mario/Driverless/install/velodyne_msgs/include/velodyne_msgs/msg/rosidl_typesupport_fastrtps_c__visibility_control.h
[9.072s] -- Installing: /home/mario/Driverless/install/velodyne_msgs/lib/libvelodyne_msgs__rosidl_typesupport_fastrtps_c.so
[9.073s] -- Set runtime path of "/home/mario/Driverless/install/velodyne_msgs/lib/libvelodyne_msgs__rosidl_typesupport_fastrtps_c.so" to ""
[9.073s] -- Up-to-date: /home/mario/Driverless/install/velodyne_msgs/include/velodyne_msgs
[9.073s] -- Up-to-date: /home/mario/Driverless/install/velodyne_msgs/include/velodyne_msgs/msg
[9.073s] -- Installing: /home/mario/Driverless/install/velodyne_msgs/include/velodyne_msgs/msg/rosidl_typesupport_fastrtps_cpp__visibility_control.h
[9.074s] -- Up-to-date: /home/mario/Driverless/install/velodyne_msgs/include/velodyne_msgs/msg/detail
[9.074s] -- Installing: /home/mario/Driverless/install/velodyne_msgs/include/velodyne_msgs/msg/detail/velodyne_scan__rosidl_typesupport_fastrtps_cpp.hpp
[9.074s] -- Installing: /home/mario/Driverless/install/velodyne_msgs/include/velodyne_msgs/msg/detail/dds_fastrtps
[9.075s] -- Installing: /home/mario/Driverless/install/velodyne_msgs/include/velodyne_msgs/msg/detail/velodyne_packet__rosidl_typesupport_fastrtps_cpp.hpp
[9.075s] -- Installing: /home/mario/Driverless/install/velodyne_msgs/lib/libvelodyne_msgs__rosidl_typesupport_fastrtps_cpp.so
[9.076s] -- Set runtime path of "/home/mario/Driverless/install/velodyne_msgs/lib/libvelodyne_msgs__rosidl_typesupport_fastrtps_cpp.so" to ""
[9.076s] -- Up-to-date: /home/mario/Driverless/install/velodyne_msgs/include/velodyne_msgs
[9.076s] -- Up-to-date: /home/mario/Driverless/install/velodyne_msgs/include/velodyne_msgs/msg
[9.076s] -- Up-to-date: /home/mario/Driverless/install/velodyne_msgs/include/velodyne_msgs/msg/detail
[9.076s] -- Installing: /home/mario/Driverless/install/velodyne_msgs/include/velodyne_msgs/msg/detail/velodyne_scan__type_support.c
[9.076s] -- Installing: /home/mario/Driverless/install/velodyne_msgs/include/velodyne_msgs/msg/detail/velodyne_packet__rosidl_typesupport_introspection_c.h
[9.077s] -- Installing: /home/mario/Driverless/install/velodyne_msgs/include/velodyne_msgs/msg/detail/velodyne_packet__type_support.c
[9.077s] -- Installing: /home/mario/Driverless/install/velodyne_msgs/include/velodyne_msgs/msg/detail/velodyne_scan__rosidl_typesupport_introspection_c.h
[9.077s] -- Installing: /home/mario/Driverless/install/velodyne_msgs/include/velodyne_msgs/msg/rosidl_typesupport_introspection_c__visibility_control.h
[9.077s] -- Installing: /home/mario/Driverless/install/velodyne_msgs/lib/libvelodyne_msgs__rosidl_typesupport_introspection_c.so
[9.077s] -- Set runtime path of "/home/mario/Driverless/install/velodyne_msgs/lib/libvelodyne_msgs__rosidl_typesupport_introspection_c.so" to ""
[9.077s] -- Installing: /home/mario/Driverless/install/velodyne_msgs/lib/libvelodyne_msgs__rosidl_typesupport_c.so
[9.078s] -- Set runtime path of "/home/mario/Driverless/install/velodyne_msgs/lib/libvelodyne_msgs__rosidl_typesupport_c.so" to ""
[9.078s] -- Up-to-date: /home/mario/Driverless/install/velodyne_msgs/include/velodyne_msgs
[9.078s] -- Up-to-date: /home/mario/Driverless/install/velodyne_msgs/include/velodyne_msgs/msg
[9.078s] -- Up-to-date: /home/mario/Driverless/install/velodyne_msgs/include/velodyne_msgs/msg/detail
[9.079s] -- Installing: /home/mario/Driverless/install/velodyne_msgs/include/velodyne_msgs/msg/detail/velodyne_packet__traits.hpp
[9.079s] -- Installing: /home/mario/Driverless/install/velodyne_msgs/include/velodyne_msgs/msg/detail/velodyne_scan__struct.hpp
[9.079s] -- Installing: /home/mario/Driverless/install/velodyne_msgs/include/velodyne_msgs/msg/detail/velodyne_packet__builder.hpp
[9.080s] -- Installing: /home/mario/Driverless/install/velodyne_msgs/include/velodyne_msgs/msg/detail/velodyne_scan__builder.hpp
[9.080s] -- Installing: /home/mario/Driverless/install/velodyne_msgs/include/velodyne_msgs/msg/detail/velodyne_scan__traits.hpp
[9.080s] -- Installing: /home/mario/Driverless/install/velodyne_msgs/include/velodyne_msgs/msg/detail/velodyne_packet__struct.hpp
[9.080s] -- Installing: /home/mario/Driverless/install/velodyne_msgs/include/velodyne_msgs/msg/velodyne_scan.hpp
[9.080s] -- Installing: /home/mario/Driverless/install/velodyne_msgs/include/velodyne_msgs/msg/velodyne_packet.hpp
[9.080s] -- Up-to-date: /home/mario/Driverless/install/velodyne_msgs/include/velodyne_msgs
[9.080s] -- Up-to-date: /home/mario/Driverless/install/velodyne_msgs/include/velodyne_msgs/msg
[9.081s] -- Up-to-date: /home/mario/Driverless/install/velodyne_msgs/include/velodyne_msgs/msg/detail
[9.081s] -- Installing: /home/mario/Driverless/install/velodyne_msgs/include/velodyne_msgs/msg/detail/velodyne_scan__rosidl_typesupport_introspection_cpp.hpp
[9.081s] -- Installing: /home/mario/Driverless/install/velodyne_msgs/include/velodyne_msgs/msg/detail/velodyne_packet__type_support.cpp
[9.081s] -- Installing: /home/mario/Driverless/install/velodyne_msgs/include/velodyne_msgs/msg/detail/velodyne_packet__rosidl_typesupport_introspection_cpp.hpp
[9.081s] -- Installing: /home/mario/Driverless/install/velodyne_msgs/include/velodyne_msgs/msg/detail/velodyne_scan__type_support.cpp
[9.081s] -- Installing: /home/mario/Driverless/install/velodyne_msgs/lib/libvelodyne_msgs__rosidl_typesupport_introspection_cpp.so
[9.082s] -- Set runtime path of "/home/mario/Driverless/install/velodyne_msgs/lib/libvelodyne_msgs__rosidl_typesupport_introspection_cpp.so" to ""
[9.082s] -- Installing: /home/mario/Driverless/install/velodyne_msgs/lib/libvelodyne_msgs__rosidl_typesupport_cpp.so
[9.082s] -- Set runtime path of "/home/mario/Driverless/install/velodyne_msgs/lib/libvelodyne_msgs__rosidl_typesupport_cpp.so" to ""
[9.082s] -- Installing: /home/mario/Driverless/install/velodyne_msgs/share/velodyne_msgs/environment/pythonpath.sh
[9.082s] -- Installing: /home/mario/Driverless/install/velodyne_msgs/share/velodyne_msgs/environment/pythonpath.dsv
[9.082s] -- Installing: /home/mario/Driverless/install/velodyne_msgs/lib/python3.8/site-packages/velodyne_msgs/__init__.py
[9.129s] Compiling '/home/mario/Driverless/install/velodyne_msgs/lib/python3.8/site-packages/velodyne_msgs/__init__.py'...
[9.137s] -- Installing: /home/mario/Driverless/install/velodyne_msgs/lib/python3.8/site-packages/velodyne_msgs/msg
[9.137s] -- Installing: /home/mario/Driverless/install/velodyne_msgs/lib/python3.8/site-packages/velodyne_msgs/msg/__init__.py
[9.138s] -- Installing: /home/mario/Driverless/install/velodyne_msgs/lib/python3.8/site-packages/velodyne_msgs/msg/_velodyne_packet.py
[9.138s] -- Installing: /home/mario/Driverless/install/velodyne_msgs/lib/python3.8/site-packages/velodyne_msgs/msg/_velodyne_scan.py
[9.138s] -- Installing: /home/mario/Driverless/install/velodyne_msgs/lib/python3.8/site-packages/velodyne_msgs/msg/_velodyne_scan_s.c
[9.138s] -- Installing: /home/mario/Driverless/install/velodyne_msgs/lib/python3.8/site-packages/velodyne_msgs/msg/_velodyne_packet_s.c
[9.138s] -- Installing: /home/mario/Driverless/install/velodyne_msgs/lib/python3.8/site-packages/velodyne_msgs/velodyne_msgs_s__rosidl_typesupport_fastrtps_c.cpython-38-x86_64-linux-gnu.so
[9.139s] -- Set runtime path of "/home/mario/Driverless/install/velodyne_msgs/lib/python3.8/site-packages/velodyne_msgs/velodyne_msgs_s__rosidl_typesupport_fastrtps_c.cpython-38-x86_64-linux-gnu.so" to ""
[9.139s] -- Installing: /home/mario/Driverless/install/velodyne_msgs/lib/python3.8/site-packages/velodyne_msgs/velodyne_msgs_s__rosidl_typesupport_introspection_c.cpython-38-x86_64-linux-gnu.so
[9.140s] -- Set runtime path of "/home/mario/Driverless/install/velodyne_msgs/lib/python3.8/site-packages/velodyne_msgs/velodyne_msgs_s__rosidl_typesupport_introspection_c.cpython-38-x86_64-linux-gnu.so" to ""
[9.140s] -- Installing: /home/mario/Driverless/install/velodyne_msgs/lib/python3.8/site-packages/velodyne_msgs/velodyne_msgs_s__rosidl_typesupport_c.cpython-38-x86_64-linux-gnu.so
[9.141s] -- Set runtime path of "/home/mario/Driverless/install/velodyne_msgs/lib/python3.8/site-packages/velodyne_msgs/velodyne_msgs_s__rosidl_typesupport_c.cpython-38-x86_64-linux-gnu.so" to ""
[9.141s] -- Installing: /home/mario/Driverless/install/velodyne_msgs/lib/libvelodyne_msgs__python.so
[9.141s] -- Set runtime path of "/home/mario/Driverless/install/velodyne_msgs/lib/libvelodyne_msgs__python.so" to ""
[9.141s] -- Installing: /home/mario/Driverless/install/velodyne_msgs/share/velodyne_msgs/msg/VelodynePacket.idl
[9.142s] -- Installing: /home/mario/Driverless/install/velodyne_msgs/share/velodyne_msgs/msg/VelodyneScan.idl
[9.142s] -- Installing: /home/mario/Driverless/install/velodyne_msgs/share/velodyne_msgs/msg/VelodynePacket.msg
[9.142s] -- Installing: /home/mario/Driverless/install/velodyne_msgs/share/velodyne_msgs/msg/VelodyneScan.msg
[9.142s] -- Installing: /home/mario/Driverless/install/velodyne_msgs/share/ament_index/resource_index/package_run_dependencies/velodyne_msgs
[9.143s] -- Installing: /home/mario/Driverless/install/velodyne_msgs/share/ament_index/resource_index/parent_prefix_path/velodyne_msgs
[9.143s] -- Installing: /home/mario/Driverless/install/velodyne_msgs/share/velodyne_msgs/environment/ament_prefix_path.sh
[9.143s] -- Installing: /home/mario/Driverless/install/velodyne_msgs/share/velodyne_msgs/environment/ament_prefix_path.dsv
[9.144s] -- Installing: /home/mario/Driverless/install/velodyne_msgs/share/velodyne_msgs/environment/path.sh
[9.144s] -- Installing: /home/mario/Driverless/install/velodyne_msgs/share/velodyne_msgs/environment/path.dsv
[9.144s] -- Installing: /home/mario/Driverless/install/velodyne_msgs/share/velodyne_msgs/local_setup.bash
[9.144s] -- Installing: /home/mario/Driverless/install/velodyne_msgs/share/velodyne_msgs/local_setup.sh
[9.144s] -- Installing: /home/mario/Driverless/install/velodyne_msgs/share/velodyne_msgs/local_setup.zsh
[9.145s] -- Installing: /home/mario/Driverless/install/velodyne_msgs/share/velodyne_msgs/local_setup.dsv
[9.145s] -- Installing: /home/mario/Driverless/install/velodyne_msgs/share/velodyne_msgs/package.dsv
[9.147s] -- Installing: /home/mario/Driverless/install/velodyne_msgs/share/ament_index/resource_index/packages/velodyne_msgs
[9.148s] -- Installing: /home/mario/Driverless/install/velodyne_msgs/share/velodyne_msgs/cmake/velodyne_msgs__rosidl_generator_cExport.cmake
[9.148s] -- Installing: /home/mario/Driverless/install/velodyne_msgs/share/velodyne_msgs/cmake/velodyne_msgs__rosidl_generator_cExport-noconfig.cmake
[9.149s] -- Installing: /home/mario/Driverless/install/velodyne_msgs/share/velodyne_msgs/cmake/velodyne_msgs__rosidl_typesupport_introspection_cExport.cmake
[9.149s] -- Installing: /home/mario/Driverless/install/velodyne_msgs/share/velodyne_msgs/cmake/velodyne_msgs__rosidl_typesupport_introspection_cExport-noconfig.cmake
[9.149s] -- Installing: /home/mario/Driverless/install/velodyne_msgs/share/velodyne_msgs/cmake/velodyne_msgs__rosidl_typesupport_cExport.cmake
[9.149s] -- Installing: /home/mario/Driverless/install/velodyne_msgs/share/velodyne_msgs/cmake/velodyne_msgs__rosidl_typesupport_cExport-noconfig.cmake
[9.150s] -- Installing: /home/mario/Driverless/install/velodyne_msgs/share/velodyne_msgs/cmake/velodyne_msgs__rosidl_generator_cppExport.cmake
[9.150s] -- Installing: /home/mario/Driverless/install/velodyne_msgs/share/velodyne_msgs/cmake/velodyne_msgs__rosidl_typesupport_introspection_cppExport.cmake
[9.150s] -- Installing: /home/mario/Driverless/install/velodyne_msgs/share/velodyne_msgs/cmake/velodyne_msgs__rosidl_typesupport_introspection_cppExport-noconfig.cmake
[9.151s] -- Installing: /home/mario/Driverless/install/velodyne_msgs/share/velodyne_msgs/cmake/velodyne_msgs__rosidl_typesupport_cppExport.cmake
[9.151s] -- Installing: /home/mario/Driverless/install/velodyne_msgs/share/velodyne_msgs/cmake/velodyne_msgs__rosidl_typesupport_cppExport-noconfig.cmake
[9.151s] -- Installing: /home/mario/Driverless/install/velodyne_msgs/share/velodyne_msgs/cmake/rosidl_cmake-extras.cmake
[9.151s] -- Installing: /home/mario/Driverless/install/velodyne_msgs/share/velodyne_msgs/cmake/ament_cmake_export_dependencies-extras.cmake
[9.152s] -- Installing: /home/mario/Driverless/install/velodyne_msgs/share/velodyne_msgs/cmake/ament_cmake_export_libraries-extras.cmake
[9.152s] -- Installing: /home/mario/Driverless/install/velodyne_msgs/share/velodyne_msgs/cmake/ament_cmake_export_targets-extras.cmake
[9.152s] -- Installing: /home/mario/Driverless/install/velodyne_msgs/share/velodyne_msgs/cmake/ament_cmake_export_include_directories-extras.cmake
[9.153s] -- Installing: /home/mario/Driverless/install/velodyne_msgs/share/velodyne_msgs/cmake/rosidl_cmake_export_typesupport_libraries-extras.cmake
[9.153s] -- Installing: /home/mario/Driverless/install/velodyne_msgs/share/velodyne_msgs/cmake/rosidl_cmake_export_typesupport_targets-extras.cmake
[9.153s] -- Installing: /home/mario/Driverless/install/velodyne_msgs/share/velodyne_msgs/cmake/velodyne_msgsConfig.cmake
[9.153s] -- Installing: /home/mario/Driverless/install/velodyne_msgs/share/velodyne_msgs/cmake/velodyne_msgsConfig-version.cmake
[9.153s] -- Installing: /home/mario/Driverless/install/velodyne_msgs/share/velodyne_msgs/package.xml
[9.163s] Invoked command in '/home/mario/Driverless/build/velodyne_msgs' returned '0': CMAKE_PREFIX_PATH=/opt/ros/galactic /usr/bin/cmake --install /home/mario/Driverless/build/velodyne_msgs
