[1.970s] Invoking command in '/home/mario/Driverless/src/vehicle_controllers': PYTHONPATH=/home/mario/Driverless/build/vehicle_controllers/prefix_override:/home/mario/Driverless/install/vehicle_controllers/lib/python3.8/site-packages:${PYTHONPATH} /usr/bin/python3 setup.py egg_info --egg-base ../../build/vehicle_controllers build --build-base /home/mario/Driverless/build/vehicle_controllers/build install --record /home/mario/Driverless/build/vehicle_controllers/install.log --single-version-externally-managed
[2.615s] running egg_info
[2.615s] writing ../../build/vehicle_controllers/vehicle_controllers.egg-info/PKG-INFO
[2.617s] writing dependency_links to ../../build/vehicle_controllers/vehicle_controllers.egg-info/dependency_links.txt
[2.617s] writing entry points to ../../build/vehicle_controllers/vehicle_controllers.egg-info/entry_points.txt
[2.617s] writing top-level names to ../../build/vehicle_controllers/vehicle_controllers.egg-info/top_level.txt
[2.684s] reading manifest file '../../build/vehicle_controllers/vehicle_controllers.egg-info/SOURCES.txt'
[2.686s] writing manifest file '../../build/vehicle_controllers/vehicle_controllers.egg-info/SOURCES.txt'
[2.687s] running build
[2.687s] running build_py
[2.689s] running install
[2.690s] running install_lib
[2.693s] running install_data
[2.706s] running install_egg_info
[2.708s] removing '/home/mario/Driverless/install/vehicle_controllers/lib/python3.8/site-packages/vehicle_controllers-0.0.1-py3.8.egg-info' (and everything under it)
[2.708s] Copying ../../build/vehicle_controllers/vehicle_controllers.egg-info to /home/mario/Driverless/install/vehicle_controllers/lib/python3.8/site-packages/vehicle_controllers-0.0.1-py3.8.egg-info
[2.709s] running install_scripts
[2.744s] Installing basic_pid script to /home/mario/Driverless/install/vehicle_controllers/lib/vehicle_controllers
[2.745s] writing list of installed files to '/home/mario/Driverless/build/vehicle_controllers/install.log'
[2.784s] Invoked command in '/home/mario/Driverless/src/vehicle_controllers' returned '0': PYTHONPATH=/home/mario/Driverless/build/vehicle_controllers/prefix_override:/home/mario/Driverless/install/vehicle_controllers/lib/python3.8/site-packages:${PYTHONPATH} /usr/bin/python3 setup.py egg_info --egg-base ../../build/vehicle_controllers build --build-base /home/mario/Driverless/build/vehicle_controllers/build install --record /home/mario/Driverless/build/vehicle_controllers/install.log --single-version-externally-managed
