running egg_info
creating ../../build/ackermann_drive_teleop/ackermann_drive_teleop.egg-info
writing ../../build/ackermann_drive_teleop/ackermann_drive_teleop.egg-info/PKG-INFO
writing dependency_links to ../../build/ackermann_drive_teleop/ackermann_drive_teleop.egg-info/dependency_links.txt
writing entry points to ../../build/ackermann_drive_teleop/ackermann_drive_teleop.egg-info/entry_points.txt
writing top-level names to ../../build/ackermann_drive_teleop/ackermann_drive_teleop.egg-info/top_level.txt
writing manifest file '../../build/ackermann_drive_teleop/ackermann_drive_teleop.egg-info/SOURCES.txt'
reading manifest file '../../build/ackermann_drive_teleop/ackermann_drive_teleop.egg-info/SOURCES.txt'
writing manifest file '../../build/ackermann_drive_teleop/ackermann_drive_teleop.egg-info/SOURCES.txt'
running build
running build_py
creating /home/mario/Driverless/build/ackermann_drive_teleop/build
creating /home/mario/Driverless/build/ackermann_drive_teleop/build/lib
creating /home/mario/Driverless/build/ackermann_drive_teleop/build/lib/ackermann_drive_teleop
copying ackermann_drive_teleop/joyop.py -> /home/mario/Driverless/build/ackermann_drive_teleop/build/lib/ackermann_drive_teleop
copying ackermann_drive_teleop/__init__.py -> /home/mario/Driverless/build/ackermann_drive_teleop/build/lib/ackermann_drive_teleop
copying ackermann_drive_teleop/keyop.py -> /home/mario/Driverless/build/ackermann_drive_teleop/build/lib/ackermann_drive_teleop
copying ackermann_drive_teleop/keyop_legacy.py -> /home/mario/Driverless/build/ackermann_drive_teleop/build/lib/ackermann_drive_teleop
running install
running install_lib
creating /home/mario/Driverless/install/ackermann_drive_teleop/lib/python3.8/site-packages/ackermann_drive_teleop
copying /home/mario/Driverless/build/ackermann_drive_teleop/build/lib/ackermann_drive_teleop/joyop.py -> /home/mario/Driverless/install/ackermann_drive_teleop/lib/python3.8/site-packages/ackermann_drive_teleop
copying /home/mario/Driverless/build/ackermann_drive_teleop/build/lib/ackermann_drive_teleop/__init__.py -> /home/mario/Driverless/install/ackermann_drive_teleop/lib/python3.8/site-packages/ackermann_drive_teleop
copying /home/mario/Driverless/build/ackermann_drive_teleop/build/lib/ackermann_drive_teleop/keyop.py -> /home/mario/Driverless/install/ackermann_drive_teleop/lib/python3.8/site-packages/ackermann_drive_teleop
copying /home/mario/Driverless/build/ackermann_drive_teleop/build/lib/ackermann_drive_teleop/keyop_legacy.py -> /home/mario/Driverless/install/ackermann_drive_teleop/lib/python3.8/site-packages/ackermann_drive_teleop
byte-compiling /home/mario/Driverless/install/ackermann_drive_teleop/lib/python3.8/site-packages/ackermann_drive_teleop/joyop.py to joyop.cpython-38.pyc
byte-compiling /home/mario/Driverless/install/ackermann_drive_teleop/lib/python3.8/site-packages/ackermann_drive_teleop/__init__.py to __init__.cpython-38.pyc
byte-compiling /home/mario/Driverless/install/ackermann_drive_teleop/lib/python3.8/site-packages/ackermann_drive_teleop/keyop.py to keyop.cpython-38.pyc
byte-compiling /home/mario/Driverless/install/ackermann_drive_teleop/lib/python3.8/site-packages/ackermann_drive_teleop/keyop_legacy.py to keyop_legacy.cpython-38.pyc
running install_data
creating /home/mario/Driverless/install/ackermann_drive_teleop/share/ament_index
creating /home/mario/Driverless/install/ackermann_drive_teleop/share/ament_index/resource_index
creating /home/mario/Driverless/install/ackermann_drive_teleop/share/ament_index/resource_index/packages
copying resource/ackermann_drive_teleop -> /home/mario/Driverless/install/ackermann_drive_teleop/share/ament_index/resource_index/packages
copying package.xml -> /home/mario/Driverless/install/ackermann_drive_teleop/share/ackermann_drive_teleop
creating /home/mario/Driverless/install/ackermann_drive_teleop/share/ackermann_drive_teleop/launch
copying launch/ackermann_drive_joyop.launch.py -> /home/mario/Driverless/install/ackermann_drive_teleop/share/ackermann_drive_teleop/launch
running install_egg_info
Copying ../../build/ackermann_drive_teleop/ackermann_drive_teleop.egg-info to /home/mario/Driverless/install/ackermann_drive_teleop/lib/python3.8/site-packages/ackermann_drive_teleop-1.0.1-py3.8.egg-info
running install_scripts
Installing joyop script to /home/mario/Driverless/install/ackermann_drive_teleop/lib/ackermann_drive_teleop
Installing keyop script to /home/mario/Driverless/install/ackermann_drive_teleop/lib/ackermann_drive_teleop
Installing keyop_legacy script to /home/mario/Driverless/install/ackermann_drive_teleop/lib/ackermann_drive_teleop
writing list of installed files to '/home/mario/Driverless/build/ackermann_drive_teleop/install.log'
