[0.023s] Invoking command in '/home/mario/Driverless/build/vehicle_descriptions': CMAKE_PREFIX_PATH=/opt/ros/galactic /usr/bin/cmake --build /home/mario/Driverless/build/vehicle_descriptions -- -j4 -l4
[0.100s] Invoked command in '/home/mario/Driverless/build/vehicle_descriptions' returned '0': CMAKE_PREFIX_PATH=/opt/ros/galactic /usr/bin/cmake --build /home/mario/Driverless/build/vehicle_descriptions -- -j4 -l4
[0.138s] Invoking command in '/home/mario/Driverless/build/vehicle_descriptions': CMAKE_PREFIX_PATH=/opt/ros/galactic /usr/bin/cmake --install /home/mario/Driverless/build/vehicle_descriptions
[0.152s] -- Install configuration: ""
[0.152s] -- Up-to-date: /home/mario/Driverless/install/vehicle_descriptions/share/vehicle_descriptions/launch
[0.152s] -- Up-to-date: /home/mario/Driverless/install/vehicle_descriptions/share/vehicle_descriptions/launch/simple.launch.py
[0.152s] -- Up-to-date: /home/mario/Driverless/install/vehicle_descriptions/share/vehicle_descriptions/launch/view_vehicle.launch.py
[0.152s] -- Up-to-date: /home/mario/Driverless/install/vehicle_descriptions/share/vehicle_descriptions/rviz
[0.152s] -- Up-to-date: /home/mario/Driverless/install/vehicle_descriptions/share/vehicle_descriptions/rviz/urdf.rviz
[0.152s] -- Up-to-date: /home/mario/Driverless/install/vehicle_descriptions/share/vehicle_descriptions/urdf
[0.152s] -- Up-to-date: /home/mario/Driverless/install/vehicle_descriptions/share/vehicle_descriptions/urdf/chassis.urdf.xacro
[0.153s] -- Up-to-date: /home/mario/Driverless/install/vehicle_descriptions/share/vehicle_descriptions/urdf/main.urdf.xacro
[0.153s] -- Up-to-date: /home/mario/Driverless/install/vehicle_descriptions/share/vehicle_descriptions/urdf/wheels.urdf.xacro
[0.153s] -- Up-to-date: /home/mario/Driverless/install/vehicle_descriptions/share/vehicle_descriptions/vehicles
[0.153s] -- Up-to-date: /home/mario/Driverless/install/vehicle_descriptions/share/vehicle_descriptions/vehicles/mit_racecar
[0.153s] -- Up-to-date: /home/mario/Driverless/install/vehicle_descriptions/share/vehicle_descriptions/vehicles/mit_racecar/meshes
[0.153s] -- Up-to-date: /home/mario/Driverless/install/vehicle_descriptions/share/vehicle_descriptions/vehicles/mit_racecar/meshes/wheel.dae
[0.153s] -- Up-to-date: /home/mario/Driverless/install/vehicle_descriptions/share/vehicle_descriptions/vehicles/mit_racecar/meshes/chassis.dae
[0.154s] -- Up-to-date: /home/mario/Driverless/install/vehicle_descriptions/share/vehicle_descriptions/vehicles/mit_racecar/config.yaml
[0.154s] -- Up-to-date: /home/mario/Driverless/install/vehicle_descriptions/share/vehicle_descriptions/vehicles/ads_dv
[0.154s] -- Up-to-date: /home/mario/Driverless/install/vehicle_descriptions/share/vehicle_descriptions/vehicles/ads_dv/meshes
[0.154s] -- Up-to-date: /home/mario/Driverless/install/vehicle_descriptions/share/vehicle_descriptions/vehicles/ads_dv/meshes/old_wheel.dae
[0.154s] -- Up-to-date: /home/mario/Driverless/install/vehicle_descriptions/share/vehicle_descriptions/vehicles/ads_dv/meshes/wheel.dae
[0.154s] -- Up-to-date: /home/mario/Driverless/install/vehicle_descriptions/share/vehicle_descriptions/vehicles/ads_dv/meshes/AFS_RaceCar.jpg
[0.154s] -- Up-to-date: /home/mario/Driverless/install/vehicle_descriptions/share/vehicle_descriptions/vehicles/ads_dv/meshes/chassis.dae
[0.154s] -- Up-to-date: /home/mario/Driverless/install/vehicle_descriptions/share/vehicle_descriptions/vehicles/ads_dv/meshes/old_chassis.dae
[0.154s] -- Up-to-date: /home/mario/Driverless/install/vehicle_descriptions/share/vehicle_descriptions/vehicles/ads_dv/config.yaml
[0.155s] -- Up-to-date: /home/mario/Driverless/install/vehicle_descriptions/share/vehicle_descriptions/common_meshes
[0.155s] -- Up-to-date: /home/mario/Driverless/install/vehicle_descriptions/share/vehicle_descriptions/common_meshes/hokuyo.dae
[0.155s] -- Up-to-date: /home/mario/Driverless/install/vehicle_descriptions/share/ament_index/resource_index/package_run_dependencies/vehicle_descriptions
[0.155s] -- Up-to-date: /home/mario/Driverless/install/vehicle_descriptions/share/ament_index/resource_index/parent_prefix_path/vehicle_descriptions
[0.155s] -- Up-to-date: /home/mario/Driverless/install/vehicle_descriptions/share/vehicle_descriptions/environment/ament_prefix_path.sh
[0.155s] -- Up-to-date: /home/mario/Driverless/install/vehicle_descriptions/share/vehicle_descriptions/environment/ament_prefix_path.dsv
[0.155s] -- Up-to-date: /home/mario/Driverless/install/vehicle_descriptions/share/vehicle_descriptions/environment/path.sh
[0.155s] -- Up-to-date: /home/mario/Driverless/install/vehicle_descriptions/share/vehicle_descriptions/environment/path.dsv
[0.156s] -- Up-to-date: /home/mario/Driverless/install/vehicle_descriptions/share/vehicle_descriptions/local_setup.bash
[0.156s] -- Up-to-date: /home/mario/Driverless/install/vehicle_descriptions/share/vehicle_descriptions/local_setup.sh
[0.156s] -- Up-to-date: /home/mario/Driverless/install/vehicle_descriptions/share/vehicle_descriptions/local_setup.zsh
[0.156s] -- Up-to-date: /home/mario/Driverless/install/vehicle_descriptions/share/vehicle_descriptions/local_setup.dsv
[0.156s] -- Installing: /home/mario/Driverless/install/vehicle_descriptions/share/vehicle_descriptions/package.dsv
[0.159s] -- Up-to-date: /home/mario/Driverless/install/vehicle_descriptions/share/ament_index/resource_index/packages/vehicle_descriptions
[0.160s] -- Up-to-date: /home/mario/Driverless/install/vehicle_descriptions/share/vehicle_descriptions/cmake/vehicle_descriptionsConfig.cmake
[0.160s] -- Up-to-date: /home/mario/Driverless/install/vehicle_descriptions/share/vehicle_descriptions/cmake/vehicle_descriptionsConfig-version.cmake
[0.160s] -- Up-to-date: /home/mario/Driverless/install/vehicle_descriptions/share/vehicle_descriptions/package.xml
[0.164s] Invoked command in '/home/mario/Driverless/build/vehicle_descriptions' returned '0': CMAKE_PREFIX_PATH=/opt/ros/galactic /usr/bin/cmake --install /home/mario/Driverless/build/vehicle_descriptions
