[0.016s] Invoking command in '/home/mario/Driverless/build/velodyne_pointcloud': AMENT_PREFIX_PATH=/home/mario/Driverless/install/velodyne_msgs:${AMENT_PREFIX_PATH} CMAKE_PREFIX_PATH=/opt/ros/galactic:/home/mario/Driverless/install/velodyne_msgs LD_LIBRARY_PATH=/home/mario/Driverless/install/velodyne_msgs/lib:${LD_LIBRARY_PATH} PYTHONPATH=/home/mario/Driverless/install/velodyne_msgs/lib/python3.8/site-packages:${PYTHONPATH} /usr/bin/cmake --build /home/mario/Driverless/build/velodyne_pointcloud -- -j4 -l4
[0.061s] [35m[1mScanning dependencies of target gtest[0m
[0.061s] [35m[1mScanning dependencies of target velodyne_rawdata[0m
[0.061s] [35m[1mScanning dependencies of target velodyne_cloud_types[0m
[0.061s] [35m[1mScanning dependencies of target gtest_main[0m
[0.079s] [  5%] [32mBuilding CXX object gtest/CMakeFiles/gtest_main.dir/src/gtest_main.cc.o[0m
[0.086s] [ 10%] [32mBuilding CXX object gtest/CMakeFiles/gtest.dir/src/gtest-all.cc.o[0m
[0.187s] [ 15%] [32mBuilding CXX object src/lib/CMakeFiles/velodyne_cloud_types.dir/pointcloudXYZIRT.cpp.o[0m
[0.197s] [ 20%] [32mBuilding CXX object src/lib/CMakeFiles/velodyne_rawdata.dir/rawdata.cpp.o[0m
[1.129s] [ 25%] [32m[1mLinking CXX static library libgtest_main.a[0m
[1.177s] [ 25%] Built target gtest_main
[1.191s] [ 30%] [32mBuilding CXX object src/lib/CMakeFiles/velodyne_cloud_types.dir/organized_cloudXYZIRT.cpp.o[0m
[3.683s] [ 35%] [32mBuilding CXX object src/lib/CMakeFiles/velodyne_rawdata.dir/calibration.cpp.o[0m
[4.602s] [ 40%] [32m[1mLinking CXX shared library libvelodyne_cloud_types.so[0m
[4.813s] [ 40%] Built target velodyne_cloud_types
[5.216s] [ 45%] [32m[1mLinking CXX static library libgtest.a[0m
[5.298s] [ 45%] Built target gtest
[5.313s] [35m[1mScanning dependencies of target test_row_step[0m
[5.386s] [ 50%] [32mBuilding CXX object tests/CMakeFiles/test_row_step.dir/test_row_step.cpp.o[0m
[7.314s] [ 55%] [32m[1mLinking CXX shared library libvelodyne_rawdata.so[0m
[7.510s] [ 55%] Built target velodyne_rawdata
[7.524s] [35m[1mScanning dependencies of target transform[0m
[7.524s] [35m[1mScanning dependencies of target convert[0m
[7.637s] [ 60%] [32mBuilding CXX object CMakeFiles/transform.dir/src/conversions/transform.cpp.o[0m
[7.640s] [ 65%] [32mBuilding CXX object CMakeFiles/convert.dir/src/conversions/convert.cpp.o[0m
[8.345s] [ 70%] [32m[1mLinking CXX executable test_row_step[0m
[8.541s] [ 70%] Built target test_row_step
[20.786s] [ 75%] [32m[1mLinking CXX shared library libconvert.so[0m
[21.473s] [ 75%] Built target convert
[21.484s] [35m[1mScanning dependencies of target velodyne_convert_node[0m
[21.557s] [ 80%] [32mBuilding CXX object CMakeFiles/velodyne_convert_node.dir/src/conversions/convert_node.cpp.o[0m
[21.620s] [ 85%] [32m[1mLinking CXX shared library libtransform.so[0m
[22.454s] [ 85%] Built target transform
[22.466s] [35m[1mScanning dependencies of target velodyne_transform_node[0m
[22.539s] [ 90%] [32mBuilding CXX object CMakeFiles/velodyne_transform_node.dir/src/conversions/transform_node.cpp.o[0m
[26.409s] [ 95%] [32m[1mLinking CXX executable velodyne_convert_node[0m
[26.852s] [ 95%] Built target velodyne_convert_node
[31.024s] [100%] [32m[1mLinking CXX executable velodyne_transform_node[0m
[31.592s] [100%] Built target velodyne_transform_node
[31.603s] Invoked command in '/home/mario/Driverless/build/velodyne_pointcloud' returned '0': AMENT_PREFIX_PATH=/home/mario/Driverless/install/velodyne_msgs:${AMENT_PREFIX_PATH} CMAKE_PREFIX_PATH=/opt/ros/galactic:/home/mario/Driverless/install/velodyne_msgs LD_LIBRARY_PATH=/home/mario/Driverless/install/velodyne_msgs/lib:${LD_LIBRARY_PATH} PYTHONPATH=/home/mario/Driverless/install/velodyne_msgs/lib/python3.8/site-packages:${PYTHONPATH} /usr/bin/cmake --build /home/mario/Driverless/build/velodyne_pointcloud -- -j4 -l4
[31.642s] Invoking command in '/home/mario/Driverless/build/velodyne_pointcloud': AMENT_PREFIX_PATH=/home/mario/Driverless/install/velodyne_msgs:${AMENT_PREFIX_PATH} CMAKE_PREFIX_PATH=/opt/ros/galactic:/home/mario/Driverless/install/velodyne_msgs LD_LIBRARY_PATH=/home/mario/Driverless/install/velodyne_msgs/lib:${LD_LIBRARY_PATH} PYTHONPATH=/home/mario/Driverless/install/velodyne_msgs/lib/python3.8/site-packages:${PYTHONPATH} /usr/bin/cmake --install /home/mario/Driverless/build/velodyne_pointcloud
[31.652s] -- Install configuration: ""
[31.652s] -- Installing: /home/mario/Driverless/install/velodyne_pointcloud/lib/libconvert.so
[31.657s] -- Set runtime path of "/home/mario/Driverless/install/velodyne_pointcloud/lib/libconvert.so" to ""
[31.657s] -- Installing: /home/mario/Driverless/install/velodyne_pointcloud/lib/velodyne_pointcloud/velodyne_convert_node
[31.658s] -- Set runtime path of "/home/mario/Driverless/install/velodyne_pointcloud/lib/velodyne_pointcloud/velodyne_convert_node" to ""
[31.658s] -- Installing: /home/mario/Driverless/install/velodyne_pointcloud/lib/libtransform.so
[31.664s] -- Set runtime path of "/home/mario/Driverless/install/velodyne_pointcloud/lib/libtransform.so" to ""
[31.664s] -- Installing: /home/mario/Driverless/install/velodyne_pointcloud/lib/velodyne_pointcloud/velodyne_transform_node
[31.668s] -- Set runtime path of "/home/mario/Driverless/install/velodyne_pointcloud/lib/velodyne_pointcloud/velodyne_transform_node" to ""
[31.668s] -- Installing: /home/mario/Driverless/install/velodyne_pointcloud/include/velodyne_pointcloud
[31.668s] -- Installing: /home/mario/Driverless/install/velodyne_pointcloud/include/velodyne_pointcloud/datacontainerbase.hpp
[31.668s] -- Installing: /home/mario/Driverless/install/velodyne_pointcloud/include/velodyne_pointcloud/convert.hpp
[31.668s] -- Installing: /home/mario/Driverless/install/velodyne_pointcloud/include/velodyne_pointcloud/transform.hpp
[31.668s] -- Installing: /home/mario/Driverless/install/velodyne_pointcloud/include/velodyne_pointcloud/rawdata.hpp
[31.668s] -- Installing: /home/mario/Driverless/install/velodyne_pointcloud/include/velodyne_pointcloud/pointcloudXYZIRT.hpp
[31.668s] -- Installing: /home/mario/Driverless/install/velodyne_pointcloud/include/velodyne_pointcloud/organized_cloudXYZIRT.hpp
[31.668s] -- Installing: /home/mario/Driverless/install/velodyne_pointcloud/include/velodyne_pointcloud/calibration.hpp
[31.668s] -- Installing: /home/mario/Driverless/install/velodyne_pointcloud/share/velodyne_pointcloud/config
[31.669s] -- Installing: /home/mario/Driverless/install/velodyne_pointcloud/share/velodyne_pointcloud/config/VLP32C-velodyne_transform_node-params.yaml
[31.669s] -- Installing: /home/mario/Driverless/install/velodyne_pointcloud/share/velodyne_pointcloud/config/VLP16-velodyne_convert_node-params.yaml
[31.669s] -- Installing: /home/mario/Driverless/install/velodyne_pointcloud/share/velodyne_pointcloud/config/VLP16-velodyne_transform_node-params.yaml
[31.669s] -- Installing: /home/mario/Driverless/install/velodyne_pointcloud/share/velodyne_pointcloud/config/VLP32C-velodyne_convert_node-params.yaml
[31.669s] -- Installing: /home/mario/Driverless/install/velodyne_pointcloud/share/velodyne_pointcloud/launch
[31.669s] -- Installing: /home/mario/Driverless/install/velodyne_pointcloud/share/velodyne_pointcloud/launch/velodyne_convert_node-VLP16-launch.py
[31.669s] -- Installing: /home/mario/Driverless/install/velodyne_pointcloud/share/velodyne_pointcloud/launch/velodyne_transform_node-VLP16-launch.py
[31.669s] -- Installing: /home/mario/Driverless/install/velodyne_pointcloud/share/velodyne_pointcloud/launch/velodyne_transform_node-VLP32C-composed-launch.py
[31.669s] -- Installing: /home/mario/Driverless/install/velodyne_pointcloud/share/velodyne_pointcloud/launch/velodyne_convert_node-VLP32C-launch.py
[31.669s] -- Installing: /home/mario/Driverless/install/velodyne_pointcloud/share/velodyne_pointcloud/launch/velodyne_convert_node-VLP32C-composed-launch.py
[31.669s] -- Installing: /home/mario/Driverless/install/velodyne_pointcloud/share/velodyne_pointcloud/launch/velodyne_transform_node-VLP32C-launch.py
[31.669s] -- Installing: /home/mario/Driverless/install/velodyne_pointcloud/share/velodyne_pointcloud/launch/velodyne_convert_node-VLP16-composed-launch.py
[31.669s] -- Installing: /home/mario/Driverless/install/velodyne_pointcloud/share/velodyne_pointcloud/launch/velodyne_transform_node-VLP16-composed-launch.py
[31.670s] -- Installing: /home/mario/Driverless/install/velodyne_pointcloud/share/velodyne_pointcloud/params
[31.677s] -- Installing: /home/mario/Driverless/install/velodyne_pointcloud/share/velodyne_pointcloud/params/rviz_points.vcg
[31.678s] -- Installing: /home/mario/Driverless/install/velodyne_pointcloud/share/velodyne_pointcloud/params/VLP16_hires_db.yaml
[31.678s] -- Installing: /home/mario/Driverless/install/velodyne_pointcloud/share/velodyne_pointcloud/params/VeloView-VLP-32C.yaml
[31.678s] -- Installing: /home/mario/Driverless/install/velodyne_pointcloud/share/velodyne_pointcloud/params/64e_utexas.yaml
[31.679s] -- Installing: /home/mario/Driverless/install/velodyne_pointcloud/share/velodyne_pointcloud/params/32db.yaml
[31.679s] -- Installing: /home/mario/Driverless/install/velodyne_pointcloud/share/velodyne_pointcloud/params/64e_s3-xiesc.yaml
[31.679s] -- Installing: /home/mario/Driverless/install/velodyne_pointcloud/share/velodyne_pointcloud/params/64e_s2.1-sztaki.yaml
[31.680s] -- Installing: /home/mario/Driverless/install/velodyne_pointcloud/share/velodyne_pointcloud/params/VLP16db.yaml
[31.681s] -- Installing: /home/mario/Driverless/install/velodyne_pointcloud/share/ament_index/resource_index/package_run_dependencies/velodyne_pointcloud
[31.681s] -- Installing: /home/mario/Driverless/install/velodyne_pointcloud/share/ament_index/resource_index/parent_prefix_path/velodyne_pointcloud
[31.682s] -- Installing: /home/mario/Driverless/install/velodyne_pointcloud/share/velodyne_pointcloud/environment/ament_prefix_path.sh
[31.682s] -- Installing: /home/mario/Driverless/install/velodyne_pointcloud/share/velodyne_pointcloud/environment/ament_prefix_path.dsv
[31.683s] -- Installing: /home/mario/Driverless/install/velodyne_pointcloud/share/velodyne_pointcloud/environment/path.sh
[31.683s] -- Installing: /home/mario/Driverless/install/velodyne_pointcloud/share/velodyne_pointcloud/environment/path.dsv
[31.683s] -- Installing: /home/mario/Driverless/install/velodyne_pointcloud/share/velodyne_pointcloud/local_setup.bash
[31.684s] -- Installing: /home/mario/Driverless/install/velodyne_pointcloud/share/velodyne_pointcloud/local_setup.sh
[31.684s] -- Installing: /home/mario/Driverless/install/velodyne_pointcloud/share/velodyne_pointcloud/local_setup.zsh
[31.684s] -- Installing: /home/mario/Driverless/install/velodyne_pointcloud/share/velodyne_pointcloud/local_setup.dsv
[31.685s] -- Installing: /home/mario/Driverless/install/velodyne_pointcloud/share/velodyne_pointcloud/package.dsv
[31.685s] -- Installing: /home/mario/Driverless/install/velodyne_pointcloud/share/ament_index/resource_index/packages/velodyne_pointcloud
[31.685s] -- Installing: /home/mario/Driverless/install/velodyne_pointcloud/share/ament_index/resource_index/rclcpp_components/velodyne_pointcloud
[31.686s] -- Installing: /home/mario/Driverless/install/velodyne_pointcloud/share/velodyne_pointcloud/cmake/velodyne_pointcloudConfig.cmake
[31.686s] -- Installing: /home/mario/Driverless/install/velodyne_pointcloud/share/velodyne_pointcloud/cmake/velodyne_pointcloudConfig-version.cmake
[31.686s] -- Installing: /home/mario/Driverless/install/velodyne_pointcloud/share/velodyne_pointcloud/package.xml
[31.687s] -- Installing: /home/mario/Driverless/install/velodyne_pointcloud/lib/libvelodyne_cloud_types.so
[31.689s] -- Set runtime path of "/home/mario/Driverless/install/velodyne_pointcloud/lib/libvelodyne_cloud_types.so" to ""
[31.689s] -- Installing: /home/mario/Driverless/install/velodyne_pointcloud/lib/libvelodyne_rawdata.so
[31.690s] -- Set runtime path of "/home/mario/Driverless/install/velodyne_pointcloud/lib/libvelodyne_rawdata.so" to ""
[31.696s] Invoked command in '/home/mario/Driverless/build/velodyne_pointcloud' returned '0': AMENT_PREFIX_PATH=/home/mario/Driverless/install/velodyne_msgs:${AMENT_PREFIX_PATH} CMAKE_PREFIX_PATH=/opt/ros/galactic:/home/mario/Driverless/install/velodyne_msgs LD_LIBRARY_PATH=/home/mario/Driverless/install/velodyne_msgs/lib:${LD_LIBRARY_PATH} PYTHONPATH=/home/mario/Driverless/install/velodyne_msgs/lib/python3.8/site-packages:${PYTHONPATH} /usr/bin/cmake --install /home/mario/Driverless/build/velodyne_pointcloud
