-- Install configuration: ""
-- Up-to-date: /home/mario/Driverless/install/vehicle_descriptions/share/vehicle_descriptions/launch
-- Up-to-date: /home/mario/Driverless/install/vehicle_descriptions/share/vehicle_descriptions/launch/simple.launch.py
-- Up-to-date: /home/mario/Driverless/install/vehicle_descriptions/share/vehicle_descriptions/launch/view_vehicle.launch.py
-- Up-to-date: /home/mario/Driverless/install/vehicle_descriptions/share/vehicle_descriptions/rviz
-- Up-to-date: /home/mario/Driverless/install/vehicle_descriptions/share/vehicle_descriptions/rviz/urdf.rviz
-- Up-to-date: /home/mario/Driverless/install/vehicle_descriptions/share/vehicle_descriptions/urdf
-- Up-to-date: /home/mario/Driverless/install/vehicle_descriptions/share/vehicle_descriptions/urdf/chassis.urdf.xacro
-- Up-to-date: /home/mario/Driverless/install/vehicle_descriptions/share/vehicle_descriptions/urdf/main.urdf.xacro
-- Up-to-date: /home/mario/Driverless/install/vehicle_descriptions/share/vehicle_descriptions/urdf/wheels.urdf.xacro
-- Up-to-date: /home/mario/Driverless/install/vehicle_descriptions/share/vehicle_descriptions/vehicles
-- Up-to-date: /home/mario/Driverless/install/vehicle_descriptions/share/vehicle_descriptions/vehicles/mit_racecar
-- Up-to-date: /home/mario/Driverless/install/vehicle_descriptions/share/vehicle_descriptions/vehicles/mit_racecar/meshes
-- Up-to-date: /home/mario/Driverless/install/vehicle_descriptions/share/vehicle_descriptions/vehicles/mit_racecar/meshes/wheel.dae
-- Up-to-date: /home/mario/Driverless/install/vehicle_descriptions/share/vehicle_descriptions/vehicles/mit_racecar/meshes/chassis.dae
-- Up-to-date: /home/mario/Driverless/install/vehicle_descriptions/share/vehicle_descriptions/vehicles/mit_racecar/config.yaml
-- Up-to-date: /home/mario/Driverless/install/vehicle_descriptions/share/vehicle_descriptions/vehicles/ads_dv
-- Up-to-date: /home/mario/Driverless/install/vehicle_descriptions/share/vehicle_descriptions/vehicles/ads_dv/meshes
-- Up-to-date: /home/mario/Driverless/install/vehicle_descriptions/share/vehicle_descriptions/vehicles/ads_dv/meshes/old_wheel.dae
-- Up-to-date: /home/mario/Driverless/install/vehicle_descriptions/share/vehicle_descriptions/vehicles/ads_dv/meshes/wheel.dae
-- Up-to-date: /home/mario/Driverless/install/vehicle_descriptions/share/vehicle_descriptions/vehicles/ads_dv/meshes/AFS_RaceCar.jpg
-- Up-to-date: /home/mario/Driverless/install/vehicle_descriptions/share/vehicle_descriptions/vehicles/ads_dv/meshes/chassis.dae
-- Up-to-date: /home/mario/Driverless/install/vehicle_descriptions/share/vehicle_descriptions/vehicles/ads_dv/meshes/old_chassis.dae
-- Up-to-date: /home/mario/Driverless/install/vehicle_descriptions/share/vehicle_descriptions/vehicles/ads_dv/config.yaml
-- Up-to-date: /home/mario/Driverless/install/vehicle_descriptions/share/vehicle_descriptions/common_meshes
-- Up-to-date: /home/mario/Driverless/install/vehicle_descriptions/share/vehicle_descriptions/common_meshes/hokuyo.dae
-- Up-to-date: /home/mario/Driverless/install/vehicle_descriptions/share/ament_index/resource_index/package_run_dependencies/vehicle_descriptions
-- Up-to-date: /home/mario/Driverless/install/vehicle_descriptions/share/ament_index/resource_index/parent_prefix_path/vehicle_descriptions
-- Installing: /home/mario/Driverless/install/vehicle_descriptions/share/vehicle_descriptions/environment/ament_prefix_path.sh
-- Up-to-date: /home/mario/Driverless/install/vehicle_descriptions/share/vehicle_descriptions/environment/ament_prefix_path.dsv
-- Installing: /home/mario/Driverless/install/vehicle_descriptions/share/vehicle_descriptions/environment/path.sh
-- Up-to-date: /home/mario/Driverless/install/vehicle_descriptions/share/vehicle_descriptions/environment/path.dsv
-- Up-to-date: /home/mario/Driverless/install/vehicle_descriptions/share/vehicle_descriptions/local_setup.bash
-- Up-to-date: /home/mario/Driverless/install/vehicle_descriptions/share/vehicle_descriptions/local_setup.sh
-- Up-to-date: /home/mario/Driverless/install/vehicle_descriptions/share/vehicle_descriptions/local_setup.zsh
-- Up-to-date: /home/mario/Driverless/install/vehicle_descriptions/share/vehicle_descriptions/local_setup.dsv
-- Up-to-date: /home/mario/Driverless/install/vehicle_descriptions/share/vehicle_descriptions/package.dsv
-- Up-to-date: /home/mario/Driverless/install/vehicle_descriptions/share/ament_index/resource_index/packages/vehicle_descriptions
-- Up-to-date: /home/mario/Driverless/install/vehicle_descriptions/share/vehicle_descriptions/cmake/vehicle_descriptionsConfig.cmake
-- Up-to-date: /home/mario/Driverless/install/vehicle_descriptions/share/vehicle_descriptions/cmake/vehicle_descriptionsConfig-version.cmake
-- Up-to-date: /home/mario/Driverless/install/vehicle_descriptions/share/vehicle_descriptions/package.xml
