-- The C compiler identification is GNU 9.4.0
-- The CXX compiler identification is GNU 9.4.0
-- Check for working C compiler: /usr/bin/cc
-- Check for working C compiler: /usr/bin/cc -- works
-- Detecting C compiler ABI info
-- Detecting C compiler ABI info - done
-- Detecting C compile features
-- Detecting C compile features - done
-- Check for working CXX compiler: /usr/bin/c++
-- Check for working CXX compiler: /usr/bin/c++ -- works
-- Detecting CXX compiler ABI info
-- Detecting CXX compiler ABI info - done
-- Detecting CXX compile features
-- Detecting CXX compile features - done
-- Found ament_cmake: 1.1.4 (/opt/ros/galactic/share/ament_cmake/cmake)
-- Found PythonInterp: /usr/bin/python3 (found suitable version "3.8.10", minimum required is "3") 
-- Using PYTHON_EXECUTABLE: /usr/bin/python3
-- Found imperial_driverless_gazebo_plugins: 2.0.0 (/home/mario/Driverless/install/imperial_driverless_gazebo_plugins/share/imperial_driverless_gazebo_plugins/cmake)
-- Found PkgConfig: /usr/bin/pkg-config (found version "0.29.1") 
-- Checking for module 'bullet>=2.82'
--   Found bullet, version 2.88
-- Found ccd: /usr/include (found suitable version "2.0", minimum required is "2.0") 
-- Found fcl: /usr/include (found suitable version "0.5.0", minimum required is "0.3.2") 
-- Found assimp: /usr/include (found version "5.0.0") 
-- Found DART: /usr/include (Required is at least version "6.6") found components: dart 
-- Found Boost: /usr/lib/x86_64-linux-gnu/cmake/Boost-1.71.0/BoostConfig.cmake (found suitable version "1.71.0", minimum required is "1.40.0") found components: thread system filesystem program_options regex iostreams date_time 
-- Found Protobuf: /usr/lib/x86_64-linux-gnu/libprotobuf.so;-lpthread (found version "3.6.1") 
-- Looking for ignition-math6 -- found version 6.10.0
-- Searching for dependencies of ignition-math6
-- Looking for OGRE...
-- OGRE_PREFIX_WATCH changed.
-- Checking for module 'OGRE'
--   Found OGRE, version 1.9.0
-- Found Ogre Ghadamon (1.9.0)
-- Found OGRE: optimized;/usr/lib/x86_64-linux-gnu/libOgreMain.so;debug;/usr/lib/x86_64-linux-gnu/libOgreMain.so
-- Looking for OGRE_Paging...
-- Found OGRE_Paging: optimized;/usr/lib/x86_64-linux-gnu/libOgrePaging.so;debug;/usr/lib/x86_64-linux-gnu/libOgrePaging.so
-- Looking for OGRE_Terrain...
-- Found OGRE_Terrain: optimized;/usr/lib/x86_64-linux-gnu/libOgreTerrain.so;debug;/usr/lib/x86_64-linux-gnu/libOgreTerrain.so
-- Looking for OGRE_Property...
-- Found OGRE_Property: optimized;/usr/lib/x86_64-linux-gnu/libOgreProperty.so;debug;/usr/lib/x86_64-linux-gnu/libOgreProperty.so
-- Looking for OGRE_RTShaderSystem...
-- Found OGRE_RTShaderSystem: optimized;/usr/lib/x86_64-linux-gnu/libOgreRTShaderSystem.so;debug;/usr/lib/x86_64-linux-gnu/libOgreRTShaderSystem.so
-- Looking for OGRE_Volume...
-- Found OGRE_Volume: optimized;/usr/lib/x86_64-linux-gnu/libOgreVolume.so;debug;/usr/lib/x86_64-linux-gnu/libOgreVolume.so
-- Looking for OGRE_Overlay...
-- Found OGRE_Overlay: optimized;/usr/lib/x86_64-linux-gnu/libOgreOverlay.so;debug;/usr/lib/x86_64-linux-gnu/libOgreOverlay.so
-- Looking for ignition-math6 -- found version 6.10.0
-- Looking for ignition-transport8 -- found version 8.2.1
-- Searching for dependencies of ignition-transport8
-- Found Protobuf: /usr/lib/x86_64-linux-gnu/libprotobuf.so;-lpthread (found suitable version "3.6.1", minimum required is "3") 
-- Config-file not installed for ZeroMQ -- checking for pkg-config
-- Checking for module 'libzmq >= 4'
--   Found libzmq , version 4.3.2
-- Found ZeroMQ: TRUE (Required is at least version "4") 
-- Checking for module 'uuid'
--   Found uuid, version 2.34.0
-- Found UUID: TRUE  
-- Looking for ignition-msgs5 -- found version 5.8.1
-- Searching for dependencies of ignition-msgs5
-- Looking for ignition-math6 -- found version 6.10.0
-- Checking for module 'tinyxml2'
--   Found tinyxml2, version 6.2.0
-- Looking for ignition-msgs5 -- found version 5.8.1
-- Looking for ignition-common3 -- found version 3.14.0
-- Searching for dependencies of ignition-common3
-- Looking for dlfcn.h - found
-- Looking for libdl - found
-- Found DL: TRUE  
-- Searching for <ignition-common3> component [graphics]
-- Looking for ignition-common3-graphics -- found version 3.14.0
-- Searching for dependencies of ignition-common3-graphics
-- Looking for ignition-math6 -- found version 6.10.0
-- Looking for ignition-fuel_tools4 -- found version 4.4.0
-- Searching for dependencies of ignition-fuel_tools4
-- Found CURL: /usr/lib/x86_64-linux-gnu/libcurl.so (found version "7.68.0")  
-- Checking for module 'jsoncpp'
--   Found jsoncpp, version 1.7.4
-- Found JSONCPP: TRUE  
-- Checking for module 'libzip'
--   Found libzip, version 1.5.1
-- Found ZIP: TRUE  
-- Looking for ignition-common3 -- found version 3.14.0
-- Looking for ignition-math6 -- found version 6.10.0
-- Looking for ignition-msgs5 -- found version 5.8.1
-- Gazebo version: 11.10
-- Using all available rosidl_typesupport_c: rosidl_typesupport_fastrtps_c;rosidl_typesupport_introspection_c
-- Found rosidl_adapter: 2.2.1 (/opt/ros/galactic/share/rosidl_adapter/cmake)
-- Found OpenSSL: /usr/lib/x86_64-linux-gnu/libcrypto.so (found version "1.1.1f")  
-- Found FastRTPS: /opt/ros/galactic/include  
-- Using all available rosidl_typesupport_cpp: rosidl_typesupport_fastrtps_cpp;rosidl_typesupport_introspection_cpp
-- Found rmw_implementation_cmake: 3.3.1 (/opt/ros/galactic/share/rmw_implementation_cmake/cmake)
-- Found rmw_cyclonedds_cpp: 0.22.4 (/opt/ros/galactic/share/rmw_cyclonedds_cpp/cmake)
-- Using RMW implementation 'rmw_cyclonedds_cpp' as default
-- Found Threads: TRUE  
-- Configuring done
-- Generating done
-- Build files have been written to: /home/mario/Driverless/build/full_gazebo_simulator
[35m[1mScanning dependencies of target ament_cmake_python_symlink_full_gazebo_simulator_setup[0m
[35m[1mScanning dependencies of target ament_cmake_python_symlink_full_gazebo_simulator[0m
[35m[1mScanning dependencies of target ament_cmake_python_build_full_gazebo_simulator_scripts[0m
Built target ament_cmake_python_symlink_full_gazebo_simulator_setup
Built target ament_cmake_python_symlink_full_gazebo_simulator
[35m[1mScanning dependencies of target ament_cmake_python_build_full_gazebo_simulator_egg[0m
running egg_info
creating full_gazebo_simulator.egg-info
writing full_gazebo_simulator.egg-info/PKG-INFO
writing dependency_links to full_gazebo_simulator.egg-info/dependency_links.txt
writing entry points to full_gazebo_simulator.egg-info/entry_points.txt
writing top-level names to full_gazebo_simulator.egg-info/top_level.txt
writing manifest file 'full_gazebo_simulator.egg-info/SOURCES.txt'
reading manifest file 'full_gazebo_simulator.egg-info/SOURCES.txt'
writing manifest file 'full_gazebo_simulator.egg-info/SOURCES.txt'
Built target ament_cmake_python_build_full_gazebo_simulator_egg
running install_scripts
running egg_info
writing full_gazebo_simulator.egg-info/PKG-INFO
writing dependency_links to full_gazebo_simulator.egg-info/dependency_links.txt
writing entry points to full_gazebo_simulator.egg-info/entry_points.txt
writing top-level names to full_gazebo_simulator.egg-info/top_level.txt
reading manifest file 'full_gazebo_simulator.egg-info/SOURCES.txt'
writing manifest file 'full_gazebo_simulator.egg-info/SOURCES.txt'
Installing id_interface script to scripts
Built target ament_cmake_python_build_full_gazebo_simulator_scripts
-- Install configuration: ""
-- Installing: /home/mario/Driverless/install/full_gazebo_simulator/share/full_gazebo_simulator/launch
-- Installing: /home/mario/Driverless/install/full_gazebo_simulator/share/full_gazebo_simulator/launch/simulate_with_twist_interface.launch.py
-- Installing: /home/mario/Driverless/install/full_gazebo_simulator/share/full_gazebo_simulator/launch/simulate_with_vcu_interface.launch.py
-- Installing: /home/mario/Driverless/install/full_gazebo_simulator/share/full_gazebo_simulator/meshes
-- Installing: /home/mario/Driverless/install/full_gazebo_simulator/share/full_gazebo_simulator/meshes/cone_big.dae
-- Installing: /home/mario/Driverless/install/full_gazebo_simulator/share/full_gazebo_simulator/meshes/cone.dae
-- Installing: /home/mario/Driverless/install/full_gazebo_simulator/share/full_gazebo_simulator/meshes/MonkeyNoise.dae
-- Installing: /home/mario/Driverless/install/full_gazebo_simulator/share/full_gazebo_simulator/meshes/NoiseCube.dae
-- Installing: /home/mario/Driverless/install/full_gazebo_simulator/share/full_gazebo_simulator/meshes/cone_yellow.dae
-- Installing: /home/mario/Driverless/install/full_gazebo_simulator/share/full_gazebo_simulator/meshes/cone_blue.dae
-- Installing: /home/mario/Driverless/install/full_gazebo_simulator/share/full_gazebo_simulator/models
-- Installing: /home/mario/Driverless/install/full_gazebo_simulator/share/full_gazebo_simulator/models/yellow_cone
-- Installing: /home/mario/Driverless/install/full_gazebo_simulator/share/full_gazebo_simulator/models/yellow_cone/model.sdf
-- Installing: /home/mario/Driverless/install/full_gazebo_simulator/share/full_gazebo_simulator/models/yellow_cone/model.config
-- Installing: /home/mario/Driverless/install/full_gazebo_simulator/share/full_gazebo_simulator/models/big_cone
-- Installing: /home/mario/Driverless/install/full_gazebo_simulator/share/full_gazebo_simulator/models/big_cone/model.sdf
-- Installing: /home/mario/Driverless/install/full_gazebo_simulator/share/full_gazebo_simulator/models/big_cone/model.config
-- Installing: /home/mario/Driverless/install/full_gazebo_simulator/share/full_gazebo_simulator/models/ground_plane
-- Installing: /home/mario/Driverless/install/full_gazebo_simulator/share/full_gazebo_simulator/models/ground_plane/model.sdf
-- Installing: /home/mario/Driverless/install/full_gazebo_simulator/share/full_gazebo_simulator/models/ground_plane/model.config
-- Installing: /home/mario/Driverless/install/full_gazebo_simulator/share/full_gazebo_simulator/models/blue_cone
-- Installing: /home/mario/Driverless/install/full_gazebo_simulator/share/full_gazebo_simulator/models/blue_cone/model.sdf
-- Installing: /home/mario/Driverless/install/full_gazebo_simulator/share/full_gazebo_simulator/models/blue_cone/model.config
-- Installing: /home/mario/Driverless/install/full_gazebo_simulator/share/full_gazebo_simulator/models/orange_cone
-- Installing: /home/mario/Driverless/install/full_gazebo_simulator/share/full_gazebo_simulator/models/orange_cone/model.sdf
-- Installing: /home/mario/Driverless/install/full_gazebo_simulator/share/full_gazebo_simulator/models/orange_cone/model.config
-- Installing: /home/mario/Driverless/install/full_gazebo_simulator/share/full_gazebo_simulator/urdf_extensions
-- Installing: /home/mario/Driverless/install/full_gazebo_simulator/share/full_gazebo_simulator/urdf_extensions/gazebo_extension.xacro
-- Installing: /home/mario/Driverless/install/full_gazebo_simulator/share/full_gazebo_simulator/worlds
-- Installing: /home/mario/Driverless/install/full_gazebo_simulator/share/full_gazebo_simulator/worlds/empty.world
-- Installing: /home/mario/Driverless/install/full_gazebo_simulator/share/full_gazebo_simulator/environment/pythonpath.sh
-- Installing: /home/mario/Driverless/install/full_gazebo_simulator/share/full_gazebo_simulator/environment/pythonpath.dsv
-- Installing: /home/mario/Driverless/install/full_gazebo_simulator/lib/python3.8/site-packages//full_gazebo_simulator.egg-info
-- Installing: /home/mario/Driverless/install/full_gazebo_simulator/lib/python3.8/site-packages//full_gazebo_simulator.egg-info/entry_points.txt
-- Installing: /home/mario/Driverless/install/full_gazebo_simulator/lib/python3.8/site-packages//full_gazebo_simulator.egg-info/dependency_links.txt
-- Installing: /home/mario/Driverless/install/full_gazebo_simulator/lib/python3.8/site-packages//full_gazebo_simulator.egg-info/PKG-INFO
-- Installing: /home/mario/Driverless/install/full_gazebo_simulator/lib/python3.8/site-packages//full_gazebo_simulator.egg-info/top_level.txt
-- Installing: /home/mario/Driverless/install/full_gazebo_simulator/lib/python3.8/site-packages//full_gazebo_simulator.egg-info/SOURCES.txt
-- Installing: /home/mario/Driverless/install/full_gazebo_simulator/lib/python3.8/site-packages/full_gazebo_simulator
-- Installing: /home/mario/Driverless/install/full_gazebo_simulator/lib/python3.8/site-packages/full_gazebo_simulator/__init__.py
-- Installing: /home/mario/Driverless/install/full_gazebo_simulator/lib/python3.8/site-packages/full_gazebo_simulator/gazebo_simulation_interface.py
-- Installing: /home/mario/Driverless/install/full_gazebo_simulator/lib/python3.8/site-packages/full_gazebo_simulator/setup.cfg
Listing '/home/mario/Driverless/install/full_gazebo_simulator/lib/python3.8/site-packages/full_gazebo_simulator'...
Compiling '/home/mario/Driverless/install/full_gazebo_simulator/lib/python3.8/site-packages/full_gazebo_simulator/__init__.py'...
Compiling '/home/mario/Driverless/install/full_gazebo_simulator/lib/python3.8/site-packages/full_gazebo_simulator/gazebo_simulation_interface.py'...
-- Installing: /home/mario/Driverless/install/full_gazebo_simulator/lib/full_gazebo_simulator/
-- Installing: /home/mario/Driverless/install/full_gazebo_simulator/lib/full_gazebo_simulator//id_interface
-- Installing: /home/mario/Driverless/install/full_gazebo_simulator/share/ament_index/resource_index/package_run_dependencies/full_gazebo_simulator
-- Installing: /home/mario/Driverless/install/full_gazebo_simulator/share/ament_index/resource_index/parent_prefix_path/full_gazebo_simulator
-- Installing: /home/mario/Driverless/install/full_gazebo_simulator/share/full_gazebo_simulator/environment/ament_prefix_path.sh
-- Installing: /home/mario/Driverless/install/full_gazebo_simulator/share/full_gazebo_simulator/environment/ament_prefix_path.dsv
-- Installing: /home/mario/Driverless/install/full_gazebo_simulator/share/full_gazebo_simulator/environment/path.sh
-- Installing: /home/mario/Driverless/install/full_gazebo_simulator/share/full_gazebo_simulator/environment/path.dsv
-- Installing: /home/mario/Driverless/install/full_gazebo_simulator/share/full_gazebo_simulator/local_setup.bash
-- Installing: /home/mario/Driverless/install/full_gazebo_simulator/share/full_gazebo_simulator/local_setup.sh
-- Installing: /home/mario/Driverless/install/full_gazebo_simulator/share/full_gazebo_simulator/local_setup.zsh
-- Installing: /home/mario/Driverless/install/full_gazebo_simulator/share/full_gazebo_simulator/local_setup.dsv
-- Installing: /home/mario/Driverless/install/full_gazebo_simulator/share/full_gazebo_simulator/package.dsv
-- Installing: /home/mario/Driverless/install/full_gazebo_simulator/share/ament_index/resource_index/packages/full_gazebo_simulator
-- Installing: /home/mario/Driverless/install/full_gazebo_simulator/share/full_gazebo_simulator/cmake/full_gazebo_simulatorConfig.cmake
-- Installing: /home/mario/Driverless/install/full_gazebo_simulator/share/full_gazebo_simulator/cmake/full_gazebo_simulatorConfig-version.cmake
-- Installing: /home/mario/Driverless/install/full_gazebo_simulator/share/full_gazebo_simulator/package.xml
