[0.028s] Invoking command in '/home/mario/Driverless/build/full_gazebo_simulator': AMENT_PREFIX_PATH=/home/mario/Driverless/install/vehicle_controllers:/home/mario/Formula-Student-Driverless-Simulator/ros2/install/fsds_ros2_bridge:/home/mario/Formula-Student-Driverless-Simulator/ros2/install/fs_msgs:/home/mario/Driverless/install/lidar_camera_fusion:/home/mario/Driverless/install/imperial_driverless_utils:/home/mario/Driverless/install/vehicle_descriptions:/home/mario/Driverless/install/full_gazebo_simulator:/home/mario/Driverless/install/path_generators:/home/mario/Driverless/install/path_followers:/home/mario/Driverless/install/lightweight_lidar_only_simulator:/home/mario/Driverless/install/lidar_only_cone_detector:/home/mario/Driverless/install/imperial_driverless_gazebo_plugins:/home/mario/Driverless/install/id_track_utils:/home/mario/Driverless/install/fsds_simulator:/home/mario/Driverless/install/car_keyop:/home/mario/Driverless/install/ackermann_drive_teleop:/opt/ros/galactic CMAKE_PREFIX_PATH=/home/mario/Driverless/install/imperial_driverless_gazebo_plugins:/home/mario/Formula-Student-Driverless-Simulator/ros2/install/fsds_ros2_bridge:/home/mario/Formula-Student-Driverless-Simulator/ros2/install/fs_msgs:/home/mario/Driverless/install/imperial_driverless_utils:/home/mario/Driverless/install/vehicle_descriptions:/home/mario/Driverless/install/full_gazebo_simulator:/home/mario/Driverless/install/path_followers:/home/mario/Driverless/install/lightweight_lidar_only_simulator:/home/mario/Driverless/install/fsds_simulator:/home/mario/Driverless/install/lidar_camera_fusion:/home/mario/Driverless/install/vehicle_controllers:/home/mario/Driverless/install/path_generators:/home/mario/Driverless/install/lidar_only_cone_detector:/home/mario/Driverless/install/id_track_utils:/home/mario/Driverless/install/car_keyop:/home/mario/Driverless/install/ackermann_drive_teleop:/opt/ros/galactic LD_LIBRARY_PATH=/home/mario/Driverless/install/imperial_driverless_gazebo_plugins/lib:/home/mario/Formula-Student-Driverless-Simulator/ros2/install/fsds_ros2_bridge/lib:/home/mario/Formula-Student-Driverless-Simulator/ros2/install/fs_msgs/lib:/home/mario/Driverless/install/path_followers/lib:/usr/lib/x86_64-linux-gnu/gazebo-11/plugins:/opt/ros/galactic/opt/yaml_cpp_vendor/lib:/opt/ros/galactic/opt/rviz_ogre_vendor/lib:/opt/ros/galactic/lib/x86_64-linux-gnu:/opt/ros/galactic/lib PYTHONPATH=/home/mario/Driverless/install/vehicle_controllers/lib/python3.8/site-packages:/home/mario/Formula-Student-Driverless-Simulator/ros2/install/fs_msgs/lib/python3.8/site-packages:/home/mario/Driverless/install/lidar_camera_fusion/lib/python3.8/site-packages:/home/mario/Driverless/install/imperial_driverless_utils/lib/python3.8/site-packages:/home/mario/Driverless/install/full_gazebo_simulator/lib/python3.8/site-packages:/home/mario/Driverless/install/path_generators/lib/python3.8/site-packages:/home/mario/Driverless/install/path_followers/lib/python3.8/site-packages:/home/mario/Driverless/install/lidar_only_cone_detector/lib/python3.8/site-packages:/home/mario/Driverless/install/id_track_utils/lib/python3.8/site-packages:/home/mario/Driverless/install/fsds_simulator/lib/python3.8/site-packages:/home/mario/Driverless/install/f110_gym/lib/python3.8/site-packages:/home/mario/Driverless/install/car_keyop/lib/python3.8/site-packages:/home/mario/Driverless/install/ackermann_drive_teleop/lib/python3.8/site-packages:/opt/ros/galactic/lib/python3.8/site-packages /usr/bin/cmake /home/mario/Driverless/src/full_gazebo_simulator/full_gazebo_simulator -DCMAKE_INSTALL_PREFIX=/home/mario/Driverless/install/full_gazebo_simulator
[0.134s] -- The C compiler identification is GNU 9.4.0
[0.237s] -- The CXX compiler identification is GNU 9.4.0
[0.248s] -- Check for working C compiler: /usr/bin/cc
[0.368s] -- Check for working C compiler: /usr/bin/cc -- works
[0.369s] -- Detecting C compiler ABI info
[0.487s] -- Detecting C compiler ABI info - done
[0.513s] -- Detecting C compile features
[0.513s] -- Detecting C compile features - done
[0.518s] -- Check for working CXX compiler: /usr/bin/c++
[0.665s] -- Check for working CXX compiler: /usr/bin/c++ -- works
[0.667s] -- Detecting CXX compiler ABI info
[0.812s] -- Detecting CXX compiler ABI info - done
[0.839s] -- Detecting CXX compile features
[0.841s] -- Detecting CXX compile features - done
[0.846s] -- Found ament_cmake: 1.1.4 (/opt/ros/galactic/share/ament_cmake/cmake)
[0.901s] -- Found PythonInterp: /usr/bin/python3 (found suitable version "3.8.10", minimum required is "3") 
[0.901s] -- Using PYTHON_EXECUTABLE: /usr/bin/python3
[1.080s] -- Found imperial_driverless_gazebo_plugins: 2.0.0 (/home/mario/Driverless/install/imperial_driverless_gazebo_plugins/share/imperial_driverless_gazebo_plugins/cmake)
[1.097s] -- Found PkgConfig: /usr/bin/pkg-config (found version "0.29.1") 
[1.105s] -- Checking for module 'bullet>=2.82'
[1.135s] --   Found bullet, version 2.88
[1.377s] -- Found ccd: /usr/include (found suitable version "2.0", minimum required is "2.0") 
[1.486s] -- Found fcl: /usr/include (found suitable version "0.5.0", minimum required is "0.3.2") 
[1.595s] -- Found assimp: /usr/include (found version "5.0.0") 
[1.649s] -- Found DART: /usr/include (Required is at least version "6.6") found components: dart 
[2.198s] -- Found Boost: /usr/lib/x86_64-linux-gnu/cmake/Boost-1.71.0/BoostConfig.cmake (found suitable version "1.71.0", minimum required is "1.40.0") found components: thread system filesystem program_options regex iostreams date_time 
[2.246s] -- Found Protobuf: /usr/lib/x86_64-linux-gnu/libprotobuf.so;-lpthread (found version "3.6.1") 
[2.258s] -- Looking for ignition-math6 -- found version 6.10.0
[2.270s] -- Searching for dependencies of ignition-math6
[2.274s] -- Looking for OGRE...
[2.275s] -- OGRE_PREFIX_WATCH changed.
[2.283s] -- Checking for module 'OGRE'
[2.313s] --   Found OGRE, version 1.9.0
[2.389s] -- Found Ogre Ghadamon (1.9.0)
[2.412s] -- Found OGRE: optimized;/usr/lib/x86_64-linux-gnu/libOgreMain.so;debug;/usr/lib/x86_64-linux-gnu/libOgreMain.so
[2.433s] -- Looking for OGRE_Paging...
[2.453s] -- Found OGRE_Paging: optimized;/usr/lib/x86_64-linux-gnu/libOgrePaging.so;debug;/usr/lib/x86_64-linux-gnu/libOgrePaging.so
[2.453s] -- Looking for OGRE_Terrain...
[2.471s] -- Found OGRE_Terrain: optimized;/usr/lib/x86_64-linux-gnu/libOgreTerrain.so;debug;/usr/lib/x86_64-linux-gnu/libOgreTerrain.so
[2.471s] -- Looking for OGRE_Property...
[2.490s] -- Found OGRE_Property: optimized;/usr/lib/x86_64-linux-gnu/libOgreProperty.so;debug;/usr/lib/x86_64-linux-gnu/libOgreProperty.so
[2.490s] -- Looking for OGRE_RTShaderSystem...
[2.509s] -- Found OGRE_RTShaderSystem: optimized;/usr/lib/x86_64-linux-gnu/libOgreRTShaderSystem.so;debug;/usr/lib/x86_64-linux-gnu/libOgreRTShaderSystem.so
[2.509s] -- Looking for OGRE_Volume...
[2.528s] -- Found OGRE_Volume: optimized;/usr/lib/x86_64-linux-gnu/libOgreVolume.so;debug;/usr/lib/x86_64-linux-gnu/libOgreVolume.so
[2.528s] -- Looking for OGRE_Overlay...
[2.547s] -- Found OGRE_Overlay: optimized;/usr/lib/x86_64-linux-gnu/libOgreOverlay.so;debug;/usr/lib/x86_64-linux-gnu/libOgreOverlay.so
[2.965s] -- Looking for ignition-math6 -- found version 6.10.0
[2.970s] -- Looking for ignition-transport8 -- found version 8.2.1
[2.971s] -- Searching for dependencies of ignition-transport8
[3.006s] -- Found Protobuf: /usr/lib/x86_64-linux-gnu/libprotobuf.so;-lpthread (found suitable version "3.6.1", minimum required is "3") 
[3.029s] -- Config-file not installed for ZeroMQ -- checking for pkg-config
[3.038s] -- Checking for module 'libzmq >= 4'
[3.072s] --   Found libzmq , version 4.3.2
[3.153s] -- Found ZeroMQ: TRUE (Required is at least version "4") 
[3.163s] -- Checking for module 'uuid'
[3.195s] --   Found uuid, version 2.34.0
[3.272s] -- Found UUID: TRUE  
[3.278s] -- Looking for ignition-msgs5 -- found version 5.8.1
[3.279s] -- Searching for dependencies of ignition-msgs5
[3.315s] -- Looking for ignition-math6 -- found version 6.10.0
[3.325s] -- Checking for module 'tinyxml2'
[3.359s] --   Found tinyxml2, version 6.2.0
[3.438s] -- Looking for ignition-msgs5 -- found version 5.8.1
[3.441s] -- Looking for ignition-common3 -- found version 3.14.0
[3.442s] -- Searching for dependencies of ignition-common3
[3.442s] -- Looking for dlfcn.h - found
[3.444s] -- Looking for libdl - found
[3.446s] -- Found DL: TRUE  
[3.457s] -- Searching for <ignition-common3> component [graphics]
[3.462s] -- Looking for ignition-common3-graphics -- found version 3.14.0
[3.463s] -- Searching for dependencies of ignition-common3-graphics
[3.464s] -- Looking for ignition-math6 -- found version 6.10.0
[3.469s] -- Looking for ignition-fuel_tools4 -- found version 4.4.0
[3.469s] -- Searching for dependencies of ignition-fuel_tools4
[3.622s] -- Found CURL: /usr/lib/x86_64-linux-gnu/libcurl.so (found version "7.68.0")  
[3.638s] -- Checking for module 'jsoncpp'
[3.668s] --   Found jsoncpp, version 1.7.4
[3.751s] -- Found JSONCPP: TRUE  
[3.765s] -- Checking for module 'libzip'
[3.799s] --   Found libzip, version 1.5.1
[3.883s] -- Found ZIP: TRUE  
[3.884s] -- Looking for ignition-common3 -- found version 3.14.0
[3.884s] -- Looking for ignition-math6 -- found version 6.10.0
[3.885s] -- Looking for ignition-msgs5 -- found version 5.8.1
[3.887s] -- Gazebo version: 11.10
[4.012s] -- Using all available rosidl_typesupport_c: rosidl_typesupport_fastrtps_c;rosidl_typesupport_introspection_c
[4.030s] -- Found rosidl_adapter: 2.2.1 (/opt/ros/galactic/share/rosidl_adapter/cmake)
[4.219s] -- Found OpenSSL: /usr/lib/x86_64-linux-gnu/libcrypto.so (found version "1.1.1f")  
[4.281s] -- Found FastRTPS: /opt/ros/galactic/include  
[4.448s] -- Using all available rosidl_typesupport_cpp: rosidl_typesupport_fastrtps_cpp;rosidl_typesupport_introspection_cpp
[4.588s] -- Found rmw_implementation_cmake: 3.3.1 (/opt/ros/galactic/share/rmw_implementation_cmake/cmake)
[4.596s] -- Found rmw_cyclonedds_cpp: 0.22.4 (/opt/ros/galactic/share/rmw_cyclonedds_cpp/cmake)
[4.639s] -- Using RMW implementation 'rmw_cyclonedds_cpp' as default
[4.642s] -- Found Threads: TRUE  
[6.156s] -- Configuring done
[6.162s] -- Generating done
[6.165s] -- Build files have been written to: /home/mario/Driverless/build/full_gazebo_simulator
[6.180s] Invoked command in '/home/mario/Driverless/build/full_gazebo_simulator' returned '0': AMENT_PREFIX_PATH=/home/mario/Driverless/install/vehicle_controllers:/home/mario/Formula-Student-Driverless-Simulator/ros2/install/fsds_ros2_bridge:/home/mario/Formula-Student-Driverless-Simulator/ros2/install/fs_msgs:/home/mario/Driverless/install/lidar_camera_fusion:/home/mario/Driverless/install/imperial_driverless_utils:/home/mario/Driverless/install/vehicle_descriptions:/home/mario/Driverless/install/full_gazebo_simulator:/home/mario/Driverless/install/path_generators:/home/mario/Driverless/install/path_followers:/home/mario/Driverless/install/lightweight_lidar_only_simulator:/home/mario/Driverless/install/lidar_only_cone_detector:/home/mario/Driverless/install/imperial_driverless_gazebo_plugins:/home/mario/Driverless/install/id_track_utils:/home/mario/Driverless/install/fsds_simulator:/home/mario/Driverless/install/car_keyop:/home/mario/Driverless/install/ackermann_drive_teleop:/opt/ros/galactic CMAKE_PREFIX_PATH=/home/mario/Driverless/install/imperial_driverless_gazebo_plugins:/home/mario/Formula-Student-Driverless-Simulator/ros2/install/fsds_ros2_bridge:/home/mario/Formula-Student-Driverless-Simulator/ros2/install/fs_msgs:/home/mario/Driverless/install/imperial_driverless_utils:/home/mario/Driverless/install/vehicle_descriptions:/home/mario/Driverless/install/full_gazebo_simulator:/home/mario/Driverless/install/path_followers:/home/mario/Driverless/install/lightweight_lidar_only_simulator:/home/mario/Driverless/install/fsds_simulator:/home/mario/Driverless/install/lidar_camera_fusion:/home/mario/Driverless/install/vehicle_controllers:/home/mario/Driverless/install/path_generators:/home/mario/Driverless/install/lidar_only_cone_detector:/home/mario/Driverless/install/id_track_utils:/home/mario/Driverless/install/car_keyop:/home/mario/Driverless/install/ackermann_drive_teleop:/opt/ros/galactic LD_LIBRARY_PATH=/home/mario/Driverless/install/imperial_driverless_gazebo_plugins/lib:/home/mario/Formula-Student-Driverless-Simulator/ros2/install/fsds_ros2_bridge/lib:/home/mario/Formula-Student-Driverless-Simulator/ros2/install/fs_msgs/lib:/home/mario/Driverless/install/path_followers/lib:/usr/lib/x86_64-linux-gnu/gazebo-11/plugins:/opt/ros/galactic/opt/yaml_cpp_vendor/lib:/opt/ros/galactic/opt/rviz_ogre_vendor/lib:/opt/ros/galactic/lib/x86_64-linux-gnu:/opt/ros/galactic/lib PYTHONPATH=/home/mario/Driverless/install/vehicle_controllers/lib/python3.8/site-packages:/home/mario/Formula-Student-Driverless-Simulator/ros2/install/fs_msgs/lib/python3.8/site-packages:/home/mario/Driverless/install/lidar_camera_fusion/lib/python3.8/site-packages:/home/mario/Driverless/install/imperial_driverless_utils/lib/python3.8/site-packages:/home/mario/Driverless/install/full_gazebo_simulator/lib/python3.8/site-packages:/home/mario/Driverless/install/path_generators/lib/python3.8/site-packages:/home/mario/Driverless/install/path_followers/lib/python3.8/site-packages:/home/mario/Driverless/install/lidar_only_cone_detector/lib/python3.8/site-packages:/home/mario/Driverless/install/id_track_utils/lib/python3.8/site-packages:/home/mario/Driverless/install/fsds_simulator/lib/python3.8/site-packages:/home/mario/Driverless/install/f110_gym/lib/python3.8/site-packages:/home/mario/Driverless/install/car_keyop/lib/python3.8/site-packages:/home/mario/Driverless/install/ackermann_drive_teleop/lib/python3.8/site-packages:/opt/ros/galactic/lib/python3.8/site-packages /usr/bin/cmake /home/mario/Driverless/src/full_gazebo_simulator/full_gazebo_simulator -DCMAKE_INSTALL_PREFIX=/home/mario/Driverless/install/full_gazebo_simulator
[6.183s] Invoking command in '/home/mario/Driverless/build/full_gazebo_simulator': AMENT_PREFIX_PATH=/home/mario/Driverless/install/vehicle_controllers:/home/mario/Formula-Student-Driverless-Simulator/ros2/install/fsds_ros2_bridge:/home/mario/Formula-Student-Driverless-Simulator/ros2/install/fs_msgs:/home/mario/Driverless/install/lidar_camera_fusion:/home/mario/Driverless/install/imperial_driverless_utils:/home/mario/Driverless/install/vehicle_descriptions:/home/mario/Driverless/install/full_gazebo_simulator:/home/mario/Driverless/install/path_generators:/home/mario/Driverless/install/path_followers:/home/mario/Driverless/install/lightweight_lidar_only_simulator:/home/mario/Driverless/install/lidar_only_cone_detector:/home/mario/Driverless/install/imperial_driverless_gazebo_plugins:/home/mario/Driverless/install/id_track_utils:/home/mario/Driverless/install/fsds_simulator:/home/mario/Driverless/install/car_keyop:/home/mario/Driverless/install/ackermann_drive_teleop:/opt/ros/galactic CMAKE_PREFIX_PATH=/home/mario/Driverless/install/imperial_driverless_gazebo_plugins:/home/mario/Formula-Student-Driverless-Simulator/ros2/install/fsds_ros2_bridge:/home/mario/Formula-Student-Driverless-Simulator/ros2/install/fs_msgs:/home/mario/Driverless/install/imperial_driverless_utils:/home/mario/Driverless/install/vehicle_descriptions:/home/mario/Driverless/install/full_gazebo_simulator:/home/mario/Driverless/install/path_followers:/home/mario/Driverless/install/lightweight_lidar_only_simulator:/home/mario/Driverless/install/fsds_simulator:/home/mario/Driverless/install/lidar_camera_fusion:/home/mario/Driverless/install/vehicle_controllers:/home/mario/Driverless/install/path_generators:/home/mario/Driverless/install/lidar_only_cone_detector:/home/mario/Driverless/install/id_track_utils:/home/mario/Driverless/install/car_keyop:/home/mario/Driverless/install/ackermann_drive_teleop:/opt/ros/galactic LD_LIBRARY_PATH=/home/mario/Driverless/install/imperial_driverless_gazebo_plugins/lib:/home/mario/Formula-Student-Driverless-Simulator/ros2/install/fsds_ros2_bridge/lib:/home/mario/Formula-Student-Driverless-Simulator/ros2/install/fs_msgs/lib:/home/mario/Driverless/install/path_followers/lib:/usr/lib/x86_64-linux-gnu/gazebo-11/plugins:/opt/ros/galactic/opt/yaml_cpp_vendor/lib:/opt/ros/galactic/opt/rviz_ogre_vendor/lib:/opt/ros/galactic/lib/x86_64-linux-gnu:/opt/ros/galactic/lib PYTHONPATH=/home/mario/Driverless/install/vehicle_controllers/lib/python3.8/site-packages:/home/mario/Formula-Student-Driverless-Simulator/ros2/install/fs_msgs/lib/python3.8/site-packages:/home/mario/Driverless/install/lidar_camera_fusion/lib/python3.8/site-packages:/home/mario/Driverless/install/imperial_driverless_utils/lib/python3.8/site-packages:/home/mario/Driverless/install/full_gazebo_simulator/lib/python3.8/site-packages:/home/mario/Driverless/install/path_generators/lib/python3.8/site-packages:/home/mario/Driverless/install/path_followers/lib/python3.8/site-packages:/home/mario/Driverless/install/lidar_only_cone_detector/lib/python3.8/site-packages:/home/mario/Driverless/install/id_track_utils/lib/python3.8/site-packages:/home/mario/Driverless/install/fsds_simulator/lib/python3.8/site-packages:/home/mario/Driverless/install/f110_gym/lib/python3.8/site-packages:/home/mario/Driverless/install/car_keyop/lib/python3.8/site-packages:/home/mario/Driverless/install/ackermann_drive_teleop/lib/python3.8/site-packages:/opt/ros/galactic/lib/python3.8/site-packages /usr/bin/cmake --build /home/mario/Driverless/build/full_gazebo_simulator -- -j4 -l4
[6.243s] [35m[1mScanning dependencies of target ament_cmake_python_symlink_full_gazebo_simulator_setup[0m
[6.244s] [35m[1mScanning dependencies of target ament_cmake_python_symlink_full_gazebo_simulator[0m
[6.244s] [35m[1mScanning dependencies of target ament_cmake_python_build_full_gazebo_simulator_scripts[0m
[6.279s] Built target ament_cmake_python_symlink_full_gazebo_simulator_setup
[6.286s] Built target ament_cmake_python_symlink_full_gazebo_simulator
[6.302s] [35m[1mScanning dependencies of target ament_cmake_python_build_full_gazebo_simulator_egg[0m
[6.612s] running egg_info
[6.614s] creating full_gazebo_simulator.egg-info
[6.614s] writing full_gazebo_simulator.egg-info/PKG-INFO
[6.614s] writing dependency_links to full_gazebo_simulator.egg-info/dependency_links.txt
[6.614s] writing entry points to full_gazebo_simulator.egg-info/entry_points.txt
[6.615s] writing top-level names to full_gazebo_simulator.egg-info/top_level.txt
[6.616s] writing manifest file 'full_gazebo_simulator.egg-info/SOURCES.txt'
[6.660s] reading manifest file 'full_gazebo_simulator.egg-info/SOURCES.txt'
[6.660s] writing manifest file 'full_gazebo_simulator.egg-info/SOURCES.txt'
[6.695s] Built target ament_cmake_python_build_full_gazebo_simulator_egg
[6.743s] running install_scripts
[6.786s] running egg_info
[6.787s] writing full_gazebo_simulator.egg-info/PKG-INFO
[6.788s] writing dependency_links to full_gazebo_simulator.egg-info/dependency_links.txt
[6.788s] writing entry points to full_gazebo_simulator.egg-info/entry_points.txt
[6.788s] writing top-level names to full_gazebo_simulator.egg-info/top_level.txt
[6.856s] reading manifest file 'full_gazebo_simulator.egg-info/SOURCES.txt'
[6.857s] writing manifest file 'full_gazebo_simulator.egg-info/SOURCES.txt'
[6.861s] Installing id_interface script to scripts
[6.904s] Built target ament_cmake_python_build_full_gazebo_simulator_scripts
[6.917s] Invoked command in '/home/mario/Driverless/build/full_gazebo_simulator' returned '0': AMENT_PREFIX_PATH=/home/mario/Driverless/install/vehicle_controllers:/home/mario/Formula-Student-Driverless-Simulator/ros2/install/fsds_ros2_bridge:/home/mario/Formula-Student-Driverless-Simulator/ros2/install/fs_msgs:/home/mario/Driverless/install/lidar_camera_fusion:/home/mario/Driverless/install/imperial_driverless_utils:/home/mario/Driverless/install/vehicle_descriptions:/home/mario/Driverless/install/full_gazebo_simulator:/home/mario/Driverless/install/path_generators:/home/mario/Driverless/install/path_followers:/home/mario/Driverless/install/lightweight_lidar_only_simulator:/home/mario/Driverless/install/lidar_only_cone_detector:/home/mario/Driverless/install/imperial_driverless_gazebo_plugins:/home/mario/Driverless/install/id_track_utils:/home/mario/Driverless/install/fsds_simulator:/home/mario/Driverless/install/car_keyop:/home/mario/Driverless/install/ackermann_drive_teleop:/opt/ros/galactic CMAKE_PREFIX_PATH=/home/mario/Driverless/install/imperial_driverless_gazebo_plugins:/home/mario/Formula-Student-Driverless-Simulator/ros2/install/fsds_ros2_bridge:/home/mario/Formula-Student-Driverless-Simulator/ros2/install/fs_msgs:/home/mario/Driverless/install/imperial_driverless_utils:/home/mario/Driverless/install/vehicle_descriptions:/home/mario/Driverless/install/full_gazebo_simulator:/home/mario/Driverless/install/path_followers:/home/mario/Driverless/install/lightweight_lidar_only_simulator:/home/mario/Driverless/install/fsds_simulator:/home/mario/Driverless/install/lidar_camera_fusion:/home/mario/Driverless/install/vehicle_controllers:/home/mario/Driverless/install/path_generators:/home/mario/Driverless/install/lidar_only_cone_detector:/home/mario/Driverless/install/id_track_utils:/home/mario/Driverless/install/car_keyop:/home/mario/Driverless/install/ackermann_drive_teleop:/opt/ros/galactic LD_LIBRARY_PATH=/home/mario/Driverless/install/imperial_driverless_gazebo_plugins/lib:/home/mario/Formula-Student-Driverless-Simulator/ros2/install/fsds_ros2_bridge/lib:/home/mario/Formula-Student-Driverless-Simulator/ros2/install/fs_msgs/lib:/home/mario/Driverless/install/path_followers/lib:/usr/lib/x86_64-linux-gnu/gazebo-11/plugins:/opt/ros/galactic/opt/yaml_cpp_vendor/lib:/opt/ros/galactic/opt/rviz_ogre_vendor/lib:/opt/ros/galactic/lib/x86_64-linux-gnu:/opt/ros/galactic/lib PYTHONPATH=/home/mario/Driverless/install/vehicle_controllers/lib/python3.8/site-packages:/home/mario/Formula-Student-Driverless-Simulator/ros2/install/fs_msgs/lib/python3.8/site-packages:/home/mario/Driverless/install/lidar_camera_fusion/lib/python3.8/site-packages:/home/mario/Driverless/install/imperial_driverless_utils/lib/python3.8/site-packages:/home/mario/Driverless/install/full_gazebo_simulator/lib/python3.8/site-packages:/home/mario/Driverless/install/path_generators/lib/python3.8/site-packages:/home/mario/Driverless/install/path_followers/lib/python3.8/site-packages:/home/mario/Driverless/install/lidar_only_cone_detector/lib/python3.8/site-packages:/home/mario/Driverless/install/id_track_utils/lib/python3.8/site-packages:/home/mario/Driverless/install/fsds_simulator/lib/python3.8/site-packages:/home/mario/Driverless/install/f110_gym/lib/python3.8/site-packages:/home/mario/Driverless/install/car_keyop/lib/python3.8/site-packages:/home/mario/Driverless/install/ackermann_drive_teleop/lib/python3.8/site-packages:/opt/ros/galactic/lib/python3.8/site-packages /usr/bin/cmake --build /home/mario/Driverless/build/full_gazebo_simulator -- -j4 -l4
[6.952s] Invoking command in '/home/mario/Driverless/build/full_gazebo_simulator': AMENT_PREFIX_PATH=/home/mario/Driverless/install/vehicle_controllers:/home/mario/Formula-Student-Driverless-Simulator/ros2/install/fsds_ros2_bridge:/home/mario/Formula-Student-Driverless-Simulator/ros2/install/fs_msgs:/home/mario/Driverless/install/lidar_camera_fusion:/home/mario/Driverless/install/imperial_driverless_utils:/home/mario/Driverless/install/vehicle_descriptions:/home/mario/Driverless/install/full_gazebo_simulator:/home/mario/Driverless/install/path_generators:/home/mario/Driverless/install/path_followers:/home/mario/Driverless/install/lightweight_lidar_only_simulator:/home/mario/Driverless/install/lidar_only_cone_detector:/home/mario/Driverless/install/imperial_driverless_gazebo_plugins:/home/mario/Driverless/install/id_track_utils:/home/mario/Driverless/install/fsds_simulator:/home/mario/Driverless/install/car_keyop:/home/mario/Driverless/install/ackermann_drive_teleop:/opt/ros/galactic CMAKE_PREFIX_PATH=/home/mario/Driverless/install/imperial_driverless_gazebo_plugins:/home/mario/Formula-Student-Driverless-Simulator/ros2/install/fsds_ros2_bridge:/home/mario/Formula-Student-Driverless-Simulator/ros2/install/fs_msgs:/home/mario/Driverless/install/imperial_driverless_utils:/home/mario/Driverless/install/vehicle_descriptions:/home/mario/Driverless/install/full_gazebo_simulator:/home/mario/Driverless/install/path_followers:/home/mario/Driverless/install/lightweight_lidar_only_simulator:/home/mario/Driverless/install/fsds_simulator:/home/mario/Driverless/install/lidar_camera_fusion:/home/mario/Driverless/install/vehicle_controllers:/home/mario/Driverless/install/path_generators:/home/mario/Driverless/install/lidar_only_cone_detector:/home/mario/Driverless/install/id_track_utils:/home/mario/Driverless/install/car_keyop:/home/mario/Driverless/install/ackermann_drive_teleop:/opt/ros/galactic LD_LIBRARY_PATH=/home/mario/Driverless/install/imperial_driverless_gazebo_plugins/lib:/home/mario/Formula-Student-Driverless-Simulator/ros2/install/fsds_ros2_bridge/lib:/home/mario/Formula-Student-Driverless-Simulator/ros2/install/fs_msgs/lib:/home/mario/Driverless/install/path_followers/lib:/usr/lib/x86_64-linux-gnu/gazebo-11/plugins:/opt/ros/galactic/opt/yaml_cpp_vendor/lib:/opt/ros/galactic/opt/rviz_ogre_vendor/lib:/opt/ros/galactic/lib/x86_64-linux-gnu:/opt/ros/galactic/lib PYTHONPATH=/home/mario/Driverless/install/vehicle_controllers/lib/python3.8/site-packages:/home/mario/Formula-Student-Driverless-Simulator/ros2/install/fs_msgs/lib/python3.8/site-packages:/home/mario/Driverless/install/lidar_camera_fusion/lib/python3.8/site-packages:/home/mario/Driverless/install/imperial_driverless_utils/lib/python3.8/site-packages:/home/mario/Driverless/install/full_gazebo_simulator/lib/python3.8/site-packages:/home/mario/Driverless/install/path_generators/lib/python3.8/site-packages:/home/mario/Driverless/install/path_followers/lib/python3.8/site-packages:/home/mario/Driverless/install/lidar_only_cone_detector/lib/python3.8/site-packages:/home/mario/Driverless/install/id_track_utils/lib/python3.8/site-packages:/home/mario/Driverless/install/fsds_simulator/lib/python3.8/site-packages:/home/mario/Driverless/install/f110_gym/lib/python3.8/site-packages:/home/mario/Driverless/install/car_keyop/lib/python3.8/site-packages:/home/mario/Driverless/install/ackermann_drive_teleop/lib/python3.8/site-packages:/opt/ros/galactic/lib/python3.8/site-packages /usr/bin/cmake --install /home/mario/Driverless/build/full_gazebo_simulator
[6.964s] -- Install configuration: ""
[6.964s] -- Installing: /home/mario/Driverless/install/full_gazebo_simulator/share/full_gazebo_simulator/launch
[6.965s] -- Installing: /home/mario/Driverless/install/full_gazebo_simulator/share/full_gazebo_simulator/launch/simulate_with_twist_interface.launch.py
[6.965s] -- Installing: /home/mario/Driverless/install/full_gazebo_simulator/share/full_gazebo_simulator/launch/simulate_with_vcu_interface.launch.py
[6.965s] -- Installing: /home/mario/Driverless/install/full_gazebo_simulator/share/full_gazebo_simulator/meshes
[6.965s] -- Installing: /home/mario/Driverless/install/full_gazebo_simulator/share/full_gazebo_simulator/meshes/cone_big.dae
[6.965s] -- Installing: /home/mario/Driverless/install/full_gazebo_simulator/share/full_gazebo_simulator/meshes/cone.dae
[6.965s] -- Installing: /home/mario/Driverless/install/full_gazebo_simulator/share/full_gazebo_simulator/meshes/MonkeyNoise.dae
[6.966s] -- Installing: /home/mario/Driverless/install/full_gazebo_simulator/share/full_gazebo_simulator/meshes/NoiseCube.dae
[6.966s] -- Installing: /home/mario/Driverless/install/full_gazebo_simulator/share/full_gazebo_simulator/meshes/cone_yellow.dae
[6.966s] -- Installing: /home/mario/Driverless/install/full_gazebo_simulator/share/full_gazebo_simulator/meshes/cone_blue.dae
[6.967s] -- Installing: /home/mario/Driverless/install/full_gazebo_simulator/share/full_gazebo_simulator/models
[6.967s] -- Installing: /home/mario/Driverless/install/full_gazebo_simulator/share/full_gazebo_simulator/models/yellow_cone
[6.967s] -- Installing: /home/mario/Driverless/install/full_gazebo_simulator/share/full_gazebo_simulator/models/yellow_cone/model.sdf
[6.967s] -- Installing: /home/mario/Driverless/install/full_gazebo_simulator/share/full_gazebo_simulator/models/yellow_cone/model.config
[6.967s] -- Installing: /home/mario/Driverless/install/full_gazebo_simulator/share/full_gazebo_simulator/models/big_cone
[6.967s] -- Installing: /home/mario/Driverless/install/full_gazebo_simulator/share/full_gazebo_simulator/models/big_cone/model.sdf
[6.968s] -- Installing: /home/mario/Driverless/install/full_gazebo_simulator/share/full_gazebo_simulator/models/big_cone/model.config
[6.968s] -- Installing: /home/mario/Driverless/install/full_gazebo_simulator/share/full_gazebo_simulator/models/ground_plane
[6.968s] -- Installing: /home/mario/Driverless/install/full_gazebo_simulator/share/full_gazebo_simulator/models/ground_plane/model.sdf
[6.968s] -- Installing: /home/mario/Driverless/install/full_gazebo_simulator/share/full_gazebo_simulator/models/ground_plane/model.config
[6.968s] -- Installing: /home/mario/Driverless/install/full_gazebo_simulator/share/full_gazebo_simulator/models/blue_cone
[6.968s] -- Installing: /home/mario/Driverless/install/full_gazebo_simulator/share/full_gazebo_simulator/models/blue_cone/model.sdf
[6.969s] -- Installing: /home/mario/Driverless/install/full_gazebo_simulator/share/full_gazebo_simulator/models/blue_cone/model.config
[6.969s] -- Installing: /home/mario/Driverless/install/full_gazebo_simulator/share/full_gazebo_simulator/models/orange_cone
[6.969s] -- Installing: /home/mario/Driverless/install/full_gazebo_simulator/share/full_gazebo_simulator/models/orange_cone/model.sdf
[6.969s] -- Installing: /home/mario/Driverless/install/full_gazebo_simulator/share/full_gazebo_simulator/models/orange_cone/model.config
[6.969s] -- Installing: /home/mario/Driverless/install/full_gazebo_simulator/share/full_gazebo_simulator/urdf_extensions
[6.970s] -- Installing: /home/mario/Driverless/install/full_gazebo_simulator/share/full_gazebo_simulator/urdf_extensions/gazebo_extension.xacro
[6.970s] -- Installing: /home/mario/Driverless/install/full_gazebo_simulator/share/full_gazebo_simulator/worlds
[6.971s] -- Installing: /home/mario/Driverless/install/full_gazebo_simulator/share/full_gazebo_simulator/worlds/empty.world
[6.971s] -- Installing: /home/mario/Driverless/install/full_gazebo_simulator/share/full_gazebo_simulator/environment/pythonpath.sh
[6.971s] -- Installing: /home/mario/Driverless/install/full_gazebo_simulator/share/full_gazebo_simulator/environment/pythonpath.dsv
[6.971s] -- Installing: /home/mario/Driverless/install/full_gazebo_simulator/lib/python3.8/site-packages//full_gazebo_simulator.egg-info
[6.971s] -- Installing: /home/mario/Driverless/install/full_gazebo_simulator/lib/python3.8/site-packages//full_gazebo_simulator.egg-info/entry_points.txt
[6.971s] -- Installing: /home/mario/Driverless/install/full_gazebo_simulator/lib/python3.8/site-packages//full_gazebo_simulator.egg-info/dependency_links.txt
[6.971s] -- Installing: /home/mario/Driverless/install/full_gazebo_simulator/lib/python3.8/site-packages//full_gazebo_simulator.egg-info/PKG-INFO
[6.971s] -- Installing: /home/mario/Driverless/install/full_gazebo_simulator/lib/python3.8/site-packages//full_gazebo_simulator.egg-info/top_level.txt
[6.971s] -- Installing: /home/mario/Driverless/install/full_gazebo_simulator/lib/python3.8/site-packages//full_gazebo_simulator.egg-info/SOURCES.txt
[6.971s] -- Installing: /home/mario/Driverless/install/full_gazebo_simulator/lib/python3.8/site-packages/full_gazebo_simulator
[6.971s] -- Installing: /home/mario/Driverless/install/full_gazebo_simulator/lib/python3.8/site-packages/full_gazebo_simulator/__init__.py
[6.972s] -- Installing: /home/mario/Driverless/install/full_gazebo_simulator/lib/python3.8/site-packages/full_gazebo_simulator/gazebo_simulation_interface.py
[6.972s] -- Installing: /home/mario/Driverless/install/full_gazebo_simulator/lib/python3.8/site-packages/full_gazebo_simulator/setup.cfg
[7.028s] Listing '/home/mario/Driverless/install/full_gazebo_simulator/lib/python3.8/site-packages/full_gazebo_simulator'...
[7.028s] Compiling '/home/mario/Driverless/install/full_gazebo_simulator/lib/python3.8/site-packages/full_gazebo_simulator/__init__.py'...
[7.028s] Compiling '/home/mario/Driverless/install/full_gazebo_simulator/lib/python3.8/site-packages/full_gazebo_simulator/gazebo_simulation_interface.py'...
[7.033s] -- Installing: /home/mario/Driverless/install/full_gazebo_simulator/lib/full_gazebo_simulator/
[7.033s] -- Installing: /home/mario/Driverless/install/full_gazebo_simulator/lib/full_gazebo_simulator//id_interface
[7.034s] -- Installing: /home/mario/Driverless/install/full_gazebo_simulator/share/ament_index/resource_index/package_run_dependencies/full_gazebo_simulator
[7.034s] -- Installing: /home/mario/Driverless/install/full_gazebo_simulator/share/ament_index/resource_index/parent_prefix_path/full_gazebo_simulator
[7.034s] -- Installing: /home/mario/Driverless/install/full_gazebo_simulator/share/full_gazebo_simulator/environment/ament_prefix_path.sh
[7.035s] -- Installing: /home/mario/Driverless/install/full_gazebo_simulator/share/full_gazebo_simulator/environment/ament_prefix_path.dsv
[7.035s] -- Installing: /home/mario/Driverless/install/full_gazebo_simulator/share/full_gazebo_simulator/environment/path.sh
[7.035s] -- Installing: /home/mario/Driverless/install/full_gazebo_simulator/share/full_gazebo_simulator/environment/path.dsv
[7.035s] -- Installing: /home/mario/Driverless/install/full_gazebo_simulator/share/full_gazebo_simulator/local_setup.bash
[7.035s] -- Installing: /home/mario/Driverless/install/full_gazebo_simulator/share/full_gazebo_simulator/local_setup.sh
[7.036s] -- Installing: /home/mario/Driverless/install/full_gazebo_simulator/share/full_gazebo_simulator/local_setup.zsh
[7.036s] -- Installing: /home/mario/Driverless/install/full_gazebo_simulator/share/full_gazebo_simulator/local_setup.dsv
[7.036s] -- Installing: /home/mario/Driverless/install/full_gazebo_simulator/share/full_gazebo_simulator/package.dsv
[7.036s] -- Installing: /home/mario/Driverless/install/full_gazebo_simulator/share/ament_index/resource_index/packages/full_gazebo_simulator
[7.037s] -- Installing: /home/mario/Driverless/install/full_gazebo_simulator/share/full_gazebo_simulator/cmake/full_gazebo_simulatorConfig.cmake
[7.037s] -- Installing: /home/mario/Driverless/install/full_gazebo_simulator/share/full_gazebo_simulator/cmake/full_gazebo_simulatorConfig-version.cmake
[7.037s] -- Installing: /home/mario/Driverless/install/full_gazebo_simulator/share/full_gazebo_simulator/package.xml
[7.043s] Invoked command in '/home/mario/Driverless/build/full_gazebo_simulator' returned '0': AMENT_PREFIX_PATH=/home/mario/Driverless/install/vehicle_controllers:/home/mario/Formula-Student-Driverless-Simulator/ros2/install/fsds_ros2_bridge:/home/mario/Formula-Student-Driverless-Simulator/ros2/install/fs_msgs:/home/mario/Driverless/install/lidar_camera_fusion:/home/mario/Driverless/install/imperial_driverless_utils:/home/mario/Driverless/install/vehicle_descriptions:/home/mario/Driverless/install/full_gazebo_simulator:/home/mario/Driverless/install/path_generators:/home/mario/Driverless/install/path_followers:/home/mario/Driverless/install/lightweight_lidar_only_simulator:/home/mario/Driverless/install/lidar_only_cone_detector:/home/mario/Driverless/install/imperial_driverless_gazebo_plugins:/home/mario/Driverless/install/id_track_utils:/home/mario/Driverless/install/fsds_simulator:/home/mario/Driverless/install/car_keyop:/home/mario/Driverless/install/ackermann_drive_teleop:/opt/ros/galactic CMAKE_PREFIX_PATH=/home/mario/Driverless/install/imperial_driverless_gazebo_plugins:/home/mario/Formula-Student-Driverless-Simulator/ros2/install/fsds_ros2_bridge:/home/mario/Formula-Student-Driverless-Simulator/ros2/install/fs_msgs:/home/mario/Driverless/install/imperial_driverless_utils:/home/mario/Driverless/install/vehicle_descriptions:/home/mario/Driverless/install/full_gazebo_simulator:/home/mario/Driverless/install/path_followers:/home/mario/Driverless/install/lightweight_lidar_only_simulator:/home/mario/Driverless/install/fsds_simulator:/home/mario/Driverless/install/lidar_camera_fusion:/home/mario/Driverless/install/vehicle_controllers:/home/mario/Driverless/install/path_generators:/home/mario/Driverless/install/lidar_only_cone_detector:/home/mario/Driverless/install/id_track_utils:/home/mario/Driverless/install/car_keyop:/home/mario/Driverless/install/ackermann_drive_teleop:/opt/ros/galactic LD_LIBRARY_PATH=/home/mario/Driverless/install/imperial_driverless_gazebo_plugins/lib:/home/mario/Formula-Student-Driverless-Simulator/ros2/install/fsds_ros2_bridge/lib:/home/mario/Formula-Student-Driverless-Simulator/ros2/install/fs_msgs/lib:/home/mario/Driverless/install/path_followers/lib:/usr/lib/x86_64-linux-gnu/gazebo-11/plugins:/opt/ros/galactic/opt/yaml_cpp_vendor/lib:/opt/ros/galactic/opt/rviz_ogre_vendor/lib:/opt/ros/galactic/lib/x86_64-linux-gnu:/opt/ros/galactic/lib PYTHONPATH=/home/mario/Driverless/install/vehicle_controllers/lib/python3.8/site-packages:/home/mario/Formula-Student-Driverless-Simulator/ros2/install/fs_msgs/lib/python3.8/site-packages:/home/mario/Driverless/install/lidar_camera_fusion/lib/python3.8/site-packages:/home/mario/Driverless/install/imperial_driverless_utils/lib/python3.8/site-packages:/home/mario/Driverless/install/full_gazebo_simulator/lib/python3.8/site-packages:/home/mario/Driverless/install/path_generators/lib/python3.8/site-packages:/home/mario/Driverless/install/path_followers/lib/python3.8/site-packages:/home/mario/Driverless/install/lidar_only_cone_detector/lib/python3.8/site-packages:/home/mario/Driverless/install/id_track_utils/lib/python3.8/site-packages:/home/mario/Driverless/install/fsds_simulator/lib/python3.8/site-packages:/home/mario/Driverless/install/f110_gym/lib/python3.8/site-packages:/home/mario/Driverless/install/car_keyop/lib/python3.8/site-packages:/home/mario/Driverless/install/ackermann_drive_teleop/lib/python3.8/site-packages:/opt/ros/galactic/lib/python3.8/site-packages /usr/bin/cmake --install /home/mario/Driverless/build/full_gazebo_simulator
