-- The C compiler identification is GNU 9.4.0
-- The CXX compiler identification is GNU 9.4.0
-- Check for working C compiler: /usr/bin/cc
-- Check for working C compiler: /usr/bin/cc -- works
-- Detecting C compiler ABI info
-- Detecting C compiler ABI info - done
-- Detecting C compile features
-- Detecting C compile features - done
-- Check for working CXX compiler: /usr/bin/c++
-- Check for working CXX compiler: /usr/bin/c++ -- works
-- Detecting CXX compiler ABI info
-- Detecting CXX compiler ABI info - done
-- Detecting CXX compile features
-- Detecting CXX compile features - done
-- Found ament_cmake: 1.1.4 (/opt/ros/galactic/share/ament_cmake/cmake)
-- Found PythonInterp: /usr/bin/python3 (found suitable version "3.8.10", minimum required is "3") 
-- Using PYTHON_EXECUTABLE: /usr/bin/python3
-- Configuring done
-- Generating done
-- Build files have been written to: /home/mario/Driverless/build/imperial_driverless_utils
[35m[1mScanning dependencies of target ament_cmake_python_build_imperial_driverless_utils_scripts[0m
[35m[1mScanning dependencies of target ament_cmake_python_symlink_imperial_driverless_utils[0m
[35m[1mScanning dependencies of target ament_cmake_python_symlink_imperial_driverless_utils_setup[0m
Built target ament_cmake_python_symlink_imperial_driverless_utils
Built target ament_cmake_python_symlink_imperial_driverless_utils_setup
[35m[1mScanning dependencies of target ament_cmake_python_build_imperial_driverless_utils_egg[0m
running install_scripts
running egg_info
creating imperial_driverless_utils.egg-info
writing imperial_driverless_utils.egg-info/PKG-INFO
writing dependency_links to imperial_driverless_utils.egg-info/dependency_links.txt
writing entry points to imperial_driverless_utils.egg-info/entry_points.txt
writing top-level names to imperial_driverless_utils.egg-info/top_level.txt
writing manifest file 'imperial_driverless_utils.egg-info/SOURCES.txt'
reading manifest file 'imperial_driverless_utils.egg-info/SOURCES.txt'
writing manifest file 'imperial_driverless_utils.egg-info/SOURCES.txt'
Installing clock_sync_signal_emitter script to scripts
Installing gt_cone_map_publisher script to scripts
Installing gt_cone_map_visualisation_publisher script to scripts
Installing odometry_noisifier script to scripts
Installing path_from_odom_history_publisher script to scripts
Built target ament_cmake_python_build_imperial_driverless_utils_scripts
running egg_info
writing imperial_driverless_utils.egg-info/PKG-INFO
writing dependency_links to imperial_driverless_utils.egg-info/dependency_links.txt
writing entry points to imperial_driverless_utils.egg-info/entry_points.txt
writing top-level names to imperial_driverless_utils.egg-info/top_level.txt
reading manifest file 'imperial_driverless_utils.egg-info/SOURCES.txt'
writing manifest file 'imperial_driverless_utils.egg-info/SOURCES.txt'
Built target ament_cmake_python_build_imperial_driverless_utils_egg
-- Install configuration: ""
-- Installing: /home/mario/Driverless/install/imperial_driverless_utils/share/imperial_driverless_utils/environment/pythonpath.sh
-- Installing: /home/mario/Driverless/install/imperial_driverless_utils/share/imperial_driverless_utils/environment/pythonpath.dsv
-- Installing: /home/mario/Driverless/install/imperial_driverless_utils/lib/python3.8/site-packages//imperial_driverless_utils.egg-info
-- Installing: /home/mario/Driverless/install/imperial_driverless_utils/lib/python3.8/site-packages//imperial_driverless_utils.egg-info/entry_points.txt
-- Installing: /home/mario/Driverless/install/imperial_driverless_utils/lib/python3.8/site-packages//imperial_driverless_utils.egg-info/dependency_links.txt
-- Installing: /home/mario/Driverless/install/imperial_driverless_utils/lib/python3.8/site-packages//imperial_driverless_utils.egg-info/PKG-INFO
-- Installing: /home/mario/Driverless/install/imperial_driverless_utils/lib/python3.8/site-packages//imperial_driverless_utils.egg-info/top_level.txt
-- Installing: /home/mario/Driverless/install/imperial_driverless_utils/lib/python3.8/site-packages//imperial_driverless_utils.egg-info/SOURCES.txt
-- Installing: /home/mario/Driverless/install/imperial_driverless_utils/lib/python3.8/site-packages/imperial_driverless_utils
-- Installing: /home/mario/Driverless/install/imperial_driverless_utils/lib/python3.8/site-packages/imperial_driverless_utils/odometry_noisifier.py
-- Installing: /home/mario/Driverless/install/imperial_driverless_utils/lib/python3.8/site-packages/imperial_driverless_utils/__init__.py
-- Installing: /home/mario/Driverless/install/imperial_driverless_utils/lib/python3.8/site-packages/imperial_driverless_utils/clock_sync_signal_emitter.py
-- Installing: /home/mario/Driverless/install/imperial_driverless_utils/lib/python3.8/site-packages/imperial_driverless_utils/tf_message_filter
-- Installing: /home/mario/Driverless/install/imperial_driverless_utils/lib/python3.8/site-packages/imperial_driverless_utils/tf_message_filter/__init__.py
-- Installing: /home/mario/Driverless/install/imperial_driverless_utils/lib/python3.8/site-packages/imperial_driverless_utils/setup.cfg
-- Installing: /home/mario/Driverless/install/imperial_driverless_utils/lib/python3.8/site-packages/imperial_driverless_utils/gt_cone_map_publisher.py
-- Installing: /home/mario/Driverless/install/imperial_driverless_utils/lib/python3.8/site-packages/imperial_driverless_utils/path_from_odom_history_publisher.py
-- Installing: /home/mario/Driverless/install/imperial_driverless_utils/lib/python3.8/site-packages/imperial_driverless_utils/rviz_config.py
Listing '/home/mario/Driverless/install/imperial_driverless_utils/lib/python3.8/site-packages/imperial_driverless_utils'...
Compiling '/home/mario/Driverless/install/imperial_driverless_utils/lib/python3.8/site-packages/imperial_driverless_utils/__init__.py'...
Compiling '/home/mario/Driverless/install/imperial_driverless_utils/lib/python3.8/site-packages/imperial_driverless_utils/clock_sync_signal_emitter.py'...
Compiling '/home/mario/Driverless/install/imperial_driverless_utils/lib/python3.8/site-packages/imperial_driverless_utils/gt_cone_map_publisher.py'...
Compiling '/home/mario/Driverless/install/imperial_driverless_utils/lib/python3.8/site-packages/imperial_driverless_utils/odometry_noisifier.py'...
Compiling '/home/mario/Driverless/install/imperial_driverless_utils/lib/python3.8/site-packages/imperial_driverless_utils/path_from_odom_history_publisher.py'...
Compiling '/home/mario/Driverless/install/imperial_driverless_utils/lib/python3.8/site-packages/imperial_driverless_utils/rviz_config.py'...
Listing '/home/mario/Driverless/install/imperial_driverless_utils/lib/python3.8/site-packages/imperial_driverless_utils/tf_message_filter'...
Compiling '/home/mario/Driverless/install/imperial_driverless_utils/lib/python3.8/site-packages/imperial_driverless_utils/tf_message_filter/__init__.py'...
-- Installing: /home/mario/Driverless/install/imperial_driverless_utils/lib/imperial_driverless_utils/
-- Installing: /home/mario/Driverless/install/imperial_driverless_utils/lib/imperial_driverless_utils//gt_cone_map_publisher
-- Installing: /home/mario/Driverless/install/imperial_driverless_utils/lib/imperial_driverless_utils//clock_sync_signal_emitter
-- Installing: /home/mario/Driverless/install/imperial_driverless_utils/lib/imperial_driverless_utils//gt_cone_map_visualisation_publisher
-- Installing: /home/mario/Driverless/install/imperial_driverless_utils/lib/imperial_driverless_utils//path_from_odom_history_publisher
-- Installing: /home/mario/Driverless/install/imperial_driverless_utils/lib/imperial_driverless_utils//odometry_noisifier
-- Installing: /home/mario/Driverless/install/imperial_driverless_utils/share/imperial_driverless_utils/launch
-- Installing: /home/mario/Driverless/install/imperial_driverless_utils/share/imperial_driverless_utils/launch/software_stack.launch.py
-- Installing: /home/mario/Driverless/install/imperial_driverless_utils/share/imperial_driverless_utils/launch/custom.launch.py
-- Installing: /home/mario/Driverless/install/imperial_driverless_utils/share/imperial_driverless_utils/launch/setup_simulation_environment.launch.py
-- Installing: /home/mario/Driverless/install/imperial_driverless_utils/share/imperial_driverless_utils/cone_maps
-- Installing: /home/mario/Driverless/install/imperial_driverless_utils/share/imperial_driverless_utils/cone_maps/skidpad.csv
-- Installing: /home/mario/Driverless/install/imperial_driverless_utils/share/imperial_driverless_utils/cone_maps/acceleration.csv
-- Installing: /home/mario/Driverless/install/imperial_driverless_utils/share/imperial_driverless_utils/cone_maps/small_track.csv
-- Installing: /home/mario/Driverless/install/imperial_driverless_utils/share/imperial_driverless_utils/cone_maps/example-track.yaml
-- Installing: /home/mario/Driverless/install/imperial_driverless_utils/share/imperial_driverless_utils/cone_maps/example-track.csv
-- Installing: /home/mario/Driverless/install/imperial_driverless_utils/share/ament_index/resource_index/package_run_dependencies/imperial_driverless_utils
-- Installing: /home/mario/Driverless/install/imperial_driverless_utils/share/ament_index/resource_index/parent_prefix_path/imperial_driverless_utils
-- Installing: /home/mario/Driverless/install/imperial_driverless_utils/share/imperial_driverless_utils/environment/ament_prefix_path.sh
-- Installing: /home/mario/Driverless/install/imperial_driverless_utils/share/imperial_driverless_utils/environment/ament_prefix_path.dsv
-- Installing: /home/mario/Driverless/install/imperial_driverless_utils/share/imperial_driverless_utils/environment/path.sh
-- Installing: /home/mario/Driverless/install/imperial_driverless_utils/share/imperial_driverless_utils/environment/path.dsv
-- Installing: /home/mario/Driverless/install/imperial_driverless_utils/share/imperial_driverless_utils/local_setup.bash
-- Installing: /home/mario/Driverless/install/imperial_driverless_utils/share/imperial_driverless_utils/local_setup.sh
-- Installing: /home/mario/Driverless/install/imperial_driverless_utils/share/imperial_driverless_utils/local_setup.zsh
-- Installing: /home/mario/Driverless/install/imperial_driverless_utils/share/imperial_driverless_utils/local_setup.dsv
-- Installing: /home/mario/Driverless/install/imperial_driverless_utils/share/imperial_driverless_utils/package.dsv
-- Installing: /home/mario/Driverless/install/imperial_driverless_utils/share/ament_index/resource_index/packages/imperial_driverless_utils
-- Installing: /home/mario/Driverless/install/imperial_driverless_utils/share/imperial_driverless_utils/cmake/imperial_driverless_utilsConfig.cmake
-- Installing: /home/mario/Driverless/install/imperial_driverless_utils/share/imperial_driverless_utils/cmake/imperial_driverless_utilsConfig-version.cmake
-- Installing: /home/mario/Driverless/install/imperial_driverless_utils/share/imperial_driverless_utils/package.xml
