[0.043s] Invoking command in '/home/mario/Driverless/build/imperial_driverless_utils': AMENT_PREFIX_PATH=/home/mario/Driverless/install/id_track_utils:/home/mario/Driverless/install/id_rviz_plugins:/home/mario/Driverless/install/car_keyop:/home/mario/Formula-Student-Driverless-Simulator/ros2/install/fsds_ros2_bridge:/home/mario/Formula-Student-Driverless-Simulator/ros2/install/fs_msgs:/home/mario/Driverless/install/lidar_camera_fusion:/home/mario/Driverless/install/imperial_driverless_utils:/home/mario/Driverless/install/vehicle_descriptions:/home/mario/Driverless/install/full_gazebo_simulator:/home/mario/Driverless/install/vehicle_controllers:/home/mario/Driverless/install/path_generators:/home/mario/Driverless/install/path_followers:/home/mario/Driverless/install/lightweight_lidar_only_simulator:/home/mario/Driverless/install/lidar_only_cone_detector:/home/mario/Driverless/install/imperial_driverless_gazebo_plugins:/home/mario/Driverless/install/fsds_simulator:/home/mario/Driverless/install/ackermann_drive_teleop:/opt/ros/galactic CMAKE_PREFIX_PATH=/home/mario/Driverless/install/vehicle_descriptions:/home/mario/Driverless/install/id_rviz_plugins:/home/mario/Formula-Student-Driverless-Simulator/ros2/install/fsds_ros2_bridge:/home/mario/Formula-Student-Driverless-Simulator/ros2/install/fs_msgs:/home/mario/Driverless/install/imperial_driverless_utils:/home/mario/Driverless/install/full_gazebo_simulator:/home/mario/Driverless/install/path_followers:/home/mario/Driverless/install/lightweight_lidar_only_simulator:/home/mario/Driverless/install/imperial_driverless_gazebo_plugins:/home/mario/Driverless/install/fsds_simulator:/home/mario/Driverless/install/lidar_camera_fusion:/home/mario/Driverless/install/vehicle_controllers:/home/mario/Driverless/install/path_generators:/home/mario/Driverless/install/lidar_only_cone_detector:/home/mario/Driverless/install/id_track_utils:/home/mario/Driverless/install/car_keyop:/home/mario/Driverless/install/ackermann_drive_teleop:/opt/ros/galactic LD_LIBRARY_PATH=/home/mario/Driverless/install/id_rviz_plugins/lib:${LD_LIBRARY_PATH} PYTHONPATH=/home/mario/Driverless/install/id_track_utils/lib/python3.8/site-packages:/home/mario/Driverless/install/car_keyop/lib/python3.8/site-packages:/home/mario/Formula-Student-Driverless-Simulator/ros2/install/fs_msgs/lib/python3.8/site-packages:/home/mario/Driverless/install/lidar_camera_fusion/lib/python3.8/site-packages:/home/mario/Driverless/install/imperial_driverless_utils/lib/python3.8/site-packages:/home/mario/Driverless/install/full_gazebo_simulator/lib/python3.8/site-packages:/home/mario/Driverless/install/vehicle_controllers/lib/python3.8/site-packages:/home/mario/Driverless/install/path_generators/lib/python3.8/site-packages:/home/mario/Driverless/install/path_followers/lib/python3.8/site-packages:/home/mario/Driverless/install/lidar_only_cone_detector/lib/python3.8/site-packages:/home/mario/Driverless/install/fsds_simulator/lib/python3.8/site-packages:/home/mario/Driverless/install/f110_gym/lib/python3.8/site-packages:/home/mario/Driverless/install/ackermann_drive_teleop/lib/python3.8/site-packages:/opt/ros/galactic/lib/python3.8/site-packages /usr/bin/cmake /home/mario/Driverless/src/imperial_driverless_utils -DCMAKE_INSTALL_PREFIX=/home/mario/Driverless/install/imperial_driverless_utils
[0.159s] -- The C compiler identification is GNU 9.4.0
[0.272s] -- The CXX compiler identification is GNU 9.4.0
[0.284s] -- Check for working C compiler: /usr/bin/cc
[0.415s] -- Check for working C compiler: /usr/bin/cc -- works
[0.418s] -- Detecting C compiler ABI info
[0.548s] -- Detecting C compiler ABI info - done
[0.575s] -- Detecting C compile features
[0.577s] -- Detecting C compile features - done
[0.587s] -- Check for working CXX compiler: /usr/bin/c++
[0.746s] -- Check for working CXX compiler: /usr/bin/c++ -- works
[0.748s] -- Detecting CXX compiler ABI info
[0.900s] -- Detecting CXX compiler ABI info - done
[0.931s] -- Detecting CXX compile features
[0.933s] -- Detecting CXX compile features - done
[0.939s] -- Found ament_cmake: 1.1.4 (/opt/ros/galactic/share/ament_cmake/cmake)
[0.995s] -- Found PythonInterp: /usr/bin/python3 (found suitable version "3.8.10", minimum required is "3") 
[0.996s] -- Using PYTHON_EXECUTABLE: /usr/bin/python3
[1.477s] -- Configuring done
[1.485s] -- Generating done
[1.487s] -- Build files have been written to: /home/mario/Driverless/build/imperial_driverless_utils
[1.498s] Invoked command in '/home/mario/Driverless/build/imperial_driverless_utils' returned '0': AMENT_PREFIX_PATH=/home/mario/Driverless/install/id_track_utils:/home/mario/Driverless/install/id_rviz_plugins:/home/mario/Driverless/install/car_keyop:/home/mario/Formula-Student-Driverless-Simulator/ros2/install/fsds_ros2_bridge:/home/mario/Formula-Student-Driverless-Simulator/ros2/install/fs_msgs:/home/mario/Driverless/install/lidar_camera_fusion:/home/mario/Driverless/install/imperial_driverless_utils:/home/mario/Driverless/install/vehicle_descriptions:/home/mario/Driverless/install/full_gazebo_simulator:/home/mario/Driverless/install/vehicle_controllers:/home/mario/Driverless/install/path_generators:/home/mario/Driverless/install/path_followers:/home/mario/Driverless/install/lightweight_lidar_only_simulator:/home/mario/Driverless/install/lidar_only_cone_detector:/home/mario/Driverless/install/imperial_driverless_gazebo_plugins:/home/mario/Driverless/install/fsds_simulator:/home/mario/Driverless/install/ackermann_drive_teleop:/opt/ros/galactic CMAKE_PREFIX_PATH=/home/mario/Driverless/install/vehicle_descriptions:/home/mario/Driverless/install/id_rviz_plugins:/home/mario/Formula-Student-Driverless-Simulator/ros2/install/fsds_ros2_bridge:/home/mario/Formula-Student-Driverless-Simulator/ros2/install/fs_msgs:/home/mario/Driverless/install/imperial_driverless_utils:/home/mario/Driverless/install/full_gazebo_simulator:/home/mario/Driverless/install/path_followers:/home/mario/Driverless/install/lightweight_lidar_only_simulator:/home/mario/Driverless/install/imperial_driverless_gazebo_plugins:/home/mario/Driverless/install/fsds_simulator:/home/mario/Driverless/install/lidar_camera_fusion:/home/mario/Driverless/install/vehicle_controllers:/home/mario/Driverless/install/path_generators:/home/mario/Driverless/install/lidar_only_cone_detector:/home/mario/Driverless/install/id_track_utils:/home/mario/Driverless/install/car_keyop:/home/mario/Driverless/install/ackermann_drive_teleop:/opt/ros/galactic LD_LIBRARY_PATH=/home/mario/Driverless/install/id_rviz_plugins/lib:${LD_LIBRARY_PATH} PYTHONPATH=/home/mario/Driverless/install/id_track_utils/lib/python3.8/site-packages:/home/mario/Driverless/install/car_keyop/lib/python3.8/site-packages:/home/mario/Formula-Student-Driverless-Simulator/ros2/install/fs_msgs/lib/python3.8/site-packages:/home/mario/Driverless/install/lidar_camera_fusion/lib/python3.8/site-packages:/home/mario/Driverless/install/imperial_driverless_utils/lib/python3.8/site-packages:/home/mario/Driverless/install/full_gazebo_simulator/lib/python3.8/site-packages:/home/mario/Driverless/install/vehicle_controllers/lib/python3.8/site-packages:/home/mario/Driverless/install/path_generators/lib/python3.8/site-packages:/home/mario/Driverless/install/path_followers/lib/python3.8/site-packages:/home/mario/Driverless/install/lidar_only_cone_detector/lib/python3.8/site-packages:/home/mario/Driverless/install/fsds_simulator/lib/python3.8/site-packages:/home/mario/Driverless/install/f110_gym/lib/python3.8/site-packages:/home/mario/Driverless/install/ackermann_drive_teleop/lib/python3.8/site-packages:/opt/ros/galactic/lib/python3.8/site-packages /usr/bin/cmake /home/mario/Driverless/src/imperial_driverless_utils -DCMAKE_INSTALL_PREFIX=/home/mario/Driverless/install/imperial_driverless_utils
[1.499s] Invoking command in '/home/mario/Driverless/build/imperial_driverless_utils': AMENT_PREFIX_PATH=/home/mario/Driverless/install/id_track_utils:/home/mario/Driverless/install/id_rviz_plugins:/home/mario/Driverless/install/car_keyop:/home/mario/Formula-Student-Driverless-Simulator/ros2/install/fsds_ros2_bridge:/home/mario/Formula-Student-Driverless-Simulator/ros2/install/fs_msgs:/home/mario/Driverless/install/lidar_camera_fusion:/home/mario/Driverless/install/imperial_driverless_utils:/home/mario/Driverless/install/vehicle_descriptions:/home/mario/Driverless/install/full_gazebo_simulator:/home/mario/Driverless/install/vehicle_controllers:/home/mario/Driverless/install/path_generators:/home/mario/Driverless/install/path_followers:/home/mario/Driverless/install/lightweight_lidar_only_simulator:/home/mario/Driverless/install/lidar_only_cone_detector:/home/mario/Driverless/install/imperial_driverless_gazebo_plugins:/home/mario/Driverless/install/fsds_simulator:/home/mario/Driverless/install/ackermann_drive_teleop:/opt/ros/galactic CMAKE_PREFIX_PATH=/home/mario/Driverless/install/vehicle_descriptions:/home/mario/Driverless/install/id_rviz_plugins:/home/mario/Formula-Student-Driverless-Simulator/ros2/install/fsds_ros2_bridge:/home/mario/Formula-Student-Driverless-Simulator/ros2/install/fs_msgs:/home/mario/Driverless/install/imperial_driverless_utils:/home/mario/Driverless/install/full_gazebo_simulator:/home/mario/Driverless/install/path_followers:/home/mario/Driverless/install/lightweight_lidar_only_simulator:/home/mario/Driverless/install/imperial_driverless_gazebo_plugins:/home/mario/Driverless/install/fsds_simulator:/home/mario/Driverless/install/lidar_camera_fusion:/home/mario/Driverless/install/vehicle_controllers:/home/mario/Driverless/install/path_generators:/home/mario/Driverless/install/lidar_only_cone_detector:/home/mario/Driverless/install/id_track_utils:/home/mario/Driverless/install/car_keyop:/home/mario/Driverless/install/ackermann_drive_teleop:/opt/ros/galactic LD_LIBRARY_PATH=/home/mario/Driverless/install/id_rviz_plugins/lib:${LD_LIBRARY_PATH} PYTHONPATH=/home/mario/Driverless/install/id_track_utils/lib/python3.8/site-packages:/home/mario/Driverless/install/car_keyop/lib/python3.8/site-packages:/home/mario/Formula-Student-Driverless-Simulator/ros2/install/fs_msgs/lib/python3.8/site-packages:/home/mario/Driverless/install/lidar_camera_fusion/lib/python3.8/site-packages:/home/mario/Driverless/install/imperial_driverless_utils/lib/python3.8/site-packages:/home/mario/Driverless/install/full_gazebo_simulator/lib/python3.8/site-packages:/home/mario/Driverless/install/vehicle_controllers/lib/python3.8/site-packages:/home/mario/Driverless/install/path_generators/lib/python3.8/site-packages:/home/mario/Driverless/install/path_followers/lib/python3.8/site-packages:/home/mario/Driverless/install/lidar_only_cone_detector/lib/python3.8/site-packages:/home/mario/Driverless/install/fsds_simulator/lib/python3.8/site-packages:/home/mario/Driverless/install/f110_gym/lib/python3.8/site-packages:/home/mario/Driverless/install/ackermann_drive_teleop/lib/python3.8/site-packages:/opt/ros/galactic/lib/python3.8/site-packages /usr/bin/cmake --build /home/mario/Driverless/build/imperial_driverless_utils -- -j4 -l4
[1.584s] [35m[1mScanning dependencies of target ament_cmake_python_build_imperial_driverless_utils_scripts[0m
[1.608s] [35m[1mScanning dependencies of target ament_cmake_python_symlink_imperial_driverless_utils[0m
[1.620s] [35m[1mScanning dependencies of target ament_cmake_python_symlink_imperial_driverless_utils_setup[0m
[1.694s] Built target ament_cmake_python_symlink_imperial_driverless_utils
[1.750s] Built target ament_cmake_python_symlink_imperial_driverless_utils_setup
[1.818s] [35m[1mScanning dependencies of target ament_cmake_python_build_imperial_driverless_utils_egg[0m
[2.213s] running install_scripts
[2.293s] running egg_info
[2.294s] creating imperial_driverless_utils.egg-info
[2.295s] writing imperial_driverless_utils.egg-info/PKG-INFO
[2.295s] writing dependency_links to imperial_driverless_utils.egg-info/dependency_links.txt
[2.295s] writing entry points to imperial_driverless_utils.egg-info/entry_points.txt
[2.296s] writing top-level names to imperial_driverless_utils.egg-info/top_level.txt
[2.310s] writing manifest file 'imperial_driverless_utils.egg-info/SOURCES.txt'
[2.381s] reading manifest file 'imperial_driverless_utils.egg-info/SOURCES.txt'
[2.382s] writing manifest file 'imperial_driverless_utils.egg-info/SOURCES.txt'
[2.386s] Installing clock_sync_signal_emitter script to scripts
[2.386s] Installing gt_cone_map_publisher script to scripts
[2.386s] Installing gt_cone_map_visualisation_publisher script to scripts
[2.386s] Installing odometry_noisifier script to scripts
[2.387s] Installing path_from_odom_history_publisher script to scripts
[2.483s] Built target ament_cmake_python_build_imperial_driverless_utils_scripts
[2.531s] running egg_info
[2.533s] writing imperial_driverless_utils.egg-info/PKG-INFO
[2.534s] writing dependency_links to imperial_driverless_utils.egg-info/dependency_links.txt
[2.535s] writing entry points to imperial_driverless_utils.egg-info/entry_points.txt
[2.535s] writing top-level names to imperial_driverless_utils.egg-info/top_level.txt
[2.612s] reading manifest file 'imperial_driverless_utils.egg-info/SOURCES.txt'
[2.614s] writing manifest file 'imperial_driverless_utils.egg-info/SOURCES.txt'
[2.662s] Built target ament_cmake_python_build_imperial_driverless_utils_egg
[2.684s] Invoked command in '/home/mario/Driverless/build/imperial_driverless_utils' returned '0': AMENT_PREFIX_PATH=/home/mario/Driverless/install/id_track_utils:/home/mario/Driverless/install/id_rviz_plugins:/home/mario/Driverless/install/car_keyop:/home/mario/Formula-Student-Driverless-Simulator/ros2/install/fsds_ros2_bridge:/home/mario/Formula-Student-Driverless-Simulator/ros2/install/fs_msgs:/home/mario/Driverless/install/lidar_camera_fusion:/home/mario/Driverless/install/imperial_driverless_utils:/home/mario/Driverless/install/vehicle_descriptions:/home/mario/Driverless/install/full_gazebo_simulator:/home/mario/Driverless/install/vehicle_controllers:/home/mario/Driverless/install/path_generators:/home/mario/Driverless/install/path_followers:/home/mario/Driverless/install/lightweight_lidar_only_simulator:/home/mario/Driverless/install/lidar_only_cone_detector:/home/mario/Driverless/install/imperial_driverless_gazebo_plugins:/home/mario/Driverless/install/fsds_simulator:/home/mario/Driverless/install/ackermann_drive_teleop:/opt/ros/galactic CMAKE_PREFIX_PATH=/home/mario/Driverless/install/vehicle_descriptions:/home/mario/Driverless/install/id_rviz_plugins:/home/mario/Formula-Student-Driverless-Simulator/ros2/install/fsds_ros2_bridge:/home/mario/Formula-Student-Driverless-Simulator/ros2/install/fs_msgs:/home/mario/Driverless/install/imperial_driverless_utils:/home/mario/Driverless/install/full_gazebo_simulator:/home/mario/Driverless/install/path_followers:/home/mario/Driverless/install/lightweight_lidar_only_simulator:/home/mario/Driverless/install/imperial_driverless_gazebo_plugins:/home/mario/Driverless/install/fsds_simulator:/home/mario/Driverless/install/lidar_camera_fusion:/home/mario/Driverless/install/vehicle_controllers:/home/mario/Driverless/install/path_generators:/home/mario/Driverless/install/lidar_only_cone_detector:/home/mario/Driverless/install/id_track_utils:/home/mario/Driverless/install/car_keyop:/home/mario/Driverless/install/ackermann_drive_teleop:/opt/ros/galactic LD_LIBRARY_PATH=/home/mario/Driverless/install/id_rviz_plugins/lib:${LD_LIBRARY_PATH} PYTHONPATH=/home/mario/Driverless/install/id_track_utils/lib/python3.8/site-packages:/home/mario/Driverless/install/car_keyop/lib/python3.8/site-packages:/home/mario/Formula-Student-Driverless-Simulator/ros2/install/fs_msgs/lib/python3.8/site-packages:/home/mario/Driverless/install/lidar_camera_fusion/lib/python3.8/site-packages:/home/mario/Driverless/install/imperial_driverless_utils/lib/python3.8/site-packages:/home/mario/Driverless/install/full_gazebo_simulator/lib/python3.8/site-packages:/home/mario/Driverless/install/vehicle_controllers/lib/python3.8/site-packages:/home/mario/Driverless/install/path_generators/lib/python3.8/site-packages:/home/mario/Driverless/install/path_followers/lib/python3.8/site-packages:/home/mario/Driverless/install/lidar_only_cone_detector/lib/python3.8/site-packages:/home/mario/Driverless/install/fsds_simulator/lib/python3.8/site-packages:/home/mario/Driverless/install/f110_gym/lib/python3.8/site-packages:/home/mario/Driverless/install/ackermann_drive_teleop/lib/python3.8/site-packages:/opt/ros/galactic/lib/python3.8/site-packages /usr/bin/cmake --build /home/mario/Driverless/build/imperial_driverless_utils -- -j4 -l4
[2.736s] Invoking command in '/home/mario/Driverless/build/imperial_driverless_utils': AMENT_PREFIX_PATH=/home/mario/Driverless/install/id_track_utils:/home/mario/Driverless/install/id_rviz_plugins:/home/mario/Driverless/install/car_keyop:/home/mario/Formula-Student-Driverless-Simulator/ros2/install/fsds_ros2_bridge:/home/mario/Formula-Student-Driverless-Simulator/ros2/install/fs_msgs:/home/mario/Driverless/install/lidar_camera_fusion:/home/mario/Driverless/install/imperial_driverless_utils:/home/mario/Driverless/install/vehicle_descriptions:/home/mario/Driverless/install/full_gazebo_simulator:/home/mario/Driverless/install/vehicle_controllers:/home/mario/Driverless/install/path_generators:/home/mario/Driverless/install/path_followers:/home/mario/Driverless/install/lightweight_lidar_only_simulator:/home/mario/Driverless/install/lidar_only_cone_detector:/home/mario/Driverless/install/imperial_driverless_gazebo_plugins:/home/mario/Driverless/install/fsds_simulator:/home/mario/Driverless/install/ackermann_drive_teleop:/opt/ros/galactic CMAKE_PREFIX_PATH=/home/mario/Driverless/install/vehicle_descriptions:/home/mario/Driverless/install/id_rviz_plugins:/home/mario/Formula-Student-Driverless-Simulator/ros2/install/fsds_ros2_bridge:/home/mario/Formula-Student-Driverless-Simulator/ros2/install/fs_msgs:/home/mario/Driverless/install/imperial_driverless_utils:/home/mario/Driverless/install/full_gazebo_simulator:/home/mario/Driverless/install/path_followers:/home/mario/Driverless/install/lightweight_lidar_only_simulator:/home/mario/Driverless/install/imperial_driverless_gazebo_plugins:/home/mario/Driverless/install/fsds_simulator:/home/mario/Driverless/install/lidar_camera_fusion:/home/mario/Driverless/install/vehicle_controllers:/home/mario/Driverless/install/path_generators:/home/mario/Driverless/install/lidar_only_cone_detector:/home/mario/Driverless/install/id_track_utils:/home/mario/Driverless/install/car_keyop:/home/mario/Driverless/install/ackermann_drive_teleop:/opt/ros/galactic LD_LIBRARY_PATH=/home/mario/Driverless/install/id_rviz_plugins/lib:${LD_LIBRARY_PATH} PYTHONPATH=/home/mario/Driverless/install/id_track_utils/lib/python3.8/site-packages:/home/mario/Driverless/install/car_keyop/lib/python3.8/site-packages:/home/mario/Formula-Student-Driverless-Simulator/ros2/install/fs_msgs/lib/python3.8/site-packages:/home/mario/Driverless/install/lidar_camera_fusion/lib/python3.8/site-packages:/home/mario/Driverless/install/imperial_driverless_utils/lib/python3.8/site-packages:/home/mario/Driverless/install/full_gazebo_simulator/lib/python3.8/site-packages:/home/mario/Driverless/install/vehicle_controllers/lib/python3.8/site-packages:/home/mario/Driverless/install/path_generators/lib/python3.8/site-packages:/home/mario/Driverless/install/path_followers/lib/python3.8/site-packages:/home/mario/Driverless/install/lidar_only_cone_detector/lib/python3.8/site-packages:/home/mario/Driverless/install/fsds_simulator/lib/python3.8/site-packages:/home/mario/Driverless/install/f110_gym/lib/python3.8/site-packages:/home/mario/Driverless/install/ackermann_drive_teleop/lib/python3.8/site-packages:/opt/ros/galactic/lib/python3.8/site-packages /usr/bin/cmake --install /home/mario/Driverless/build/imperial_driverless_utils
[2.756s] -- Install configuration: ""
[2.756s] -- Installing: /home/mario/Driverless/install/imperial_driverless_utils/share/imperial_driverless_utils/environment/pythonpath.sh
[2.756s] -- Installing: /home/mario/Driverless/install/imperial_driverless_utils/share/imperial_driverless_utils/environment/pythonpath.dsv
[2.756s] -- Installing: /home/mario/Driverless/install/imperial_driverless_utils/lib/python3.8/site-packages//imperial_driverless_utils.egg-info
[2.757s] -- Installing: /home/mario/Driverless/install/imperial_driverless_utils/lib/python3.8/site-packages//imperial_driverless_utils.egg-info/entry_points.txt
[2.757s] -- Installing: /home/mario/Driverless/install/imperial_driverless_utils/lib/python3.8/site-packages//imperial_driverless_utils.egg-info/dependency_links.txt
[2.757s] -- Installing: /home/mario/Driverless/install/imperial_driverless_utils/lib/python3.8/site-packages//imperial_driverless_utils.egg-info/PKG-INFO
[2.757s] -- Installing: /home/mario/Driverless/install/imperial_driverless_utils/lib/python3.8/site-packages//imperial_driverless_utils.egg-info/top_level.txt
[2.757s] -- Installing: /home/mario/Driverless/install/imperial_driverless_utils/lib/python3.8/site-packages//imperial_driverless_utils.egg-info/SOURCES.txt
[2.758s] -- Installing: /home/mario/Driverless/install/imperial_driverless_utils/lib/python3.8/site-packages/imperial_driverless_utils
[2.758s] -- Installing: /home/mario/Driverless/install/imperial_driverless_utils/lib/python3.8/site-packages/imperial_driverless_utils/odometry_noisifier.py
[2.758s] -- Installing: /home/mario/Driverless/install/imperial_driverless_utils/lib/python3.8/site-packages/imperial_driverless_utils/__init__.py
[2.758s] -- Installing: /home/mario/Driverless/install/imperial_driverless_utils/lib/python3.8/site-packages/imperial_driverless_utils/clock_sync_signal_emitter.py
[2.758s] -- Installing: /home/mario/Driverless/install/imperial_driverless_utils/lib/python3.8/site-packages/imperial_driverless_utils/tf_message_filter
[2.758s] -- Installing: /home/mario/Driverless/install/imperial_driverless_utils/lib/python3.8/site-packages/imperial_driverless_utils/tf_message_filter/__init__.py
[2.759s] -- Installing: /home/mario/Driverless/install/imperial_driverless_utils/lib/python3.8/site-packages/imperial_driverless_utils/setup.cfg
[2.759s] -- Installing: /home/mario/Driverless/install/imperial_driverless_utils/lib/python3.8/site-packages/imperial_driverless_utils/gt_cone_map_publisher.py
[2.759s] -- Installing: /home/mario/Driverless/install/imperial_driverless_utils/lib/python3.8/site-packages/imperial_driverless_utils/path_from_odom_history_publisher.py
[2.759s] -- Installing: /home/mario/Driverless/install/imperial_driverless_utils/lib/python3.8/site-packages/imperial_driverless_utils/rviz_config.py
[2.838s] Listing '/home/mario/Driverless/install/imperial_driverless_utils/lib/python3.8/site-packages/imperial_driverless_utils'...
[2.838s] Compiling '/home/mario/Driverless/install/imperial_driverless_utils/lib/python3.8/site-packages/imperial_driverless_utils/__init__.py'...
[2.838s] Compiling '/home/mario/Driverless/install/imperial_driverless_utils/lib/python3.8/site-packages/imperial_driverless_utils/clock_sync_signal_emitter.py'...
[2.838s] Compiling '/home/mario/Driverless/install/imperial_driverless_utils/lib/python3.8/site-packages/imperial_driverless_utils/gt_cone_map_publisher.py'...
[2.838s] Compiling '/home/mario/Driverless/install/imperial_driverless_utils/lib/python3.8/site-packages/imperial_driverless_utils/odometry_noisifier.py'...
[2.838s] Compiling '/home/mario/Driverless/install/imperial_driverless_utils/lib/python3.8/site-packages/imperial_driverless_utils/path_from_odom_history_publisher.py'...
[2.838s] Compiling '/home/mario/Driverless/install/imperial_driverless_utils/lib/python3.8/site-packages/imperial_driverless_utils/rviz_config.py'...
[2.839s] Listing '/home/mario/Driverless/install/imperial_driverless_utils/lib/python3.8/site-packages/imperial_driverless_utils/tf_message_filter'...
[2.839s] Compiling '/home/mario/Driverless/install/imperial_driverless_utils/lib/python3.8/site-packages/imperial_driverless_utils/tf_message_filter/__init__.py'...
[2.847s] -- Installing: /home/mario/Driverless/install/imperial_driverless_utils/lib/imperial_driverless_utils/
[2.847s] -- Installing: /home/mario/Driverless/install/imperial_driverless_utils/lib/imperial_driverless_utils//gt_cone_map_publisher
[2.848s] -- Installing: /home/mario/Driverless/install/imperial_driverless_utils/lib/imperial_driverless_utils//clock_sync_signal_emitter
[2.848s] -- Installing: /home/mario/Driverless/install/imperial_driverless_utils/lib/imperial_driverless_utils//gt_cone_map_visualisation_publisher
[2.849s] -- Installing: /home/mario/Driverless/install/imperial_driverless_utils/lib/imperial_driverless_utils//path_from_odom_history_publisher
[2.849s] -- Installing: /home/mario/Driverless/install/imperial_driverless_utils/lib/imperial_driverless_utils//odometry_noisifier
[2.850s] -- Installing: /home/mario/Driverless/install/imperial_driverless_utils/share/imperial_driverless_utils/launch
[2.850s] -- Installing: /home/mario/Driverless/install/imperial_driverless_utils/share/imperial_driverless_utils/launch/software_stack.launch.py
[2.851s] -- Installing: /home/mario/Driverless/install/imperial_driverless_utils/share/imperial_driverless_utils/launch/custom.launch.py
[2.851s] -- Installing: /home/mario/Driverless/install/imperial_driverless_utils/share/imperial_driverless_utils/launch/setup_simulation_environment.launch.py
[2.852s] -- Installing: /home/mario/Driverless/install/imperial_driverless_utils/share/imperial_driverless_utils/cone_maps
[2.852s] -- Installing: /home/mario/Driverless/install/imperial_driverless_utils/share/imperial_driverless_utils/cone_maps/skidpad.csv
[2.853s] -- Installing: /home/mario/Driverless/install/imperial_driverless_utils/share/imperial_driverless_utils/cone_maps/acceleration.csv
[2.853s] -- Installing: /home/mario/Driverless/install/imperial_driverless_utils/share/imperial_driverless_utils/cone_maps/small_track.csv
[2.853s] -- Installing: /home/mario/Driverless/install/imperial_driverless_utils/share/imperial_driverless_utils/cone_maps/example-track.yaml
[2.854s] -- Installing: /home/mario/Driverless/install/imperial_driverless_utils/share/imperial_driverless_utils/cone_maps/example-track.csv
[2.855s] -- Installing: /home/mario/Driverless/install/imperial_driverless_utils/share/ament_index/resource_index/package_run_dependencies/imperial_driverless_utils
[2.855s] -- Installing: /home/mario/Driverless/install/imperial_driverless_utils/share/ament_index/resource_index/parent_prefix_path/imperial_driverless_utils
[2.856s] -- Installing: /home/mario/Driverless/install/imperial_driverless_utils/share/imperial_driverless_utils/environment/ament_prefix_path.sh
[2.857s] -- Installing: /home/mario/Driverless/install/imperial_driverless_utils/share/imperial_driverless_utils/environment/ament_prefix_path.dsv
[2.857s] -- Installing: /home/mario/Driverless/install/imperial_driverless_utils/share/imperial_driverless_utils/environment/path.sh
[2.858s] -- Installing: /home/mario/Driverless/install/imperial_driverless_utils/share/imperial_driverless_utils/environment/path.dsv
[2.858s] -- Installing: /home/mario/Driverless/install/imperial_driverless_utils/share/imperial_driverless_utils/local_setup.bash
[2.859s] -- Installing: /home/mario/Driverless/install/imperial_driverless_utils/share/imperial_driverless_utils/local_setup.sh
[2.859s] -- Installing: /home/mario/Driverless/install/imperial_driverless_utils/share/imperial_driverless_utils/local_setup.zsh
[2.860s] -- Installing: /home/mario/Driverless/install/imperial_driverless_utils/share/imperial_driverless_utils/local_setup.dsv
[2.860s] -- Installing: /home/mario/Driverless/install/imperial_driverless_utils/share/imperial_driverless_utils/package.dsv
[2.861s] -- Installing: /home/mario/Driverless/install/imperial_driverless_utils/share/ament_index/resource_index/packages/imperial_driverless_utils
[2.862s] -- Installing: /home/mario/Driverless/install/imperial_driverless_utils/share/imperial_driverless_utils/cmake/imperial_driverless_utilsConfig.cmake
[2.862s] -- Installing: /home/mario/Driverless/install/imperial_driverless_utils/share/imperial_driverless_utils/cmake/imperial_driverless_utilsConfig-version.cmake
[2.863s] -- Installing: /home/mario/Driverless/install/imperial_driverless_utils/share/imperial_driverless_utils/package.xml
[2.876s] Invoked command in '/home/mario/Driverless/build/imperial_driverless_utils' returned '0': AMENT_PREFIX_PATH=/home/mario/Driverless/install/id_track_utils:/home/mario/Driverless/install/id_rviz_plugins:/home/mario/Driverless/install/car_keyop:/home/mario/Formula-Student-Driverless-Simulator/ros2/install/fsds_ros2_bridge:/home/mario/Formula-Student-Driverless-Simulator/ros2/install/fs_msgs:/home/mario/Driverless/install/lidar_camera_fusion:/home/mario/Driverless/install/imperial_driverless_utils:/home/mario/Driverless/install/vehicle_descriptions:/home/mario/Driverless/install/full_gazebo_simulator:/home/mario/Driverless/install/vehicle_controllers:/home/mario/Driverless/install/path_generators:/home/mario/Driverless/install/path_followers:/home/mario/Driverless/install/lightweight_lidar_only_simulator:/home/mario/Driverless/install/lidar_only_cone_detector:/home/mario/Driverless/install/imperial_driverless_gazebo_plugins:/home/mario/Driverless/install/fsds_simulator:/home/mario/Driverless/install/ackermann_drive_teleop:/opt/ros/galactic CMAKE_PREFIX_PATH=/home/mario/Driverless/install/vehicle_descriptions:/home/mario/Driverless/install/id_rviz_plugins:/home/mario/Formula-Student-Driverless-Simulator/ros2/install/fsds_ros2_bridge:/home/mario/Formula-Student-Driverless-Simulator/ros2/install/fs_msgs:/home/mario/Driverless/install/imperial_driverless_utils:/home/mario/Driverless/install/full_gazebo_simulator:/home/mario/Driverless/install/path_followers:/home/mario/Driverless/install/lightweight_lidar_only_simulator:/home/mario/Driverless/install/imperial_driverless_gazebo_plugins:/home/mario/Driverless/install/fsds_simulator:/home/mario/Driverless/install/lidar_camera_fusion:/home/mario/Driverless/install/vehicle_controllers:/home/mario/Driverless/install/path_generators:/home/mario/Driverless/install/lidar_only_cone_detector:/home/mario/Driverless/install/id_track_utils:/home/mario/Driverless/install/car_keyop:/home/mario/Driverless/install/ackermann_drive_teleop:/opt/ros/galactic LD_LIBRARY_PATH=/home/mario/Driverless/install/id_rviz_plugins/lib:${LD_LIBRARY_PATH} PYTHONPATH=/home/mario/Driverless/install/id_track_utils/lib/python3.8/site-packages:/home/mario/Driverless/install/car_keyop/lib/python3.8/site-packages:/home/mario/Formula-Student-Driverless-Simulator/ros2/install/fs_msgs/lib/python3.8/site-packages:/home/mario/Driverless/install/lidar_camera_fusion/lib/python3.8/site-packages:/home/mario/Driverless/install/imperial_driverless_utils/lib/python3.8/site-packages:/home/mario/Driverless/install/full_gazebo_simulator/lib/python3.8/site-packages:/home/mario/Driverless/install/vehicle_controllers/lib/python3.8/site-packages:/home/mario/Driverless/install/path_generators/lib/python3.8/site-packages:/home/mario/Driverless/install/path_followers/lib/python3.8/site-packages:/home/mario/Driverless/install/lidar_only_cone_detector/lib/python3.8/site-packages:/home/mario/Driverless/install/fsds_simulator/lib/python3.8/site-packages:/home/mario/Driverless/install/f110_gym/lib/python3.8/site-packages:/home/mario/Driverless/install/ackermann_drive_teleop/lib/python3.8/site-packages:/opt/ros/galactic/lib/python3.8/site-packages /usr/bin/cmake --install /home/mario/Driverless/build/imperial_driverless_utils
