[0.013s] Invoking command in '/home/mario/Driverless/build/fsds_simulator': CMAKE_PREFIX_PATH=/opt/ros/galactic /usr/bin/cmake --build /home/mario/Driverless/build/fsds_simulator -- -j4 -l4
[0.073s] Built target ament_cmake_python_symlink_fsds_simulator_setup
[0.075s] Built target ament_cmake_python_symlink_fsds_simulator
[0.289s] running install_scripts
[0.311s] running egg_info
[0.312s] writing fsds_simulator.egg-info/PKG-INFO
[0.312s] writing dependency_links to fsds_simulator.egg-info/dependency_links.txt
[0.312s] writing entry points to fsds_simulator.egg-info/entry_points.txt
[0.312s] writing top-level names to fsds_simulator.egg-info/top_level.txt
[0.318s] running egg_info
[0.318s] writing fsds_simulator.egg-info/PKG-INFO
[0.319s] writing dependency_links to fsds_simulator.egg-info/dependency_links.txt
[0.319s] writing entry points to fsds_simulator.egg-info/entry_points.txt
[0.319s] writing top-level names to fsds_simulator.egg-info/top_level.txt
[0.344s] reading manifest file 'fsds_simulator.egg-info/SOURCES.txt'
[0.345s] writing manifest file 'fsds_simulator.egg-info/SOURCES.txt'
[0.347s] Installing control_command_converter script to scripts
[0.347s] Installing fs_track_to_conemap script to scripts
[0.347s] Installing grab_cone_gt script to scripts
[0.354s] reading manifest file 'fsds_simulator.egg-info/SOURCES.txt'
[0.354s] writing manifest file 'fsds_simulator.egg-info/SOURCES.txt'
[0.383s] Built target ament_cmake_python_build_fsds_simulator_scripts
[0.387s] Built target ament_cmake_python_build_fsds_simulator_egg
[0.397s] Invoked command in '/home/mario/Driverless/build/fsds_simulator' returned '0': CMAKE_PREFIX_PATH=/opt/ros/galactic /usr/bin/cmake --build /home/mario/Driverless/build/fsds_simulator -- -j4 -l4
[0.429s] Invoking command in '/home/mario/Driverless/build/fsds_simulator': CMAKE_PREFIX_PATH=/opt/ros/galactic /usr/bin/cmake --install /home/mario/Driverless/build/fsds_simulator
[0.439s] -- Install configuration: ""
[0.440s] -- Up-to-date: /home/mario/Driverless/install/fsds_simulator/share/fsds_simulator/environment/pythonpath.sh
[0.440s] -- Up-to-date: /home/mario/Driverless/install/fsds_simulator/share/fsds_simulator/environment/pythonpath.dsv
[0.440s] -- Up-to-date: /home/mario/Driverless/install/fsds_simulator/lib/python3.8/site-packages//fsds_simulator.egg-info
[0.440s] -- Installing: /home/mario/Driverless/install/fsds_simulator/lib/python3.8/site-packages//fsds_simulator.egg-info/entry_points.txt
[0.440s] -- Installing: /home/mario/Driverless/install/fsds_simulator/lib/python3.8/site-packages//fsds_simulator.egg-info/dependency_links.txt
[0.440s] -- Installing: /home/mario/Driverless/install/fsds_simulator/lib/python3.8/site-packages//fsds_simulator.egg-info/PKG-INFO
[0.440s] -- Installing: /home/mario/Driverless/install/fsds_simulator/lib/python3.8/site-packages//fsds_simulator.egg-info/top_level.txt
[0.440s] -- Installing: /home/mario/Driverless/install/fsds_simulator/lib/python3.8/site-packages//fsds_simulator.egg-info/SOURCES.txt
[0.440s] -- Up-to-date: /home/mario/Driverless/install/fsds_simulator/lib/python3.8/site-packages/fsds_simulator
[0.441s] -- Up-to-date: /home/mario/Driverless/install/fsds_simulator/lib/python3.8/site-packages/fsds_simulator/fs_track_to_conemap.py
[0.441s] -- Installing: /home/mario/Driverless/install/fsds_simulator/lib/python3.8/site-packages/fsds_simulator/grab_cone_gt.py
[0.441s] -- Up-to-date: /home/mario/Driverless/install/fsds_simulator/lib/python3.8/site-packages/fsds_simulator/__init__.py
[0.441s] -- Up-to-date: /home/mario/Driverless/install/fsds_simulator/lib/python3.8/site-packages/fsds_simulator/control_command_converter.py
[0.470s] Listing '/home/mario/Driverless/install/fsds_simulator/lib/python3.8/site-packages/fsds_simulator'...
[0.470s] Compiling '/home/mario/Driverless/install/fsds_simulator/lib/python3.8/site-packages/fsds_simulator/grab_cone_gt.py'...
[0.474s] -- Up-to-date: /home/mario/Driverless/install/fsds_simulator/lib/fsds_simulator/
[0.474s] -- Installing: /home/mario/Driverless/install/fsds_simulator/lib/fsds_simulator//control_command_converter
[0.474s] -- Installing: /home/mario/Driverless/install/fsds_simulator/lib/fsds_simulator//grab_cone_gt
[0.474s] -- Installing: /home/mario/Driverless/install/fsds_simulator/lib/fsds_simulator//fs_track_to_conemap
[0.474s] -- Up-to-date: /home/mario/Driverless/install/fsds_simulator/share/fsds_simulator/launch
[0.474s] -- Up-to-date: /home/mario/Driverless/install/fsds_simulator/share/fsds_simulator/launch/simulate_with_twist_interface.launch.py
[0.475s] -- Up-to-date: /home/mario/Driverless/install/fsds_simulator/share/fsds_simulator/launch/simulate_with_vcu_interface.launch.py
[0.475s] -- Up-to-date: /home/mario/Driverless/install/fsds_simulator/share/ament_index/resource_index/package_run_dependencies/fsds_simulator
[0.475s] -- Up-to-date: /home/mario/Driverless/install/fsds_simulator/share/ament_index/resource_index/parent_prefix_path/fsds_simulator
[0.475s] -- Up-to-date: /home/mario/Driverless/install/fsds_simulator/share/fsds_simulator/environment/ament_prefix_path.sh
[0.475s] -- Up-to-date: /home/mario/Driverless/install/fsds_simulator/share/fsds_simulator/environment/ament_prefix_path.dsv
[0.475s] -- Up-to-date: /home/mario/Driverless/install/fsds_simulator/share/fsds_simulator/environment/path.sh
[0.475s] -- Up-to-date: /home/mario/Driverless/install/fsds_simulator/share/fsds_simulator/environment/path.dsv
[0.475s] -- Up-to-date: /home/mario/Driverless/install/fsds_simulator/share/fsds_simulator/local_setup.bash
[0.475s] -- Up-to-date: /home/mario/Driverless/install/fsds_simulator/share/fsds_simulator/local_setup.sh
[0.475s] -- Up-to-date: /home/mario/Driverless/install/fsds_simulator/share/fsds_simulator/local_setup.zsh
[0.475s] -- Up-to-date: /home/mario/Driverless/install/fsds_simulator/share/fsds_simulator/local_setup.dsv
[0.475s] -- Installing: /home/mario/Driverless/install/fsds_simulator/share/fsds_simulator/package.dsv
[0.476s] -- Up-to-date: /home/mario/Driverless/install/fsds_simulator/share/ament_index/resource_index/packages/fsds_simulator
[0.476s] -- Up-to-date: /home/mario/Driverless/install/fsds_simulator/share/fsds_simulator/cmake/fsds_simulatorConfig.cmake
[0.476s] -- Up-to-date: /home/mario/Driverless/install/fsds_simulator/share/fsds_simulator/cmake/fsds_simulatorConfig-version.cmake
[0.476s] -- Up-to-date: /home/mario/Driverless/install/fsds_simulator/share/fsds_simulator/package.xml
[0.478s] Invoked command in '/home/mario/Driverless/build/fsds_simulator' returned '0': CMAKE_PREFIX_PATH=/opt/ros/galactic /usr/bin/cmake --install /home/mario/Driverless/build/fsds_simulator
