/home/mario/Driverless/install/path_generators/lib/python3.8/site-packages/path_generators/example_generator.py
/home/mario/Driverless/install/path_generators/lib/python3.8/site-packages/path_generators/__init__.py
/home/mario/Driverless/install/path_generators/lib/python3.8/site-packages/path_generators/triangulation.py
/home/mario/Driverless/install/path_generators/lib/python3.8/site-packages/path_generators/ros_node.py
/home/mario/Driverless/install/path_generators/lib/python3.8/site-packages/path_generators/path_generator_base.py
/home/mario/Driverless/install/path_generators/lib/python3.8/site-packages/path_generators/__pycache__/example_generator.cpython-38.pyc
/home/mario/Driverless/install/path_generators/lib/python3.8/site-packages/path_generators/__pycache__/__init__.cpython-38.pyc
/home/mario/Driverless/install/path_generators/lib/python3.8/site-packages/path_generators/__pycache__/triangulation.cpython-38.pyc
/home/mario/Driverless/install/path_generators/lib/python3.8/site-packages/path_generators/__pycache__/ros_node.cpython-38.pyc
/home/mario/Driverless/install/path_generators/lib/python3.8/site-packages/path_generators/__pycache__/path_generator_base.cpython-38.pyc
/home/mario/Driverless/install/path_generators/share/ament_index/resource_index/packages/path_generators
/home/mario/Driverless/install/path_generators/share/path_generators/package.xml
/home/mario/Driverless/install/path_generators/share/path_generators/launch/triangulation_gt.launch.py
/home/mario/Driverless/install/path_generators/lib/python3.8/site-packages/path_generators-1.2.2-py3.8.egg-info/entry_points.txt
/home/mario/Driverless/install/path_generators/lib/python3.8/site-packages/path_generators-1.2.2-py3.8.egg-info/dependency_links.txt
/home/mario/Driverless/install/path_generators/lib/python3.8/site-packages/path_generators-1.2.2-py3.8.egg-info/PKG-INFO
/home/mario/Driverless/install/path_generators/lib/python3.8/site-packages/path_generators-1.2.2-py3.8.egg-info/top_level.txt
/home/mario/Driverless/install/path_generators/lib/python3.8/site-packages/path_generators-1.2.2-py3.8.egg-info/SOURCES.txt
/home/mario/Driverless/install/path_generators/lib/path_generators/example_generator
/home/mario/Driverless/install/path_generators/lib/path_generators/triangulation
