-- The C compiler identification is GNU 9.4.0
-- The CXX compiler identification is GNU 9.4.0
-- Check for working C compiler: /usr/bin/cc
-- Check for working C compiler: /usr/bin/cc -- works
-- Detecting C compiler ABI info
-- Detecting C compiler ABI info - done
-- Detecting C compile features
-- Detecting C compile features - done
-- Check for working CXX compiler: /usr/bin/c++
-- Check for working CXX compiler: /usr/bin/c++ -- works
-- Detecting CXX compiler ABI info
-- Detecting CXX compiler ABI info - done
-- Detecting CXX compile features
-- Detecting CXX compile features - done
-- Found ament_cmake_python: 1.1.4 (/opt/ros/galactic/share/ament_cmake_python/cmake)
-- Found ament_cmake_auto: 1.1.4 (/opt/ros/galactic/share/ament_cmake_auto/cmake)
-- Found PythonInterp: /usr/bin/python3 (found suitable version "3.8.10", minimum required is "3") 
-- Using PYTHON_EXECUTABLE: /usr/bin/python3
-- Using all available rosidl_typesupport_c: rosidl_typesupport_fastrtps_c;rosidl_typesupport_introspection_c
-- Found rosidl_adapter: 2.2.1 (/opt/ros/galactic/share/rosidl_adapter/cmake)
-- Found OpenSSL: /usr/lib/x86_64-linux-gnu/libcrypto.so (found version "1.1.1f")  
-- Found FastRTPS: /opt/ros/galactic/include  
-- Using all available rosidl_typesupport_cpp: rosidl_typesupport_fastrtps_cpp;rosidl_typesupport_introspection_cpp
-- Found rmw_implementation_cmake: 3.3.1 (/opt/ros/galactic/share/rmw_implementation_cmake/cmake)
-- Found rmw_cyclonedds_cpp: 0.22.4 (/opt/ros/galactic/share/rmw_cyclonedds_cpp/cmake)
-- Using RMW implementation 'rmw_cyclonedds_cpp' as default
-- Looking for pthread.h
-- Looking for pthread.h - found
-- Performing Test CMAKE_HAVE_LIBC_PTHREAD
-- Performing Test CMAKE_HAVE_LIBC_PTHREAD - Failed
-- Looking for pthread_create in pthreads
-- Looking for pthread_create in pthreads - not found
-- Looking for pthread_create in pthread
-- Looking for pthread_create in pthread - found
-- Found Threads: TRUE  
-- Configuring done
-- Generating done
-- Build files have been written to: /home/mario/Driverless/build/fsds_simulator
[35m[1mScanning dependencies of target ament_cmake_python_symlink_fsds_simulator[0m
[35m[1mScanning dependencies of target ament_cmake_python_build_fsds_simulator_scripts[0m
[35m[1mScanning dependencies of target ament_cmake_python_symlink_fsds_simulator_setup[0m
Built target ament_cmake_python_symlink_fsds_simulator
Built target ament_cmake_python_symlink_fsds_simulator_setup
[35m[1mScanning dependencies of target ament_cmake_python_build_fsds_simulator_egg[0m
running install_scripts
running egg_info
creating fsds_simulator.egg-info
writing fsds_simulator.egg-info/PKG-INFO
writing dependency_links to fsds_simulator.egg-info/dependency_links.txt
writing entry points to fsds_simulator.egg-info/entry_points.txt
writing top-level names to fsds_simulator.egg-info/top_level.txt
writing manifest file 'fsds_simulator.egg-info/SOURCES.txt'
running egg_info
writing fsds_simulator.egg-info/PKG-INFO
writing dependency_links to fsds_simulator.egg-info/dependency_links.txt
writing entry points to fsds_simulator.egg-info/entry_points.txt
writing top-level names to fsds_simulator.egg-info/top_level.txt
reading manifest file 'fsds_simulator.egg-info/SOURCES.txt'
writing manifest file 'fsds_simulator.egg-info/SOURCES.txt'
Installing control_command_converter script to scripts
Installing fs_track_to_conemap script to scripts
Installing grab_cone_gt script to scripts
Built target ament_cmake_python_build_fsds_simulator_scripts
reading manifest file 'fsds_simulator.egg-info/SOURCES.txt'
writing manifest file 'fsds_simulator.egg-info/SOURCES.txt'
Built target ament_cmake_python_build_fsds_simulator_egg
-- Install configuration: ""
-- Installing: /home/mario/Driverless/install/fsds_simulator/share/fsds_simulator/environment/pythonpath.sh
-- Installing: /home/mario/Driverless/install/fsds_simulator/share/fsds_simulator/environment/pythonpath.dsv
-- Installing: /home/mario/Driverless/install/fsds_simulator/lib/python3.8/site-packages//fsds_simulator.egg-info
-- Installing: /home/mario/Driverless/install/fsds_simulator/lib/python3.8/site-packages//fsds_simulator.egg-info/entry_points.txt
-- Installing: /home/mario/Driverless/install/fsds_simulator/lib/python3.8/site-packages//fsds_simulator.egg-info/dependency_links.txt
-- Installing: /home/mario/Driverless/install/fsds_simulator/lib/python3.8/site-packages//fsds_simulator.egg-info/PKG-INFO
-- Installing: /home/mario/Driverless/install/fsds_simulator/lib/python3.8/site-packages//fsds_simulator.egg-info/top_level.txt
-- Installing: /home/mario/Driverless/install/fsds_simulator/lib/python3.8/site-packages//fsds_simulator.egg-info/SOURCES.txt
-- Installing: /home/mario/Driverless/install/fsds_simulator/lib/python3.8/site-packages/fsds_simulator
-- Installing: /home/mario/Driverless/install/fsds_simulator/lib/python3.8/site-packages/fsds_simulator/fs_track_to_conemap.py
-- Installing: /home/mario/Driverless/install/fsds_simulator/lib/python3.8/site-packages/fsds_simulator/grab_cone_gt.py
-- Installing: /home/mario/Driverless/install/fsds_simulator/lib/python3.8/site-packages/fsds_simulator/__init__.py
-- Installing: /home/mario/Driverless/install/fsds_simulator/lib/python3.8/site-packages/fsds_simulator/control_command_converter.py
Listing '/home/mario/Driverless/install/fsds_simulator/lib/python3.8/site-packages/fsds_simulator'...
Compiling '/home/mario/Driverless/install/fsds_simulator/lib/python3.8/site-packages/fsds_simulator/__init__.py'...
Compiling '/home/mario/Driverless/install/fsds_simulator/lib/python3.8/site-packages/fsds_simulator/control_command_converter.py'...
Compiling '/home/mario/Driverless/install/fsds_simulator/lib/python3.8/site-packages/fsds_simulator/fs_track_to_conemap.py'...
Compiling '/home/mario/Driverless/install/fsds_simulator/lib/python3.8/site-packages/fsds_simulator/grab_cone_gt.py'...
-- Installing: /home/mario/Driverless/install/fsds_simulator/lib/fsds_simulator/
-- Installing: /home/mario/Driverless/install/fsds_simulator/lib/fsds_simulator//control_command_converter
-- Installing: /home/mario/Driverless/install/fsds_simulator/lib/fsds_simulator//grab_cone_gt
-- Installing: /home/mario/Driverless/install/fsds_simulator/lib/fsds_simulator//fs_track_to_conemap
-- Installing: /home/mario/Driverless/install/fsds_simulator/share/fsds_simulator/launch
-- Installing: /home/mario/Driverless/install/fsds_simulator/share/fsds_simulator/launch/simulate_with_twist_interface.launch.py
-- Installing: /home/mario/Driverless/install/fsds_simulator/share/fsds_simulator/launch/simulate_with_vcu_interface.launch.py
-- Installing: /home/mario/Driverless/install/fsds_simulator/share/ament_index/resource_index/package_run_dependencies/fsds_simulator
-- Installing: /home/mario/Driverless/install/fsds_simulator/share/ament_index/resource_index/parent_prefix_path/fsds_simulator
-- Installing: /home/mario/Driverless/install/fsds_simulator/share/fsds_simulator/environment/ament_prefix_path.sh
-- Installing: /home/mario/Driverless/install/fsds_simulator/share/fsds_simulator/environment/ament_prefix_path.dsv
-- Installing: /home/mario/Driverless/install/fsds_simulator/share/fsds_simulator/environment/path.sh
-- Installing: /home/mario/Driverless/install/fsds_simulator/share/fsds_simulator/environment/path.dsv
-- Installing: /home/mario/Driverless/install/fsds_simulator/share/fsds_simulator/local_setup.bash
-- Installing: /home/mario/Driverless/install/fsds_simulator/share/fsds_simulator/local_setup.sh
-- Installing: /home/mario/Driverless/install/fsds_simulator/share/fsds_simulator/local_setup.zsh
-- Installing: /home/mario/Driverless/install/fsds_simulator/share/fsds_simulator/local_setup.dsv
-- Installing: /home/mario/Driverless/install/fsds_simulator/share/fsds_simulator/package.dsv
-- Installing: /home/mario/Driverless/install/fsds_simulator/share/ament_index/resource_index/packages/fsds_simulator
-- Installing: /home/mario/Driverless/install/fsds_simulator/share/fsds_simulator/cmake/fsds_simulatorConfig.cmake
-- Installing: /home/mario/Driverless/install/fsds_simulator/share/fsds_simulator/cmake/fsds_simulatorConfig-version.cmake
-- Installing: /home/mario/Driverless/install/fsds_simulator/share/fsds_simulator/package.xml
