[0.029s] Invoking command in '/home/mario/Driverless/build/fsds_simulator': CMAKE_PREFIX_PATH=${CMAKE_PREFIX_PATH}:/home/mario/Driverless/install/lidar_camera_fusion:/home/mario/Driverless/install/vehicle_controllers:/home/mario/Driverless/install/path_generators:/home/mario/Driverless/install/lidar_only_cone_detector:/home/mario/Driverless/install/id_track_utils:/home/mario/Driverless/install/car_keyop:/home/mario/Driverless/install/ackermann_drive_teleop:/opt/ros/galactic /usr/bin/cmake /home/mario/Driverless/src/fsds_simulator -DCMAKE_INSTALL_PREFIX=/home/mario/Driverless/install/fsds_simulator
[0.133s] -- The C compiler identification is GNU 9.4.0
[0.236s] -- The CXX compiler identification is GNU 9.4.0
[0.246s] -- Check for working C compiler: /usr/bin/cc
[0.363s] -- Check for working C compiler: /usr/bin/cc -- works
[0.365s] -- Detecting C compiler ABI info
[0.484s] -- Detecting C compiler ABI info - done
[0.512s] -- Detecting C compile features
[0.513s] -- Detecting C compile features - done
[0.519s] -- Check for working CXX compiler: /usr/bin/c++
[0.669s] -- Check for working CXX compiler: /usr/bin/c++ -- works
[0.671s] -- Detecting CXX compiler ABI info
[0.820s] -- Detecting CXX compiler ABI info - done
[0.848s] -- Detecting CXX compile features
[0.850s] -- Detecting CXX compile features - done
[0.854s] -- Found ament_cmake_python: 1.1.4 (/opt/ros/galactic/share/ament_cmake_python/cmake)
[0.859s] -- Found ament_cmake_auto: 1.1.4 (/opt/ros/galactic/share/ament_cmake_auto/cmake)
[0.915s] -- Found PythonInterp: /usr/bin/python3 (found suitable version "3.8.10", minimum required is "3") 
[0.915s] -- Using PYTHON_EXECUTABLE: /usr/bin/python3
[1.273s] -- Using all available rosidl_typesupport_c: rosidl_typesupport_fastrtps_c;rosidl_typesupport_introspection_c
[1.294s] -- Found rosidl_adapter: 2.2.1 (/opt/ros/galactic/share/rosidl_adapter/cmake)
[1.463s] -- Found OpenSSL: /usr/lib/x86_64-linux-gnu/libcrypto.so (found version "1.1.1f")  
[1.526s] -- Found FastRTPS: /opt/ros/galactic/include  
[1.697s] -- Using all available rosidl_typesupport_cpp: rosidl_typesupport_fastrtps_cpp;rosidl_typesupport_introspection_cpp
[2.260s] -- Found rmw_implementation_cmake: 3.3.1 (/opt/ros/galactic/share/rmw_implementation_cmake/cmake)
[2.269s] -- Found rmw_cyclonedds_cpp: 0.22.4 (/opt/ros/galactic/share/rmw_cyclonedds_cpp/cmake)
[2.318s] -- Using RMW implementation 'rmw_cyclonedds_cpp' as default
[2.320s] -- Looking for pthread.h
[2.451s] -- Looking for pthread.h - found
[2.452s] -- Performing Test CMAKE_HAVE_LIBC_PTHREAD
[2.586s] -- Performing Test CMAKE_HAVE_LIBC_PTHREAD - Failed
[2.587s] -- Looking for pthread_create in pthreads
[2.706s] -- Looking for pthread_create in pthreads - not found
[2.706s] -- Looking for pthread_create in pthread
[2.884s] -- Looking for pthread_create in pthread - found
[2.887s] -- Found Threads: TRUE  
[4.608s] -- Configuring done
[4.618s] -- Generating done
[4.622s] -- Build files have been written to: /home/mario/Driverless/build/fsds_simulator
[4.642s] Invoked command in '/home/mario/Driverless/build/fsds_simulator' returned '0': CMAKE_PREFIX_PATH=${CMAKE_PREFIX_PATH}:/home/mario/Driverless/install/lidar_camera_fusion:/home/mario/Driverless/install/vehicle_controllers:/home/mario/Driverless/install/path_generators:/home/mario/Driverless/install/lidar_only_cone_detector:/home/mario/Driverless/install/id_track_utils:/home/mario/Driverless/install/car_keyop:/home/mario/Driverless/install/ackermann_drive_teleop:/opt/ros/galactic /usr/bin/cmake /home/mario/Driverless/src/fsds_simulator -DCMAKE_INSTALL_PREFIX=/home/mario/Driverless/install/fsds_simulator
[4.644s] Invoking command in '/home/mario/Driverless/build/fsds_simulator': CMAKE_PREFIX_PATH=${CMAKE_PREFIX_PATH}:/home/mario/Driverless/install/lidar_camera_fusion:/home/mario/Driverless/install/vehicle_controllers:/home/mario/Driverless/install/path_generators:/home/mario/Driverless/install/lidar_only_cone_detector:/home/mario/Driverless/install/id_track_utils:/home/mario/Driverless/install/car_keyop:/home/mario/Driverless/install/ackermann_drive_teleop:/opt/ros/galactic /usr/bin/cmake --build /home/mario/Driverless/build/fsds_simulator -- -j4 -l4
[4.854s] [35m[1mScanning dependencies of target ament_cmake_python_symlink_fsds_simulator[0m
[4.876s] [35m[1mScanning dependencies of target ament_cmake_python_build_fsds_simulator_scripts[0m
[4.882s] [35m[1mScanning dependencies of target ament_cmake_python_symlink_fsds_simulator_setup[0m
[4.916s] Built target ament_cmake_python_symlink_fsds_simulator
[5.001s] Built target ament_cmake_python_symlink_fsds_simulator_setup
[5.088s] [35m[1mScanning dependencies of target ament_cmake_python_build_fsds_simulator_egg[0m
[5.613s] running install_scripts
[5.660s] running egg_info
[5.661s] creating fsds_simulator.egg-info
[5.662s] writing fsds_simulator.egg-info/PKG-INFO
[5.662s] writing dependency_links to fsds_simulator.egg-info/dependency_links.txt
[5.662s] writing entry points to fsds_simulator.egg-info/entry_points.txt
[5.662s] writing top-level names to fsds_simulator.egg-info/top_level.txt
[5.665s] writing manifest file 'fsds_simulator.egg-info/SOURCES.txt'
[5.780s] running egg_info
[5.782s] writing fsds_simulator.egg-info/PKG-INFO
[5.783s] writing dependency_links to fsds_simulator.egg-info/dependency_links.txt
[5.785s] writing entry points to fsds_simulator.egg-info/entry_points.txt
[5.786s] writing top-level names to fsds_simulator.egg-info/top_level.txt
[5.797s] reading manifest file 'fsds_simulator.egg-info/SOURCES.txt'
[5.798s] writing manifest file 'fsds_simulator.egg-info/SOURCES.txt'
[5.808s] Installing control_command_converter script to scripts
[5.808s] Installing fs_track_to_conemap script to scripts
[5.808s] Installing grab_cone_gt script to scripts
[5.974s] Built target ament_cmake_python_build_fsds_simulator_scripts
[5.981s] reading manifest file 'fsds_simulator.egg-info/SOURCES.txt'
[5.992s] writing manifest file 'fsds_simulator.egg-info/SOURCES.txt'
[6.103s] Built target ament_cmake_python_build_fsds_simulator_egg
[6.141s] Invoked command in '/home/mario/Driverless/build/fsds_simulator' returned '0': CMAKE_PREFIX_PATH=${CMAKE_PREFIX_PATH}:/home/mario/Driverless/install/lidar_camera_fusion:/home/mario/Driverless/install/vehicle_controllers:/home/mario/Driverless/install/path_generators:/home/mario/Driverless/install/lidar_only_cone_detector:/home/mario/Driverless/install/id_track_utils:/home/mario/Driverless/install/car_keyop:/home/mario/Driverless/install/ackermann_drive_teleop:/opt/ros/galactic /usr/bin/cmake --build /home/mario/Driverless/build/fsds_simulator -- -j4 -l4
[6.297s] Invoking command in '/home/mario/Driverless/build/fsds_simulator': CMAKE_PREFIX_PATH=${CMAKE_PREFIX_PATH}:/home/mario/Driverless/install/lidar_camera_fusion:/home/mario/Driverless/install/vehicle_controllers:/home/mario/Driverless/install/path_generators:/home/mario/Driverless/install/lidar_only_cone_detector:/home/mario/Driverless/install/id_track_utils:/home/mario/Driverless/install/car_keyop:/home/mario/Driverless/install/ackermann_drive_teleop:/opt/ros/galactic /usr/bin/cmake --install /home/mario/Driverless/build/fsds_simulator
[6.324s] -- Install configuration: ""
[6.326s] -- Installing: /home/mario/Driverless/install/fsds_simulator/share/fsds_simulator/environment/pythonpath.sh
[6.327s] -- Installing: /home/mario/Driverless/install/fsds_simulator/share/fsds_simulator/environment/pythonpath.dsv
[6.327s] -- Installing: /home/mario/Driverless/install/fsds_simulator/lib/python3.8/site-packages//fsds_simulator.egg-info
[6.328s] -- Installing: /home/mario/Driverless/install/fsds_simulator/lib/python3.8/site-packages//fsds_simulator.egg-info/entry_points.txt
[6.329s] -- Installing: /home/mario/Driverless/install/fsds_simulator/lib/python3.8/site-packages//fsds_simulator.egg-info/dependency_links.txt
[6.330s] -- Installing: /home/mario/Driverless/install/fsds_simulator/lib/python3.8/site-packages//fsds_simulator.egg-info/PKG-INFO
[6.330s] -- Installing: /home/mario/Driverless/install/fsds_simulator/lib/python3.8/site-packages//fsds_simulator.egg-info/top_level.txt
[6.331s] -- Installing: /home/mario/Driverless/install/fsds_simulator/lib/python3.8/site-packages//fsds_simulator.egg-info/SOURCES.txt
[6.332s] -- Installing: /home/mario/Driverless/install/fsds_simulator/lib/python3.8/site-packages/fsds_simulator
[6.332s] -- Installing: /home/mario/Driverless/install/fsds_simulator/lib/python3.8/site-packages/fsds_simulator/fs_track_to_conemap.py
[6.333s] -- Installing: /home/mario/Driverless/install/fsds_simulator/lib/python3.8/site-packages/fsds_simulator/grab_cone_gt.py
[6.334s] -- Installing: /home/mario/Driverless/install/fsds_simulator/lib/python3.8/site-packages/fsds_simulator/__init__.py
[6.334s] -- Installing: /home/mario/Driverless/install/fsds_simulator/lib/python3.8/site-packages/fsds_simulator/control_command_converter.py
[6.417s] Listing '/home/mario/Driverless/install/fsds_simulator/lib/python3.8/site-packages/fsds_simulator'...
[6.417s] Compiling '/home/mario/Driverless/install/fsds_simulator/lib/python3.8/site-packages/fsds_simulator/__init__.py'...
[6.418s] Compiling '/home/mario/Driverless/install/fsds_simulator/lib/python3.8/site-packages/fsds_simulator/control_command_converter.py'...
[6.418s] Compiling '/home/mario/Driverless/install/fsds_simulator/lib/python3.8/site-packages/fsds_simulator/fs_track_to_conemap.py'...
[6.418s] Compiling '/home/mario/Driverless/install/fsds_simulator/lib/python3.8/site-packages/fsds_simulator/grab_cone_gt.py'...
[6.427s] -- Installing: /home/mario/Driverless/install/fsds_simulator/lib/fsds_simulator/
[6.428s] -- Installing: /home/mario/Driverless/install/fsds_simulator/lib/fsds_simulator//control_command_converter
[6.428s] -- Installing: /home/mario/Driverless/install/fsds_simulator/lib/fsds_simulator//grab_cone_gt
[6.429s] -- Installing: /home/mario/Driverless/install/fsds_simulator/lib/fsds_simulator//fs_track_to_conemap
[6.429s] -- Installing: /home/mario/Driverless/install/fsds_simulator/share/fsds_simulator/launch
[6.430s] -- Installing: /home/mario/Driverless/install/fsds_simulator/share/fsds_simulator/launch/simulate_with_twist_interface.launch.py
[6.430s] -- Installing: /home/mario/Driverless/install/fsds_simulator/share/fsds_simulator/launch/simulate_with_vcu_interface.launch.py
[6.431s] -- Installing: /home/mario/Driverless/install/fsds_simulator/share/ament_index/resource_index/package_run_dependencies/fsds_simulator
[6.431s] -- Installing: /home/mario/Driverless/install/fsds_simulator/share/ament_index/resource_index/parent_prefix_path/fsds_simulator
[6.432s] -- Installing: /home/mario/Driverless/install/fsds_simulator/share/fsds_simulator/environment/ament_prefix_path.sh
[6.433s] -- Installing: /home/mario/Driverless/install/fsds_simulator/share/fsds_simulator/environment/ament_prefix_path.dsv
[6.434s] -- Installing: /home/mario/Driverless/install/fsds_simulator/share/fsds_simulator/environment/path.sh
[6.434s] -- Installing: /home/mario/Driverless/install/fsds_simulator/share/fsds_simulator/environment/path.dsv
[6.435s] -- Installing: /home/mario/Driverless/install/fsds_simulator/share/fsds_simulator/local_setup.bash
[6.436s] -- Installing: /home/mario/Driverless/install/fsds_simulator/share/fsds_simulator/local_setup.sh
[6.436s] -- Installing: /home/mario/Driverless/install/fsds_simulator/share/fsds_simulator/local_setup.zsh
[6.437s] -- Installing: /home/mario/Driverless/install/fsds_simulator/share/fsds_simulator/local_setup.dsv
[6.437s] -- Installing: /home/mario/Driverless/install/fsds_simulator/share/fsds_simulator/package.dsv
[6.438s] -- Installing: /home/mario/Driverless/install/fsds_simulator/share/ament_index/resource_index/packages/fsds_simulator
[6.439s] -- Installing: /home/mario/Driverless/install/fsds_simulator/share/fsds_simulator/cmake/fsds_simulatorConfig.cmake
[6.440s] -- Installing: /home/mario/Driverless/install/fsds_simulator/share/fsds_simulator/cmake/fsds_simulatorConfig-version.cmake
[6.440s] -- Installing: /home/mario/Driverless/install/fsds_simulator/share/fsds_simulator/package.xml
[6.453s] Invoked command in '/home/mario/Driverless/build/fsds_simulator' returned '0': CMAKE_PREFIX_PATH=${CMAKE_PREFIX_PATH}:/home/mario/Driverless/install/lidar_camera_fusion:/home/mario/Driverless/install/vehicle_controllers:/home/mario/Driverless/install/path_generators:/home/mario/Driverless/install/lidar_only_cone_detector:/home/mario/Driverless/install/id_track_utils:/home/mario/Driverless/install/car_keyop:/home/mario/Driverless/install/ackermann_drive_teleop:/opt/ros/galactic /usr/bin/cmake --install /home/mario/Driverless/build/fsds_simulator
