Built target ament_cmake_python_symlink_imperial_driverless_utils_setup
Built target ament_cmake_python_symlink_imperial_driverless_utils
running install_scripts
running egg_info
writing imperial_driverless_utils.egg-info/PKG-INFO
writing dependency_links to imperial_driverless_utils.egg-info/dependency_links.txt
writing entry points to imperial_driverless_utils.egg-info/entry_points.txt
writing top-level names to imperial_driverless_utils.egg-info/top_level.txt
running egg_info
writing imperial_driverless_utils.egg-info/PKG-INFO
writing dependency_links to imperial_driverless_utils.egg-info/dependency_links.txt
writing entry points to imperial_driverless_utils.egg-info/entry_points.txt
writing top-level names to imperial_driverless_utils.egg-info/top_level.txt
reading manifest file 'imperial_driverless_utils.egg-info/SOURCES.txt'
writing manifest file 'imperial_driverless_utils.egg-info/SOURCES.txt'
reading manifest file 'imperial_driverless_utils.egg-info/SOURCES.txt'
writing manifest file 'imperial_driverless_utils.egg-info/SOURCES.txt'
Installing clock_sync_signal_emitter script to scripts
Installing gt_cone_map_publisher script to scripts
Installing gt_cone_map_visualisation_publisher script to scripts
Installing odometry_noisifier script to scripts
Installing path_from_odom_history_publisher script to scripts
Built target ament_cmake_python_build_imperial_driverless_utils_egg
Built target ament_cmake_python_build_imperial_driverless_utils_scripts
-- Install configuration: ""
-- Up-to-date: /home/mario/Driverless/install/imperial_driverless_utils/share/imperial_driverless_utils/environment/pythonpath.sh
-- Up-to-date: /home/mario/Driverless/install/imperial_driverless_utils/share/imperial_driverless_utils/environment/pythonpath.dsv
-- Up-to-date: /home/mario/Driverless/install/imperial_driverless_utils/lib/python3.8/site-packages//imperial_driverless_utils.egg-info
-- Installing: /home/mario/Driverless/install/imperial_driverless_utils/lib/python3.8/site-packages//imperial_driverless_utils.egg-info/entry_points.txt
-- Installing: /home/mario/Driverless/install/imperial_driverless_utils/lib/python3.8/site-packages//imperial_driverless_utils.egg-info/dependency_links.txt
-- Installing: /home/mario/Driverless/install/imperial_driverless_utils/lib/python3.8/site-packages//imperial_driverless_utils.egg-info/PKG-INFO
-- Installing: /home/mario/Driverless/install/imperial_driverless_utils/lib/python3.8/site-packages//imperial_driverless_utils.egg-info/top_level.txt
-- Installing: /home/mario/Driverless/install/imperial_driverless_utils/lib/python3.8/site-packages//imperial_driverless_utils.egg-info/SOURCES.txt
-- Up-to-date: /home/mario/Driverless/install/imperial_driverless_utils/lib/python3.8/site-packages/imperial_driverless_utils
-- Up-to-date: /home/mario/Driverless/install/imperial_driverless_utils/lib/python3.8/site-packages/imperial_driverless_utils/odometry_noisifier.py
-- Up-to-date: /home/mario/Driverless/install/imperial_driverless_utils/lib/python3.8/site-packages/imperial_driverless_utils/__init__.py
-- Up-to-date: /home/mario/Driverless/install/imperial_driverless_utils/lib/python3.8/site-packages/imperial_driverless_utils/clock_sync_signal_emitter.py
-- Up-to-date: /home/mario/Driverless/install/imperial_driverless_utils/lib/python3.8/site-packages/imperial_driverless_utils/tf_message_filter
-- Up-to-date: /home/mario/Driverless/install/imperial_driverless_utils/lib/python3.8/site-packages/imperial_driverless_utils/tf_message_filter/__init__.py
-- Up-to-date: /home/mario/Driverless/install/imperial_driverless_utils/lib/python3.8/site-packages/imperial_driverless_utils/setup.cfg
-- Up-to-date: /home/mario/Driverless/install/imperial_driverless_utils/lib/python3.8/site-packages/imperial_driverless_utils/gt_cone_map_publisher.py
-- Up-to-date: /home/mario/Driverless/install/imperial_driverless_utils/lib/python3.8/site-packages/imperial_driverless_utils/path_from_odom_history_publisher.py
-- Up-to-date: /home/mario/Driverless/install/imperial_driverless_utils/lib/python3.8/site-packages/imperial_driverless_utils/rviz_config.py
Listing '/home/mario/Driverless/install/imperial_driverless_utils/lib/python3.8/site-packages/imperial_driverless_utils'...
Listing '/home/mario/Driverless/install/imperial_driverless_utils/lib/python3.8/site-packages/imperial_driverless_utils/tf_message_filter'...
-- Up-to-date: /home/mario/Driverless/install/imperial_driverless_utils/lib/imperial_driverless_utils/
-- Installing: /home/mario/Driverless/install/imperial_driverless_utils/lib/imperial_driverless_utils//gt_cone_map_publisher
-- Installing: /home/mario/Driverless/install/imperial_driverless_utils/lib/imperial_driverless_utils//clock_sync_signal_emitter
-- Installing: /home/mario/Driverless/install/imperial_driverless_utils/lib/imperial_driverless_utils//gt_cone_map_visualisation_publisher
-- Installing: /home/mario/Driverless/install/imperial_driverless_utils/lib/imperial_driverless_utils//path_from_odom_history_publisher
-- Installing: /home/mario/Driverless/install/imperial_driverless_utils/lib/imperial_driverless_utils//odometry_noisifier
-- Up-to-date: /home/mario/Driverless/install/imperial_driverless_utils/share/imperial_driverless_utils/launch
-- Up-to-date: /home/mario/Driverless/install/imperial_driverless_utils/share/imperial_driverless_utils/launch/software_stack.launch.py
-- Up-to-date: /home/mario/Driverless/install/imperial_driverless_utils/share/imperial_driverless_utils/launch/custom.launch.py
-- Installing: /home/mario/Driverless/install/imperial_driverless_utils/share/imperial_driverless_utils/launch/setup_simulation_environment.launch.py
-- Up-to-date: /home/mario/Driverless/install/imperial_driverless_utils/share/imperial_driverless_utils/cone_maps
-- Up-to-date: /home/mario/Driverless/install/imperial_driverless_utils/share/imperial_driverless_utils/cone_maps/skidpad.csv
-- Up-to-date: /home/mario/Driverless/install/imperial_driverless_utils/share/imperial_driverless_utils/cone_maps/acceleration.csv
-- Up-to-date: /home/mario/Driverless/install/imperial_driverless_utils/share/imperial_driverless_utils/cone_maps/small_track.csv
-- Up-to-date: /home/mario/Driverless/install/imperial_driverless_utils/share/imperial_driverless_utils/cone_maps/example-track.yaml
-- Up-to-date: /home/mario/Driverless/install/imperial_driverless_utils/share/imperial_driverless_utils/cone_maps/example-track.csv
-- Up-to-date: /home/mario/Driverless/install/imperial_driverless_utils/share/ament_index/resource_index/package_run_dependencies/imperial_driverless_utils
-- Up-to-date: /home/mario/Driverless/install/imperial_driverless_utils/share/ament_index/resource_index/parent_prefix_path/imperial_driverless_utils
-- Installing: /home/mario/Driverless/install/imperial_driverless_utils/share/imperial_driverless_utils/environment/ament_prefix_path.sh
-- Up-to-date: /home/mario/Driverless/install/imperial_driverless_utils/share/imperial_driverless_utils/environment/ament_prefix_path.dsv
-- Installing: /home/mario/Driverless/install/imperial_driverless_utils/share/imperial_driverless_utils/environment/path.sh
-- Up-to-date: /home/mario/Driverless/install/imperial_driverless_utils/share/imperial_driverless_utils/environment/path.dsv
-- Up-to-date: /home/mario/Driverless/install/imperial_driverless_utils/share/imperial_driverless_utils/local_setup.bash
-- Up-to-date: /home/mario/Driverless/install/imperial_driverless_utils/share/imperial_driverless_utils/local_setup.sh
-- Up-to-date: /home/mario/Driverless/install/imperial_driverless_utils/share/imperial_driverless_utils/local_setup.zsh
-- Up-to-date: /home/mario/Driverless/install/imperial_driverless_utils/share/imperial_driverless_utils/local_setup.dsv
-- Installing: /home/mario/Driverless/install/imperial_driverless_utils/share/imperial_driverless_utils/package.dsv
-- Up-to-date: /home/mario/Driverless/install/imperial_driverless_utils/share/ament_index/resource_index/packages/imperial_driverless_utils
-- Up-to-date: /home/mario/Driverless/install/imperial_driverless_utils/share/imperial_driverless_utils/cmake/imperial_driverless_utilsConfig.cmake
-- Up-to-date: /home/mario/Driverless/install/imperial_driverless_utils/share/imperial_driverless_utils/cmake/imperial_driverless_utilsConfig-version.cmake
-- Up-to-date: /home/mario/Driverless/install/imperial_driverless_utils/share/imperial_driverless_utils/package.xml
