[0.030s] Invoking command in '/home/mario/Driverless/build/imperial_driverless_utils': AMENT_PREFIX_PATH=/home/mario/Driverless/install/vehicle_descriptions:/home/mario/Driverless/install/id_track_utils:/home/mario/Driverless/install/id_rviz_plugins:/home/mario/Driverless/install/car_keyop:${AMENT_PREFIX_PATH} CMAKE_PREFIX_PATH=/home/mario/Driverless/install/vehicle_descriptions:/home/mario/Driverless/install/id_rviz_plugins:/opt/ros/galactic LD_LIBRARY_PATH=/home/mario/Driverless/install/id_rviz_plugins/lib:${LD_LIBRARY_PATH} PYTHONPATH=/home/mario/Driverless/install/id_track_utils/lib/python3.8/site-packages:/home/mario/Driverless/install/car_keyop/lib/python3.8/site-packages:${PYTHONPATH} /usr/bin/cmake --build /home/mario/Driverless/build/imperial_driverless_utils -- -j4 -l4
[0.142s] Built target ament_cmake_python_symlink_imperial_driverless_utils_setup
[0.153s] Built target ament_cmake_python_symlink_imperial_driverless_utils
[0.667s] running install_scripts
[0.682s] running egg_info
[0.686s] writing imperial_driverless_utils.egg-info/PKG-INFO
[0.686s] writing dependency_links to imperial_driverless_utils.egg-info/dependency_links.txt
[0.687s] writing entry points to imperial_driverless_utils.egg-info/entry_points.txt
[0.687s] writing top-level names to imperial_driverless_utils.egg-info/top_level.txt
[0.713s] running egg_info
[0.716s] writing imperial_driverless_utils.egg-info/PKG-INFO
[0.717s] writing dependency_links to imperial_driverless_utils.egg-info/dependency_links.txt
[0.717s] writing entry points to imperial_driverless_utils.egg-info/entry_points.txt
[0.718s] writing top-level names to imperial_driverless_utils.egg-info/top_level.txt
[0.746s] reading manifest file 'imperial_driverless_utils.egg-info/SOURCES.txt'
[0.758s] writing manifest file 'imperial_driverless_utils.egg-info/SOURCES.txt'
[0.796s] reading manifest file 'imperial_driverless_utils.egg-info/SOURCES.txt'
[0.801s] writing manifest file 'imperial_driverless_utils.egg-info/SOURCES.txt'
[0.804s] Installing clock_sync_signal_emitter script to scripts
[0.805s] Installing gt_cone_map_publisher script to scripts
[0.805s] Installing gt_cone_map_visualisation_publisher script to scripts
[0.806s] Installing odometry_noisifier script to scripts
[0.806s] Installing path_from_odom_history_publisher script to scripts
[0.812s] Built target ament_cmake_python_build_imperial_driverless_utils_egg
[0.874s] Built target ament_cmake_python_build_imperial_driverless_utils_scripts
[0.898s] Invoked command in '/home/mario/Driverless/build/imperial_driverless_utils' returned '0': AMENT_PREFIX_PATH=/home/mario/Driverless/install/vehicle_descriptions:/home/mario/Driverless/install/id_track_utils:/home/mario/Driverless/install/id_rviz_plugins:/home/mario/Driverless/install/car_keyop:${AMENT_PREFIX_PATH} CMAKE_PREFIX_PATH=/home/mario/Driverless/install/vehicle_descriptions:/home/mario/Driverless/install/id_rviz_plugins:/opt/ros/galactic LD_LIBRARY_PATH=/home/mario/Driverless/install/id_rviz_plugins/lib:${LD_LIBRARY_PATH} PYTHONPATH=/home/mario/Driverless/install/id_track_utils/lib/python3.8/site-packages:/home/mario/Driverless/install/car_keyop/lib/python3.8/site-packages:${PYTHONPATH} /usr/bin/cmake --build /home/mario/Driverless/build/imperial_driverless_utils -- -j4 -l4
[0.946s] Invoking command in '/home/mario/Driverless/build/imperial_driverless_utils': AMENT_PREFIX_PATH=/home/mario/Driverless/install/vehicle_descriptions:/home/mario/Driverless/install/id_track_utils:/home/mario/Driverless/install/id_rviz_plugins:/home/mario/Driverless/install/car_keyop:${AMENT_PREFIX_PATH} CMAKE_PREFIX_PATH=/home/mario/Driverless/install/vehicle_descriptions:/home/mario/Driverless/install/id_rviz_plugins:/opt/ros/galactic LD_LIBRARY_PATH=/home/mario/Driverless/install/id_rviz_plugins/lib:${LD_LIBRARY_PATH} PYTHONPATH=/home/mario/Driverless/install/id_track_utils/lib/python3.8/site-packages:/home/mario/Driverless/install/car_keyop/lib/python3.8/site-packages:${PYTHONPATH} /usr/bin/cmake --install /home/mario/Driverless/build/imperial_driverless_utils
[0.961s] -- Install configuration: ""
[0.962s] -- Up-to-date: /home/mario/Driverless/install/imperial_driverless_utils/share/imperial_driverless_utils/environment/pythonpath.sh
[0.962s] -- Up-to-date: /home/mario/Driverless/install/imperial_driverless_utils/share/imperial_driverless_utils/environment/pythonpath.dsv
[0.963s] -- Up-to-date: /home/mario/Driverless/install/imperial_driverless_utils/lib/python3.8/site-packages//imperial_driverless_utils.egg-info
[0.963s] -- Installing: /home/mario/Driverless/install/imperial_driverless_utils/lib/python3.8/site-packages//imperial_driverless_utils.egg-info/entry_points.txt
[0.963s] -- Installing: /home/mario/Driverless/install/imperial_driverless_utils/lib/python3.8/site-packages//imperial_driverless_utils.egg-info/dependency_links.txt
[0.963s] -- Installing: /home/mario/Driverless/install/imperial_driverless_utils/lib/python3.8/site-packages//imperial_driverless_utils.egg-info/PKG-INFO
[0.963s] -- Installing: /home/mario/Driverless/install/imperial_driverless_utils/lib/python3.8/site-packages//imperial_driverless_utils.egg-info/top_level.txt
[0.963s] -- Installing: /home/mario/Driverless/install/imperial_driverless_utils/lib/python3.8/site-packages//imperial_driverless_utils.egg-info/SOURCES.txt
[0.964s] -- Up-to-date: /home/mario/Driverless/install/imperial_driverless_utils/lib/python3.8/site-packages/imperial_driverless_utils
[0.964s] -- Up-to-date: /home/mario/Driverless/install/imperial_driverless_utils/lib/python3.8/site-packages/imperial_driverless_utils/odometry_noisifier.py
[0.964s] -- Up-to-date: /home/mario/Driverless/install/imperial_driverless_utils/lib/python3.8/site-packages/imperial_driverless_utils/__init__.py
[0.964s] -- Up-to-date: /home/mario/Driverless/install/imperial_driverless_utils/lib/python3.8/site-packages/imperial_driverless_utils/clock_sync_signal_emitter.py
[0.964s] -- Up-to-date: /home/mario/Driverless/install/imperial_driverless_utils/lib/python3.8/site-packages/imperial_driverless_utils/tf_message_filter
[0.964s] -- Up-to-date: /home/mario/Driverless/install/imperial_driverless_utils/lib/python3.8/site-packages/imperial_driverless_utils/tf_message_filter/__init__.py
[0.965s] -- Up-to-date: /home/mario/Driverless/install/imperial_driverless_utils/lib/python3.8/site-packages/imperial_driverless_utils/setup.cfg
[0.965s] -- Up-to-date: /home/mario/Driverless/install/imperial_driverless_utils/lib/python3.8/site-packages/imperial_driverless_utils/gt_cone_map_publisher.py
[0.965s] -- Up-to-date: /home/mario/Driverless/install/imperial_driverless_utils/lib/python3.8/site-packages/imperial_driverless_utils/path_from_odom_history_publisher.py
[0.965s] -- Up-to-date: /home/mario/Driverless/install/imperial_driverless_utils/lib/python3.8/site-packages/imperial_driverless_utils/rviz_config.py
[1.027s] Listing '/home/mario/Driverless/install/imperial_driverless_utils/lib/python3.8/site-packages/imperial_driverless_utils'...
[1.027s] Listing '/home/mario/Driverless/install/imperial_driverless_utils/lib/python3.8/site-packages/imperial_driverless_utils/tf_message_filter'...
[1.031s] -- Up-to-date: /home/mario/Driverless/install/imperial_driverless_utils/lib/imperial_driverless_utils/
[1.032s] -- Installing: /home/mario/Driverless/install/imperial_driverless_utils/lib/imperial_driverless_utils//gt_cone_map_publisher
[1.032s] -- Installing: /home/mario/Driverless/install/imperial_driverless_utils/lib/imperial_driverless_utils//clock_sync_signal_emitter
[1.035s] -- Installing: /home/mario/Driverless/install/imperial_driverless_utils/lib/imperial_driverless_utils//gt_cone_map_visualisation_publisher
[1.035s] -- Installing: /home/mario/Driverless/install/imperial_driverless_utils/lib/imperial_driverless_utils//path_from_odom_history_publisher
[1.035s] -- Installing: /home/mario/Driverless/install/imperial_driverless_utils/lib/imperial_driverless_utils//odometry_noisifier
[1.035s] -- Up-to-date: /home/mario/Driverless/install/imperial_driverless_utils/share/imperial_driverless_utils/launch
[1.039s] -- Up-to-date: /home/mario/Driverless/install/imperial_driverless_utils/share/imperial_driverless_utils/launch/software_stack.launch.py
[1.039s] -- Up-to-date: /home/mario/Driverless/install/imperial_driverless_utils/share/imperial_driverless_utils/launch/custom.launch.py
[1.039s] -- Installing: /home/mario/Driverless/install/imperial_driverless_utils/share/imperial_driverless_utils/launch/setup_simulation_environment.launch.py
[1.039s] -- Up-to-date: /home/mario/Driverless/install/imperial_driverless_utils/share/imperial_driverless_utils/cone_maps
[1.039s] -- Up-to-date: /home/mario/Driverless/install/imperial_driverless_utils/share/imperial_driverless_utils/cone_maps/skidpad.csv
[1.039s] -- Up-to-date: /home/mario/Driverless/install/imperial_driverless_utils/share/imperial_driverless_utils/cone_maps/acceleration.csv
[1.040s] -- Up-to-date: /home/mario/Driverless/install/imperial_driverless_utils/share/imperial_driverless_utils/cone_maps/small_track.csv
[1.040s] -- Up-to-date: /home/mario/Driverless/install/imperial_driverless_utils/share/imperial_driverless_utils/cone_maps/example-track.yaml
[1.040s] -- Up-to-date: /home/mario/Driverless/install/imperial_driverless_utils/share/imperial_driverless_utils/cone_maps/example-track.csv
[1.040s] -- Up-to-date: /home/mario/Driverless/install/imperial_driverless_utils/share/ament_index/resource_index/package_run_dependencies/imperial_driverless_utils
[1.040s] -- Up-to-date: /home/mario/Driverless/install/imperial_driverless_utils/share/ament_index/resource_index/parent_prefix_path/imperial_driverless_utils
[1.040s] -- Installing: /home/mario/Driverless/install/imperial_driverless_utils/share/imperial_driverless_utils/environment/ament_prefix_path.sh
[1.040s] -- Up-to-date: /home/mario/Driverless/install/imperial_driverless_utils/share/imperial_driverless_utils/environment/ament_prefix_path.dsv
[1.040s] -- Installing: /home/mario/Driverless/install/imperial_driverless_utils/share/imperial_driverless_utils/environment/path.sh
[1.040s] -- Up-to-date: /home/mario/Driverless/install/imperial_driverless_utils/share/imperial_driverless_utils/environment/path.dsv
[1.040s] -- Up-to-date: /home/mario/Driverless/install/imperial_driverless_utils/share/imperial_driverless_utils/local_setup.bash
[1.041s] -- Up-to-date: /home/mario/Driverless/install/imperial_driverless_utils/share/imperial_driverless_utils/local_setup.sh
[1.041s] -- Up-to-date: /home/mario/Driverless/install/imperial_driverless_utils/share/imperial_driverless_utils/local_setup.zsh
[1.041s] -- Up-to-date: /home/mario/Driverless/install/imperial_driverless_utils/share/imperial_driverless_utils/local_setup.dsv
[1.041s] -- Installing: /home/mario/Driverless/install/imperial_driverless_utils/share/imperial_driverless_utils/package.dsv
[1.044s] -- Up-to-date: /home/mario/Driverless/install/imperial_driverless_utils/share/ament_index/resource_index/packages/imperial_driverless_utils
[1.044s] -- Up-to-date: /home/mario/Driverless/install/imperial_driverless_utils/share/imperial_driverless_utils/cmake/imperial_driverless_utilsConfig.cmake
[1.044s] -- Up-to-date: /home/mario/Driverless/install/imperial_driverless_utils/share/imperial_driverless_utils/cmake/imperial_driverless_utilsConfig-version.cmake
[1.044s] -- Up-to-date: /home/mario/Driverless/install/imperial_driverless_utils/share/imperial_driverless_utils/package.xml
[1.044s] Invoked command in '/home/mario/Driverless/build/imperial_driverless_utils' returned '0': AMENT_PREFIX_PATH=/home/mario/Driverless/install/vehicle_descriptions:/home/mario/Driverless/install/id_track_utils:/home/mario/Driverless/install/id_rviz_plugins:/home/mario/Driverless/install/car_keyop:${AMENT_PREFIX_PATH} CMAKE_PREFIX_PATH=/home/mario/Driverless/install/vehicle_descriptions:/home/mario/Driverless/install/id_rviz_plugins:/opt/ros/galactic LD_LIBRARY_PATH=/home/mario/Driverless/install/id_rviz_plugins/lib:${LD_LIBRARY_PATH} PYTHONPATH=/home/mario/Driverless/install/id_track_utils/lib/python3.8/site-packages:/home/mario/Driverless/install/car_keyop/lib/python3.8/site-packages:${PYTHONPATH} /usr/bin/cmake --install /home/mario/Driverless/build/imperial_driverless_utils
