[0.021s] Invoking command in '/home/mario/Driverless/build/velodyne_driver': AMENT_PREFIX_PATH=/home/mario/Driverless/install/velodyne_msgs:${AMENT_PREFIX_PATH} CMAKE_PREFIX_PATH=/opt/ros/galactic:/home/mario/Driverless/install/velodyne_msgs LD_LIBRARY_PATH=/home/mario/Driverless/install/velodyne_msgs/lib:${LD_LIBRARY_PATH} PYTHONPATH=/home/mario/Driverless/install/velodyne_msgs/lib/python3.8/site-packages:${PYTHONPATH} /usr/bin/cmake /home/mario/Driverless/src/velodyne/velodyne_driver -DCMAKE_INSTALL_PREFIX=/home/mario/Driverless/install/velodyne_driver
[0.113s] -- The C compiler identification is GNU 9.4.0
[0.196s] -- The CXX compiler identification is GNU 9.4.0
[0.203s] -- Check for working C compiler: /usr/bin/cc
[0.308s] -- Check for working C compiler: /usr/bin/cc -- works
[0.310s] -- Detecting C compiler ABI info
[0.402s] -- Detecting C compiler ABI info - done
[0.420s] -- Detecting C compile features
[0.420s] -- Detecting C compile features - done
[0.424s] -- Check for working CXX compiler: /usr/bin/c++
[0.565s] -- Check for working CXX compiler: /usr/bin/c++ -- works
[0.567s] -- Detecting CXX compiler ABI info
[0.689s] -- Detecting CXX compiler ABI info - done
[0.707s] -- Detecting CXX compile features
[0.708s] -- Detecting CXX compile features - done
[0.711s] -- Found ament_cmake_ros: 0.9.2 (/opt/ros/galactic/share/ament_cmake_ros/cmake)
[0.754s] -- Found PythonInterp: /usr/bin/python3 (found suitable version "3.8.10", minimum required is "3") 
[0.754s] -- Using PYTHON_EXECUTABLE: /usr/bin/python3
[0.889s] -- Found diagnostic_msgs: 2.2.4 (/opt/ros/galactic/share/diagnostic_msgs/cmake)
[0.939s] -- Using all available rosidl_typesupport_c: rosidl_typesupport_fastrtps_c;rosidl_typesupport_introspection_c
[0.951s] -- Found rosidl_adapter: 2.2.2 (/opt/ros/galactic/share/rosidl_adapter/cmake)
[1.082s] -- Found OpenSSL: /usr/lib/x86_64-linux-gnu/libcrypto.so (found version "1.1.1f")  
[1.129s] -- Found FastRTPS: /opt/ros/galactic/include  
[1.248s] -- Using all available rosidl_typesupport_cpp: rosidl_typesupport_fastrtps_cpp;rosidl_typesupport_introspection_cpp
[1.394s] -- Found diagnostic_updater: 2.1.3 (/opt/ros/galactic/share/diagnostic_updater/cmake)
[1.489s] -- Found rmw_implementation_cmake: 3.3.1 (/opt/ros/galactic/share/rmw_implementation_cmake/cmake)
[1.493s] -- Found rmw_cyclonedds_cpp: 0.22.5 (/opt/ros/galactic/share/rmw_cyclonedds_cpp/cmake)
[1.528s] -- Using RMW implementation 'rmw_cyclonedds_cpp' as default
[1.529s] -- Looking for pthread.h
[1.636s] -- Looking for pthread.h - found
[1.640s] -- Performing Test CMAKE_HAVE_LIBC_PTHREAD
[1.738s] -- Performing Test CMAKE_HAVE_LIBC_PTHREAD - Failed
[1.739s] -- Looking for pthread_create in pthreads
[1.822s] -- Looking for pthread_create in pthreads - not found
[1.823s] -- Looking for pthread_create in pthread
[1.922s] -- Looking for pthread_create in pthread - found
[1.923s] -- Found Threads: TRUE  
[2.209s] -- Found rclcpp_components: 9.2.1 (/opt/ros/galactic/share/rclcpp_components/cmake)
[2.319s] -- Found tf2_ros: 0.17.3 (/opt/ros/galactic/share/tf2_ros/cmake)
[2.953s] -- Found velodyne_msgs: 2.2.0 (/opt/ros/galactic/share/velodyne_msgs/cmake)
[3.064s] -- Found ament_lint_auto: 0.10.7 (/opt/ros/galactic/share/ament_lint_auto/cmake)
[3.186s] -- Found gtest sources under '/opt/ros/galactic/src/gtest_vendor': C++ tests using 'Google Test' will be built
[3.191s] -- Check if compiler accepts -pthread
[3.293s] -- Check if compiler accepts -pthread - yes
[3.300s] -- Added test 'copyright' to check source files copyright and LICENSE
[3.303s] -- Added test 'cppcheck' to perform static code analysis on C / C++ code
[3.303s] -- Configured cppcheck include dirs: /home/mario/Driverless/src/velodyne/velodyne_driver/include
[3.303s] -- Configured cppcheck exclude dirs and/or files: 
[3.306s] -- Added test 'cpplint' to check C / C++ code against the Google style
[3.306s] -- Configured cpplint exclude dirs and/or files: 
[3.307s] -- Added test 'flake8' to check Python code syntax and style conventions
[3.308s] -- Added test 'lint_cmake' to check CMake code style
[3.309s] -- Added test 'pep257' to check Python code against some of the style conventions in PEP 257
[3.311s] -- Added test 'uncrustify' to check C / C++ code style
[3.312s] -- Configured uncrustify additional arguments: 
[3.319s] -- Added test 'xmllint' to check XML markup files
[3.325s] -- Configuring done
[3.395s] -- Generating done
[3.399s] -- Build files have been written to: /home/mario/Driverless/build/velodyne_driver
