[0.016s] Invoking command in '/home/mario/Driverless/build/velodyne_driver': AMENT_PREFIX_PATH=/home/mario/Driverless/install/velodyne_msgs:${AMENT_PREFIX_PATH} CMAKE_PREFIX_PATH=/opt/ros/galactic:/home/mario/Driverless/install/velodyne_msgs LD_LIBRARY_PATH=/home/mario/Driverless/install/velodyne_msgs/lib:${LD_LIBRARY_PATH} PYTHONPATH=/home/mario/Driverless/install/velodyne_msgs/lib/python3.8/site-packages:${PYTHONPATH} /usr/bin/cmake --build /home/mario/Driverless/build/velodyne_driver -- -j4 -l4
[0.074s] [ 33%] Built target gtest
[0.075s] [ 33%] Built target gtest_main
[0.075s] [ 50%] Built target velodyne_input
[0.101s] [ 66%] Built target time_test
[0.102s] [ 83%] Built target velodyne_driver
[0.130s] [100%] Built target velodyne_driver_node
[0.141s] Invoked command in '/home/mario/Driverless/build/velodyne_driver' returned '0': AMENT_PREFIX_PATH=/home/mario/Driverless/install/velodyne_msgs:${AMENT_PREFIX_PATH} CMAKE_PREFIX_PATH=/opt/ros/galactic:/home/mario/Driverless/install/velodyne_msgs LD_LIBRARY_PATH=/home/mario/Driverless/install/velodyne_msgs/lib:${LD_LIBRARY_PATH} PYTHONPATH=/home/mario/Driverless/install/velodyne_msgs/lib/python3.8/site-packages:${PYTHONPATH} /usr/bin/cmake --build /home/mario/Driverless/build/velodyne_driver -- -j4 -l4
[0.177s] Invoking command in '/home/mario/Driverless/build/velodyne_driver': AMENT_PREFIX_PATH=/home/mario/Driverless/install/velodyne_msgs:${AMENT_PREFIX_PATH} CMAKE_PREFIX_PATH=/opt/ros/galactic:/home/mario/Driverless/install/velodyne_msgs LD_LIBRARY_PATH=/home/mario/Driverless/install/velodyne_msgs/lib:${LD_LIBRARY_PATH} PYTHONPATH=/home/mario/Driverless/install/velodyne_msgs/lib/python3.8/site-packages:${PYTHONPATH} /usr/bin/cmake --install /home/mario/Driverless/build/velodyne_driver
[0.186s] -- Install configuration: ""
[0.186s] -- Installing: /home/mario/Driverless/install/velodyne_driver/lib/libvelodyne_driver.so
[0.188s] -- Set runtime path of "/home/mario/Driverless/install/velodyne_driver/lib/libvelodyne_driver.so" to ""
[0.188s] -- Installing: /home/mario/Driverless/install/velodyne_driver/lib/velodyne_driver/velodyne_driver_node
[0.189s] -- Set runtime path of "/home/mario/Driverless/install/velodyne_driver/lib/velodyne_driver/velodyne_driver_node" to ""
[0.189s] -- Installing: /home/mario/Driverless/install/velodyne_driver/include/velodyne_driver
[0.189s] -- Installing: /home/mario/Driverless/install/velodyne_driver/include/velodyne_driver/time_conversion.hpp
[0.189s] -- Installing: /home/mario/Driverless/install/velodyne_driver/include/velodyne_driver/driver.hpp
[0.189s] -- Installing: /home/mario/Driverless/install/velodyne_driver/include/velodyne_driver/input.hpp
[0.190s] -- Installing: /home/mario/Driverless/install/velodyne_driver/share/velodyne_driver/config
[0.190s] -- Installing: /home/mario/Driverless/install/velodyne_driver/share/velodyne_driver/config/VLP32C-velodyne_driver_node-params.yaml
[0.190s] -- Installing: /home/mario/Driverless/install/velodyne_driver/share/velodyne_driver/config/VLP16-velodyne_driver_node-params.yaml
[0.190s] -- Installing: /home/mario/Driverless/install/velodyne_driver/share/velodyne_driver/launch
[0.190s] -- Installing: /home/mario/Driverless/install/velodyne_driver/share/velodyne_driver/launch/velodyne_driver_node-VLP16-launch.py
[0.190s] -- Installing: /home/mario/Driverless/install/velodyne_driver/share/velodyne_driver/launch/velodyne_driver_node-VLP32C-composed-launch.py
[0.190s] -- Installing: /home/mario/Driverless/install/velodyne_driver/share/velodyne_driver/launch/velodyne_driver_node-VLP32C-launch.py
[0.190s] -- Installing: /home/mario/Driverless/install/velodyne_driver/share/velodyne_driver/launch/velodyne_driver_node-VLP16-composed-launch.py
[0.190s] -- Installing: /home/mario/Driverless/install/velodyne_driver/lib/velodyne_driver/vdump
[0.190s] -- Installing: /home/mario/Driverless/install/velodyne_driver/share/ament_index/resource_index/package_run_dependencies/velodyne_driver
[0.190s] -- Installing: /home/mario/Driverless/install/velodyne_driver/share/ament_index/resource_index/parent_prefix_path/velodyne_driver
[0.190s] -- Installing: /home/mario/Driverless/install/velodyne_driver/share/velodyne_driver/environment/ament_prefix_path.sh
[0.191s] -- Installing: /home/mario/Driverless/install/velodyne_driver/share/velodyne_driver/environment/ament_prefix_path.dsv
[0.191s] -- Installing: /home/mario/Driverless/install/velodyne_driver/share/velodyne_driver/environment/path.sh
[0.191s] -- Installing: /home/mario/Driverless/install/velodyne_driver/share/velodyne_driver/environment/path.dsv
[0.191s] -- Installing: /home/mario/Driverless/install/velodyne_driver/share/velodyne_driver/local_setup.bash
[0.191s] -- Installing: /home/mario/Driverless/install/velodyne_driver/share/velodyne_driver/local_setup.sh
[0.191s] -- Installing: /home/mario/Driverless/install/velodyne_driver/share/velodyne_driver/local_setup.zsh
[0.192s] -- Installing: /home/mario/Driverless/install/velodyne_driver/share/velodyne_driver/local_setup.dsv
[0.192s] -- Installing: /home/mario/Driverless/install/velodyne_driver/share/velodyne_driver/package.dsv
[0.192s] -- Installing: /home/mario/Driverless/install/velodyne_driver/share/ament_index/resource_index/packages/velodyne_driver
[0.192s] -- Installing: /home/mario/Driverless/install/velodyne_driver/share/ament_index/resource_index/rclcpp_components/velodyne_driver
[0.192s] -- Installing: /home/mario/Driverless/install/velodyne_driver/share/velodyne_driver/cmake/velodyne_driverConfig.cmake
[0.192s] -- Installing: /home/mario/Driverless/install/velodyne_driver/share/velodyne_driver/cmake/velodyne_driverConfig-version.cmake
[0.192s] -- Installing: /home/mario/Driverless/install/velodyne_driver/share/velodyne_driver/package.xml
[0.193s] -- Installing: /home/mario/Driverless/install/velodyne_driver/lib/libvelodyne_input.so
[0.193s] -- Set runtime path of "/home/mario/Driverless/install/velodyne_driver/lib/libvelodyne_input.so" to ""
[0.195s] Invoked command in '/home/mario/Driverless/build/velodyne_driver' returned '0': AMENT_PREFIX_PATH=/home/mario/Driverless/install/velodyne_msgs:${AMENT_PREFIX_PATH} CMAKE_PREFIX_PATH=/opt/ros/galactic:/home/mario/Driverless/install/velodyne_msgs LD_LIBRARY_PATH=/home/mario/Driverless/install/velodyne_msgs/lib:${LD_LIBRARY_PATH} PYTHONPATH=/home/mario/Driverless/install/velodyne_msgs/lib/python3.8/site-packages:${PYTHONPATH} /usr/bin/cmake --install /home/mario/Driverless/build/velodyne_driver
