running egg_info
creating ../../build/camera_cone_detector/camera_cone_detector.egg-info
writing ../../build/camera_cone_detector/camera_cone_detector.egg-info/PKG-INFO
writing dependency_links to ../../build/camera_cone_detector/camera_cone_detector.egg-info/dependency_links.txt
writing entry points to ../../build/camera_cone_detector/camera_cone_detector.egg-info/entry_points.txt
writing requirements to ../../build/camera_cone_detector/camera_cone_detector.egg-info/requires.txt
writing top-level names to ../../build/camera_cone_detector/camera_cone_detector.egg-info/top_level.txt
writing manifest file '../../build/camera_cone_detector/camera_cone_detector.egg-info/SOURCES.txt'
package init file 'camera_cone_detector/__init__.py' not found (or not a regular file)
reading manifest file '../../build/camera_cone_detector/camera_cone_detector.egg-info/SOURCES.txt'
writing manifest file '../../build/camera_cone_detector/camera_cone_detector.egg-info/SOURCES.txt'
running build
running build_py
running install
running install_lib
warning: install_lib: '/home/mario/Driverless/build/camera_cone_detector/build/lib' does not exist -- no Python modules to install

running install_data
creating /home/mario/Driverless/install/camera_cone_detector/share/ament_index
creating /home/mario/Driverless/install/camera_cone_detector/share/ament_index/resource_index
creating /home/mario/Driverless/install/camera_cone_detector/share/ament_index/resource_index/packages
error: can't copy 'resource/camera_cone_detector': doesn't exist or not a regular file
