[0.013s] Invoking command in '/home/mario/Driverless/build/velodyne_laserscan': CMAKE_PREFIX_PATH=/opt/ros/galactic /usr/bin/cmake --build /home/mario/Driverless/build/velodyne_laserscan -- -j4 -l4
[0.069s] [ 50%] Built target velodyne_laserscan
[0.094s] [100%] Built target velodyne_laserscan_node
[0.106s] Invoked command in '/home/mario/Driverless/build/velodyne_laserscan' returned '0': CMAKE_PREFIX_PATH=/opt/ros/galactic /usr/bin/cmake --build /home/mario/Driverless/build/velodyne_laserscan -- -j4 -l4
[0.140s] Invoking command in '/home/mario/Driverless/build/velodyne_laserscan': CMAKE_PREFIX_PATH=/opt/ros/galactic /usr/bin/cmake --install /home/mario/Driverless/build/velodyne_laserscan
[0.148s] -- Install configuration: ""
[0.148s] -- Up-to-date: /home/mario/Driverless/install/velodyne_laserscan/lib/libvelodyne_laserscan.so
[0.148s] -- Up-to-date: /home/mario/Driverless/install/velodyne_laserscan/lib/velodyne_laserscan/velodyne_laserscan_node
[0.149s] -- Up-to-date: /home/mario/Driverless/install/velodyne_laserscan/include/velodyne_laserscan
[0.149s] -- Up-to-date: /home/mario/Driverless/install/velodyne_laserscan/include/velodyne_laserscan/velodyne_laserscan.hpp
[0.149s] -- Up-to-date: /home/mario/Driverless/install/velodyne_laserscan/share/velodyne_laserscan/config
[0.149s] -- Up-to-date: /home/mario/Driverless/install/velodyne_laserscan/share/velodyne_laserscan/config/default-velodyne_laserscan_node-params.yaml
[0.149s] -- Up-to-date: /home/mario/Driverless/install/velodyne_laserscan/share/velodyne_laserscan/launch
[0.149s] -- Up-to-date: /home/mario/Driverless/install/velodyne_laserscan/share/velodyne_laserscan/launch/velodyne_laserscan_node-launch.py
[0.150s] -- Up-to-date: /home/mario/Driverless/install/velodyne_laserscan/share/velodyne_laserscan/launch/velodyne_laserscan_node-composed-launch.py
[0.150s] -- Up-to-date: /home/mario/Driverless/install/velodyne_laserscan/share/ament_index/resource_index/package_run_dependencies/velodyne_laserscan
[0.150s] -- Up-to-date: /home/mario/Driverless/install/velodyne_laserscan/share/ament_index/resource_index/parent_prefix_path/velodyne_laserscan
[0.150s] -- Up-to-date: /home/mario/Driverless/install/velodyne_laserscan/share/velodyne_laserscan/environment/ament_prefix_path.sh
[0.150s] -- Up-to-date: /home/mario/Driverless/install/velodyne_laserscan/share/velodyne_laserscan/environment/ament_prefix_path.dsv
[0.150s] -- Up-to-date: /home/mario/Driverless/install/velodyne_laserscan/share/velodyne_laserscan/environment/path.sh
[0.150s] -- Up-to-date: /home/mario/Driverless/install/velodyne_laserscan/share/velodyne_laserscan/environment/path.dsv
[0.150s] -- Up-to-date: /home/mario/Driverless/install/velodyne_laserscan/share/velodyne_laserscan/local_setup.bash
[0.150s] -- Up-to-date: /home/mario/Driverless/install/velodyne_laserscan/share/velodyne_laserscan/local_setup.sh
[0.151s] -- Up-to-date: /home/mario/Driverless/install/velodyne_laserscan/share/velodyne_laserscan/local_setup.zsh
[0.151s] -- Up-to-date: /home/mario/Driverless/install/velodyne_laserscan/share/velodyne_laserscan/local_setup.dsv
[0.151s] -- Installing: /home/mario/Driverless/install/velodyne_laserscan/share/velodyne_laserscan/package.dsv
[0.151s] -- Up-to-date: /home/mario/Driverless/install/velodyne_laserscan/share/ament_index/resource_index/packages/velodyne_laserscan
[0.151s] -- Up-to-date: /home/mario/Driverless/install/velodyne_laserscan/share/ament_index/resource_index/rclcpp_components/velodyne_laserscan
[0.151s] -- Up-to-date: /home/mario/Driverless/install/velodyne_laserscan/share/velodyne_laserscan/cmake/velodyne_laserscanConfig.cmake
[0.151s] -- Up-to-date: /home/mario/Driverless/install/velodyne_laserscan/share/velodyne_laserscan/cmake/velodyne_laserscanConfig-version.cmake
[0.151s] -- Up-to-date: /home/mario/Driverless/install/velodyne_laserscan/share/velodyne_laserscan/package.xml
[0.152s] Invoked command in '/home/mario/Driverless/build/velodyne_laserscan' returned '0': CMAKE_PREFIX_PATH=/opt/ros/galactic /usr/bin/cmake --install /home/mario/Driverless/build/velodyne_laserscan
