[0.663s] Invoking command in '/home/mario/Driverless/build/velodyne_laserscan': CMAKE_PREFIX_PATH=/opt/ros/galactic /usr/bin/cmake /home/mario/Driverless/src/velodyne/velodyne_laserscan -DCMAKE_INSTALL_PREFIX=/home/mario/Driverless/install/velodyne_laserscan
[0.927s] -- The C compiler identification is GNU 9.4.0
[1.139s] -- The CXX compiler identification is GNU 9.4.0
[1.148s] -- Check for working C compiler: /usr/bin/cc
[1.445s] -- Check for working C compiler: /usr/bin/cc -- works
[1.447s] -- Detecting C compiler ABI info
[1.750s] -- Detecting C compiler ABI info - done
[1.787s] -- Detecting C compile features
[1.788s] -- Detecting C compile features - done
[1.794s] -- Check for working CXX compiler: /usr/bin/c++
[2.182s] -- Check for working CXX compiler: /usr/bin/c++ -- works
[2.183s] -- Detecting CXX compiler ABI info
[2.443s] -- Detecting CXX compiler ABI info - done
[2.473s] -- Detecting CXX compile features
[2.483s] -- Detecting CXX compile features - done
[2.487s] -- Found ament_cmake_ros: 0.9.2 (/opt/ros/galactic/share/ament_cmake_ros/cmake)
[2.572s] -- Found PythonInterp: /usr/bin/python3 (found suitable version "3.8.10", minimum required is "3") 
[2.572s] -- Using PYTHON_EXECUTABLE: /usr/bin/python3
[2.696s] -- Found rclcpp: 9.2.1 (/opt/ros/galactic/share/rclcpp/cmake)
[2.774s] -- Using all available rosidl_typesupport_c: rosidl_typesupport_fastrtps_c;rosidl_typesupport_introspection_c
[2.786s] -- Found rosidl_adapter: 2.2.2 (/opt/ros/galactic/share/rosidl_adapter/cmake)
[2.949s] -- Found OpenSSL: /usr/lib/x86_64-linux-gnu/libcrypto.so (found version "1.1.1f")  
[3.001s] -- Found FastRTPS: /opt/ros/galactic/include  
[3.140s] -- Using all available rosidl_typesupport_cpp: rosidl_typesupport_fastrtps_cpp;rosidl_typesupport_introspection_cpp
[3.253s] -- Found rmw_implementation_cmake: 3.3.1 (/opt/ros/galactic/share/rmw_implementation_cmake/cmake)
[3.258s] -- Found rmw_cyclonedds_cpp: 0.22.5 (/opt/ros/galactic/share/rmw_cyclonedds_cpp/cmake)
[3.296s] -- Using RMW implementation 'rmw_cyclonedds_cpp' as default
[3.298s] -- Looking for pthread.h
[3.443s] -- Looking for pthread.h - found
[3.443s] -- Performing Test CMAKE_HAVE_LIBC_PTHREAD
[3.637s] -- Performing Test CMAKE_HAVE_LIBC_PTHREAD - Failed
[3.637s] -- Looking for pthread_create in pthreads
[3.787s] -- Looking for pthread_create in pthreads - not found
[3.787s] -- Looking for pthread_create in pthread
[3.904s] -- Looking for pthread_create in pthread - found
[3.904s] -- Found Threads: TRUE  
[4.211s] -- Found rclcpp_components: 9.2.1 (/opt/ros/galactic/share/rclcpp_components/cmake)
[4.316s] -- Found sensor_msgs: 2.2.4 (/opt/ros/galactic/share/sensor_msgs/cmake)
[4.521s] -- Found ament_lint_auto: 0.10.7 (/opt/ros/galactic/share/ament_lint_auto/cmake)
[4.628s] -- Added test 'copyright' to check source files copyright and LICENSE
[4.630s] -- Added test 'cppcheck' to perform static code analysis on C / C++ code
[4.630s] -- Configured cppcheck include dirs: /home/mario/Driverless/src/velodyne/velodyne_laserscan/include
[4.630s] -- Configured cppcheck exclude dirs and/or files: 
[4.632s] -- Added test 'cpplint' to check C / C++ code against the Google style
[4.632s] -- Configured cpplint exclude dirs and/or files: 
[4.633s] -- Added test 'flake8' to check Python code syntax and style conventions
[4.634s] -- Added test 'lint_cmake' to check CMake code style
[4.637s] -- Added test 'pep257' to check Python code against some of the style conventions in PEP 257
[4.639s] -- Added test 'uncrustify' to check C / C++ code style
[4.639s] -- Configured uncrustify additional arguments: 
[4.640s] -- Added test 'xmllint' to check XML markup files
[4.644s] -- Configuring done
[4.664s] -- Generating done
[4.666s] -- Build files have been written to: /home/mario/Driverless/build/velodyne_laserscan
[4.678s] Invoked command in '/home/mario/Driverless/build/velodyne_laserscan' returned '0': CMAKE_PREFIX_PATH=/opt/ros/galactic /usr/bin/cmake /home/mario/Driverless/src/velodyne/velodyne_laserscan -DCMAKE_INSTALL_PREFIX=/home/mario/Driverless/install/velodyne_laserscan
[4.682s] Invoking command in '/home/mario/Driverless/build/velodyne_laserscan': CMAKE_PREFIX_PATH=/opt/ros/galactic /usr/bin/cmake --build /home/mario/Driverless/build/velodyne_laserscan -- -j4 -l4
[4.743s] [35m[1mScanning dependencies of target velodyne_laserscan[0m
[4.858s] [ 25%] [32mBuilding CXX object CMakeFiles/velodyne_laserscan.dir/src/velodyne_laserscan.cpp.o[0m
[14.965s] [ 50%] [32m[1mLinking CXX shared library libvelodyne_laserscan.so[0m
[15.476s] [ 50%] Built target velodyne_laserscan
[15.487s] [35m[1mScanning dependencies of target velodyne_laserscan_node[0m
[15.523s] [ 75%] [32mBuilding CXX object CMakeFiles/velodyne_laserscan_node.dir/src/node.cpp.o[0m
[18.032s] [100%] [32m[1mLinking CXX executable velodyne_laserscan_node[0m
[18.311s] [100%] Built target velodyne_laserscan_node
