[0.138s] DEBUG:colcon:Command line arguments: ['/usr/bin/colcon', 'build', '--packages-select', 'fsds_simulator']
[0.138s] DEBUG:colcon:Parsed command line arguments: Namespace(allow_overriding=[], ament_cmake_args=None, base_paths=['.'], build_base='build', catkin_cmake_args=None, catkin_skip_building_tests=False, cmake_args=None, cmake_clean_cache=False, cmake_clean_first=False, cmake_force_configure=False, cmake_target=None, cmake_target_skip_unavailable=False, continue_on_error=False, event_handlers=None, executor='parallel', ignore_user_meta=False, install_base='install', log_base=None, log_level=None, main=<bound method BuildVerb.main of <colcon_core.verb.build.BuildVerb object at 0x7f6bed9706d0>>, merge_install=False, metas=['./colcon.meta'], packages_above=None, packages_above_and_dependencies=None, packages_above_depth=None, packages_end=None, packages_ignore=None, packages_ignore_regex=None, packages_select=['fsds_simulator'], packages_select_build_failed=False, packages_select_by_dep=None, packages_select_regex=None, packages_select_test_failures=False, packages_skip=None, packages_skip_build_finished=False, packages_skip_by_dep=None, packages_skip_regex=None, packages_skip_test_passed=False, packages_skip_up_to=None, packages_start=None, packages_up_to=None, packages_up_to_regex=None, parallel_workers=4, paths=None, symlink_install=False, test_result_base=None, verb_extension=<colcon_core.verb.build.BuildVerb object at 0x7f6bed9706d0>, verb_name='build', verb_parser=<colcon_defaults.argument_parser.defaults.DefaultArgumentsDecorator object at 0x7f6bed970c10>)
[0.143s] Level 1:colcon.colcon_core.package_discovery:discover_packages(colcon_meta) check parameters
[0.144s] Level 1:colcon.colcon_core.package_discovery:discover_packages(recursive) check parameters
[0.144s] Level 1:colcon.colcon_core.package_discovery:discover_packages(ignore) check parameters
[0.144s] Level 1:colcon.colcon_core.package_discovery:discover_packages(path) check parameters
[0.144s] Level 1:colcon.colcon_core.package_discovery:discover_packages(colcon_meta) discover
[0.144s] Level 1:colcon.colcon_core.package_discovery:discover_packages(recursive) discover
[0.144s] INFO:colcon.colcon_core.package_discovery:Crawling recursively for packages in '/home/mario/Driverless'
[0.144s] Level 1:colcon.colcon_core.package_identification:_identify(.) by extensions ['ignore', 'ignore_ament_install']
[0.144s] Level 1:colcon.colcon_core.package_identification:_identify(.) by extension 'ignore'
[0.144s] Level 1:colcon.colcon_core.package_identification:_identify(.) by extension 'ignore_ament_install'
[0.144s] Level 1:colcon.colcon_core.package_identification:_identify(.) by extensions ['colcon_pkg']
[0.144s] Level 1:colcon.colcon_core.package_identification:_identify(.) by extension 'colcon_pkg'
[0.144s] Level 1:colcon.colcon_core.package_identification:_identify(.) by extensions ['colcon_meta']
[0.144s] Level 1:colcon.colcon_core.package_identification:_identify(.) by extension 'colcon_meta'
[0.144s] Level 1:colcon.colcon_core.package_identification:_identify(.) by extensions ['ros']
[0.144s] Level 1:colcon.colcon_core.package_identification:_identify(.) by extension 'ros'
[0.154s] Level 1:colcon.colcon_core.package_identification:_identify(.) by extensions ['cmake', 'python']
[0.154s] Level 1:colcon.colcon_core.package_identification:_identify(.) by extension 'cmake'
[0.155s] Level 1:colcon.colcon_core.package_identification:_identify(.) by extension 'python'
[0.155s] Level 1:colcon.colcon_core.package_identification:_identify(.) by extensions ['python_setup_py']
[0.155s] Level 1:colcon.colcon_core.package_identification:_identify(.) by extension 'python_setup_py'
[0.155s] Level 1:colcon.colcon_core.package_identification:_identify(build) by extensions ['ignore', 'ignore_ament_install']
[0.155s] Level 1:colcon.colcon_core.package_identification:_identify(build) by extension 'ignore'
[0.155s] Level 1:colcon.colcon_core.package_identification:_identify(build) ignored
[0.155s] Level 1:colcon.colcon_core.package_identification:_identify(install) by extensions ['ignore', 'ignore_ament_install']
[0.155s] Level 1:colcon.colcon_core.package_identification:_identify(install) by extension 'ignore'
[0.155s] Level 1:colcon.colcon_core.package_identification:_identify(install) ignored
[0.155s] Level 1:colcon.colcon_core.package_identification:_identify(log) by extensions ['ignore', 'ignore_ament_install']
[0.155s] Level 1:colcon.colcon_core.package_identification:_identify(log) by extension 'ignore'
[0.155s] Level 1:colcon.colcon_core.package_identification:_identify(log) ignored
[0.155s] Level 1:colcon.colcon_core.package_identification:_identify(src) by extensions ['ignore', 'ignore_ament_install']
[0.156s] Level 1:colcon.colcon_core.package_identification:_identify(src) by extension 'ignore'
[0.156s] Level 1:colcon.colcon_core.package_identification:_identify(src) by extension 'ignore_ament_install'
[0.156s] Level 1:colcon.colcon_core.package_identification:_identify(src) by extensions ['colcon_pkg']
[0.156s] Level 1:colcon.colcon_core.package_identification:_identify(src) by extension 'colcon_pkg'
[0.156s] Level 1:colcon.colcon_core.package_identification:_identify(src) by extensions ['colcon_meta']
[0.156s] Level 1:colcon.colcon_core.package_identification:_identify(src) by extension 'colcon_meta'
[0.156s] Level 1:colcon.colcon_core.package_identification:_identify(src) by extensions ['ros']
[0.156s] Level 1:colcon.colcon_core.package_identification:_identify(src) by extension 'ros'
[0.156s] Level 1:colcon.colcon_core.package_identification:_identify(src) by extensions ['cmake', 'python']
[0.156s] Level 1:colcon.colcon_core.package_identification:_identify(src) by extension 'cmake'
[0.156s] Level 1:colcon.colcon_core.package_identification:_identify(src) by extension 'python'
[0.156s] Level 1:colcon.colcon_core.package_identification:_identify(src) by extensions ['python_setup_py']
[0.156s] Level 1:colcon.colcon_core.package_identification:_identify(src) by extension 'python_setup_py'
[0.156s] Level 1:colcon.colcon_core.package_identification:_identify(src/ackermann_drive_teleop) by extensions ['ignore', 'ignore_ament_install']
[0.156s] Level 1:colcon.colcon_core.package_identification:_identify(src/ackermann_drive_teleop) by extension 'ignore'
[0.156s] Level 1:colcon.colcon_core.package_identification:_identify(src/ackermann_drive_teleop) by extension 'ignore_ament_install'
[0.156s] Level 1:colcon.colcon_core.package_identification:_identify(src/ackermann_drive_teleop) by extensions ['colcon_pkg']
[0.156s] Level 1:colcon.colcon_core.package_identification:_identify(src/ackermann_drive_teleop) by extension 'colcon_pkg'
[0.156s] Level 1:colcon.colcon_core.package_identification:_identify(src/ackermann_drive_teleop) by extensions ['colcon_meta']
[0.156s] Level 1:colcon.colcon_core.package_identification:_identify(src/ackermann_drive_teleop) by extension 'colcon_meta'
[0.156s] Level 1:colcon.colcon_core.package_identification:_identify(src/ackermann_drive_teleop) by extensions ['ros']
[0.157s] Level 1:colcon.colcon_core.package_identification:_identify(src/ackermann_drive_teleop) by extension 'ros'
[0.159s] DEBUG:colcon.colcon_core.package_identification:Package 'src/ackermann_drive_teleop' with type 'ros.ament_python' and name 'ackermann_drive_teleop'
[0.159s] Level 1:colcon.colcon_core.package_identification:_identify(src/car_keyop) by extensions ['ignore', 'ignore_ament_install']
[0.159s] Level 1:colcon.colcon_core.package_identification:_identify(src/car_keyop) by extension 'ignore'
[0.159s] Level 1:colcon.colcon_core.package_identification:_identify(src/car_keyop) by extension 'ignore_ament_install'
[0.159s] Level 1:colcon.colcon_core.package_identification:_identify(src/car_keyop) by extensions ['colcon_pkg']
[0.159s] Level 1:colcon.colcon_core.package_identification:_identify(src/car_keyop) by extension 'colcon_pkg'
[0.159s] Level 1:colcon.colcon_core.package_identification:_identify(src/car_keyop) by extensions ['colcon_meta']
[0.159s] Level 1:colcon.colcon_core.package_identification:_identify(src/car_keyop) by extension 'colcon_meta'
[0.159s] Level 1:colcon.colcon_core.package_identification:_identify(src/car_keyop) by extensions ['ros']
[0.159s] Level 1:colcon.colcon_core.package_identification:_identify(src/car_keyop) by extension 'ros'
[0.160s] DEBUG:colcon.colcon_core.package_identification:Package 'src/car_keyop' with type 'ros.ament_python' and name 'car_keyop'
[0.160s] Level 1:colcon.colcon_core.package_identification:_identify(src/f1tenth_gym) by extensions ['ignore', 'ignore_ament_install']
[0.160s] Level 1:colcon.colcon_core.package_identification:_identify(src/f1tenth_gym) by extension 'ignore'
[0.160s] Level 1:colcon.colcon_core.package_identification:_identify(src/f1tenth_gym) by extension 'ignore_ament_install'
[0.160s] Level 1:colcon.colcon_core.package_identification:_identify(src/f1tenth_gym) by extensions ['colcon_pkg']
[0.160s] Level 1:colcon.colcon_core.package_identification:_identify(src/f1tenth_gym) by extension 'colcon_pkg'
[0.160s] Level 1:colcon.colcon_core.package_identification:_identify(src/f1tenth_gym) by extensions ['colcon_meta']
[0.160s] Level 1:colcon.colcon_core.package_identification:_identify(src/f1tenth_gym) by extension 'colcon_meta'
[0.160s] Level 1:colcon.colcon_core.package_identification:_identify(src/f1tenth_gym) by extensions ['ros']
[0.160s] Level 1:colcon.colcon_core.package_identification:_identify(src/f1tenth_gym) by extension 'ros'
[0.161s] Level 1:colcon.colcon_core.package_identification:_identify(src/f1tenth_gym) by extensions ['cmake', 'python']
[0.161s] Level 1:colcon.colcon_core.package_identification:_identify(src/f1tenth_gym) by extension 'cmake'
[0.161s] Level 1:colcon.colcon_core.package_identification:_identify(src/f1tenth_gym) by extension 'python'
[0.161s] Level 1:colcon.colcon_core.package_identification:_identify(src/f1tenth_gym) by extensions ['python_setup_py']
[0.161s] Level 1:colcon.colcon_core.package_identification:_identify(src/f1tenth_gym) by extension 'python_setup_py'
[0.161s] Level 1:colcon.colcon_core.package_identification:_identify(src/f1tenth_gym/docs) by extensions ['ignore', 'ignore_ament_install']
[0.161s] Level 1:colcon.colcon_core.package_identification:_identify(src/f1tenth_gym/docs) by extension 'ignore'
[0.161s] Level 1:colcon.colcon_core.package_identification:_identify(src/f1tenth_gym/docs) by extension 'ignore_ament_install'
[0.161s] Level 1:colcon.colcon_core.package_identification:_identify(src/f1tenth_gym/docs) by extensions ['colcon_pkg']
[0.161s] Level 1:colcon.colcon_core.package_identification:_identify(src/f1tenth_gym/docs) by extension 'colcon_pkg'
[0.161s] Level 1:colcon.colcon_core.package_identification:_identify(src/f1tenth_gym/docs) by extensions ['colcon_meta']
[0.161s] Level 1:colcon.colcon_core.package_identification:_identify(src/f1tenth_gym/docs) by extension 'colcon_meta'
[0.161s] Level 1:colcon.colcon_core.package_identification:_identify(src/f1tenth_gym/docs) by extensions ['ros']
[0.161s] Level 1:colcon.colcon_core.package_identification:_identify(src/f1tenth_gym/docs) by extension 'ros'
[0.161s] Level 1:colcon.colcon_core.package_identification:_identify(src/f1tenth_gym/docs) by extensions ['cmake', 'python']
[0.161s] Level 1:colcon.colcon_core.package_identification:_identify(src/f1tenth_gym/docs) by extension 'cmake'
[0.161s] Level 1:colcon.colcon_core.package_identification:_identify(src/f1tenth_gym/docs) by extension 'python'
[0.161s] Level 1:colcon.colcon_core.package_identification:_identify(src/f1tenth_gym/docs) by extensions ['python_setup_py']
[0.161s] Level 1:colcon.colcon_core.package_identification:_identify(src/f1tenth_gym/docs) by extension 'python_setup_py'
[0.161s] Level 1:colcon.colcon_core.package_identification:_identify(src/f1tenth_gym/docs/_static) by extensions ['ignore', 'ignore_ament_install']
[0.162s] Level 1:colcon.colcon_core.package_identification:_identify(src/f1tenth_gym/docs/_static) by extension 'ignore'
[0.162s] Level 1:colcon.colcon_core.package_identification:_identify(src/f1tenth_gym/docs/_static) by extension 'ignore_ament_install'
[0.162s] Level 1:colcon.colcon_core.package_identification:_identify(src/f1tenth_gym/docs/_static) by extensions ['colcon_pkg']
[0.162s] Level 1:colcon.colcon_core.package_identification:_identify(src/f1tenth_gym/docs/_static) by extension 'colcon_pkg'
[0.162s] Level 1:colcon.colcon_core.package_identification:_identify(src/f1tenth_gym/docs/_static) by extensions ['colcon_meta']
[0.162s] Level 1:colcon.colcon_core.package_identification:_identify(src/f1tenth_gym/docs/_static) by extension 'colcon_meta'
[0.162s] Level 1:colcon.colcon_core.package_identification:_identify(src/f1tenth_gym/docs/_static) by extensions ['ros']
[0.162s] Level 1:colcon.colcon_core.package_identification:_identify(src/f1tenth_gym/docs/_static) by extension 'ros'
[0.162s] Level 1:colcon.colcon_core.package_identification:_identify(src/f1tenth_gym/docs/_static) by extensions ['cmake', 'python']
[0.162s] Level 1:colcon.colcon_core.package_identification:_identify(src/f1tenth_gym/docs/_static) by extension 'cmake'
[0.162s] Level 1:colcon.colcon_core.package_identification:_identify(src/f1tenth_gym/docs/_static) by extension 'python'
[0.162s] Level 1:colcon.colcon_core.package_identification:_identify(src/f1tenth_gym/docs/_static) by extensions ['python_setup_py']
[0.162s] Level 1:colcon.colcon_core.package_identification:_identify(src/f1tenth_gym/docs/_static) by extension 'python_setup_py'
[0.162s] Level 1:colcon.colcon_core.package_identification:_identify(src/f1tenth_gym/docs/_static/css) by extensions ['ignore', 'ignore_ament_install']
[0.162s] Level 1:colcon.colcon_core.package_identification:_identify(src/f1tenth_gym/docs/_static/css) by extension 'ignore'
[0.162s] Level 1:colcon.colcon_core.package_identification:_identify(src/f1tenth_gym/docs/_static/css) by extension 'ignore_ament_install'
[0.162s] Level 1:colcon.colcon_core.package_identification:_identify(src/f1tenth_gym/docs/_static/css) by extensions ['colcon_pkg']
[0.162s] Level 1:colcon.colcon_core.package_identification:_identify(src/f1tenth_gym/docs/_static/css) by extension 'colcon_pkg'
[0.162s] Level 1:colcon.colcon_core.package_identification:_identify(src/f1tenth_gym/docs/_static/css) by extensions ['colcon_meta']
[0.162s] Level 1:colcon.colcon_core.package_identification:_identify(src/f1tenth_gym/docs/_static/css) by extension 'colcon_meta'
[0.162s] Level 1:colcon.colcon_core.package_identification:_identify(src/f1tenth_gym/docs/_static/css) by extensions ['ros']
[0.163s] Level 1:colcon.colcon_core.package_identification:_identify(src/f1tenth_gym/docs/_static/css) by extension 'ros'
[0.163s] Level 1:colcon.colcon_core.package_identification:_identify(src/f1tenth_gym/docs/_static/css) by extensions ['cmake', 'python']
[0.163s] Level 1:colcon.colcon_core.package_identification:_identify(src/f1tenth_gym/docs/_static/css) by extension 'cmake'
[0.163s] Level 1:colcon.colcon_core.package_identification:_identify(src/f1tenth_gym/docs/_static/css) by extension 'python'
[0.163s] Level 1:colcon.colcon_core.package_identification:_identify(src/f1tenth_gym/docs/_static/css) by extensions ['python_setup_py']
[0.163s] Level 1:colcon.colcon_core.package_identification:_identify(src/f1tenth_gym/docs/_static/css) by extension 'python_setup_py'
[0.163s] Level 1:colcon.colcon_core.package_identification:_identify(src/f1tenth_gym/docs/_static/js) by extensions ['ignore', 'ignore_ament_install']
[0.163s] Level 1:colcon.colcon_core.package_identification:_identify(src/f1tenth_gym/docs/_static/js) by extension 'ignore'
[0.163s] Level 1:colcon.colcon_core.package_identification:_identify(src/f1tenth_gym/docs/_static/js) by extension 'ignore_ament_install'
[0.163s] Level 1:colcon.colcon_core.package_identification:_identify(src/f1tenth_gym/docs/_static/js) by extensions ['colcon_pkg']
[0.163s] Level 1:colcon.colcon_core.package_identification:_identify(src/f1tenth_gym/docs/_static/js) by extension 'colcon_pkg'
[0.163s] Level 1:colcon.colcon_core.package_identification:_identify(src/f1tenth_gym/docs/_static/js) by extensions ['colcon_meta']
[0.163s] Level 1:colcon.colcon_core.package_identification:_identify(src/f1tenth_gym/docs/_static/js) by extension 'colcon_meta'
[0.163s] Level 1:colcon.colcon_core.package_identification:_identify(src/f1tenth_gym/docs/_static/js) by extensions ['ros']
[0.163s] Level 1:colcon.colcon_core.package_identification:_identify(src/f1tenth_gym/docs/_static/js) by extension 'ros'
[0.163s] Level 1:colcon.colcon_core.package_identification:_identify(src/f1tenth_gym/docs/_static/js) by extensions ['cmake', 'python']
[0.163s] Level 1:colcon.colcon_core.package_identification:_identify(src/f1tenth_gym/docs/_static/js) by extension 'cmake'
[0.163s] Level 1:colcon.colcon_core.package_identification:_identify(src/f1tenth_gym/docs/_static/js) by extension 'python'
[0.163s] Level 1:colcon.colcon_core.package_identification:_identify(src/f1tenth_gym/docs/_static/js) by extensions ['python_setup_py']
[0.163s] Level 1:colcon.colcon_core.package_identification:_identify(src/f1tenth_gym/docs/_static/js) by extension 'python_setup_py'
[0.164s] Level 1:colcon.colcon_core.package_identification:_identify(src/f1tenth_gym/docs/api) by extensions ['ignore', 'ignore_ament_install']
[0.164s] Level 1:colcon.colcon_core.package_identification:_identify(src/f1tenth_gym/docs/api) by extension 'ignore'
[0.164s] Level 1:colcon.colcon_core.package_identification:_identify(src/f1tenth_gym/docs/api) by extension 'ignore_ament_install'
[0.164s] Level 1:colcon.colcon_core.package_identification:_identify(src/f1tenth_gym/docs/api) by extensions ['colcon_pkg']
[0.164s] Level 1:colcon.colcon_core.package_identification:_identify(src/f1tenth_gym/docs/api) by extension 'colcon_pkg'
[0.164s] Level 1:colcon.colcon_core.package_identification:_identify(src/f1tenth_gym/docs/api) by extensions ['colcon_meta']
[0.164s] Level 1:colcon.colcon_core.package_identification:_identify(src/f1tenth_gym/docs/api) by extension 'colcon_meta'
[0.164s] Level 1:colcon.colcon_core.package_identification:_identify(src/f1tenth_gym/docs/api) by extensions ['ros']
[0.164s] Level 1:colcon.colcon_core.package_identification:_identify(src/f1tenth_gym/docs/api) by extension 'ros'
[0.164s] Level 1:colcon.colcon_core.package_identification:_identify(src/f1tenth_gym/docs/api) by extensions ['cmake', 'python']
[0.164s] Level 1:colcon.colcon_core.package_identification:_identify(src/f1tenth_gym/docs/api) by extension 'cmake'
[0.164s] Level 1:colcon.colcon_core.package_identification:_identify(src/f1tenth_gym/docs/api) by extension 'python'
[0.164s] Level 1:colcon.colcon_core.package_identification:_identify(src/f1tenth_gym/docs/api) by extensions ['python_setup_py']
[0.164s] Level 1:colcon.colcon_core.package_identification:_identify(src/f1tenth_gym/docs/api) by extension 'python_setup_py'
[0.164s] Level 1:colcon.colcon_core.package_identification:_identify(src/f1tenth_gym/docs/assets) by extensions ['ignore', 'ignore_ament_install']
[0.164s] Level 1:colcon.colcon_core.package_identification:_identify(src/f1tenth_gym/docs/assets) by extension 'ignore'
[0.164s] Level 1:colcon.colcon_core.package_identification:_identify(src/f1tenth_gym/docs/assets) by extension 'ignore_ament_install'
[0.164s] Level 1:colcon.colcon_core.package_identification:_identify(src/f1tenth_gym/docs/assets) by extensions ['colcon_pkg']
[0.164s] Level 1:colcon.colcon_core.package_identification:_identify(src/f1tenth_gym/docs/assets) by extension 'colcon_pkg'
[0.164s] Level 1:colcon.colcon_core.package_identification:_identify(src/f1tenth_gym/docs/assets) by extensions ['colcon_meta']
[0.165s] Level 1:colcon.colcon_core.package_identification:_identify(src/f1tenth_gym/docs/assets) by extension 'colcon_meta'
[0.165s] Level 1:colcon.colcon_core.package_identification:_identify(src/f1tenth_gym/docs/assets) by extensions ['ros']
[0.165s] Level 1:colcon.colcon_core.package_identification:_identify(src/f1tenth_gym/docs/assets) by extension 'ros'
[0.165s] Level 1:colcon.colcon_core.package_identification:_identify(src/f1tenth_gym/docs/assets) by extensions ['cmake', 'python']
[0.165s] Level 1:colcon.colcon_core.package_identification:_identify(src/f1tenth_gym/docs/assets) by extension 'cmake'
[0.165s] Level 1:colcon.colcon_core.package_identification:_identify(src/f1tenth_gym/docs/assets) by extension 'python'
[0.165s] Level 1:colcon.colcon_core.package_identification:_identify(src/f1tenth_gym/docs/assets) by extensions ['python_setup_py']
[0.165s] Level 1:colcon.colcon_core.package_identification:_identify(src/f1tenth_gym/docs/assets) by extension 'python_setup_py'
[0.165s] Level 1:colcon.colcon_core.package_identification:_identify(src/f1tenth_gym/docs/html) by extensions ['ignore', 'ignore_ament_install']
[0.165s] Level 1:colcon.colcon_core.package_identification:_identify(src/f1tenth_gym/docs/html) by extension 'ignore'
[0.165s] Level 1:colcon.colcon_core.package_identification:_identify(src/f1tenth_gym/docs/html) by extension 'ignore_ament_install'
[0.165s] Level 1:colcon.colcon_core.package_identification:_identify(src/f1tenth_gym/docs/html) by extensions ['colcon_pkg']
[0.165s] Level 1:colcon.colcon_core.package_identification:_identify(src/f1tenth_gym/docs/html) by extension 'colcon_pkg'
[0.165s] Level 1:colcon.colcon_core.package_identification:_identify(src/f1tenth_gym/docs/html) by extensions ['colcon_meta']
[0.165s] Level 1:colcon.colcon_core.package_identification:_identify(src/f1tenth_gym/docs/html) by extension 'colcon_meta'
[0.165s] Level 1:colcon.colcon_core.package_identification:_identify(src/f1tenth_gym/docs/html) by extensions ['ros']
[0.166s] Level 1:colcon.colcon_core.package_identification:_identify(src/f1tenth_gym/docs/html) by extension 'ros'
[0.166s] Level 1:colcon.colcon_core.package_identification:_identify(src/f1tenth_gym/docs/html) by extensions ['cmake', 'python']
[0.166s] Level 1:colcon.colcon_core.package_identification:_identify(src/f1tenth_gym/docs/html) by extension 'cmake'
[0.166s] Level 1:colcon.colcon_core.package_identification:_identify(src/f1tenth_gym/docs/html) by extension 'python'
[0.166s] Level 1:colcon.colcon_core.package_identification:_identify(src/f1tenth_gym/docs/html) by extensions ['python_setup_py']
[0.166s] Level 1:colcon.colcon_core.package_identification:_identify(src/f1tenth_gym/docs/html) by extension 'python_setup_py'
[0.166s] Level 1:colcon.colcon_core.package_identification:_identify(src/f1tenth_gym/docs/html/search) by extensions ['ignore', 'ignore_ament_install']
[0.166s] Level 1:colcon.colcon_core.package_identification:_identify(src/f1tenth_gym/docs/html/search) by extension 'ignore'
[0.166s] Level 1:colcon.colcon_core.package_identification:_identify(src/f1tenth_gym/docs/html/search) by extension 'ignore_ament_install'
[0.166s] Level 1:colcon.colcon_core.package_identification:_identify(src/f1tenth_gym/docs/html/search) by extensions ['colcon_pkg']
[0.166s] Level 1:colcon.colcon_core.package_identification:_identify(src/f1tenth_gym/docs/html/search) by extension 'colcon_pkg'
[0.166s] Level 1:colcon.colcon_core.package_identification:_identify(src/f1tenth_gym/docs/html/search) by extensions ['colcon_meta']
[0.166s] Level 1:colcon.colcon_core.package_identification:_identify(src/f1tenth_gym/docs/html/search) by extension 'colcon_meta'
[0.166s] Level 1:colcon.colcon_core.package_identification:_identify(src/f1tenth_gym/docs/html/search) by extensions ['ros']
[0.166s] Level 1:colcon.colcon_core.package_identification:_identify(src/f1tenth_gym/docs/html/search) by extension 'ros'
[0.166s] Level 1:colcon.colcon_core.package_identification:_identify(src/f1tenth_gym/docs/html/search) by extensions ['cmake', 'python']
[0.166s] Level 1:colcon.colcon_core.package_identification:_identify(src/f1tenth_gym/docs/html/search) by extension 'cmake'
[0.166s] Level 1:colcon.colcon_core.package_identification:_identify(src/f1tenth_gym/docs/html/search) by extension 'python'
[0.166s] Level 1:colcon.colcon_core.package_identification:_identify(src/f1tenth_gym/docs/html/search) by extensions ['python_setup_py']
[0.166s] Level 1:colcon.colcon_core.package_identification:_identify(src/f1tenth_gym/docs/html/search) by extension 'python_setup_py'
[0.167s] Level 1:colcon.colcon_core.package_identification:_identify(src/f1tenth_gym/docs/xml) by extensions ['ignore', 'ignore_ament_install']
[0.167s] Level 1:colcon.colcon_core.package_identification:_identify(src/f1tenth_gym/docs/xml) by extension 'ignore'
[0.167s] Level 1:colcon.colcon_core.package_identification:_identify(src/f1tenth_gym/docs/xml) by extension 'ignore_ament_install'
[0.167s] Level 1:colcon.colcon_core.package_identification:_identify(src/f1tenth_gym/docs/xml) by extensions ['colcon_pkg']
[0.167s] Level 1:colcon.colcon_core.package_identification:_identify(src/f1tenth_gym/docs/xml) by extension 'colcon_pkg'
[0.167s] Level 1:colcon.colcon_core.package_identification:_identify(src/f1tenth_gym/docs/xml) by extensions ['colcon_meta']
[0.167s] Level 1:colcon.colcon_core.package_identification:_identify(src/f1tenth_gym/docs/xml) by extension 'colcon_meta'
[0.167s] Level 1:colcon.colcon_core.package_identification:_identify(src/f1tenth_gym/docs/xml) by extensions ['ros']
[0.167s] Level 1:colcon.colcon_core.package_identification:_identify(src/f1tenth_gym/docs/xml) by extension 'ros'
[0.167s] Level 1:colcon.colcon_core.package_identification:_identify(src/f1tenth_gym/docs/xml) by extensions ['cmake', 'python']
[0.167s] Level 1:colcon.colcon_core.package_identification:_identify(src/f1tenth_gym/docs/xml) by extension 'cmake'
[0.167s] Level 1:colcon.colcon_core.package_identification:_identify(src/f1tenth_gym/docs/xml) by extension 'python'
[0.167s] Level 1:colcon.colcon_core.package_identification:_identify(src/f1tenth_gym/docs/xml) by extensions ['python_setup_py']
[0.167s] Level 1:colcon.colcon_core.package_identification:_identify(src/f1tenth_gym/docs/xml) by extension 'python_setup_py'
[0.167s] Level 1:colcon.colcon_core.package_identification:_identify(src/f1tenth_gym/examples) by extensions ['ignore', 'ignore_ament_install']
[0.167s] Level 1:colcon.colcon_core.package_identification:_identify(src/f1tenth_gym/examples) by extension 'ignore'
[0.167s] Level 1:colcon.colcon_core.package_identification:_identify(src/f1tenth_gym/examples) by extension 'ignore_ament_install'
[0.168s] Level 1:colcon.colcon_core.package_identification:_identify(src/f1tenth_gym/examples) by extensions ['colcon_pkg']
[0.168s] Level 1:colcon.colcon_core.package_identification:_identify(src/f1tenth_gym/examples) by extension 'colcon_pkg'
[0.168s] Level 1:colcon.colcon_core.package_identification:_identify(src/f1tenth_gym/examples) by extensions ['colcon_meta']
[0.168s] Level 1:colcon.colcon_core.package_identification:_identify(src/f1tenth_gym/examples) by extension 'colcon_meta'
[0.168s] Level 1:colcon.colcon_core.package_identification:_identify(src/f1tenth_gym/examples) by extensions ['ros']
[0.168s] Level 1:colcon.colcon_core.package_identification:_identify(src/f1tenth_gym/examples) by extension 'ros'
[0.168s] Level 1:colcon.colcon_core.package_identification:_identify(src/f1tenth_gym/examples) by extensions ['cmake', 'python']
[0.168s] Level 1:colcon.colcon_core.package_identification:_identify(src/f1tenth_gym/examples) by extension 'cmake'
[0.168s] Level 1:colcon.colcon_core.package_identification:_identify(src/f1tenth_gym/examples) by extension 'python'
[0.168s] Level 1:colcon.colcon_core.package_identification:_identify(src/f1tenth_gym/examples) by extensions ['python_setup_py']
[0.168s] Level 1:colcon.colcon_core.package_identification:_identify(src/f1tenth_gym/examples) by extension 'python_setup_py'
[0.168s] Level 1:colcon.colcon_core.package_identification:_identify(src/f1tenth_gym/examples/__pycache__) by extensions ['ignore', 'ignore_ament_install']
[0.168s] Level 1:colcon.colcon_core.package_identification:_identify(src/f1tenth_gym/examples/__pycache__) by extension 'ignore'
[0.168s] Level 1:colcon.colcon_core.package_identification:_identify(src/f1tenth_gym/examples/__pycache__) by extension 'ignore_ament_install'
[0.168s] Level 1:colcon.colcon_core.package_identification:_identify(src/f1tenth_gym/examples/__pycache__) by extensions ['colcon_pkg']
[0.168s] Level 1:colcon.colcon_core.package_identification:_identify(src/f1tenth_gym/examples/__pycache__) by extension 'colcon_pkg'
[0.168s] Level 1:colcon.colcon_core.package_identification:_identify(src/f1tenth_gym/examples/__pycache__) by extensions ['colcon_meta']
[0.168s] Level 1:colcon.colcon_core.package_identification:_identify(src/f1tenth_gym/examples/__pycache__) by extension 'colcon_meta'
[0.168s] Level 1:colcon.colcon_core.package_identification:_identify(src/f1tenth_gym/examples/__pycache__) by extensions ['ros']
[0.168s] Level 1:colcon.colcon_core.package_identification:_identify(src/f1tenth_gym/examples/__pycache__) by extension 'ros'
[0.169s] Level 1:colcon.colcon_core.package_identification:_identify(src/f1tenth_gym/examples/__pycache__) by extensions ['cmake', 'python']
[0.169s] Level 1:colcon.colcon_core.package_identification:_identify(src/f1tenth_gym/examples/__pycache__) by extension 'cmake'
[0.169s] Level 1:colcon.colcon_core.package_identification:_identify(src/f1tenth_gym/examples/__pycache__) by extension 'python'
[0.169s] Level 1:colcon.colcon_core.package_identification:_identify(src/f1tenth_gym/examples/__pycache__) by extensions ['python_setup_py']
[0.169s] Level 1:colcon.colcon_core.package_identification:_identify(src/f1tenth_gym/examples/__pycache__) by extension 'python_setup_py'
[0.169s] Level 1:colcon.colcon_core.package_identification:_identify(src/f1tenth_gym/gym) by extensions ['ignore', 'ignore_ament_install']
[0.169s] Level 1:colcon.colcon_core.package_identification:_identify(src/f1tenth_gym/gym) by extension 'ignore'
[0.169s] Level 1:colcon.colcon_core.package_identification:_identify(src/f1tenth_gym/gym) by extension 'ignore_ament_install'
[0.169s] Level 1:colcon.colcon_core.package_identification:_identify(src/f1tenth_gym/gym) by extensions ['colcon_pkg']
[0.169s] Level 1:colcon.colcon_core.package_identification:_identify(src/f1tenth_gym/gym) by extension 'colcon_pkg'
[0.169s] Level 1:colcon.colcon_core.package_identification:_identify(src/f1tenth_gym/gym) by extensions ['colcon_meta']
[0.169s] Level 1:colcon.colcon_core.package_identification:_identify(src/f1tenth_gym/gym) by extension 'colcon_meta'
[0.169s] Level 1:colcon.colcon_core.package_identification:_identify(src/f1tenth_gym/gym) by extensions ['ros']
[0.169s] Level 1:colcon.colcon_core.package_identification:_identify(src/f1tenth_gym/gym) by extension 'ros'
[0.169s] Level 1:colcon.colcon_core.package_identification:_identify(src/f1tenth_gym/gym) by extensions ['cmake', 'python']
[0.169s] Level 1:colcon.colcon_core.package_identification:_identify(src/f1tenth_gym/gym) by extension 'cmake'
[0.169s] Level 1:colcon.colcon_core.package_identification:_identify(src/f1tenth_gym/gym) by extension 'python'
[0.169s] Level 1:colcon.colcon_core.package_identification:_identify(src/f1tenth_gym/gym) by extensions ['python_setup_py']
[0.169s] Level 1:colcon.colcon_core.package_identification:_identify(src/f1tenth_gym/gym) by extension 'python_setup_py'
[0.408s] DEBUG:colcon.colcon_core.package_identification:Package 'src/f1tenth_gym/gym' with type 'python' and name 'f110_gym'
[0.409s] Level 1:colcon.colcon_core.package_identification:_identify(src/fsds_simulator) by extensions ['ignore', 'ignore_ament_install']
[0.409s] Level 1:colcon.colcon_core.package_identification:_identify(src/fsds_simulator) by extension 'ignore'
[0.409s] Level 1:colcon.colcon_core.package_identification:_identify(src/fsds_simulator) by extension 'ignore_ament_install'
[0.409s] Level 1:colcon.colcon_core.package_identification:_identify(src/fsds_simulator) by extensions ['colcon_pkg']
[0.409s] Level 1:colcon.colcon_core.package_identification:_identify(src/fsds_simulator) by extension 'colcon_pkg'
[0.409s] Level 1:colcon.colcon_core.package_identification:_identify(src/fsds_simulator) by extensions ['colcon_meta']
[0.409s] Level 1:colcon.colcon_core.package_identification:_identify(src/fsds_simulator) by extension 'colcon_meta'
[0.409s] Level 1:colcon.colcon_core.package_identification:_identify(src/fsds_simulator) by extensions ['ros']
[0.409s] Level 1:colcon.colcon_core.package_identification:_identify(src/fsds_simulator) by extension 'ros'
[0.410s] DEBUG:colcon.colcon_core.package_identification:Package 'src/fsds_simulator' with type 'ros.ament_cmake' and name 'fsds_simulator'
[0.410s] Level 1:colcon.colcon_core.package_identification:_identify(src/full_gazebo_simulator) by extensions ['ignore', 'ignore_ament_install']
[0.410s] Level 1:colcon.colcon_core.package_identification:_identify(src/full_gazebo_simulator) by extension 'ignore'
[0.410s] Level 1:colcon.colcon_core.package_identification:_identify(src/full_gazebo_simulator) by extension 'ignore_ament_install'
[0.410s] Level 1:colcon.colcon_core.package_identification:_identify(src/full_gazebo_simulator) by extensions ['colcon_pkg']
[0.410s] Level 1:colcon.colcon_core.package_identification:_identify(src/full_gazebo_simulator) by extension 'colcon_pkg'
[0.410s] Level 1:colcon.colcon_core.package_identification:_identify(src/full_gazebo_simulator) by extensions ['colcon_meta']
[0.410s] Level 1:colcon.colcon_core.package_identification:_identify(src/full_gazebo_simulator) by extension 'colcon_meta'
[0.410s] Level 1:colcon.colcon_core.package_identification:_identify(src/full_gazebo_simulator) by extensions ['ros']
[0.411s] Level 1:colcon.colcon_core.package_identification:_identify(src/full_gazebo_simulator) by extension 'ros'
[0.411s] Level 1:colcon.colcon_core.package_identification:_identify(src/full_gazebo_simulator) by extensions ['cmake', 'python']
[0.411s] Level 1:colcon.colcon_core.package_identification:_identify(src/full_gazebo_simulator) by extension 'cmake'
[0.411s] Level 1:colcon.colcon_core.package_identification:_identify(src/full_gazebo_simulator) by extension 'python'
[0.411s] Level 1:colcon.colcon_core.package_identification:_identify(src/full_gazebo_simulator) by extensions ['python_setup_py']
[0.411s] Level 1:colcon.colcon_core.package_identification:_identify(src/full_gazebo_simulator) by extension 'python_setup_py'
[0.411s] Level 1:colcon.colcon_core.package_identification:_identify(src/full_gazebo_simulator/full_gazebo_simulator) by extensions ['ignore', 'ignore_ament_install']
[0.411s] Level 1:colcon.colcon_core.package_identification:_identify(src/full_gazebo_simulator/full_gazebo_simulator) by extension 'ignore'
[0.411s] Level 1:colcon.colcon_core.package_identification:_identify(src/full_gazebo_simulator/full_gazebo_simulator) by extension 'ignore_ament_install'
[0.411s] Level 1:colcon.colcon_core.package_identification:_identify(src/full_gazebo_simulator/full_gazebo_simulator) by extensions ['colcon_pkg']
[0.411s] Level 1:colcon.colcon_core.package_identification:_identify(src/full_gazebo_simulator/full_gazebo_simulator) by extension 'colcon_pkg'
[0.411s] Level 1:colcon.colcon_core.package_identification:_identify(src/full_gazebo_simulator/full_gazebo_simulator) by extensions ['colcon_meta']
[0.411s] Level 1:colcon.colcon_core.package_identification:_identify(src/full_gazebo_simulator/full_gazebo_simulator) by extension 'colcon_meta'
[0.411s] Level 1:colcon.colcon_core.package_identification:_identify(src/full_gazebo_simulator/full_gazebo_simulator) by extensions ['ros']
[0.411s] Level 1:colcon.colcon_core.package_identification:_identify(src/full_gazebo_simulator/full_gazebo_simulator) by extension 'ros'
[0.412s] DEBUG:colcon.colcon_core.package_identification:Package 'src/full_gazebo_simulator/full_gazebo_simulator' with type 'ros.ament_cmake' and name 'full_gazebo_simulator'
[0.412s] Level 1:colcon.colcon_core.package_identification:_identify(src/full_gazebo_simulator/imperial_driverless_gazebo_plugins) by extensions ['ignore', 'ignore_ament_install']
[0.412s] Level 1:colcon.colcon_core.package_identification:_identify(src/full_gazebo_simulator/imperial_driverless_gazebo_plugins) by extension 'ignore'
[0.412s] Level 1:colcon.colcon_core.package_identification:_identify(src/full_gazebo_simulator/imperial_driverless_gazebo_plugins) by extension 'ignore_ament_install'
[0.412s] Level 1:colcon.colcon_core.package_identification:_identify(src/full_gazebo_simulator/imperial_driverless_gazebo_plugins) by extensions ['colcon_pkg']
[0.412s] Level 1:colcon.colcon_core.package_identification:_identify(src/full_gazebo_simulator/imperial_driverless_gazebo_plugins) by extension 'colcon_pkg'
[0.412s] Level 1:colcon.colcon_core.package_identification:_identify(src/full_gazebo_simulator/imperial_driverless_gazebo_plugins) by extensions ['colcon_meta']
[0.412s] Level 1:colcon.colcon_core.package_identification:_identify(src/full_gazebo_simulator/imperial_driverless_gazebo_plugins) by extension 'colcon_meta'
[0.413s] Level 1:colcon.colcon_core.package_identification:_identify(src/full_gazebo_simulator/imperial_driverless_gazebo_plugins) by extensions ['ros']
[0.413s] Level 1:colcon.colcon_core.package_identification:_identify(src/full_gazebo_simulator/imperial_driverless_gazebo_plugins) by extension 'ros'
[0.414s] DEBUG:colcon.colcon_core.package_identification:Package 'src/full_gazebo_simulator/imperial_driverless_gazebo_plugins' with type 'ros.ament_cmake' and name 'imperial_driverless_gazebo_plugins'
[0.414s] Level 1:colcon.colcon_core.package_identification:_identify(src/full_gazebo_simulator/typings) by extensions ['ignore', 'ignore_ament_install']
[0.414s] Level 1:colcon.colcon_core.package_identification:_identify(src/full_gazebo_simulator/typings) by extension 'ignore'
[0.414s] Level 1:colcon.colcon_core.package_identification:_identify(src/full_gazebo_simulator/typings) by extension 'ignore_ament_install'
[0.414s] Level 1:colcon.colcon_core.package_identification:_identify(src/full_gazebo_simulator/typings) by extensions ['colcon_pkg']
[0.414s] Level 1:colcon.colcon_core.package_identification:_identify(src/full_gazebo_simulator/typings) by extension 'colcon_pkg'
[0.414s] Level 1:colcon.colcon_core.package_identification:_identify(src/full_gazebo_simulator/typings) by extensions ['colcon_meta']
[0.414s] Level 1:colcon.colcon_core.package_identification:_identify(src/full_gazebo_simulator/typings) by extension 'colcon_meta'
[0.414s] Level 1:colcon.colcon_core.package_identification:_identify(src/full_gazebo_simulator/typings) by extensions ['ros']
[0.414s] Level 1:colcon.colcon_core.package_identification:_identify(src/full_gazebo_simulator/typings) by extension 'ros'
[0.414s] Level 1:colcon.colcon_core.package_identification:_identify(src/full_gazebo_simulator/typings) by extensions ['cmake', 'python']
[0.414s] Level 1:colcon.colcon_core.package_identification:_identify(src/full_gazebo_simulator/typings) by extension 'cmake'
[0.414s] Level 1:colcon.colcon_core.package_identification:_identify(src/full_gazebo_simulator/typings) by extension 'python'
[0.415s] Level 1:colcon.colcon_core.package_identification:_identify(src/full_gazebo_simulator/typings) by extensions ['python_setup_py']
[0.415s] Level 1:colcon.colcon_core.package_identification:_identify(src/full_gazebo_simulator/typings) by extension 'python_setup_py'
[0.415s] Level 1:colcon.colcon_core.package_identification:_identify(src/id_rviz_plugins) by extensions ['ignore', 'ignore_ament_install']
[0.415s] Level 1:colcon.colcon_core.package_identification:_identify(src/id_rviz_plugins) by extension 'ignore'
[0.415s] Level 1:colcon.colcon_core.package_identification:_identify(src/id_rviz_plugins) by extension 'ignore_ament_install'
[0.415s] Level 1:colcon.colcon_core.package_identification:_identify(src/id_rviz_plugins) by extensions ['colcon_pkg']
[0.415s] Level 1:colcon.colcon_core.package_identification:_identify(src/id_rviz_plugins) by extension 'colcon_pkg'
[0.415s] Level 1:colcon.colcon_core.package_identification:_identify(src/id_rviz_plugins) by extensions ['colcon_meta']
[0.415s] Level 1:colcon.colcon_core.package_identification:_identify(src/id_rviz_plugins) by extension 'colcon_meta'
[0.415s] Level 1:colcon.colcon_core.package_identification:_identify(src/id_rviz_plugins) by extensions ['ros']
[0.415s] Level 1:colcon.colcon_core.package_identification:_identify(src/id_rviz_plugins) by extension 'ros'
[0.416s] DEBUG:colcon.colcon_core.package_identification:Package 'src/id_rviz_plugins' with type 'ros.ament_cmake' and name 'id_rviz_plugins'
[0.416s] Level 1:colcon.colcon_core.package_identification:_identify(src/id_track_utils) by extensions ['ignore', 'ignore_ament_install']
[0.416s] Level 1:colcon.colcon_core.package_identification:_identify(src/id_track_utils) by extension 'ignore'
[0.416s] Level 1:colcon.colcon_core.package_identification:_identify(src/id_track_utils) by extension 'ignore_ament_install'
[0.416s] Level 1:colcon.colcon_core.package_identification:_identify(src/id_track_utils) by extensions ['colcon_pkg']
[0.416s] Level 1:colcon.colcon_core.package_identification:_identify(src/id_track_utils) by extension 'colcon_pkg'
[0.416s] Level 1:colcon.colcon_core.package_identification:_identify(src/id_track_utils) by extensions ['colcon_meta']
[0.416s] Level 1:colcon.colcon_core.package_identification:_identify(src/id_track_utils) by extension 'colcon_meta'
[0.416s] Level 1:colcon.colcon_core.package_identification:_identify(src/id_track_utils) by extensions ['ros']
[0.416s] Level 1:colcon.colcon_core.package_identification:_identify(src/id_track_utils) by extension 'ros'
[0.418s] DEBUG:colcon.colcon_core.package_identification:Package 'src/id_track_utils' with type 'ros.ament_python' and name 'id_track_utils'
[0.418s] Level 1:colcon.colcon_core.package_identification:_identify(src/imperial_driverless_utils) by extensions ['ignore', 'ignore_ament_install']
[0.418s] Level 1:colcon.colcon_core.package_identification:_identify(src/imperial_driverless_utils) by extension 'ignore'
[0.418s] Level 1:colcon.colcon_core.package_identification:_identify(src/imperial_driverless_utils) by extension 'ignore_ament_install'
[0.418s] Level 1:colcon.colcon_core.package_identification:_identify(src/imperial_driverless_utils) by extensions ['colcon_pkg']
[0.418s] Level 1:colcon.colcon_core.package_identification:_identify(src/imperial_driverless_utils) by extension 'colcon_pkg'
[0.418s] Level 1:colcon.colcon_core.package_identification:_identify(src/imperial_driverless_utils) by extensions ['colcon_meta']
[0.418s] Level 1:colcon.colcon_core.package_identification:_identify(src/imperial_driverless_utils) by extension 'colcon_meta'
[0.418s] Level 1:colcon.colcon_core.package_identification:_identify(src/imperial_driverless_utils) by extensions ['ros']
[0.418s] Level 1:colcon.colcon_core.package_identification:_identify(src/imperial_driverless_utils) by extension 'ros'
[0.419s] DEBUG:colcon.colcon_core.package_identification:Package 'src/imperial_driverless_utils' with type 'ros.ament_cmake' and name 'imperial_driverless_utils'
[0.419s] Level 1:colcon.colcon_core.package_identification:_identify(src/lidar_camera_fusion) by extensions ['ignore', 'ignore_ament_install']
[0.419s] Level 1:colcon.colcon_core.package_identification:_identify(src/lidar_camera_fusion) by extension 'ignore'
[0.419s] Level 1:colcon.colcon_core.package_identification:_identify(src/lidar_camera_fusion) by extension 'ignore_ament_install'
[0.419s] Level 1:colcon.colcon_core.package_identification:_identify(src/lidar_camera_fusion) by extensions ['colcon_pkg']
[0.419s] Level 1:colcon.colcon_core.package_identification:_identify(src/lidar_camera_fusion) by extension 'colcon_pkg'
[0.419s] Level 1:colcon.colcon_core.package_identification:_identify(src/lidar_camera_fusion) by extensions ['colcon_meta']
[0.419s] Level 1:colcon.colcon_core.package_identification:_identify(src/lidar_camera_fusion) by extension 'colcon_meta'
[0.419s] Level 1:colcon.colcon_core.package_identification:_identify(src/lidar_camera_fusion) by extensions ['ros']
[0.420s] Level 1:colcon.colcon_core.package_identification:_identify(src/lidar_camera_fusion) by extension 'ros'
[0.420s] DEBUG:colcon.colcon_core.package_identification:Package 'src/lidar_camera_fusion' with type 'ros.ament_python' and name 'lidar_camera_fusion'
[0.421s] Level 1:colcon.colcon_core.package_identification:_identify(src/lidar_only_cone_detector) by extensions ['ignore', 'ignore_ament_install']
[0.421s] Level 1:colcon.colcon_core.package_identification:_identify(src/lidar_only_cone_detector) by extension 'ignore'
[0.421s] Level 1:colcon.colcon_core.package_identification:_identify(src/lidar_only_cone_detector) by extension 'ignore_ament_install'
[0.421s] Level 1:colcon.colcon_core.package_identification:_identify(src/lidar_only_cone_detector) by extensions ['colcon_pkg']
[0.421s] Level 1:colcon.colcon_core.package_identification:_identify(src/lidar_only_cone_detector) by extension 'colcon_pkg'
[0.421s] Level 1:colcon.colcon_core.package_identification:_identify(src/lidar_only_cone_detector) by extensions ['colcon_meta']
[0.421s] Level 1:colcon.colcon_core.package_identification:_identify(src/lidar_only_cone_detector) by extension 'colcon_meta'
[0.421s] Level 1:colcon.colcon_core.package_identification:_identify(src/lidar_only_cone_detector) by extensions ['ros']
[0.421s] Level 1:colcon.colcon_core.package_identification:_identify(src/lidar_only_cone_detector) by extension 'ros'
[0.422s] DEBUG:colcon.colcon_core.package_identification:Package 'src/lidar_only_cone_detector' with type 'ros.ament_python' and name 'lidar_only_cone_detector'
[0.423s] Level 1:colcon.colcon_core.package_identification:_identify(src/lightweight_lidar_only_simulator) by extensions ['ignore', 'ignore_ament_install']
[0.423s] Level 1:colcon.colcon_core.package_identification:_identify(src/lightweight_lidar_only_simulator) by extension 'ignore'
[0.423s] Level 1:colcon.colcon_core.package_identification:_identify(src/lightweight_lidar_only_simulator) by extension 'ignore_ament_install'
[0.423s] Level 1:colcon.colcon_core.package_identification:_identify(src/lightweight_lidar_only_simulator) by extensions ['colcon_pkg']
[0.423s] Level 1:colcon.colcon_core.package_identification:_identify(src/lightweight_lidar_only_simulator) by extension 'colcon_pkg'
[0.423s] Level 1:colcon.colcon_core.package_identification:_identify(src/lightweight_lidar_only_simulator) by extensions ['colcon_meta']
[0.423s] Level 1:colcon.colcon_core.package_identification:_identify(src/lightweight_lidar_only_simulator) by extension 'colcon_meta'
[0.423s] Level 1:colcon.colcon_core.package_identification:_identify(src/lightweight_lidar_only_simulator) by extensions ['ros']
[0.423s] Level 1:colcon.colcon_core.package_identification:_identify(src/lightweight_lidar_only_simulator) by extension 'ros'
[0.424s] DEBUG:colcon.colcon_core.package_identification:Package 'src/lightweight_lidar_only_simulator' with type 'ros.ament_cmake' and name 'lightweight_lidar_only_simulator'
[0.424s] Level 1:colcon.colcon_core.package_identification:_identify(src/path_followers) by extensions ['ignore', 'ignore_ament_install']
[0.424s] Level 1:colcon.colcon_core.package_identification:_identify(src/path_followers) by extension 'ignore'
[0.424s] Level 1:colcon.colcon_core.package_identification:_identify(src/path_followers) by extension 'ignore_ament_install'
[0.424s] Level 1:colcon.colcon_core.package_identification:_identify(src/path_followers) by extensions ['colcon_pkg']
[0.424s] Level 1:colcon.colcon_core.package_identification:_identify(src/path_followers) by extension 'colcon_pkg'
[0.424s] Level 1:colcon.colcon_core.package_identification:_identify(src/path_followers) by extensions ['colcon_meta']
[0.424s] Level 1:colcon.colcon_core.package_identification:_identify(src/path_followers) by extension 'colcon_meta'
[0.424s] Level 1:colcon.colcon_core.package_identification:_identify(src/path_followers) by extensions ['ros']
[0.424s] Level 1:colcon.colcon_core.package_identification:_identify(src/path_followers) by extension 'ros'
[0.425s] DEBUG:colcon.colcon_core.package_identification:Package 'src/path_followers' with type 'ros.ament_cmake' and name 'path_followers'
[0.425s] Level 1:colcon.colcon_core.package_identification:_identify(src/path_generators) by extensions ['ignore', 'ignore_ament_install']
[0.425s] Level 1:colcon.colcon_core.package_identification:_identify(src/path_generators) by extension 'ignore'
[0.425s] Level 1:colcon.colcon_core.package_identification:_identify(src/path_generators) by extension 'ignore_ament_install'
[0.425s] Level 1:colcon.colcon_core.package_identification:_identify(src/path_generators) by extensions ['colcon_pkg']
[0.426s] Level 1:colcon.colcon_core.package_identification:_identify(src/path_generators) by extension 'colcon_pkg'
[0.426s] Level 1:colcon.colcon_core.package_identification:_identify(src/path_generators) by extensions ['colcon_meta']
[0.426s] Level 1:colcon.colcon_core.package_identification:_identify(src/path_generators) by extension 'colcon_meta'
[0.426s] Level 1:colcon.colcon_core.package_identification:_identify(src/path_generators) by extensions ['ros']
[0.426s] Level 1:colcon.colcon_core.package_identification:_identify(src/path_generators) by extension 'ros'
[0.426s] DEBUG:colcon.colcon_core.package_identification:Package 'src/path_generators' with type 'ros.ament_python' and name 'path_generators'
[0.426s] Level 1:colcon.colcon_core.package_identification:_identify(src/triangulation_algorithm) by extensions ['ignore', 'ignore_ament_install']
[0.427s] Level 1:colcon.colcon_core.package_identification:_identify(src/triangulation_algorithm) by extension 'ignore'
[0.427s] Level 1:colcon.colcon_core.package_identification:_identify(src/triangulation_algorithm) by extension 'ignore_ament_install'
[0.427s] Level 1:colcon.colcon_core.package_identification:_identify(src/triangulation_algorithm) by extensions ['colcon_pkg']
[0.427s] Level 1:colcon.colcon_core.package_identification:_identify(src/triangulation_algorithm) by extension 'colcon_pkg'
[0.427s] Level 1:colcon.colcon_core.package_identification:_identify(src/triangulation_algorithm) by extensions ['colcon_meta']
[0.427s] Level 1:colcon.colcon_core.package_identification:_identify(src/triangulation_algorithm) by extension 'colcon_meta'
[0.427s] Level 1:colcon.colcon_core.package_identification:_identify(src/triangulation_algorithm) by extensions ['ros']
[0.427s] Level 1:colcon.colcon_core.package_identification:_identify(src/triangulation_algorithm) by extension 'ros'
[0.427s] Level 1:colcon.colcon_core.package_identification:_identify(src/triangulation_algorithm) by extensions ['cmake', 'python']
[0.427s] Level 1:colcon.colcon_core.package_identification:_identify(src/triangulation_algorithm) by extension 'cmake'
[0.427s] Level 1:colcon.colcon_core.package_identification:_identify(src/triangulation_algorithm) by extension 'python'
[0.427s] Level 1:colcon.colcon_core.package_identification:_identify(src/triangulation_algorithm) by extensions ['python_setup_py']
[0.427s] Level 1:colcon.colcon_core.package_identification:_identify(src/triangulation_algorithm) by extension 'python_setup_py'
[0.427s] Level 1:colcon.colcon_core.package_identification:_identify(src/vehicle_controllers) by extensions ['ignore', 'ignore_ament_install']
[0.427s] Level 1:colcon.colcon_core.package_identification:_identify(src/vehicle_controllers) by extension 'ignore'
[0.427s] Level 1:colcon.colcon_core.package_identification:_identify(src/vehicle_controllers) by extension 'ignore_ament_install'
[0.427s] Level 1:colcon.colcon_core.package_identification:_identify(src/vehicle_controllers) by extensions ['colcon_pkg']
[0.427s] Level 1:colcon.colcon_core.package_identification:_identify(src/vehicle_controllers) by extension 'colcon_pkg'
[0.427s] Level 1:colcon.colcon_core.package_identification:_identify(src/vehicle_controllers) by extensions ['colcon_meta']
[0.427s] Level 1:colcon.colcon_core.package_identification:_identify(src/vehicle_controllers) by extension 'colcon_meta'
[0.427s] Level 1:colcon.colcon_core.package_identification:_identify(src/vehicle_controllers) by extensions ['ros']
[0.428s] Level 1:colcon.colcon_core.package_identification:_identify(src/vehicle_controllers) by extension 'ros'
[0.428s] DEBUG:colcon.colcon_core.package_identification:Package 'src/vehicle_controllers' with type 'ros.ament_python' and name 'vehicle_controllers'
[0.428s] Level 1:colcon.colcon_core.package_identification:_identify(src/vehicle_descriptions) by extensions ['ignore', 'ignore_ament_install']
[0.428s] Level 1:colcon.colcon_core.package_identification:_identify(src/vehicle_descriptions) by extension 'ignore'
[0.428s] Level 1:colcon.colcon_core.package_identification:_identify(src/vehicle_descriptions) by extension 'ignore_ament_install'
[0.429s] Level 1:colcon.colcon_core.package_identification:_identify(src/vehicle_descriptions) by extensions ['colcon_pkg']
[0.429s] Level 1:colcon.colcon_core.package_identification:_identify(src/vehicle_descriptions) by extension 'colcon_pkg'
[0.429s] Level 1:colcon.colcon_core.package_identification:_identify(src/vehicle_descriptions) by extensions ['colcon_meta']
[0.429s] Level 1:colcon.colcon_core.package_identification:_identify(src/vehicle_descriptions) by extension 'colcon_meta'
[0.429s] Level 1:colcon.colcon_core.package_identification:_identify(src/vehicle_descriptions) by extensions ['ros']
[0.429s] Level 1:colcon.colcon_core.package_identification:_identify(src/vehicle_descriptions) by extension 'ros'
[0.429s] DEBUG:colcon.colcon_core.package_identification:Package 'src/vehicle_descriptions' with type 'ros.ament_cmake' and name 'vehicle_descriptions'
[0.429s] Level 1:colcon.colcon_core.package_discovery:discover_packages(recursive) using defaults
[0.429s] Level 1:colcon.colcon_core.package_discovery:discover_packages(ignore) discover
[0.429s] Level 1:colcon.colcon_core.package_discovery:discover_packages(ignore) using defaults
[0.429s] Level 1:colcon.colcon_core.package_discovery:discover_packages(path) discover
[0.430s] Level 1:colcon.colcon_core.package_discovery:discover_packages(path) using defaults
[0.452s] INFO:colcon.colcon_core.package_selection:Skipping not selected package 'ackermann_drive_teleop' in 'src/ackermann_drive_teleop'
[0.453s] INFO:colcon.colcon_core.package_selection:Skipping not selected package 'car_keyop' in 'src/car_keyop'
[0.453s] INFO:colcon.colcon_core.package_selection:Skipping not selected package 'f110_gym' in 'src/f1tenth_gym/gym'
[0.453s] INFO:colcon.colcon_core.package_selection:Skipping not selected package 'id_rviz_plugins' in 'src/id_rviz_plugins'
[0.453s] INFO:colcon.colcon_core.package_selection:Skipping not selected package 'id_track_utils' in 'src/id_track_utils'
[0.453s] INFO:colcon.colcon_core.package_selection:Skipping not selected package 'imperial_driverless_gazebo_plugins' in 'src/full_gazebo_simulator/imperial_driverless_gazebo_plugins'
[0.453s] INFO:colcon.colcon_core.package_selection:Skipping not selected package 'lidar_only_cone_detector' in 'src/lidar_only_cone_detector'
[0.453s] INFO:colcon.colcon_core.package_selection:Skipping not selected package 'lightweight_lidar_only_simulator' in 'src/lightweight_lidar_only_simulator'
[0.453s] INFO:colcon.colcon_core.package_selection:Skipping not selected package 'path_followers' in 'src/path_followers'
[0.453s] INFO:colcon.colcon_core.package_selection:Skipping not selected package 'path_generators' in 'src/path_generators'
[0.453s] INFO:colcon.colcon_core.package_selection:Skipping not selected package 'vehicle_controllers' in 'src/vehicle_controllers'
[0.453s] INFO:colcon.colcon_core.package_selection:Skipping not selected package 'vehicle_descriptions' in 'src/vehicle_descriptions'
[0.453s] INFO:colcon.colcon_core.package_selection:Skipping not selected package 'full_gazebo_simulator' in 'src/full_gazebo_simulator/full_gazebo_simulator'
[0.453s] INFO:colcon.colcon_core.package_selection:Skipping not selected package 'imperial_driverless_utils' in 'src/imperial_driverless_utils'
[0.453s] INFO:colcon.colcon_core.package_selection:Skipping not selected package 'lidar_camera_fusion' in 'src/lidar_camera_fusion'
[0.454s] Level 5:colcon.colcon_core.verb:set package 'fsds_simulator' build argument 'cmake_args' from command line to 'None'
[0.454s] Level 5:colcon.colcon_core.verb:set package 'fsds_simulator' build argument 'cmake_target' from command line to 'None'
[0.454s] Level 5:colcon.colcon_core.verb:set package 'fsds_simulator' build argument 'cmake_target_skip_unavailable' from command line to 'False'
[0.454s] Level 5:colcon.colcon_core.verb:set package 'fsds_simulator' build argument 'cmake_clean_cache' from command line to 'False'
[0.454s] Level 5:colcon.colcon_core.verb:set package 'fsds_simulator' build argument 'cmake_clean_first' from command line to 'False'
[0.454s] Level 5:colcon.colcon_core.verb:set package 'fsds_simulator' build argument 'cmake_force_configure' from command line to 'False'
[0.454s] Level 5:colcon.colcon_core.verb:set package 'fsds_simulator' build argument 'ament_cmake_args' from command line to 'None'
[0.454s] Level 5:colcon.colcon_core.verb:set package 'fsds_simulator' build argument 'catkin_cmake_args' from command line to 'None'
[0.454s] Level 5:colcon.colcon_core.verb:set package 'fsds_simulator' build argument 'catkin_skip_building_tests' from command line to 'False'
[0.454s] DEBUG:colcon.colcon_core.verb:Building package 'fsds_simulator' with the following arguments: {'ament_cmake_args': None, 'build_base': '/home/mario/Driverless/build/fsds_simulator', 'catkin_cmake_args': None, 'catkin_skip_building_tests': False, 'cmake_args': None, 'cmake_clean_cache': False, 'cmake_clean_first': False, 'cmake_force_configure': False, 'cmake_target': None, 'cmake_target_skip_unavailable': False, 'install_base': '/home/mario/Driverless/install/fsds_simulator', 'merge_install': False, 'path': '/home/mario/Driverless/src/fsds_simulator', 'symlink_install': False, 'test_result_base': None}
[0.457s] INFO:colcon.colcon_core.executor:Executing jobs using 'parallel' executor
[0.459s] DEBUG:colcon.colcon_parallel_executor.executor.parallel:run_until_complete
[0.459s] INFO:colcon.colcon_ros.task.ament_cmake.build:Building ROS package in '/home/mario/Driverless/src/fsds_simulator' with build type 'ament_cmake'
[0.460s] INFO:colcon.colcon_cmake.task.cmake.build:Building CMake package in '/home/mario/Driverless/src/fsds_simulator'
[0.463s] INFO:colcon.colcon_core.plugin_system:Skipping extension 'colcon_core.shell.bat': Not used on non-Windows systems
[0.463s] INFO:colcon.colcon_core.shell:Skip shell extension 'powershell' for command environment: Not usable outside of PowerShell
[0.463s] DEBUG:colcon.colcon_core.shell:Skip shell extension 'dsv' for command environment
[0.474s] DEBUG:colcon.colcon_core.event_handler.log_command:Invoking command in '/home/mario/Driverless/build/fsds_simulator': CMAKE_PREFIX_PATH=/opt/ros/galactic /usr/bin/cmake --build /home/mario/Driverless/build/fsds_simulator -- -j4 -l4
[0.859s] DEBUG:colcon.colcon_core.event_handler.log_command:Invoked command in '/home/mario/Driverless/build/fsds_simulator' returned '0': CMAKE_PREFIX_PATH=/opt/ros/galactic /usr/bin/cmake --build /home/mario/Driverless/build/fsds_simulator -- -j4 -l4
[0.891s] DEBUG:colcon.colcon_core.event_handler.log_command:Invoking command in '/home/mario/Driverless/build/fsds_simulator': CMAKE_PREFIX_PATH=/opt/ros/galactic /usr/bin/cmake --install /home/mario/Driverless/build/fsds_simulator
[0.938s] Level 1:colcon.colcon_core.environment:create_environment_scripts_only(fsds_simulator)
[0.939s] DEBUG:colcon.colcon_core.event_handler.log_command:Invoked command in '/home/mario/Driverless/build/fsds_simulator' returned '0': CMAKE_PREFIX_PATH=/opt/ros/galactic /usr/bin/cmake --install /home/mario/Driverless/build/fsds_simulator
[0.943s] Level 1:colcon.colcon_core.environment:checking '/home/mario/Driverless/install/fsds_simulator' for CMake module files
[0.943s] Level 1:colcon.colcon_core.environment:checking '/home/mario/Driverless/install/fsds_simulator' for CMake config files
[0.944s] Level 1:colcon.colcon_core.shell:create_environment_hook('fsds_simulator', 'cmake_prefix_path')
[0.944s] INFO:colcon.colcon_core.shell:Creating environment hook '/home/mario/Driverless/install/fsds_simulator/share/fsds_simulator/hook/cmake_prefix_path.ps1'
[0.945s] INFO:colcon.colcon_core.shell:Creating environment descriptor '/home/mario/Driverless/install/fsds_simulator/share/fsds_simulator/hook/cmake_prefix_path.dsv'
[0.945s] INFO:colcon.colcon_core.shell:Creating environment hook '/home/mario/Driverless/install/fsds_simulator/share/fsds_simulator/hook/cmake_prefix_path.sh'
[0.946s] Level 1:colcon.colcon_core.environment:checking '/home/mario/Driverless/install/fsds_simulator/lib'
[0.946s] Level 1:colcon.colcon_core.environment:checking '/home/mario/Driverless/install/fsds_simulator/bin'
[0.946s] Level 1:colcon.colcon_core.environment:checking '/home/mario/Driverless/install/fsds_simulator/lib/pkgconfig/fsds_simulator.pc'
[0.946s] Level 1:colcon.colcon_core.environment:checking '/home/mario/Driverless/install/fsds_simulator/lib/python3.8/site-packages'
[0.946s] Level 1:colcon.colcon_core.shell:create_environment_hook('fsds_simulator', 'pythonpath')
[0.947s] INFO:colcon.colcon_core.shell:Creating environment hook '/home/mario/Driverless/install/fsds_simulator/share/fsds_simulator/hook/pythonpath.ps1'
[0.947s] INFO:colcon.colcon_core.shell:Creating environment descriptor '/home/mario/Driverless/install/fsds_simulator/share/fsds_simulator/hook/pythonpath.dsv'
[0.947s] INFO:colcon.colcon_core.shell:Creating environment hook '/home/mario/Driverless/install/fsds_simulator/share/fsds_simulator/hook/pythonpath.sh'
[0.948s] INFO:colcon.colcon_core.shell:Creating package script '/home/mario/Driverless/install/fsds_simulator/share/fsds_simulator/package.ps1'
[0.949s] INFO:colcon.colcon_core.shell:Creating package descriptor '/home/mario/Driverless/install/fsds_simulator/share/fsds_simulator/package.dsv'
[0.949s] INFO:colcon.colcon_core.shell:Creating package script '/home/mario/Driverless/install/fsds_simulator/share/fsds_simulator/package.sh'
[0.950s] INFO:colcon.colcon_core.shell:Creating package script '/home/mario/Driverless/install/fsds_simulator/share/fsds_simulator/package.bash'
[0.951s] INFO:colcon.colcon_core.shell:Creating package script '/home/mario/Driverless/install/fsds_simulator/share/fsds_simulator/package.zsh'
[0.951s] Level 1:colcon.colcon_core.environment:create_file_with_runtime_dependencies(/home/mario/Driverless/install/fsds_simulator/share/colcon-core/packages/fsds_simulator)
[0.973s] Level 1:colcon.colcon_core.environment:create_environment_scripts_only(fsds_simulator)
[0.974s] Level 1:colcon.colcon_core.environment:checking '/home/mario/Driverless/install/fsds_simulator' for CMake module files
[0.974s] Level 1:colcon.colcon_core.environment:checking '/home/mario/Driverless/install/fsds_simulator' for CMake config files
[0.975s] Level 1:colcon.colcon_core.shell:create_environment_hook('fsds_simulator', 'cmake_prefix_path')
[0.975s] INFO:colcon.colcon_core.shell:Creating environment hook '/home/mario/Driverless/install/fsds_simulator/share/fsds_simulator/hook/cmake_prefix_path.ps1'
[0.975s] INFO:colcon.colcon_core.shell:Creating environment descriptor '/home/mario/Driverless/install/fsds_simulator/share/fsds_simulator/hook/cmake_prefix_path.dsv'
[0.988s] INFO:colcon.colcon_core.shell:Creating environment hook '/home/mario/Driverless/install/fsds_simulator/share/fsds_simulator/hook/cmake_prefix_path.sh'
[0.989s] Level 1:colcon.colcon_core.environment:checking '/home/mario/Driverless/install/fsds_simulator/lib'
[0.989s] Level 1:colcon.colcon_core.environment:checking '/home/mario/Driverless/install/fsds_simulator/bin'
[0.989s] Level 1:colcon.colcon_core.environment:checking '/home/mario/Driverless/install/fsds_simulator/lib/pkgconfig/fsds_simulator.pc'
[0.989s] Level 1:colcon.colcon_core.environment:checking '/home/mario/Driverless/install/fsds_simulator/lib/python3.8/site-packages'
[0.989s] Level 1:colcon.colcon_core.shell:create_environment_hook('fsds_simulator', 'pythonpath')
[0.989s] INFO:colcon.colcon_core.shell:Creating environment hook '/home/mario/Driverless/install/fsds_simulator/share/fsds_simulator/hook/pythonpath.ps1'
[0.990s] INFO:colcon.colcon_core.shell:Creating environment descriptor '/home/mario/Driverless/install/fsds_simulator/share/fsds_simulator/hook/pythonpath.dsv'
[0.990s] INFO:colcon.colcon_core.shell:Creating environment hook '/home/mario/Driverless/install/fsds_simulator/share/fsds_simulator/hook/pythonpath.sh'
[0.991s] INFO:colcon.colcon_core.shell:Creating package script '/home/mario/Driverless/install/fsds_simulator/share/fsds_simulator/package.ps1'
[0.992s] INFO:colcon.colcon_core.shell:Creating package descriptor '/home/mario/Driverless/install/fsds_simulator/share/fsds_simulator/package.dsv'
[0.992s] INFO:colcon.colcon_core.shell:Creating package script '/home/mario/Driverless/install/fsds_simulator/share/fsds_simulator/package.sh'
[0.992s] INFO:colcon.colcon_core.shell:Creating package script '/home/mario/Driverless/install/fsds_simulator/share/fsds_simulator/package.bash'
[0.993s] INFO:colcon.colcon_core.shell:Creating package script '/home/mario/Driverless/install/fsds_simulator/share/fsds_simulator/package.zsh'
[0.993s] Level 1:colcon.colcon_core.environment:create_file_with_runtime_dependencies(/home/mario/Driverless/install/fsds_simulator/share/colcon-core/packages/fsds_simulator)
[0.993s] DEBUG:colcon.colcon_parallel_executor.executor.parallel:closing loop
[0.994s] DEBUG:colcon.colcon_parallel_executor.executor.parallel:loop closed
[0.994s] DEBUG:colcon.colcon_parallel_executor.executor.parallel:run_until_complete finished with '0'
[0.994s] DEBUG:colcon.colcon_core.event_reactor:joining thread
[0.999s] INFO:colcon.colcon_core.plugin_system:Skipping extension 'colcon_notification.desktop_notification.terminal_notifier': Not used on non-Darwin systems
[0.999s] INFO:colcon.colcon_core.plugin_system:Skipping extension 'colcon_notification.desktop_notification.win32': Not used on non-Windows systems
[0.999s] INFO:colcon.colcon_notification.desktop_notification:Sending desktop notification using 'notify2'
[1.013s] DEBUG:colcon.colcon_core.event_reactor:joined thread
[1.014s] INFO:colcon.colcon_core.shell:Creating prefix script '/home/mario/Driverless/install/local_setup.ps1'
[1.014s] INFO:colcon.colcon_core.shell:Creating prefix util module '/home/mario/Driverless/install/_local_setup_util_ps1.py'
[1.016s] INFO:colcon.colcon_core.shell:Creating prefix chain script '/home/mario/Driverless/install/setup.ps1'
[1.017s] INFO:colcon.colcon_core.shell:Creating prefix script '/home/mario/Driverless/install/local_setup.sh'
[1.018s] INFO:colcon.colcon_core.shell:Creating prefix util module '/home/mario/Driverless/install/_local_setup_util_sh.py'
[1.019s] INFO:colcon.colcon_core.shell:Creating prefix chain script '/home/mario/Driverless/install/setup.sh'
[1.020s] INFO:colcon.colcon_core.shell:Creating prefix script '/home/mario/Driverless/install/local_setup.bash'
[1.021s] INFO:colcon.colcon_core.shell:Creating prefix chain script '/home/mario/Driverless/install/setup.bash'
[1.022s] INFO:colcon.colcon_core.shell:Creating prefix script '/home/mario/Driverless/install/local_setup.zsh'
[1.022s] INFO:colcon.colcon_core.shell:Creating prefix chain script '/home/mario/Driverless/install/setup.zsh'
