running egg_info
creating ../../build/car_keyop/car_keyop.egg-info
writing ../../build/car_keyop/car_keyop.egg-info/PKG-INFO
writing dependency_links to ../../build/car_keyop/car_keyop.egg-info/dependency_links.txt
writing entry points to ../../build/car_keyop/car_keyop.egg-info/entry_points.txt
writing top-level names to ../../build/car_keyop/car_keyop.egg-info/top_level.txt
writing manifest file '../../build/car_keyop/car_keyop.egg-info/SOURCES.txt'
reading manifest file '../../build/car_keyop/car_keyop.egg-info/SOURCES.txt'
writing manifest file '../../build/car_keyop/car_keyop.egg-info/SOURCES.txt'
running build
running build_py
creating /home/mario/Driverless/build/car_keyop/build
creating /home/mario/Driverless/build/car_keyop/build/lib
creating /home/mario/Driverless/build/car_keyop/build/lib/car_keyop
copying car_keyop/twist.py -> /home/mario/Driverless/build/car_keyop/build/lib/car_keyop
copying car_keyop/__init__.py -> /home/mario/Driverless/build/car_keyop/build/lib/car_keyop
copying car_keyop/base.py -> /home/mario/Driverless/build/car_keyop/build/lib/car_keyop
running install
running install_lib
creating /home/mario/Driverless/install/car_keyop/lib/python3.8/site-packages/car_keyop
copying /home/mario/Driverless/build/car_keyop/build/lib/car_keyop/twist.py -> /home/mario/Driverless/install/car_keyop/lib/python3.8/site-packages/car_keyop
copying /home/mario/Driverless/build/car_keyop/build/lib/car_keyop/__init__.py -> /home/mario/Driverless/install/car_keyop/lib/python3.8/site-packages/car_keyop
copying /home/mario/Driverless/build/car_keyop/build/lib/car_keyop/base.py -> /home/mario/Driverless/install/car_keyop/lib/python3.8/site-packages/car_keyop
byte-compiling /home/mario/Driverless/install/car_keyop/lib/python3.8/site-packages/car_keyop/twist.py to twist.cpython-38.pyc
byte-compiling /home/mario/Driverless/install/car_keyop/lib/python3.8/site-packages/car_keyop/__init__.py to __init__.cpython-38.pyc
byte-compiling /home/mario/Driverless/install/car_keyop/lib/python3.8/site-packages/car_keyop/base.py to base.cpython-38.pyc
running install_data
creating /home/mario/Driverless/install/car_keyop/share/ament_index
creating /home/mario/Driverless/install/car_keyop/share/ament_index/resource_index
creating /home/mario/Driverless/install/car_keyop/share/ament_index/resource_index/packages
copying resource/car_keyop -> /home/mario/Driverless/install/car_keyop/share/ament_index/resource_index/packages
copying package.xml -> /home/mario/Driverless/install/car_keyop/share/car_keyop
running install_egg_info
Copying ../../build/car_keyop/car_keyop.egg-info to /home/mario/Driverless/install/car_keyop/lib/python3.8/site-packages/car_keyop-2.0.0-py3.8.egg-info
running install_scripts
Installing twist script to /home/mario/Driverless/install/car_keyop/lib/car_keyop
writing list of installed files to '/home/mario/Driverless/build/car_keyop/install.log'
