-- The C compiler identification is GNU 9.4.0
-- The CXX compiler identification is GNU 9.4.0
-- Check for working C compiler: /usr/bin/cc
-- Check for working C compiler: /usr/bin/cc -- works
-- Detecting C compiler ABI info
-- Detecting C compiler ABI info - done
-- Detecting C compile features
-- Detecting C compile features - done
-- Check for working CXX compiler: /usr/bin/c++
-- Check for working CXX compiler: /usr/bin/c++ -- works
-- Detecting CXX compiler ABI info
-- Detecting CXX compiler ABI info - done
-- Detecting CXX compile features
-- Detecting CXX compile features - done
-- Found ament_cmake_auto: 1.1.4 (/opt/ros/galactic/share/ament_cmake_auto/cmake)
-- Found PythonInterp: /usr/bin/python3 (found suitable version "3.8.10", minimum required is "3") 
-- Using PYTHON_EXECUTABLE: /usr/bin/python3
-- Setting OGRE_DIR to: '/opt/ros/galactic/share/rviz_ogre_vendor/cmake/../../../opt/rviz_ogre_vendor/lib/OGRE/cmake'
-- Found OGRE
--   static     : OFF
--   components : HLMS;MeshLodGenerator;Overlay;Paging;Property;RTShaderSystem;Terrain;Volume
--   plugins    : Plugin_BSPSceneManager;Plugin_OctreeSceneManager;Plugin_PCZSceneManager;Plugin_ParticleFX;RenderSystem_GL;RenderSystem_GL3Plus;Codec_STBI
--   media      : /opt/ros/galactic/opt/rviz_ogre_vendor/share/OGRE/Media
-- OGRE_LIBRARIES: OgreHLMS;OgreMeshLodGenerator;OgreOverlay;OgrePaging;OgreProperty;OgreRTShaderSystem;OgreTerrain;OgreVolume;OgreMain
-- OGRE_LIBRARY_DIRS: /opt/ros/galactic/opt/rviz_ogre_vendor/lib
-- OGRE_PLUGINS: Plugin_BSPSceneManager;Plugin_OctreeSceneManager;Plugin_PCZSceneManager;Plugin_ParticleFX;RenderSystem_GL;RenderSystem_GL3Plus;Codec_STBI
-- OGRE_PLUGIN_DIR: /opt/ros/galactic/opt/rviz_ogre_vendor/lib/OGRE
-- rviz_ogre_vendor::OgreOverlay for IMPORTED_LOCATION_RELEASE: /opt/ros/galactic/opt/rviz_ogre_vendor/lib/libOgreOverlay.so
-- rviz_ogre_vendor::OgreOverlay for IMPORTED_LOCATION_DEBUG: /opt/ros/galactic/opt/rviz_ogre_vendor/lib/libOgreOverlay.so
-- rviz_ogre_vendor::OgreMain for IMPORTED_LOCATION_RELEASE: /opt/ros/galactic/opt/rviz_ogre_vendor/lib/libOgreMain.so
-- rviz_ogre_vendor::OgreMain for IMPORTED_LOCATION_DEBUG: /opt/ros/galactic/opt/rviz_ogre_vendor/lib/libOgreMain.so
-- Found ZLIB: /usr/lib/x86_64-linux-gnu/libz.so (found version "1.2.11") 
-- Found OpenGL: /usr/lib/x86_64-linux-gnu/libOpenGL.so   
-- Found X11: /usr/include   
-- Looking for XOpenDisplay in /usr/lib/x86_64-linux-gnu/libX11.so;/usr/lib/x86_64-linux-gnu/libXext.so
-- Looking for XOpenDisplay in /usr/lib/x86_64-linux-gnu/libX11.so;/usr/lib/x86_64-linux-gnu/libXext.so - found
-- Looking for gethostbyname
-- Looking for gethostbyname - found
-- Looking for connect
-- Looking for connect - found
-- Looking for remove
-- Looking for remove - found
-- Looking for shmat
-- Looking for shmat - found
-- Looking for IceConnectionNumber in ICE
-- Looking for IceConnectionNumber in ICE - found
-- rviz_ogre_vendor::RenderSystem_GL for IMPORTED_LOCATION_RELEASE: _render_system_gl_static_library_abs-NOTFOUND
-- rviz_ogre_vendor::RenderSystem_GL for IMPORTED_LOCATION_DEBUG: _render_system_gl_static_library_abs-NOTFOUND
-- library: /usr/lib/x86_64-linux-gnu/libcurl.so
-- Using all available rosidl_typesupport_c: rosidl_typesupport_fastrtps_c;rosidl_typesupport_introspection_c
-- Found rosidl_adapter: 2.2.1 (/opt/ros/galactic/share/rosidl_adapter/cmake)
-- Found OpenSSL: /usr/lib/x86_64-linux-gnu/libcrypto.so (found version "1.1.1f")  
-- Found FastRTPS: /opt/ros/galactic/include  
-- Using all available rosidl_typesupport_cpp: rosidl_typesupport_fastrtps_cpp;rosidl_typesupport_introspection_cpp
-- Found rmw_implementation_cmake: 3.3.1 (/opt/ros/galactic/share/rmw_implementation_cmake/cmake)
-- Found rmw_cyclonedds_cpp: 0.22.4 (/opt/ros/galactic/share/rmw_cyclonedds_cpp/cmake)
-- Using RMW implementation 'rmw_cyclonedds_cpp' as default
-- Looking for pthread.h
-- Looking for pthread.h - found
-- Performing Test CMAKE_HAVE_LIBC_PTHREAD
-- Performing Test CMAKE_HAVE_LIBC_PTHREAD - Failed
-- Looking for pthread_create in pthreads
-- Looking for pthread_create in pthreads - not found
-- Looking for pthread_create in pthread
-- Looking for pthread_create in pthread - found
-- Found Threads: TRUE  
-- Found Eigen3: TRUE (found version "3.3.7") 
-- Configuring done
-- Generating done
-- Build files have been written to: /home/mario/Driverless/build/id_rviz_plugins
[ 25%] [34m[1mGenerating include/moc_gt_conemap.cpp[0m
[35m[1mScanning dependencies of target id_rviz_plugins[0m
[ 50%] [32mBuilding CXX object CMakeFiles/id_rviz_plugins.dir/src/gt_conemap.cpp.o[0m
[ 75%] [32mBuilding CXX object CMakeFiles/id_rviz_plugins.dir/include/moc_gt_conemap.cpp.o[0m
[100%] [32m[1mLinking CXX shared library libid_rviz_plugins.so[0m
[100%] Built target id_rviz_plugins
-- Install configuration: ""
-- Installing: /home/mario/Driverless/install/id_rviz_plugins/share/id_rviz_plugins/plugin_description.xml
-- Installing: /home/mario/Driverless/install/id_rviz_plugins/include
-- Installing: /home/mario/Driverless/install/id_rviz_plugins/include/gt_conemap.hpp
-- Installing: /home/mario/Driverless/install/id_rviz_plugins/share/id_rviz_plugins/environment/library_path.sh
-- Installing: /home/mario/Driverless/install/id_rviz_plugins/share/id_rviz_plugins/environment/library_path.dsv
-- Installing: /home/mario/Driverless/install/id_rviz_plugins/lib/libid_rviz_plugins.so
-- Set runtime path of "/home/mario/Driverless/install/id_rviz_plugins/lib/libid_rviz_plugins.so" to ""
-- Installing: /home/mario/Driverless/install/id_rviz_plugins/share/id_rviz_plugins/icons
-- Installing: /home/mario/Driverless/install/id_rviz_plugins/share/id_rviz_plugins/icons/classes
-- Installing: /home/mario/Driverless/install/id_rviz_plugins/share/id_rviz_plugins/icons/classes/ConeMap.png
-- Installing: /home/mario/Driverless/install/id_rviz_plugins/share/ament_index/resource_index/package_run_dependencies/id_rviz_plugins
-- Installing: /home/mario/Driverless/install/id_rviz_plugins/share/ament_index/resource_index/parent_prefix_path/id_rviz_plugins
-- Installing: /home/mario/Driverless/install/id_rviz_plugins/share/id_rviz_plugins/environment/ament_prefix_path.sh
-- Installing: /home/mario/Driverless/install/id_rviz_plugins/share/id_rviz_plugins/environment/ament_prefix_path.dsv
-- Installing: /home/mario/Driverless/install/id_rviz_plugins/share/id_rviz_plugins/environment/path.sh
-- Installing: /home/mario/Driverless/install/id_rviz_plugins/share/id_rviz_plugins/environment/path.dsv
-- Installing: /home/mario/Driverless/install/id_rviz_plugins/share/id_rviz_plugins/local_setup.bash
-- Installing: /home/mario/Driverless/install/id_rviz_plugins/share/id_rviz_plugins/local_setup.sh
-- Installing: /home/mario/Driverless/install/id_rviz_plugins/share/id_rviz_plugins/local_setup.zsh
-- Installing: /home/mario/Driverless/install/id_rviz_plugins/share/id_rviz_plugins/local_setup.dsv
-- Installing: /home/mario/Driverless/install/id_rviz_plugins/share/id_rviz_plugins/package.dsv
-- Installing: /home/mario/Driverless/install/id_rviz_plugins/share/ament_index/resource_index/packages/id_rviz_plugins
-- Installing: /home/mario/Driverless/install/id_rviz_plugins/share/ament_index/resource_index/rviz_common__pluginlib__plugin/id_rviz_plugins
-- Installing: /home/mario/Driverless/install/id_rviz_plugins/share/id_rviz_plugins/cmake/ament_cmake_export_dependencies-extras.cmake
-- Installing: /home/mario/Driverless/install/id_rviz_plugins/share/id_rviz_plugins/cmake/ament_cmake_export_include_directories-extras.cmake
-- Installing: /home/mario/Driverless/install/id_rviz_plugins/share/id_rviz_plugins/cmake/ament_cmake_export_libraries-extras.cmake
-- Installing: /home/mario/Driverless/install/id_rviz_plugins/share/id_rviz_plugins/cmake/id_rviz_pluginsConfig.cmake
-- Installing: /home/mario/Driverless/install/id_rviz_plugins/share/id_rviz_plugins/cmake/id_rviz_pluginsConfig-version.cmake
-- Installing: /home/mario/Driverless/install/id_rviz_plugins/share/id_rviz_plugins/package.xml
