[0.370s] Invoking command in '/home/mario/Driverless/build/id_rviz_plugins': CMAKE_PREFIX_PATH=${CMAKE_PREFIX_PATH}:/home/mario/Driverless/install/lidar_camera_fusion:/home/mario/Driverless/install/vehicle_controllers:/home/mario/Driverless/install/path_generators:/home/mario/Driverless/install/lidar_only_cone_detector:/home/mario/Driverless/install/id_track_utils:/home/mario/Driverless/install/car_keyop:/home/mario/Driverless/install/ackermann_drive_teleop:/opt/ros/galactic /usr/bin/cmake /home/mario/Driverless/src/id_rviz_plugins -DCMAKE_INSTALL_PREFIX=/home/mario/Driverless/install/id_rviz_plugins
[0.706s] -- The C compiler identification is GNU 9.4.0
[0.706s] -- The CXX compiler identification is GNU 9.4.0
[0.707s] -- Check for working C compiler: /usr/bin/cc
[0.709s] -- Check for working C compiler: /usr/bin/cc -- works
[0.710s] -- Detecting C compiler ABI info
[0.710s] -- Detecting C compiler ABI info - done
[0.711s] -- Detecting C compile features
[0.711s] -- Detecting C compile features - done
[0.712s] -- Check for working CXX compiler: /usr/bin/c++
[0.837s] -- Check for working CXX compiler: /usr/bin/c++ -- works
[0.840s] -- Detecting CXX compiler ABI info
[0.988s] -- Detecting CXX compiler ABI info - done
[1.018s] -- Detecting CXX compile features
[1.020s] -- Detecting CXX compile features - done
[1.025s] -- Found ament_cmake_auto: 1.1.4 (/opt/ros/galactic/share/ament_cmake_auto/cmake)
[1.078s] -- Found PythonInterp: /usr/bin/python3 (found suitable version "3.8.10", minimum required is "3") 
[1.078s] -- Using PYTHON_EXECUTABLE: /usr/bin/python3
[1.400s] -- Setting OGRE_DIR to: '/opt/ros/galactic/share/rviz_ogre_vendor/cmake/../../../opt/rviz_ogre_vendor/lib/OGRE/cmake'
[1.407s] -- Found OGRE
[1.407s] --   static     : OFF
[1.407s] --   components : HLMS;MeshLodGenerator;Overlay;Paging;Property;RTShaderSystem;Terrain;Volume
[1.408s] --   plugins    : Plugin_BSPSceneManager;Plugin_OctreeSceneManager;Plugin_PCZSceneManager;Plugin_ParticleFX;RenderSystem_GL;RenderSystem_GL3Plus;Codec_STBI
[1.408s] --   media      : /opt/ros/galactic/opt/rviz_ogre_vendor/share/OGRE/Media
[1.408s] -- OGRE_LIBRARIES: OgreHLMS;OgreMeshLodGenerator;OgreOverlay;OgrePaging;OgreProperty;OgreRTShaderSystem;OgreTerrain;OgreVolume;OgreMain
[1.408s] -- OGRE_LIBRARY_DIRS: /opt/ros/galactic/opt/rviz_ogre_vendor/lib
[1.409s] -- OGRE_PLUGINS: Plugin_BSPSceneManager;Plugin_OctreeSceneManager;Plugin_PCZSceneManager;Plugin_ParticleFX;RenderSystem_GL;RenderSystem_GL3Plus;Codec_STBI
[1.409s] -- OGRE_PLUGIN_DIR: /opt/ros/galactic/opt/rviz_ogre_vendor/lib/OGRE
[1.410s] -- rviz_ogre_vendor::OgreOverlay for IMPORTED_LOCATION_RELEASE: /opt/ros/galactic/opt/rviz_ogre_vendor/lib/libOgreOverlay.so
[1.410s] -- rviz_ogre_vendor::OgreOverlay for IMPORTED_LOCATION_DEBUG: /opt/ros/galactic/opt/rviz_ogre_vendor/lib/libOgreOverlay.so
[1.412s] -- rviz_ogre_vendor::OgreMain for IMPORTED_LOCATION_RELEASE: /opt/ros/galactic/opt/rviz_ogre_vendor/lib/libOgreMain.so
[1.412s] -- rviz_ogre_vendor::OgreMain for IMPORTED_LOCATION_DEBUG: /opt/ros/galactic/opt/rviz_ogre_vendor/lib/libOgreMain.so
[1.492s] -- Found ZLIB: /usr/lib/x86_64-linux-gnu/libz.so (found version "1.2.11") 
[1.509s] -- Found OpenGL: /usr/lib/x86_64-linux-gnu/libOpenGL.so   
[1.743s] -- Found X11: /usr/include   
[1.744s] -- Looking for XOpenDisplay in /usr/lib/x86_64-linux-gnu/libX11.so;/usr/lib/x86_64-linux-gnu/libXext.so
[1.898s] -- Looking for XOpenDisplay in /usr/lib/x86_64-linux-gnu/libX11.so;/usr/lib/x86_64-linux-gnu/libXext.so - found
[1.898s] -- Looking for gethostbyname
[2.030s] -- Looking for gethostbyname - found
[2.031s] -- Looking for connect
[2.166s] -- Looking for connect - found
[2.166s] -- Looking for remove
[2.300s] -- Looking for remove - found
[2.301s] -- Looking for shmat
[2.433s] -- Looking for shmat - found
[2.433s] -- Looking for IceConnectionNumber in ICE
[2.548s] -- Looking for IceConnectionNumber in ICE - found
[2.554s] -- rviz_ogre_vendor::RenderSystem_GL for IMPORTED_LOCATION_RELEASE: _render_system_gl_static_library_abs-NOTFOUND
[2.554s] -- rviz_ogre_vendor::RenderSystem_GL for IMPORTED_LOCATION_DEBUG: _render_system_gl_static_library_abs-NOTFOUND
[2.706s] -- library: /usr/lib/x86_64-linux-gnu/libcurl.so
[2.780s] -- Using all available rosidl_typesupport_c: rosidl_typesupport_fastrtps_c;rosidl_typesupport_introspection_c
[2.796s] -- Found rosidl_adapter: 2.2.1 (/opt/ros/galactic/share/rosidl_adapter/cmake)
[2.976s] -- Found OpenSSL: /usr/lib/x86_64-linux-gnu/libcrypto.so (found version "1.1.1f")  
[3.037s] -- Found FastRTPS: /opt/ros/galactic/include  
[3.216s] -- Using all available rosidl_typesupport_cpp: rosidl_typesupport_fastrtps_cpp;rosidl_typesupport_introspection_cpp
[3.618s] -- Found rmw_implementation_cmake: 3.3.1 (/opt/ros/galactic/share/rmw_implementation_cmake/cmake)
[3.628s] -- Found rmw_cyclonedds_cpp: 0.22.4 (/opt/ros/galactic/share/rmw_cyclonedds_cpp/cmake)
[3.676s] -- Using RMW implementation 'rmw_cyclonedds_cpp' as default
[3.678s] -- Looking for pthread.h
[3.810s] -- Looking for pthread.h - found
[3.810s] -- Performing Test CMAKE_HAVE_LIBC_PTHREAD
[3.950s] -- Performing Test CMAKE_HAVE_LIBC_PTHREAD - Failed
[3.951s] -- Looking for pthread_create in pthreads
[4.060s] -- Looking for pthread_create in pthreads - not found
[4.061s] -- Looking for pthread_create in pthread
[4.195s] -- Looking for pthread_create in pthread - found
[4.198s] -- Found Threads: TRUE  
[4.852s] -- Found Eigen3: TRUE (found version "3.3.7") 
[7.497s] -- Configuring done
[7.565s] -- Generating done
[7.569s] -- Build files have been written to: /home/mario/Driverless/build/id_rviz_plugins
[7.613s] Invoked command in '/home/mario/Driverless/build/id_rviz_plugins' returned '0': CMAKE_PREFIX_PATH=${CMAKE_PREFIX_PATH}:/home/mario/Driverless/install/lidar_camera_fusion:/home/mario/Driverless/install/vehicle_controllers:/home/mario/Driverless/install/path_generators:/home/mario/Driverless/install/lidar_only_cone_detector:/home/mario/Driverless/install/id_track_utils:/home/mario/Driverless/install/car_keyop:/home/mario/Driverless/install/ackermann_drive_teleop:/opt/ros/galactic /usr/bin/cmake /home/mario/Driverless/src/id_rviz_plugins -DCMAKE_INSTALL_PREFIX=/home/mario/Driverless/install/id_rviz_plugins
[7.615s] Invoking command in '/home/mario/Driverless/build/id_rviz_plugins': CMAKE_PREFIX_PATH=${CMAKE_PREFIX_PATH}:/home/mario/Driverless/install/lidar_camera_fusion:/home/mario/Driverless/install/vehicle_controllers:/home/mario/Driverless/install/path_generators:/home/mario/Driverless/install/lidar_only_cone_detector:/home/mario/Driverless/install/id_track_utils:/home/mario/Driverless/install/car_keyop:/home/mario/Driverless/install/ackermann_drive_teleop:/opt/ros/galactic /usr/bin/cmake --build /home/mario/Driverless/build/id_rviz_plugins -- -j4 -l4
[7.703s] [ 25%] [34m[1mGenerating include/moc_gt_conemap.cpp[0m
[7.739s] [35m[1mScanning dependencies of target id_rviz_plugins[0m
[8.008s] [ 50%] [32mBuilding CXX object CMakeFiles/id_rviz_plugins.dir/src/gt_conemap.cpp.o[0m
[8.024s] [ 75%] [32mBuilding CXX object CMakeFiles/id_rviz_plugins.dir/include/moc_gt_conemap.cpp.o[0m
[31.518s] [100%] [32m[1mLinking CXX shared library libid_rviz_plugins.so[0m
[34.374s] [100%] Built target id_rviz_plugins
[34.409s] Invoked command in '/home/mario/Driverless/build/id_rviz_plugins' returned '0': CMAKE_PREFIX_PATH=${CMAKE_PREFIX_PATH}:/home/mario/Driverless/install/lidar_camera_fusion:/home/mario/Driverless/install/vehicle_controllers:/home/mario/Driverless/install/path_generators:/home/mario/Driverless/install/lidar_only_cone_detector:/home/mario/Driverless/install/id_track_utils:/home/mario/Driverless/install/car_keyop:/home/mario/Driverless/install/ackermann_drive_teleop:/opt/ros/galactic /usr/bin/cmake --build /home/mario/Driverless/build/id_rviz_plugins -- -j4 -l4
[34.765s] Invoking command in '/home/mario/Driverless/build/id_rviz_plugins': CMAKE_PREFIX_PATH=${CMAKE_PREFIX_PATH}:/home/mario/Driverless/install/lidar_camera_fusion:/home/mario/Driverless/install/vehicle_controllers:/home/mario/Driverless/install/path_generators:/home/mario/Driverless/install/lidar_only_cone_detector:/home/mario/Driverless/install/id_track_utils:/home/mario/Driverless/install/car_keyop:/home/mario/Driverless/install/ackermann_drive_teleop:/opt/ros/galactic /usr/bin/cmake --install /home/mario/Driverless/build/id_rviz_plugins
[34.798s] -- Install configuration: ""
[34.798s] -- Installing: /home/mario/Driverless/install/id_rviz_plugins/share/id_rviz_plugins/plugin_description.xml
[34.798s] -- Installing: /home/mario/Driverless/install/id_rviz_plugins/include
[34.805s] -- Installing: /home/mario/Driverless/install/id_rviz_plugins/include/gt_conemap.hpp
[34.806s] -- Installing: /home/mario/Driverless/install/id_rviz_plugins/share/id_rviz_plugins/environment/library_path.sh
[34.806s] -- Installing: /home/mario/Driverless/install/id_rviz_plugins/share/id_rviz_plugins/environment/library_path.dsv
[34.806s] -- Installing: /home/mario/Driverless/install/id_rviz_plugins/lib/libid_rviz_plugins.so
[34.826s] -- Set runtime path of "/home/mario/Driverless/install/id_rviz_plugins/lib/libid_rviz_plugins.so" to ""
[34.826s] -- Installing: /home/mario/Driverless/install/id_rviz_plugins/share/id_rviz_plugins/icons
[34.827s] -- Installing: /home/mario/Driverless/install/id_rviz_plugins/share/id_rviz_plugins/icons/classes
[34.827s] -- Installing: /home/mario/Driverless/install/id_rviz_plugins/share/id_rviz_plugins/icons/classes/ConeMap.png
[34.827s] -- Installing: /home/mario/Driverless/install/id_rviz_plugins/share/ament_index/resource_index/package_run_dependencies/id_rviz_plugins
[34.827s] -- Installing: /home/mario/Driverless/install/id_rviz_plugins/share/ament_index/resource_index/parent_prefix_path/id_rviz_plugins
[34.827s] -- Installing: /home/mario/Driverless/install/id_rviz_plugins/share/id_rviz_plugins/environment/ament_prefix_path.sh
[34.828s] -- Installing: /home/mario/Driverless/install/id_rviz_plugins/share/id_rviz_plugins/environment/ament_prefix_path.dsv
[34.828s] -- Installing: /home/mario/Driverless/install/id_rviz_plugins/share/id_rviz_plugins/environment/path.sh
[34.828s] -- Installing: /home/mario/Driverless/install/id_rviz_plugins/share/id_rviz_plugins/environment/path.dsv
[34.828s] -- Installing: /home/mario/Driverless/install/id_rviz_plugins/share/id_rviz_plugins/local_setup.bash
[34.829s] -- Installing: /home/mario/Driverless/install/id_rviz_plugins/share/id_rviz_plugins/local_setup.sh
[34.829s] -- Installing: /home/mario/Driverless/install/id_rviz_plugins/share/id_rviz_plugins/local_setup.zsh
[34.829s] -- Installing: /home/mario/Driverless/install/id_rviz_plugins/share/id_rviz_plugins/local_setup.dsv
[34.829s] -- Installing: /home/mario/Driverless/install/id_rviz_plugins/share/id_rviz_plugins/package.dsv
[34.830s] -- Installing: /home/mario/Driverless/install/id_rviz_plugins/share/ament_index/resource_index/packages/id_rviz_plugins
[34.830s] -- Installing: /home/mario/Driverless/install/id_rviz_plugins/share/ament_index/resource_index/rviz_common__pluginlib__plugin/id_rviz_plugins
[34.831s] -- Installing: /home/mario/Driverless/install/id_rviz_plugins/share/id_rviz_plugins/cmake/ament_cmake_export_dependencies-extras.cmake
[34.831s] -- Installing: /home/mario/Driverless/install/id_rviz_plugins/share/id_rviz_plugins/cmake/ament_cmake_export_include_directories-extras.cmake
[34.831s] -- Installing: /home/mario/Driverless/install/id_rviz_plugins/share/id_rviz_plugins/cmake/ament_cmake_export_libraries-extras.cmake
[34.832s] -- Installing: /home/mario/Driverless/install/id_rviz_plugins/share/id_rviz_plugins/cmake/id_rviz_pluginsConfig.cmake
[34.832s] -- Installing: /home/mario/Driverless/install/id_rviz_plugins/share/id_rviz_plugins/cmake/id_rviz_pluginsConfig-version.cmake
[34.835s] -- Installing: /home/mario/Driverless/install/id_rviz_plugins/share/id_rviz_plugins/package.xml
[34.841s] Invoked command in '/home/mario/Driverless/build/id_rviz_plugins' returned '0': CMAKE_PREFIX_PATH=${CMAKE_PREFIX_PATH}:/home/mario/Driverless/install/lidar_camera_fusion:/home/mario/Driverless/install/vehicle_controllers:/home/mario/Driverless/install/path_generators:/home/mario/Driverless/install/lidar_only_cone_detector:/home/mario/Driverless/install/id_track_utils:/home/mario/Driverless/install/car_keyop:/home/mario/Driverless/install/ackermann_drive_teleop:/opt/ros/galactic /usr/bin/cmake --install /home/mario/Driverless/build/id_rviz_plugins
