-- Found ament_cmake: 1.1.5 (/opt/ros/galactic/share/ament_cmake/cmake)
-- Using PYTHON_EXECUTABLE: /usr/bin/python3
-- Found gazebo_dev: 3.5.2 (/opt/ros/galactic/share/gazebo_dev/cmake)
-- Found DART: /usr/include (Required is at least version "6.6") found components: dart 
-- Found Protobuf: /usr/lib/x86_64-linux-gnu/libprotobuf.so;-lpthread (found version "3.6.1") 
-- Looking for ignition-math6 -- found version 6.11.0
-- Searching for dependencies of ignition-math6
-- Looking for OGRE...
-- Found Ogre Ghadamon (1.9.0)
-- Found OGRE: optimized;/usr/lib/x86_64-linux-gnu/libOgreMain.so;debug;/usr/lib/x86_64-linux-gnu/libOgreMain.so
-- Looking for OGRE_Paging...
-- Found OGRE_Paging: optimized;/usr/lib/x86_64-linux-gnu/libOgrePaging.so;debug;/usr/lib/x86_64-linux-gnu/libOgrePaging.so
-- Looking for OGRE_Terrain...
-- Found OGRE_Terrain: optimized;/usr/lib/x86_64-linux-gnu/libOgreTerrain.so;debug;/usr/lib/x86_64-linux-gnu/libOgreTerrain.so
-- Looking for OGRE_Property...
-- Found OGRE_Property: optimized;/usr/lib/x86_64-linux-gnu/libOgreProperty.so;debug;/usr/lib/x86_64-linux-gnu/libOgreProperty.so
-- Looking for OGRE_RTShaderSystem...
-- Found OGRE_RTShaderSystem: optimized;/usr/lib/x86_64-linux-gnu/libOgreRTShaderSystem.so;debug;/usr/lib/x86_64-linux-gnu/libOgreRTShaderSystem.so
-- Looking for OGRE_Volume...
-- Found OGRE_Volume: optimized;/usr/lib/x86_64-linux-gnu/libOgreVolume.so;debug;/usr/lib/x86_64-linux-gnu/libOgreVolume.so
-- Looking for OGRE_Overlay...
-- Found OGRE_Overlay: optimized;/usr/lib/x86_64-linux-gnu/libOgreOverlay.so;debug;/usr/lib/x86_64-linux-gnu/libOgreOverlay.so
-- Looking for ignition-math6 -- found version 6.11.0
-- Looking for ignition-transport8 -- found version 8.2.1
-- Searching for dependencies of ignition-transport8
-- Found Protobuf: /usr/lib/x86_64-linux-gnu/libprotobuf.so;-lpthread (found suitable version "3.6.1", minimum required is "3") 
-- Config-file not installed for ZeroMQ -- checking for pkg-config
-- Checking for module 'libzmq >= 4'
--   Found libzmq , version 4.3.2
-- Checking for module 'uuid'
--   Found uuid, version 2.34.0
-- Looking for ignition-msgs5 -- found version 5.9.0
-- Searching for dependencies of ignition-msgs5
-- Looking for ignition-math6 -- found version 6.11.0
-- Checking for module 'tinyxml2'
--   Found tinyxml2, version 6.2.0
-- Looking for ignition-msgs5 -- found version 5.9.0
-- Looking for ignition-common3 -- found version 3.14.1
-- Searching for dependencies of ignition-common3
-- Looking for dlfcn.h - found
-- Looking for libdl - found
-- Searching for <ignition-common3> component [graphics]
-- Looking for ignition-common3-graphics -- found version 3.14.1
-- Searching for dependencies of ignition-common3-graphics
-- Looking for ignition-math6 -- found version 6.11.0
-- Looking for ignition-fuel_tools4 -- found version 4.5.0
-- Searching for dependencies of ignition-fuel_tools4
-- Checking for module 'jsoncpp'
--   Found jsoncpp, version 1.7.4
-- Checking for module 'libzip'
--   Found libzip, version 1.5.1
-- Looking for ignition-common3 -- found version 3.14.1
-- Looking for ignition-math6 -- found version 6.11.0
-- Looking for ignition-msgs5 -- found version 5.9.0
-- Gazebo version: 11.11
-- Found gazebo_ros: 3.5.2 (/opt/ros/galactic/share/gazebo_ros/cmake)
-- Using all available rosidl_typesupport_c: rosidl_typesupport_fastrtps_c;rosidl_typesupport_introspection_c
-- Found rosidl_adapter: 2.2.2 (/opt/ros/galactic/share/rosidl_adapter/cmake)
-- Using all available rosidl_typesupport_cpp: rosidl_typesupport_fastrtps_cpp;rosidl_typesupport_introspection_cpp
-- Found rmw_implementation_cmake: 3.3.1 (/opt/ros/galactic/share/rmw_implementation_cmake/cmake)
-- Found rmw_cyclonedds_cpp: 0.22.5 (/opt/ros/galactic/share/rmw_cyclonedds_cpp/cmake)
-- Using RMW implementation 'rmw_cyclonedds_cpp' as default
-- Found geometry_msgs: 2.2.4 (/opt/ros/galactic/share/geometry_msgs/cmake)
-- Found tf2: 0.17.3 (/opt/ros/galactic/share/tf2/cmake)
-- Found tf2_ros: 0.17.3 (/opt/ros/galactic/share/tf2_ros/cmake)
-- Found imperial_driverless_interfaces: 1.0.0 (/opt/ros/galactic/share/imperial_driverless_interfaces/cmake)
-- Configuring done
-- Generating done
-- Build files have been written to: /home/mario/Driverless/build/imperial_driverless_gazebo_plugins
[35m[1mScanning dependencies of target gazebo_racecar_interface_plugin[0m
[ 50%] [32mBuilding CXX object gazebo_racecar_interface_plugin/CMakeFiles/gazebo_racecar_interface_plugin.dir/src/gazebo_racecar_interface_plugin.cpp.o[0m
[100%] [32m[1mLinking CXX shared library libgazebo_racecar_interface_plugin.so[0m
[100%] Built target gazebo_racecar_interface_plugin
