[0.014s] Invoking command in '/home/mario/Driverless/build/imperial_driverless_gazebo_plugins': CMAKE_PREFIX_PATH=/opt/ros/galactic /usr/bin/cmake --build /home/mario/Driverless/build/imperial_driverless_gazebo_plugins -- -j4 -l4
[0.113s] -- Found ament_cmake: 1.1.5 (/opt/ros/galactic/share/ament_cmake/cmake)
[0.145s] -- Using PYTHON_EXECUTABLE: /usr/bin/python3
[0.214s] -- Found gazebo_dev: 3.5.2 (/opt/ros/galactic/share/gazebo_dev/cmake)
[0.295s] -- Found DART: /usr/include (Required is at least version "6.6") found components: dart 
[0.363s] -- Found Protobuf: /usr/lib/x86_64-linux-gnu/libprotobuf.so;-lpthread (found version "3.6.1") 
[0.366s] -- Looking for ignition-math6 -- found version 6.11.0
[0.377s] -- Searching for dependencies of ignition-math6
[0.383s] -- Looking for OGRE...
[0.392s] -- Found Ogre Ghadamon (1.9.0)
[0.393s] -- Found OGRE: optimized;/usr/lib/x86_64-linux-gnu/libOgreMain.so;debug;/usr/lib/x86_64-linux-gnu/libOgreMain.so
[0.407s] -- Looking for OGRE_Paging...
[0.408s] -- Found OGRE_Paging: optimized;/usr/lib/x86_64-linux-gnu/libOgrePaging.so;debug;/usr/lib/x86_64-linux-gnu/libOgrePaging.so
[0.408s] -- Looking for OGRE_Terrain...
[0.408s] -- Found OGRE_Terrain: optimized;/usr/lib/x86_64-linux-gnu/libOgreTerrain.so;debug;/usr/lib/x86_64-linux-gnu/libOgreTerrain.so
[0.408s] -- Looking for OGRE_Property...
[0.408s] -- Found OGRE_Property: optimized;/usr/lib/x86_64-linux-gnu/libOgreProperty.so;debug;/usr/lib/x86_64-linux-gnu/libOgreProperty.so
[0.408s] -- Looking for OGRE_RTShaderSystem...
[0.409s] -- Found OGRE_RTShaderSystem: optimized;/usr/lib/x86_64-linux-gnu/libOgreRTShaderSystem.so;debug;/usr/lib/x86_64-linux-gnu/libOgreRTShaderSystem.so
[0.409s] -- Looking for OGRE_Volume...
[0.409s] -- Found OGRE_Volume: optimized;/usr/lib/x86_64-linux-gnu/libOgreVolume.so;debug;/usr/lib/x86_64-linux-gnu/libOgreVolume.so
[0.409s] -- Looking for OGRE_Overlay...
[0.409s] -- Found OGRE_Overlay: optimized;/usr/lib/x86_64-linux-gnu/libOgreOverlay.so;debug;/usr/lib/x86_64-linux-gnu/libOgreOverlay.so
[0.699s] -- Looking for ignition-math6 -- found version 6.11.0
[0.704s] -- Looking for ignition-transport8 -- found version 8.2.1
[0.705s] -- Searching for dependencies of ignition-transport8
[0.749s] -- Found Protobuf: /usr/lib/x86_64-linux-gnu/libprotobuf.so;-lpthread (found suitable version "3.6.1", minimum required is "3") 
[0.770s] -- Config-file not installed for ZeroMQ -- checking for pkg-config
[0.777s] -- Checking for module 'libzmq >= 4'
[0.820s] --   Found libzmq , version 4.3.2
[1.077s] -- Checking for module 'uuid'
[1.128s] --   Found uuid, version 2.34.0
[1.188s] -- Looking for ignition-msgs5 -- found version 5.9.0
[1.189s] -- Searching for dependencies of ignition-msgs5
[1.242s] -- Looking for ignition-math6 -- found version 6.11.0
[1.256s] -- Checking for module 'tinyxml2'
[1.304s] --   Found tinyxml2, version 6.2.0
[1.479s] -- Looking for ignition-msgs5 -- found version 5.9.0
[1.480s] -- Looking for ignition-common3 -- found version 3.14.1
[1.483s] -- Searching for dependencies of ignition-common3
[1.484s] -- Looking for dlfcn.h - found
[1.484s] -- Looking for libdl - found
[1.520s] -- Searching for <ignition-common3> component [graphics]
[1.525s] -- Looking for ignition-common3-graphics -- found version 3.14.1
[1.525s] -- Searching for dependencies of ignition-common3-graphics
[1.525s] -- Looking for ignition-math6 -- found version 6.11.0
[1.530s] -- Looking for ignition-fuel_tools4 -- found version 4.5.0
[1.531s] -- Searching for dependencies of ignition-fuel_tools4
[1.648s] -- Checking for module 'jsoncpp'
[1.727s] --   Found jsoncpp, version 1.7.4
[1.975s] -- Checking for module 'libzip'
[2.034s] --   Found libzip, version 1.5.1
[2.193s] -- Looking for ignition-common3 -- found version 3.14.1
[2.193s] -- Looking for ignition-math6 -- found version 6.11.0
[2.193s] -- Looking for ignition-msgs5 -- found version 5.9.0
[2.195s] -- Gazebo version: 11.11
[2.197s] -- Found gazebo_ros: 3.5.2 (/opt/ros/galactic/share/gazebo_ros/cmake)
[2.335s] -- Using all available rosidl_typesupport_c: rosidl_typesupport_fastrtps_c;rosidl_typesupport_introspection_c
[2.342s] -- Found rosidl_adapter: 2.2.2 (/opt/ros/galactic/share/rosidl_adapter/cmake)
[2.774s] -- Using all available rosidl_typesupport_cpp: rosidl_typesupport_fastrtps_cpp;rosidl_typesupport_introspection_cpp
[3.004s] -- Found rmw_implementation_cmake: 3.3.1 (/opt/ros/galactic/share/rmw_implementation_cmake/cmake)
[3.011s] -- Found rmw_cyclonedds_cpp: 0.22.5 (/opt/ros/galactic/share/rmw_cyclonedds_cpp/cmake)
[3.095s] -- Using RMW implementation 'rmw_cyclonedds_cpp' as default
[3.736s] -- Found geometry_msgs: 2.2.4 (/opt/ros/galactic/share/geometry_msgs/cmake)
[3.821s] -- Found tf2: 0.17.3 (/opt/ros/galactic/share/tf2/cmake)
[3.843s] -- Found tf2_ros: 0.17.3 (/opt/ros/galactic/share/tf2_ros/cmake)
[4.812s] -- Found imperial_driverless_interfaces: 1.0.0 (/opt/ros/galactic/share/imperial_driverless_interfaces/cmake)
[5.196s] -- Configuring done
[5.329s] -- Generating done
[5.334s] -- Build files have been written to: /home/mario/Driverless/build/imperial_driverless_gazebo_plugins
[5.423s] [35m[1mScanning dependencies of target gazebo_racecar_interface_plugin[0m
[5.634s] [ 50%] [32mBuilding CXX object gazebo_racecar_interface_plugin/CMakeFiles/gazebo_racecar_interface_plugin.dir/src/gazebo_racecar_interface_plugin.cpp.o[0m
[25.664s] [100%] [32m[1mLinking CXX shared library libgazebo_racecar_interface_plugin.so[0m
[26.910s] [100%] Built target gazebo_racecar_interface_plugin
