[1.619s] Invoking command in '/home/mario/Driverless/src/lidar_camera_fusion': AMENT_PREFIX_PATH=/home/mario/Driverless/install/id_track_utils:/home/mario/Driverless/install/id_rviz_plugins:/home/mario/Driverless/install/car_keyop:/home/mario/Formula-Student-Driverless-Simulator/ros2/install/fsds_ros2_bridge:/home/mario/Formula-Student-Driverless-Simulator/ros2/install/fs_msgs:/home/mario/Driverless/install/lidar_camera_fusion:/home/mario/Driverless/install/imperial_driverless_utils:/home/mario/Driverless/install/vehicle_descriptions:/home/mario/Driverless/install/full_gazebo_simulator:/home/mario/Driverless/install/vehicle_controllers:/home/mario/Driverless/install/path_generators:/home/mario/Driverless/install/path_followers:/home/mario/Driverless/install/lightweight_lidar_only_simulator:/home/mario/Driverless/install/lidar_only_cone_detector:/home/mario/Driverless/install/imperial_driverless_gazebo_plugins:/home/mario/Driverless/install/fsds_simulator:/home/mario/Driverless/install/ackermann_drive_teleop:/opt/ros/galactic CMAKE_PREFIX_PATH=/home/mario/Driverless/install/imperial_driverless_utils:/home/mario/Driverless/install/vehicle_descriptions:/home/mario/Driverless/install/id_rviz_plugins:/home/mario/Formula-Student-Driverless-Simulator/ros2/install/fsds_ros2_bridge:/home/mario/Formula-Student-Driverless-Simulator/ros2/install/fs_msgs:/home/mario/Driverless/install/full_gazebo_simulator:/home/mario/Driverless/install/path_followers:/home/mario/Driverless/install/lightweight_lidar_only_simulator:/home/mario/Driverless/install/imperial_driverless_gazebo_plugins:/home/mario/Driverless/install/fsds_simulator LD_LIBRARY_PATH=/home/mario/Driverless/install/id_rviz_plugins/lib:${LD_LIBRARY_PATH} PYTHONPATH=/home/mario/Driverless/install/lidar_camera_fusion/lib/python3.8/site-packages:/home/mario/Driverless/install/imperial_driverless_utils/lib/python3.8/site-packages:/home/mario/Driverless/install/id_track_utils/lib/python3.8/site-packages:/home/mario/Driverless/install/car_keyop/lib/python3.8/site-packages:/home/mario/Formula-Student-Driverless-Simulator/ros2/install/fs_msgs/lib/python3.8/site-packages:/home/mario/Driverless/install/lidar_camera_fusion/lib/python3.8/site-packages:/home/mario/Driverless/install/full_gazebo_simulator/lib/python3.8/site-packages:/home/mario/Driverless/install/vehicle_controllers/lib/python3.8/site-packages:/home/mario/Driverless/install/path_generators/lib/python3.8/site-packages:/home/mario/Driverless/install/path_followers/lib/python3.8/site-packages:/home/mario/Driverless/install/lidar_only_cone_detector/lib/python3.8/site-packages:/home/mario/Driverless/install/fsds_simulator/lib/python3.8/site-packages:/home/mario/Driverless/install/f110_gym/lib/python3.8/site-packages:/home/mario/Driverless/install/ackermann_drive_teleop/lib/python3.8/site-packages:/opt/ros/galactic/lib/python3.8/site-packages /usr/bin/python3 setup.py egg_info --egg-base ../../build/lidar_camera_fusion build --build-base /home/mario/Driverless/build/lidar_camera_fusion/build install --prefix /home/mario/Driverless/install/lidar_camera_fusion --record /home/mario/Driverless/build/lidar_camera_fusion/install.log --single-version-externally-managed
[2.105s] running egg_info
[2.107s] creating ../../build/lidar_camera_fusion/lidar_camera_fusion.egg-info
[2.108s] writing ../../build/lidar_camera_fusion/lidar_camera_fusion.egg-info/PKG-INFO
[2.108s] writing dependency_links to ../../build/lidar_camera_fusion/lidar_camera_fusion.egg-info/dependency_links.txt
[2.109s] writing entry points to ../../build/lidar_camera_fusion/lidar_camera_fusion.egg-info/entry_points.txt
[2.110s] writing top-level names to ../../build/lidar_camera_fusion/lidar_camera_fusion.egg-info/top_level.txt
[2.113s] writing manifest file '../../build/lidar_camera_fusion/lidar_camera_fusion.egg-info/SOURCES.txt'
[2.185s] reading manifest file '../../build/lidar_camera_fusion/lidar_camera_fusion.egg-info/SOURCES.txt'
[2.187s] writing manifest file '../../build/lidar_camera_fusion/lidar_camera_fusion.egg-info/SOURCES.txt'
[2.187s] running build
[2.188s] running build_py
[2.188s] creating /home/mario/Driverless/build/lidar_camera_fusion/build
[2.189s] creating /home/mario/Driverless/build/lidar_camera_fusion/build/lib
[2.189s] creating /home/mario/Driverless/build/lidar_camera_fusion/build/lib/lidar_camera_fusion
[2.190s] copying lidar_camera_fusion/__init__.py -> /home/mario/Driverless/build/lidar_camera_fusion/build/lib/lidar_camera_fusion
[2.190s] copying lidar_camera_fusion/sensor_fusion.py -> /home/mario/Driverless/build/lidar_camera_fusion/build/lib/lidar_camera_fusion
[2.191s] copying lidar_camera_fusion/ground_truth_perception.py -> /home/mario/Driverless/build/lidar_camera_fusion/build/lib/lidar_camera_fusion
[2.192s] running install
[2.194s] running install_lib
[2.196s] creating /home/mario/Driverless/install/lidar_camera_fusion/lib/python3.8/site-packages/lidar_camera_fusion
[2.196s] copying /home/mario/Driverless/build/lidar_camera_fusion/build/lib/lidar_camera_fusion/__init__.py -> /home/mario/Driverless/install/lidar_camera_fusion/lib/python3.8/site-packages/lidar_camera_fusion
[2.197s] copying /home/mario/Driverless/build/lidar_camera_fusion/build/lib/lidar_camera_fusion/sensor_fusion.py -> /home/mario/Driverless/install/lidar_camera_fusion/lib/python3.8/site-packages/lidar_camera_fusion
[2.197s] copying /home/mario/Driverless/build/lidar_camera_fusion/build/lib/lidar_camera_fusion/ground_truth_perception.py -> /home/mario/Driverless/install/lidar_camera_fusion/lib/python3.8/site-packages/lidar_camera_fusion
[2.199s] byte-compiling /home/mario/Driverless/install/lidar_camera_fusion/lib/python3.8/site-packages/lidar_camera_fusion/__init__.py to __init__.cpython-38.pyc
[2.201s] byte-compiling /home/mario/Driverless/install/lidar_camera_fusion/lib/python3.8/site-packages/lidar_camera_fusion/sensor_fusion.py to sensor_fusion.cpython-38.pyc
[2.205s] byte-compiling /home/mario/Driverless/install/lidar_camera_fusion/lib/python3.8/site-packages/lidar_camera_fusion/ground_truth_perception.py to ground_truth_perception.cpython-38.pyc
[2.207s] running install_data
[2.208s] creating /home/mario/Driverless/install/lidar_camera_fusion/share/ament_index
[2.208s] creating /home/mario/Driverless/install/lidar_camera_fusion/share/ament_index/resource_index
[2.209s] creating /home/mario/Driverless/install/lidar_camera_fusion/share/ament_index/resource_index/packages
[2.209s] copying resource/lidar_camera_fusion -> /home/mario/Driverless/install/lidar_camera_fusion/share/ament_index/resource_index/packages
[2.210s] copying package.xml -> /home/mario/Driverless/install/lidar_camera_fusion/share/lidar_camera_fusion
[2.210s] creating /home/mario/Driverless/install/lidar_camera_fusion/share/lidar_camera_fusion/launch
[2.211s] running install_egg_info
[2.214s] Copying ../../build/lidar_camera_fusion/lidar_camera_fusion.egg-info to /home/mario/Driverless/install/lidar_camera_fusion/lib/python3.8/site-packages/lidar_camera_fusion-0.3.0-py3.8.egg-info
[2.216s] running install_scripts
[2.251s] Installing gt_perception script to /home/mario/Driverless/install/lidar_camera_fusion/lib/lidar_camera_fusion
[2.252s] Installing sensor_fusion script to /home/mario/Driverless/install/lidar_camera_fusion/lib/lidar_camera_fusion
[2.253s] writing list of installed files to '/home/mario/Driverless/build/lidar_camera_fusion/install.log'
[2.309s] Invoked command in '/home/mario/Driverless/src/lidar_camera_fusion' returned '0': AMENT_PREFIX_PATH=/home/mario/Driverless/install/id_track_utils:/home/mario/Driverless/install/id_rviz_plugins:/home/mario/Driverless/install/car_keyop:/home/mario/Formula-Student-Driverless-Simulator/ros2/install/fsds_ros2_bridge:/home/mario/Formula-Student-Driverless-Simulator/ros2/install/fs_msgs:/home/mario/Driverless/install/lidar_camera_fusion:/home/mario/Driverless/install/imperial_driverless_utils:/home/mario/Driverless/install/vehicle_descriptions:/home/mario/Driverless/install/full_gazebo_simulator:/home/mario/Driverless/install/vehicle_controllers:/home/mario/Driverless/install/path_generators:/home/mario/Driverless/install/path_followers:/home/mario/Driverless/install/lightweight_lidar_only_simulator:/home/mario/Driverless/install/lidar_only_cone_detector:/home/mario/Driverless/install/imperial_driverless_gazebo_plugins:/home/mario/Driverless/install/fsds_simulator:/home/mario/Driverless/install/ackermann_drive_teleop:/opt/ros/galactic CMAKE_PREFIX_PATH=/home/mario/Driverless/install/imperial_driverless_utils:/home/mario/Driverless/install/vehicle_descriptions:/home/mario/Driverless/install/id_rviz_plugins:/home/mario/Formula-Student-Driverless-Simulator/ros2/install/fsds_ros2_bridge:/home/mario/Formula-Student-Driverless-Simulator/ros2/install/fs_msgs:/home/mario/Driverless/install/full_gazebo_simulator:/home/mario/Driverless/install/path_followers:/home/mario/Driverless/install/lightweight_lidar_only_simulator:/home/mario/Driverless/install/imperial_driverless_gazebo_plugins:/home/mario/Driverless/install/fsds_simulator LD_LIBRARY_PATH=/home/mario/Driverless/install/id_rviz_plugins/lib:${LD_LIBRARY_PATH} PYTHONPATH=/home/mario/Driverless/install/lidar_camera_fusion/lib/python3.8/site-packages:/home/mario/Driverless/install/imperial_driverless_utils/lib/python3.8/site-packages:/home/mario/Driverless/install/id_track_utils/lib/python3.8/site-packages:/home/mario/Driverless/install/car_keyop/lib/python3.8/site-packages:/home/mario/Formula-Student-Driverless-Simulator/ros2/install/fs_msgs/lib/python3.8/site-packages:/home/mario/Driverless/install/lidar_camera_fusion/lib/python3.8/site-packages:/home/mario/Driverless/install/full_gazebo_simulator/lib/python3.8/site-packages:/home/mario/Driverless/install/vehicle_controllers/lib/python3.8/site-packages:/home/mario/Driverless/install/path_generators/lib/python3.8/site-packages:/home/mario/Driverless/install/path_followers/lib/python3.8/site-packages:/home/mario/Driverless/install/lidar_only_cone_detector/lib/python3.8/site-packages:/home/mario/Driverless/install/fsds_simulator/lib/python3.8/site-packages:/home/mario/Driverless/install/f110_gym/lib/python3.8/site-packages:/home/mario/Driverless/install/ackermann_drive_teleop/lib/python3.8/site-packages:/opt/ros/galactic/lib/python3.8/site-packages /usr/bin/python3 setup.py egg_info --egg-base ../../build/lidar_camera_fusion build --build-base /home/mario/Driverless/build/lidar_camera_fusion/build install --prefix /home/mario/Driverless/install/lidar_camera_fusion --record /home/mario/Driverless/build/lidar_camera_fusion/install.log --single-version-externally-managed
