[0.013s] Invoking command in '/home/mario/Driverless/build/velodyne': CMAKE_PREFIX_PATH=/opt/ros/galactic /usr/bin/cmake /home/mario/Driverless/src/velodyne/velodyne -DCMAKE_INSTALL_PREFIX=/home/mario/Driverless/install/velodyne
[0.030s] -- Found ament_cmake: 1.1.5 (/opt/ros/galactic/share/ament_cmake/cmake)
[0.056s] -- Found PythonInterp: /usr/bin/python3 (found suitable version "3.8.10", minimum required is "3") 
[0.056s] -- Using PYTHON_EXECUTABLE: /usr/bin/python3
[0.203s] -- Configuring done
[0.205s] -- Generating done
[0.205s] -- Build files have been written to: /home/mario/Driverless/build/velodyne
[0.207s] Invoked command in '/home/mario/Driverless/build/velodyne' returned '0': CMAKE_PREFIX_PATH=/opt/ros/galactic /usr/bin/cmake /home/mario/Driverless/src/velodyne/velodyne -DCMAKE_INSTALL_PREFIX=/home/mario/Driverless/install/velodyne
[0.210s] Invoking command in '/home/mario/Driverless/build/velodyne': CMAKE_PREFIX_PATH=/opt/ros/galactic /usr/bin/cmake --build /home/mario/Driverless/build/velodyne -- -j4 -l4
[0.246s] Invoked command in '/home/mario/Driverless/build/velodyne' returned '0': CMAKE_PREFIX_PATH=/opt/ros/galactic /usr/bin/cmake --build /home/mario/Driverless/build/velodyne -- -j4 -l4
[0.272s] Invoking command in '/home/mario/Driverless/build/velodyne': CMAKE_PREFIX_PATH=/opt/ros/galactic /usr/bin/cmake --install /home/mario/Driverless/build/velodyne
[0.282s] -- Install configuration: ""
[0.282s] -- Installing: /home/mario/Driverless/install/velodyne/share/velodyne/launch
[0.282s] -- Installing: /home/mario/Driverless/install/velodyne/share/velodyne/launch/velodyne-all-nodes-VLP32C-launch.py
[0.282s] -- Installing: /home/mario/Driverless/install/velodyne/share/velodyne/launch/velodyne-all-nodes-VLP32C-composed-launch.py
[0.282s] -- Installing: /home/mario/Driverless/install/velodyne/share/velodyne/launch/velodyne-all-nodes-VLP16-launch.py
[0.282s] -- Installing: /home/mario/Driverless/install/velodyne/share/velodyne/launch/velodyne-all-nodes-VLP16-composed-launch.py
[0.282s] -- Installing: /home/mario/Driverless/install/velodyne/share/ament_index/resource_index/package_run_dependencies/velodyne
[0.282s] -- Installing: /home/mario/Driverless/install/velodyne/share/ament_index/resource_index/parent_prefix_path/velodyne
[0.282s] -- Installing: /home/mario/Driverless/install/velodyne/share/velodyne/environment/ament_prefix_path.sh
[0.282s] -- Installing: /home/mario/Driverless/install/velodyne/share/velodyne/environment/ament_prefix_path.dsv
[0.283s] -- Installing: /home/mario/Driverless/install/velodyne/share/velodyne/environment/path.sh
[0.283s] -- Installing: /home/mario/Driverless/install/velodyne/share/velodyne/environment/path.dsv
[0.283s] -- Installing: /home/mario/Driverless/install/velodyne/share/velodyne/local_setup.bash
[0.283s] -- Installing: /home/mario/Driverless/install/velodyne/share/velodyne/local_setup.sh
[0.283s] -- Installing: /home/mario/Driverless/install/velodyne/share/velodyne/local_setup.zsh
[0.283s] -- Installing: /home/mario/Driverless/install/velodyne/share/velodyne/local_setup.dsv
[0.283s] -- Installing: /home/mario/Driverless/install/velodyne/share/velodyne/package.dsv
[0.283s] -- Installing: /home/mario/Driverless/install/velodyne/share/ament_index/resource_index/packages/velodyne
[0.283s] -- Installing: /home/mario/Driverless/install/velodyne/share/velodyne/cmake/velodyneConfig.cmake
[0.284s] -- Installing: /home/mario/Driverless/install/velodyne/share/velodyne/cmake/velodyneConfig-version.cmake
[0.284s] -- Installing: /home/mario/Driverless/install/velodyne/share/velodyne/package.xml
[0.286s] Invoked command in '/home/mario/Driverless/build/velodyne' returned '0': CMAKE_PREFIX_PATH=/opt/ros/galactic /usr/bin/cmake --install /home/mario/Driverless/build/velodyne
