running egg_info
writing ../../build/id_track_utils/id_track_utils.egg-info/PKG-INFO
writing dependency_links to ../../build/id_track_utils/id_track_utils.egg-info/dependency_links.txt
writing requirements to ../../build/id_track_utils/id_track_utils.egg-info/requires.txt
writing top-level names to ../../build/id_track_utils/id_track_utils.egg-info/top_level.txt
reading manifest file '../../build/id_track_utils/id_track_utils.egg-info/SOURCES.txt'
writing manifest file '../../build/id_track_utils/id_track_utils.egg-info/SOURCES.txt'
running build
running build_py
copying src/id_track_utils/__init__.py -> /home/mario/Driverless/build/id_track_utils/build/lib/id_track_utils
copying src/id_track_utils/track.py -> /home/mario/Driverless/build/id_track_utils/build/lib/id_track_utils
copying src/id_track_utils/track_generator.py -> /home/mario/Driverless/build/id_track_utils/build/lib/id_track_utils
running install
running install_lib
copying /home/mario/Driverless/build/id_track_utils/build/lib/id_track_utils/__init__.py -> /home/mario/Driverless/install/id_track_utils/lib/python3.8/site-packages/id_track_utils
copying /home/mario/Driverless/build/id_track_utils/build/lib/id_track_utils/track.py -> /home/mario/Driverless/install/id_track_utils/lib/python3.8/site-packages/id_track_utils
copying /home/mario/Driverless/build/id_track_utils/build/lib/id_track_utils/track_generator.py -> /home/mario/Driverless/install/id_track_utils/lib/python3.8/site-packages/id_track_utils
byte-compiling /home/mario/Driverless/install/id_track_utils/lib/python3.8/site-packages/id_track_utils/__init__.py to __init__.cpython-38.pyc
byte-compiling /home/mario/Driverless/install/id_track_utils/lib/python3.8/site-packages/id_track_utils/track.py to track.cpython-38.pyc
byte-compiling /home/mario/Driverless/install/id_track_utils/lib/python3.8/site-packages/id_track_utils/track_generator.py to track_generator.cpython-38.pyc
running install_data
running install_egg_info
removing '/home/mario/Driverless/install/id_track_utils/lib/python3.8/site-packages/id_track_utils-0.5.3-py3.8.egg-info' (and everything under it)
Copying ../../build/id_track_utils/id_track_utils.egg-info to /home/mario/Driverless/install/id_track_utils/lib/python3.8/site-packages/id_track_utils-0.5.3-py3.8.egg-info
running install_scripts
writing list of installed files to '/home/mario/Driverless/build/id_track_utils/install.log'
